<Event xmlns='http://schemas.microsoft.com/win/2004/08/events/event'><System><Provider Name='Microsoft-Windows-Sysmon' Guid='{5770385F-C22A-43E0-BF4C-06F5698FFBD9}'/><EventID>3</EventID><Version>5</Version><Level>4</Level><Task>3</Task><Opcode>0</Opcode><Keywords>0x8000000000000000</Keywords><TimeCreated SystemTime='2019-05-13T04:31:51.859375000Z'/><EventRecordID>8454</EventRecordID><Correlation/><Execution ProcessID='1308' ThreadID='1788'/><Channel>Microsoft-Windows-Sysmon/Operational</Channel><Computer>cgcIRuPRFuq</Computer><Security UserID='S-1-5-18'/></System><EventData><Data Name='RuleName'></Data><Data Name='UtcTime'>2019-01-21 23:41:58.448</Data><Data Name='ProcessGuid'>{4145D37B-588A-5C46-0000-001078EA0000}</Data><Data Name='ProcessId'>368</Data><Data Name='Image'>C:\Windows\System32\svchost.exe</Data><Data Name='User'>NT AUTHORITY\NETWORK SERVICE</Data><Data Name='Protocol'>udp</Data><Data Name='Initiated'>false</Data><Data Name='SourceIsIpv6'>true</Data><Data Name='SourceIp'>ff02:0:0:0:0:0:1:3</Data><Data Name='SourceHostname'></Data><Data Name='SourcePort'>5355</Data><Data Name='SourcePortName'>llmnr</Data><Data Name='DestinationIsIpv6'>true</Data><Data Name='DestinationIp'>fe80:0:0:0:f172:7e45:2f86:4cd9</Data><Data Name='DestinationHostname'>wGCbBnIXqTztXII</Data><Data Name='DestinationPort'>62581</Data><Data Name='DestinationPortName'></Data></EventData></Event>
<Event xmlns='http://schemas.microsoft.com/win/2004/08/events/event'><System><Provider Name='Microsoft-Windows-Sysmon' Guid='{5770385F-C22A-43E0-BF4C-06F5698FFBD9}'/><EventID>3</EventID><Version>5</Version><Level>4</Level><Task>3</Task><Opcode>0</Opcode><Keywords>0x8000000000000000</Keywords><TimeCreated SystemTime='2019-05-13T04:31:51.859375000Z'/><EventRecordID>8455</EventRecordID><Correlation/><Execution ProcessID='1308' ThreadID='1788'/><Channel>Microsoft-Windows-Sysmon/Operational</Channel><Computer>cgcIRuPRFuq</Computer><Security UserID='S-1-5-18'/></System><EventData><Data Name='RuleName'></Data><Data Name='UtcTime'>2019-01-21 23:41:58.449</Data><Data Name='ProcessGuid'>{4145D37B-588A-5C46-0000-001078EA0000}</Data><Data Name='ProcessId'>368</Data><Data Name='Image'>C:\Windows\System32\svchost.exe</Data><Data Name='User'>NT AUTHORITY\NETWORK SERVICE</Data><Data Name='Protocol'>udp</Data><Data Name='Initiated'>false</Data><Data Name='SourceIsIpv6'>false</Data><Data Name='SourceIp'>224.0.0.252</Data><Data Name='SourceHostname'></Data><Data Name='SourcePort'>5355</Data><Data Name='SourcePortName'>llmnr</Data><Data Name='DestinationIsIpv6'>false</Data><Data Name='DestinationIp'>192.168.168.212</Data><Data Name='DestinationHostname'>wGCbBnIXqTztXII</Data><Data Name='DestinationPort'>58278</Data><Data Name='DestinationPortName'></Data></EventData></Event>
<Event xmlns='http://schemas.microsoft.com/win/2004/08/events/event'><System><Provider Name='Microsoft-Windows-Sysmon' Guid='{5770385F-C22A-43E0-BF4C-06F5698FFBD9}'/><EventID>3</EventID><Version>5</Version><Level>4</Level><Task>3</Task><Opcode>0</Opcode><Keywords>0x8000000000000000</Keywords><TimeCreated SystemTime='2019-05-13T04:31:51.859375000Z'/><EventRecordID>8456</EventRecordID><Correlation/><Execution ProcessID='1308' ThreadID='1788'/><Channel>Microsoft-Windows-Sysmon/Operational</Channel><Computer>cgcIRuPRFuq</Computer><Security UserID='S-1-5-18'/></System><EventData><Data Name='RuleName'></Data><Data Name='UtcTime'>2019-01-21 23:41:58.453</Data><Data Name='ProcessGuid'>{4145D37B-588A-5C46-0000-001078EA0000}</Data><Data Name='ProcessId'>368</Data><Data Name='Image'>C:\Windows\System32\svchost.exe</Data><Data Name='User'>NT AUTHORITY\NETWORK SERVICE</Data><Data Name='Protocol'>udp</Data><Data Name='Initiated'>false</Data><Data Name='SourceIsIpv6'>true</Data><Data Name='SourceIp'>ff02:0:0:0:0:0:1:3</Data><Data Name='SourceHostname'></Data><Data Name='SourcePort'>5355</Data><Data Name='SourcePortName'>llmnr</Data><Data Name='DestinationIsIpv6'>true</Data><Data Name='DestinationIp'>fe80:0:0:0:f172:7e45:2f86:4cd9</Data><Data Name='DestinationHostname'>wGCbBnIXqTztXII</Data><Data Name='DestinationPort'>59927</Data><Data Name='DestinationPortName'></Data></EventData></Event>
<Event xmlns='http://schemas.microsoft.com/win/2004/08/events/event'><System><Provider Name='Microsoft-Windows-Sysmon' Guid='{5770385F-C22A-43E0-BF4C-06F5698FFBD9}'/><EventID>3</EventID><Version>5</Version><Level>4</Level><Task>3</Task><Opcode>0</Opcode><Keywords>0x8000000000000000</Keywords><TimeCreated SystemTime='2019-05-13T04:31:51.859375000Z'/><EventRecordID>8457</EventRecordID><Correlation/><Execution ProcessID='1308' ThreadID='1788'/><Channel>Microsoft-Windows-Sysmon/Operational</Channel><Computer>cgcIRuPRFuq</Computer><Security UserID='S-1-5-18'/></System><EventData><Data Name='RuleName'></Data><Data Name='UtcTime'>2019-01-21 23:41:58.454</Data><Data Name='ProcessGuid'>{4145D37B-588A-5C46-0000-001078EA0000}</Data><Data Name='ProcessId'>368</Data><Data Name='Image'>C:\Windows\System32\svchost.exe</Data><Data Name='User'>NT AUTHORITY\NETWORK SERVICE</Data><Data Name='Protocol'>udp</Data><Data Name='Initiated'>false</Data><Data Name='SourceIsIpv6'>false</Data><Data Name='SourceIp'>224.0.0.252</Data><Data Name='SourceHostname'></Data><Data Name='SourcePort'>5355</Data><Data Name='SourcePortName'>llmnr</Data><Data Name='DestinationIsIpv6'>false</Data><Data Name='DestinationIp'>192.168.168.212</Data><Data Name='DestinationHostname'>wGCbBnIXqTztXII</Data><Data Name='DestinationPort'>64735</Data><Data Name='DestinationPortName'></Data></EventData></Event>
<Event xmlns='http://schemas.microsoft.com/win/2004/08/events/event'><System><Provider Name='Microsoft-Windows-Sysmon' Guid='{5770385F-C22A-43E0-BF4C-06F5698FFBD9}'/><EventID>3</EventID><Version>5</Version><Level>4</Level><Task>3</Task><Opcode>0</Opcode><Keywords>0x8000000000000000</Keywords><TimeCreated SystemTime='2019-05-13T04:31:52.359375000Z'/><EventRecordID>8458</EventRecordID><Correlation/><Execution ProcessID='1308' ThreadID='1788'/><Channel>Microsoft-Windows-Sysmon/Operational</Channel><Computer>cgcIRuPRFuq</Computer><Security UserID='S-1-5-18'/></System><EventData><Data Name='RuleName'></Data><Data Name='UtcTime'>2019-01-21 23:41:59.209</Data><Data Name='ProcessGuid'>{4145D37B-588A-5C46-0000-001078EA0000}</Data><Data Name='ProcessId'>368</Data><Data Name='Image'>C:\Windows\System32\svchost.exe</Data><Data Name='User'>NT AUTHORITY\NETWORK SERVICE</Data><Data Name='Protocol'>udp</Data><Data Name='Initiated'>false</Data><Data Name='SourceIsIpv6'>true</Data><Data Name='SourceIp'>ff02:0:0:0:0:0:1:3</Data><Data Name='SourceHostname'></Data><Data Name='SourcePort'>5355</Data><Data Name='SourcePortName'>llmnr</Data><Data Name='DestinationIsIpv6'>true</Data><Data Name='DestinationIp'>fe80:0:0:0:6d7c:f264:8f52:4445</Data><Data Name='DestinationHostname'>GHNkUJvGbRQSnEl</Data><Data Name='DestinationPort'>59801</Data><Data Name='DestinationPortName'></Data></EventData></Event>
<Event xmlns='http://schemas.microsoft.com/win/2004/08/events/event'><System><Provider Name='Microsoft-Windows-Sysmon' Guid='{5770385F-C22A-43E0-BF4C-06F5698FFBD9}'/><EventID>3</EventID><Version>5</Version><Level>4</Level><Task>3</Task><Opcode>0</Opcode><Keywords>0x8000000000000000</Keywords><TimeCreated SystemTime='2019-05-13T04:31:52.359375000Z'/><EventRecordID>8459</EventRecordID><Correlation/><Execution ProcessID='1308' ThreadID='1788'/><Channel>Microsoft-Windows-Sysmon/Operational</Channel><Computer>cgcIRuPRFuq</Computer><Security UserID='S-1-5-18'/></System><EventData><Data Name='RuleName'></Data><Data Name='UtcTime'>2019-01-21 23:41:59.209</Data><Data Name='ProcessGuid'>{4145D37B-588A-5C46-0000-001078EA0000}</Data><Data Name='ProcessId'>368</Data><Data Name='Image'>C:\Windows\System32\svchost.exe</Data><Data Name='User'>NT AUTHORITY\NETWORK SERVICE</Data><Data Name='Protocol'>udp</Data><Data Name='Initiated'>false</Data><Data Name='SourceIsIpv6'>false</Data><Data Name='SourceIp'>224.0.0.252</Data><Data Name='SourceHostname'></Data><Data Name='SourcePort'>5355</Data><Data Name='SourcePortName'>llmnr</Data><Data Name='DestinationIsIpv6'>false</Data><Data Name='DestinationIp'>192.168.168.211</Data><Data Name='DestinationHostname'>GHNkUJvGbRQSnEl</Data><Data Name='DestinationPort'>54212</Data><Data Name='DestinationPortName'></Data></EventData></Event>
<Event xmlns='http://schemas.microsoft.com/win/2004/08/events/event'><System><Provider Name='Microsoft-Windows-Sysmon' Guid='{5770385F-C22A-43E0-BF4C-06F5698FFBD9}'/><EventID>3</EventID><Version>5</Version><Level>4</Level><Task>3</Task><Opcode>0</Opcode><Keywords>0x8000000000000000</Keywords><TimeCreated SystemTime='2019-05-13T04:31:52.359375000Z'/><EventRecordID>8460</EventRecordID><Correlation/><Execution ProcessID='1308' ThreadID='1788'/><Channel>Microsoft-Windows-Sysmon/Operational</Channel><Computer>cgcIRuPRFuq</Computer><Security UserID='S-1-5-18'/></System><EventData><Data Name='RuleName'></Data><Data Name='UtcTime'>2019-01-21 23:41:59.216</Data><Data Name='ProcessGuid'>{4145D37B-588C-5C46-0000-001076030200}</Data><Data Name='ProcessId'>2004</Data><Data Name='Image'>C:\Python27\pythonw.exe</Data><Data Name='User'>CGCIRUPRFUQ\Administrator</Data><Data Name='Protocol'>tcp</Data><Data Name='Initiated'>false</Data><Data Name='SourceIsIpv6'>false</Data><Data Name='SourceIp'>192.168.168.203</Data><Data Name='SourceHostname'>cgcIRuPRFuq</Data><Data Name='SourcePort'>8000</Data><Data Name='SourcePortName'></Data><Data Name='DestinationIsIpv6'>false</Data><Data Name='DestinationIp'>192.168.168.1</Data><Data Name='DestinationHostname'></Data><Data Name='DestinationPort'>58390</Data><Data Name='DestinationPortName'></Data></EventData></Event>
<Event xmlns='http://schemas.microsoft.com/win/2004/08/events/event'><System><Provider Name='Microsoft-Windows-Sysmon' Guid='{5770385F-C22A-43E0-BF4C-06F5698FFBD9}'/><EventID>3</EventID><Version>5</Version><Level>4</Level><Task>3</Task><Opcode>0</Opcode><Keywords>0x8000000000000000</Keywords><TimeCreated SystemTime='2019-05-13T04:31:52.609375000Z'/><EventRecordID>8461</EventRecordID><Correlation/><Execution ProcessID='1308' ThreadID='1788'/><Channel>Microsoft-Windows-Sysmon/Operational</Channel><Computer>cgcIRuPRFuq</Computer><Security UserID='S-1-5-18'/></System><EventData><Data Name='RuleName'></Data><Data Name='UtcTime'>2019-01-21 23:41:59.307</Data><Data Name='ProcessGuid'>{4145D37B-588A-5C46-0000-001078EA0000}</Data><Data Name='ProcessId'>368</Data><Data Name='Image'>C:\Windows\System32\svchost.exe</Data><Data Name='User'>NT AUTHORITY\NETWORK SERVICE</Data><Data Name='Protocol'>udp</Data><Data Name='Initiated'>false</Data><Data Name='SourceIsIpv6'>true</Data><Data Name='SourceIp'>ff02:0:0:0:0:0:1:3</Data><Data Name='SourceHostname'></Data><Data Name='SourcePort'>5355</Data><Data Name='SourcePortName'>llmnr</Data><Data Name='DestinationIsIpv6'>true</Data><Data Name='DestinationIp'>fe80:0:0:0:f172:7e45:2f86:4cd9</Data><Data Name='DestinationHostname'>wGCbBnIXqTztXII</Data><Data Name='DestinationPort'>51421</Data><Data Name='DestinationPortName'></Data></EventData></Event>
<Event xmlns='http://schemas.microsoft.com/win/2004/08/events/event'><System><Provider Name='Microsoft-Windows-Sysmon' Guid='{5770385F-C22A-43E0-BF4C-06F5698FFBD9}'/><EventID>3</EventID><Version>5</Version><Level>4</Level><Task>3</Task><Opcode>0</Opcode><Keywords>0x8000000000000000</Keywords><TimeCreated SystemTime='2019-05-13T04:31:52.609375000Z'/><EventRecordID>8462</EventRecordID><Correlation/><Execution ProcessID='1308' ThreadID='1788'/><Channel>Microsoft-Windows-Sysmon/Operational</Channel><Computer>cgcIRuPRFuq</Computer><Security UserID='S-1-5-18'/></System><EventData><Data Name='RuleName'></Data><Data Name='UtcTime'>2019-01-21 23:41:59.307</Data><Data Name='ProcessGuid'>{4145D37B-588A-5C46-0000-001078EA0000}</Data><Data Name='ProcessId'>368</Data><Data Name='Image'>C:\Windows\System32\svchost.exe</Data><Data Name='User'>NT AUTHORITY\NETWORK SERVICE</Data><Data Name='Protocol'>udp</Data><Data Name='Initiated'>false</Data><Data Name='SourceIsIpv6'>false</Data><Data Name='SourceIp'>224.0.0.252</Data><Data Name='SourceHostname'></Data><Data Name='SourcePort'>5355</Data><Data Name='SourcePortName'>llmnr</Data><Data Name='DestinationIsIpv6'>false</Data><Data Name='DestinationIp'>192.168.168.212</Data><Data Name='DestinationHostname'>wGCbBnIXqTztXII</Data><Data Name='DestinationPort'>56203</Data><Data Name='DestinationPortName'></Data></EventData></Event>
<Event xmlns='http://schemas.microsoft.com/win/2004/08/events/event'><System><Provider Name='Microsoft-Windows-Sysmon' Guid='{5770385F-C22A-43E0-BF4C-06F5698FFBD9}'/><EventID>3</EventID><Version>5</Version><Level>4</Level><Task>3</Task><Opcode>0</Opcode><Keywords>0x8000000000000000</Keywords><TimeCreated SystemTime='2019-05-13T04:31:52.609375000Z'/><EventRecordID>8463</EventRecordID><Correlation/><Execution ProcessID='1308' ThreadID='1788'/><Channel>Microsoft-Windows-Sysmon/Operational</Channel><Computer>cgcIRuPRFuq</Computer><Security UserID='S-1-5-18'/></System><EventData><Data Name='RuleName'></Data><Data Name='UtcTime'>2019-01-21 23:41:59.308</Data><Data Name='ProcessGuid'>{4145D37B-588A-5C46-0000-001078EA0000}</Data><Data Name='ProcessId'>368</Data><Data Name='Image'>C:\Windows\System32\svchost.exe</Data><Data Name='User'>NT AUTHORITY\NETWORK SERVICE</Data><Data Name='Protocol'>udp</Data><Data Name='Initiated'>false</Data><Data Name='SourceIsIpv6'>true</Data><Data Name='SourceIp'>ff02:0:0:0:0:0:1:3</Data><Data Name='SourceHostname'></Data><Data Name='SourcePort'>5355</Data><Data Name='SourcePortName'>llmnr</Data><Data Name='DestinationIsIpv6'>true</Data><Data Name='DestinationIp'>fe80:0:0:0:f172:7e45:2f86:4cd9</Data><Data Name='DestinationHostname'>wGCbBnIXqTztXII</Data><Data Name='DestinationPort'>54978</Data><Data Name='DestinationPortName'></Data></EventData></Event>
<Event xmlns='http://schemas.microsoft.com/win/2004/08/events/event'><System><Provider Name='Microsoft-Windows-Sysmon' Guid='{5770385F-C22A-43E0-BF4C-06F5698FFBD9}'/><EventID>3</EventID><Version>5</Version><Level>4</Level><Task>3</Task><Opcode>0</Opcode><Keywords>0x8000000000000000</Keywords><TimeCreated SystemTime='2019-05-13T04:31:52.609375000Z'/><EventRecordID>8464</EventRecordID><Correlation/><Execution ProcessID='1308' ThreadID='1788'/><Channel>Microsoft-Windows-Sysmon/Operational</Channel><Computer>cgcIRuPRFuq</Computer><Security UserID='S-1-5-18'/></System><EventData><Data Name='RuleName'></Data><Data Name='UtcTime'>2019-01-21 23:41:59.308</Data><Data Name='ProcessGuid'>{4145D37B-588A-5C46-0000-001078EA0000}</Data><Data Name='ProcessId'>368</Data><Data Name='Image'>C:\Windows\System32\svchost.exe</Data><Data Name='User'>NT AUTHORITY\NETWORK SERVICE</Data><Data Name='Protocol'>udp</Data><Data Name='Initiated'>false</Data><Data Name='SourceIsIpv6'>false</Data><Data Name='SourceIp'>224.0.0.252</Data><Data Name='SourceHostname'></Data><Data Name='SourcePort'>5355</Data><Data Name='SourcePortName'>llmnr</Data><Data Name='DestinationIsIpv6'>false</Data><Data Name='DestinationIp'>192.168.168.212</Data><Data Name='DestinationHostname'>wGCbBnIXqTztXII</Data><Data Name='DestinationPort'>56989</Data><Data Name='DestinationPortName'></Data></EventData></Event>
<Event xmlns='http://schemas.microsoft.com/win/2004/08/events/event'><System><Provider Name='Microsoft-Windows-Sysmon' Guid='{5770385F-C22A-43E0-BF4C-06F5698FFBD9}'/><EventID>3</EventID><Version>5</Version><Level>4</Level><Task>3</Task><Opcode>0</Opcode><Keywords>0x8000000000000000</Keywords><TimeCreated SystemTime='2019-05-13T04:31:52.859375000Z'/><EventRecordID>8465</EventRecordID><Correlation/><Execution ProcessID='1308' ThreadID='1788'/><Channel>Microsoft-Windows-Sysmon/Operational</Channel><Computer>cgcIRuPRFuq</Computer><Security UserID='S-1-5-18'/></System><EventData><Data Name='RuleName'></Data><Data Name='UtcTime'>2019-01-21 23:41:59.545</Data><Data Name='ProcessGuid'>{4145D37B-588A-5C46-0000-001078EA0000}</Data><Data Name='ProcessId'>368</Data><Data Name='Image'>C:\Windows\System32\svchost.exe</Data><Data Name='User'>NT AUTHORITY\NETWORK SERVICE</Data><Data Name='Protocol'>udp</Data><Data Name='Initiated'>false</Data><Data Name='SourceIsIpv6'>true</Data><Data Name='SourceIp'>ff02:0:0:0:0:0:1:3</Data><Data Name='SourceHostname'></Data><Data Name='SourcePort'>5355</Data><Data Name='SourcePortName'>llmnr</Data><Data Name='DestinationIsIpv6'>true</Data><Data Name='DestinationIp'>fe80:0:0:0:4c67:c66b:db0d:cc70</Data><Data Name='DestinationHostname'>bINPqXNxwt</Data><Data Name='DestinationPort'>62945</Data><Data Name='DestinationPortName'></Data></EventData></Event>
<Event xmlns='http://schemas.microsoft.com/win/2004/08/events/event'><System><Provider Name='Microsoft-Windows-Sysmon' Guid='{5770385F-C22A-43E0-BF4C-06F5698FFBD9}'/><EventID>3</EventID><Version>5</Version><Level>4</Level><Task>3</Task><Opcode>0</Opcode><Keywords>0x8000000000000000</Keywords><TimeCreated SystemTime='2019-05-13T04:31:52.859375000Z'/><EventRecordID>8466</EventRecordID><Correlation/><Execution ProcessID='1308' ThreadID='1788'/><Channel>Microsoft-Windows-Sysmon/Operational</Channel><Computer>cgcIRuPRFuq</Computer><Security UserID='S-1-5-18'/></System><EventData><Data Name='RuleName'></Data><Data Name='UtcTime'>2019-01-21 23:41:59.546</Data><Data Name='ProcessGuid'>{4145D37B-588A-5C46-0000-001078EA0000}</Data><Data Name='ProcessId'>368</Data><Data Name='Image'>C:\Windows\System32\svchost.exe</Data><Data Name='User'>NT AUTHORITY\NETWORK SERVICE</Data><Data Name='Protocol'>udp</Data><Data Name='Initiated'>false</Data><Data Name='SourceIsIpv6'>false</Data><Data Name='SourceIp'>224.0.0.252</Data><Data Name='SourceHostname'></Data><Data Name='SourcePort'>5355</Data><Data Name='SourcePortName'>llmnr</Data><Data Name='DestinationIsIpv6'>false</Data><Data Name='DestinationIp'>192.168.168.230</Data><Data Name='DestinationHostname'>bINPqXNxwt</Data><Data Name='DestinationPort'>57649</Data><Data Name='DestinationPortName'></Data></EventData></Event>
<Event xmlns='http://schemas.microsoft.com/win/2004/08/events/event'><System><Provider Name='Microsoft-Windows-Sysmon' Guid='{5770385F-C22A-43E0-BF4C-06F5698FFBD9}'/><EventID>3</EventID><Version>5</Version><Level>4</Level><Task>3</Task><Opcode>0</Opcode><Keywords>0x8000000000000000</Keywords><TimeCreated SystemTime='2019-05-13T04:31:52.859375000Z'/><EventRecordID>8467</EventRecordID><Correlation/><Execution ProcessID='1308' ThreadID='1788'/><Channel>Microsoft-Windows-Sysmon/Operational</Channel><Computer>cgcIRuPRFuq</Computer><Security UserID='S-1-5-18'/></System><EventData><Data Name='RuleName'></Data><Data Name='UtcTime'>2019-01-21 23:41:59.720</Data><Data Name='ProcessGuid'>{4145D37B-589F-5C46-0000-001032BF0400}</Data><Data Name='ProcessId'>2512</Data><Data Name='Image'>C:\Python27\pythonw.exe</Data><Data Name='User'>CGCIRUPRFUQ\Administrator</Data><Data Name='Protocol'>tcp</Data><Data Name='Initiated'>true</Data><Data Name='SourceIsIpv6'>false</Data><Data Name='SourceIp'>192.168.168.203</Data><Data Name='SourceHostname'>cgcIRuPRFuq</Data><Data Name='SourcePort'>49186</Data><Data Name='SourcePortName'></Data><Data Name='DestinationIsIpv6'>false</Data><Data Name='DestinationIp'>192.168.168.1</Data><Data Name='DestinationHostname'></Data><Data Name='DestinationPort'>2042</Data><Data Name='DestinationPortName'></Data></EventData></Event>
<Event xmlns='http://schemas.microsoft.com/win/2004/08/events/event'><System><Provider Name='Microsoft-Windows-Sysmon' Guid='{5770385F-C22A-43E0-BF4C-06F5698FFBD9}'/><EventID>3</EventID><Version>5</Version><Level>4</Level><Task>3</Task><Opcode>0</Opcode><Keywords>0x8000000000000000</Keywords><TimeCreated SystemTime='2019-05-13T04:31:53.359375000Z'/><EventRecordID>8468</EventRecordID><Correlation/><Execution ProcessID='1308' ThreadID='1788'/><Channel>Microsoft-Windows-Sysmon/Operational</Channel><Computer>cgcIRuPRFuq</Computer><Security UserID='S-1-5-18'/></System><EventData><Data Name='RuleName'></Data><Data Name='UtcTime'>2019-01-21 23:42:00.138</Data><Data Name='ProcessGuid'>{4145D37B-588A-5C46-0000-001078EA0000}</Data><Data Name='ProcessId'>368</Data><Data Name='Image'>C:\Windows\System32\svchost.exe</Data><Data Name='User'>NT AUTHORITY\NETWORK SERVICE</Data><Data Name='Protocol'>udp</Data><Data Name='Initiated'>false</Data><Data Name='SourceIsIpv6'>true</Data><Data Name='SourceIp'>ff02:0:0:0:0:0:1:3</Data><Data Name='SourceHostname'></Data><Data Name='SourcePort'>5355</Data><Data Name='SourcePortName'>llmnr</Data><Data Name='DestinationIsIpv6'>true</Data><Data Name='DestinationIp'>fe80:0:0:0:ac87:4625:738a:a414</Data><Data Name='DestinationHostname'>YrXIKBUKoMTYRgbK</Data><Data Name='DestinationPort'>58049</Data><Data Name='DestinationPortName'></Data></EventData></Event>
<Event xmlns='http://schemas.microsoft.com/win/2004/08/events/event'><System><Provider Name='Microsoft-Windows-Sysmon' Guid='{5770385F-C22A-43E0-BF4C-06F5698FFBD9}'/><EventID>3</EventID><Version>5</Version><Level>4</Level><Task>3</Task><Opcode>0</Opcode><Keywords>0x8000000000000000</Keywords><TimeCreated SystemTime='2019-05-13T04:31:53.359375000Z'/><EventRecordID>8469</EventRecordID><Correlation/><Execution ProcessID='1308' ThreadID='1788'/><Channel>Microsoft-Windows-Sysmon/Operational</Channel><Computer>cgcIRuPRFuq</Computer><Security UserID='S-1-5-18'/></System><EventData><Data Name='RuleName'></Data><Data Name='UtcTime'>2019-01-21 23:42:00.138</Data><Data Name='ProcessGuid'>{4145D37B-588A-5C46-0000-001078EA0000}</Data><Data Name='ProcessId'>368</Data><Data Name='Image'>C:\Windows\System32\svchost.exe</Data><Data Name='User'>NT AUTHORITY\NETWORK SERVICE</Data><Data Name='Protocol'>udp</Data><Data Name='Initiated'>false</Data><Data Name='SourceIsIpv6'>false</Data><Data Name='SourceIp'>224.0.0.252</Data><Data Name='SourceHostname'></Data><Data Name='SourcePort'>5355</Data><Data Name='SourcePortName'>llmnr</Data><Data Name='DestinationIsIpv6'>false</Data><Data Name='DestinationIp'>192.168.168.207</Data><Data Name='DestinationHostname'>YrXIKBUKoMTYRgbK</Data><Data Name='DestinationPort'>57436</Data><Data Name='DestinationPortName'></Data></EventData></Event>
<Event xmlns='http://schemas.microsoft.com/win/2004/08/events/event'><System><Provider Name='Microsoft-Windows-Sysmon' Guid='{5770385F-C22A-43E0-BF4C-06F5698FFBD9}'/><EventID>3</EventID><Version>5</Version><Level>4</Level><Task>3</Task><Opcode>0</Opcode><Keywords>0x8000000000000000</Keywords><TimeCreated SystemTime='2019-05-13T04:31:53.609375000Z'/><EventRecordID>8470</EventRecordID><Correlation/><Execution ProcessID='1308' ThreadID='1788'/><Channel>Microsoft-Windows-Sysmon/Operational</Channel><Computer>cgcIRuPRFuq</Computer><Security UserID='S-1-5-18'/></System><EventData><Data Name='RuleName'></Data><Data Name='UtcTime'>2019-01-21 23:42:00.241</Data><Data Name='ProcessGuid'>{4145D37B-588A-5C46-0000-001078EA0000}</Data><Data Name='ProcessId'>368</Data><Data Name='Image'>C:\Windows\System32\svchost.exe</Data><Data Name='User'>NT AUTHORITY\NETWORK SERVICE</Data><Data Name='Protocol'>udp</Data><Data Name='Initiated'>false</Data><Data Name='SourceIsIpv6'>true</Data><Data Name='SourceIp'>ff02:0:0:0:0:0:1:3</Data><Data Name='SourceHostname'></Data><Data Name='SourcePort'>5355</Data><Data Name='SourcePortName'>llmnr</Data><Data Name='DestinationIsIpv6'>true</Data><Data Name='DestinationIp'>fe80:0:0:0:f172:7e45:2f86:4cd9</Data><Data Name='DestinationHostname'>wGCbBnIXqTztXII</Data><Data Name='DestinationPort'>53050</Data><Data Name='DestinationPortName'></Data></EventData></Event>
<Event xmlns='http://schemas.microsoft.com/win/2004/08/events/event'><System><Provider Name='Microsoft-Windows-Sysmon' Guid='{5770385F-C22A-43E0-BF4C-06F5698FFBD9}'/><EventID>3</EventID><Version>5</Version><Level>4</Level><Task>3</Task><Opcode>0</Opcode><Keywords>0x8000000000000000</Keywords><TimeCreated SystemTime='2019-05-13T04:31:53.609375000Z'/><EventRecordID>8471</EventRecordID><Correlation/><Execution ProcessID='1308' ThreadID='1788'/><Channel>Microsoft-Windows-Sysmon/Operational</Channel><Computer>cgcIRuPRFuq</Computer><Security UserID='S-1-5-18'/></System><EventData><Data Name='RuleName'></Data><Data Name='UtcTime'>2019-01-21 23:42:00.242</Data><Data Name='ProcessGuid'>{4145D37B-588A-5C46-0000-001078EA0000}</Data><Data Name='ProcessId'>368</Data><Data Name='Image'>C:\Windows\System32\svchost.exe</Data><Data Name='User'>NT AUTHORITY\NETWORK SERVICE</Data><Data Name='Protocol'>udp</Data><Data Name='Initiated'>false</Data><Data Name='SourceIsIpv6'>false</Data><Data Name='SourceIp'>224.0.0.252</Data><Data Name='SourceHostname'></Data><Data Name='SourcePort'>5355</Data><Data Name='SourcePortName'>llmnr</Data><Data Name='DestinationIsIpv6'>false</Data><Data Name='DestinationIp'>192.168.168.212</Data><Data Name='DestinationHostname'>wGCbBnIXqTztXII</Data><Data Name='DestinationPort'>50517</Data><Data Name='DestinationPortName'></Data></EventData></Event>
<Event xmlns='http://schemas.microsoft.com/win/2004/08/events/event'><System><Provider Name='Microsoft-Windows-Sysmon' Guid='{5770385F-C22A-43E0-BF4C-06F5698FFBD9}'/><EventID>3</EventID><Version>5</Version><Level>4</Level><Task>3</Task><Opcode>0</Opcode><Keywords>0x8000000000000000</Keywords><TimeCreated SystemTime='2019-05-13T04:31:53.609375000Z'/><EventRecordID>8472</EventRecordID><Correlation/><Execution ProcessID='1308' ThreadID='1788'/><Channel>Microsoft-Windows-Sysmon/Operational</Channel><Computer>cgcIRuPRFuq</Computer><Security UserID='S-1-5-18'/></System><EventData><Data Name='RuleName'></Data><Data Name='UtcTime'>2019-01-21 23:42:00.245</Data><Data Name='ProcessGuid'>{4145D37B-588C-5C46-0000-001076030200}</Data><Data Name='ProcessId'>2004</Data><Data Name='Image'>C:\Python27\pythonw.exe</Data><Data Name='User'>CGCIRUPRFUQ\Administrator</Data><Data Name='Protocol'>tcp</Data><Data Name='Initiated'>false</Data><Data Name='SourceIsIpv6'>false</Data><Data Name='SourceIp'>192.168.168.203</Data><Data Name='SourceHostname'>cgcIRuPRFuq</Data><Data Name='SourcePort'>8000</Data><Data Name='SourcePortName'></Data><Data Name='DestinationIsIpv6'>false</Data><Data Name='DestinationIp'>192.168.168.1</Data><Data Name='DestinationHostname'></Data><Data Name='DestinationPort'>58406</Data><Data Name='DestinationPortName'></Data></EventData></Event>
<Event xmlns='http://schemas.microsoft.com/win/2004/08/events/event'><System><Provider Name='Microsoft-Windows-Sysmon' Guid='{5770385F-C22A-43E0-BF4C-06F5698FFBD9}'/><EventID>3</EventID><Version>5</Version><Level>4</Level><Task>3</Task><Opcode>0</Opcode><Keywords>0x8000000000000000</Keywords><TimeCreated SystemTime='2019-05-13T04:31:53.609375000Z'/><EventRecordID>8473</EventRecordID><Correlation/><Execution ProcessID='1308' ThreadID='1788'/><Channel>Microsoft-Windows-Sysmon/Operational</Channel><Computer>cgcIRuPRFuq</Computer><Security UserID='S-1-5-18'/></System><EventData><Data Name='RuleName'></Data><Data Name='UtcTime'>2019-01-21 23:42:00.247</Data><Data Name='ProcessGuid'>{4145D37B-588A-5C46-0000-001078EA0000}</Data><Data Name='ProcessId'>368</Data><Data Name='Image'>C:\Windows\System32\svchost.exe</Data><Data Name='User'>NT AUTHORITY\NETWORK SERVICE</Data><Data Name='Protocol'>udp</Data><Data Name='Initiated'>false</Data><Data Name='SourceIsIpv6'>true</Data><Data Name='SourceIp'>ff02:0:0:0:0:0:1:3</Data><Data Name='SourceHostname'></Data><Data Name='SourcePort'>5355</Data><Data Name='SourcePortName'>llmnr</Data><Data Name='DestinationIsIpv6'>true</Data><Data Name='DestinationIp'>fe80:0:0:0:ac87:4625:738a:a414</Data><Data Name='DestinationHostname'>YrXIKBUKoMTYRgbK</Data><Data Name='DestinationPort'>62236</Data><Data Name='DestinationPortName'></Data></EventData></Event>
<Event xmlns='http://schemas.microsoft.com/win/2004/08/events/event'><System><Provider Name='Microsoft-Windows-Sysmon' Guid='{5770385F-C22A-43E0-BF4C-06F5698FFBD9}'/><EventID>3</EventID><Version>5</Version><Level>4</Level><Task>3</Task><Opcode>0</Opcode><Keywords>0x8000000000000000</Keywords><TimeCreated SystemTime='2019-05-13T04:31:53.609375000Z'/><EventRecordID>8474</EventRecordID><Correlation/><Execution ProcessID='1308' ThreadID='1788'/><Channel>Microsoft-Windows-Sysmon/Operational</Channel><Computer>cgcIRuPRFuq</Computer><Security UserID='S-1-5-18'/></System><EventData><Data Name='RuleName'></Data><Data Name='UtcTime'>2019-01-21 23:42:00.249</Data><Data Name='ProcessGuid'>{4145D37B-588A-5C46-0000-001078EA0000}</Data><Data Name='ProcessId'>368</Data><Data Name='Image'>C:\Windows\System32\svchost.exe</Data><Data Name='User'>NT AUTHORITY\NETWORK SERVICE</Data><Data Name='Protocol'>udp</Data><Data Name='Initiated'>false</Data><Data Name='SourceIsIpv6'>false</Data><Data Name='SourceIp'>224.0.0.252</Data><Data Name='SourceHostname'></Data><Data Name='SourcePort'>5355</Data><Data Name='SourcePortName'>llmnr</Data><Data Name='DestinationIsIpv6'>false</Data><Data Name='DestinationIp'>192.168.168.207</Data><Data Name='DestinationHostname'>YrXIKBUKoMTYRgbK</Data><Data Name='DestinationPort'>65353</Data><Data Name='DestinationPortName'></Data></EventData></Event>
<Event xmlns='http://schemas.microsoft.com/win/2004/08/events/event'><System><Provider Name='Microsoft-Windows-Sysmon' Guid='{5770385F-C22A-43E0-BF4C-06F5698FFBD9}'/><EventID>3</EventID><Version>5</Version><Level>4</Level><Task>3</Task><Opcode>0</Opcode><Keywords>0x8000000000000000</Keywords><TimeCreated SystemTime='2019-05-13T04:31:54.359375000Z'/><EventRecordID>8475</EventRecordID><Correlation/><Execution ProcessID='1308' ThreadID='1788'/><Channel>Microsoft-Windows-Sysmon/Operational</Channel><Computer>cgcIRuPRFuq</Computer><Security UserID='S-1-5-18'/></System><EventData><Data Name='RuleName'></Data><Data Name='UtcTime'>2019-01-21 23:42:01.049</Data><Data Name='ProcessGuid'>{4145D37B-588A-5C46-0000-001078EA0000}</Data><Data Name='ProcessId'>368</Data><Data Name='Image'>C:\Windows\System32\svchost.exe</Data><Data Name='User'>NT AUTHORITY\NETWORK SERVICE</Data><Data Name='Protocol'>udp</Data><Data Name='Initiated'>false</Data><Data Name='SourceIsIpv6'>true</Data><Data Name='SourceIp'>ff02:0:0:0:0:0:1:3</Data><Data Name='SourceHostname'></Data><Data Name='SourcePort'>5355</Data><Data Name='SourcePortName'>llmnr</Data><Data Name='DestinationIsIpv6'>true</Data><Data Name='DestinationIp'>fe80:0:0:0:b18d:20a4:80fa:9356</Data><Data Name='DestinationHostname'>TOkZIRkZNEXkIwm</Data><Data Name='DestinationPort'>59230</Data><Data Name='DestinationPortName'></Data></EventData></Event>
<Event xmlns='http://schemas.microsoft.com/win/2004/08/events/event'><System><Provider Name='Microsoft-Windows-Sysmon' Guid='{5770385F-C22A-43E0-BF4C-06F5698FFBD9}'/><EventID>3</EventID><Version>5</Version><Level>4</Level><Task>3</Task><Opcode>0</Opcode><Keywords>0x8000000000000000</Keywords><TimeCreated SystemTime='2019-05-13T04:31:54.359375000Z'/><EventRecordID>8476</EventRecordID><Correlation/><Execution ProcessID='1308' ThreadID='1788'/><Channel>Microsoft-Windows-Sysmon/Operational</Channel><Computer>cgcIRuPRFuq</Computer><Security UserID='S-1-5-18'/></System><EventData><Data Name='RuleName'></Data><Data Name='UtcTime'>2019-01-21 23:42:01.049</Data><Data Name='ProcessGuid'>{4145D37B-588A-5C46-0000-001078EA0000}</Data><Data Name='ProcessId'>368</Data><Data Name='Image'>C:\Windows\System32\svchost.exe</Data><Data Name='User'>NT AUTHORITY\NETWORK SERVICE</Data><Data Name='Protocol'>udp</Data><Data Name='Initiated'>false</Data><Data Name='SourceIsIpv6'>false</Data><Data Name='SourceIp'>224.0.0.252</Data><Data Name='SourceHostname'></Data><Data Name='SourcePort'>5355</Data><Data Name='SourcePortName'>llmnr</Data><Data Name='DestinationIsIpv6'>false</Data><Data Name='DestinationIp'>192.168.168.224</Data><Data Name='DestinationHostname'>TOkZIRkZNEXkIwm</Data><Data Name='DestinationPort'>61389</Data><Data Name='DestinationPortName'></Data></EventData></Event>
<Event xmlns='http://schemas.microsoft.com/win/2004/08/events/event'><System><Provider Name='Microsoft-Windows-Sysmon' Guid='{5770385F-C22A-43E0-BF4C-06F5698FFBD9}'/><EventID>3</EventID><Version>5</Version><Level>4</Level><Task>3</Task><Opcode>0</Opcode><Keywords>0x8000000000000000</Keywords><TimeCreated SystemTime='2019-05-13T04:31:54.609375000Z'/><EventRecordID>8477</EventRecordID><Correlation/><Execution ProcessID='1308' ThreadID='1788'/><Channel>Microsoft-Windows-Sysmon/Operational</Channel><Computer>cgcIRuPRFuq</Computer><Security UserID='S-1-5-18'/></System><EventData><Data Name='RuleName'></Data><Data Name='UtcTime'>2019-01-21 23:42:01.267</Data><Data Name='ProcessGuid'>{4145D37B-588C-5C46-0000-001076030200}</Data><Data Name='ProcessId'>2004</Data><Data Name='Image'>C:\Python27\pythonw.exe</Data><Data Name='User'>CGCIRUPRFUQ\Administrator</Data><Data Name='Protocol'>tcp</Data><Data Name='Initiated'>false</Data><Data Name='SourceIsIpv6'>false</Data><Data Name='SourceIp'>192.168.168.203</Data><Data Name='SourceHostname'>cgcIRuPRFuq</Data><Data Name='SourcePort'>8000</Data><Data Name='SourcePortName'></Data><Data Name='DestinationIsIpv6'>false</Data><Data Name='DestinationIp'>192.168.168.1</Data><Data Name='DestinationHostname'></Data><Data Name='DestinationPort'>58416</Data><Data Name='DestinationPortName'></Data></EventData></Event>
<Event xmlns='http://schemas.microsoft.com/win/2004/08/events/event'><System><Provider Name='Microsoft-Windows-Sysmon' Guid='{5770385F-C22A-43E0-BF4C-06F5698FFBD9}'/><EventID>3</EventID><Version>5</Version><Level>4</Level><Task>3</Task><Opcode>0</Opcode><Keywords>0x8000000000000000</Keywords><TimeCreated SystemTime='2019-05-13T04:31:54.609375000Z'/><EventRecordID>8478</EventRecordID><Correlation/><Execution ProcessID='1308' ThreadID='1788'/><Channel>Microsoft-Windows-Sysmon/Operational</Channel><Computer>cgcIRuPRFuq</Computer><Security UserID='S-1-5-18'/></System><EventData><Data Name='RuleName'></Data><Data Name='UtcTime'>2019-01-21 23:42:01.292</Data><Data Name='ProcessGuid'>{4145D37B-588A-5C46-0000-001078EA0000}</Data><Data Name='ProcessId'>368</Data><Data Name='Image'>C:\Windows\System32\svchost.exe</Data><Data Name='User'>NT AUTHORITY\NETWORK SERVICE</Data><Data Name='Protocol'>udp</Data><Data Name='Initiated'>false</Data><Data Name='SourceIsIpv6'>true</Data><Data Name='SourceIp'>ff02:0:0:0:0:0:1:3</Data><Data Name='SourceHostname'></Data><Data Name='SourcePort'>5355</Data><Data Name='SourcePortName'>llmnr</Data><Data Name='DestinationIsIpv6'>true</Data><Data Name='DestinationIp'>fe80:0:0:0:489:6757:d7e7:c274</Data><Data Name='DestinationHostname'>cgcIRuPRFuq</Data><Data Name='DestinationPort'>59475</Data><Data Name='DestinationPortName'></Data></EventData></Event>
<Event xmlns='http://schemas.microsoft.com/win/2004/08/events/event'><System><Provider Name='Microsoft-Windows-Sysmon' Guid='{5770385F-C22A-43E0-BF4C-06F5698FFBD9}'/><EventID>3</EventID><Version>5</Version><Level>4</Level><Task>3</Task><Opcode>0</Opcode><Keywords>0x8000000000000000</Keywords><TimeCreated SystemTime='2019-05-13T04:31:55.109375000Z'/><EventRecordID>8479</EventRecordID><Correlation/><Execution ProcessID='1308' ThreadID='1788'/><Channel>Microsoft-Windows-Sysmon/Operational</Channel><Computer>cgcIRuPRFuq</Computer><Security UserID='S-1-5-18'/></System><EventData><Data Name='RuleName'></Data><Data Name='UtcTime'>2019-01-21 23:42:01.819</Data><Data Name='ProcessGuid'>{4145D37B-5888-5C46-0000-0010EB030000}</Data><Data Name='ProcessId'>4</Data><Data Name='Image'>System</Data><Data Name='User'>NT AUTHORITY\SYSTEM</Data><Data Name='Protocol'>udp</Data><Data Name='Initiated'>false</Data><Data Name='SourceIsIpv6'>false</Data><Data Name='SourceIp'>192.168.168.255</Data><Data Name='SourceHostname'></Data><Data Name='SourcePort'>138</Data><Data Name='SourcePortName'>netbios-dgm</Data><Data Name='DestinationIsIpv6'>false</Data><Data Name='DestinationIp'>192.168.168.229</Data><Data Name='DestinationHostname'>eyAdJpZuhJHpa</Data><Data Name='DestinationPort'>138</Data><Data Name='DestinationPortName'>netbios-dgm</Data></EventData></Event>
<Event xmlns='http://schemas.microsoft.com/win/2004/08/events/event'><System><Provider Name='Microsoft-Windows-Sysmon' Guid='{5770385F-C22A-43E0-BF4C-06F5698FFBD9}'/><EventID>3</EventID><Version>5</Version><Level>4</Level><Task>3</Task><Opcode>0</Opcode><Keywords>0x8000000000000000</Keywords><TimeCreated SystemTime='2019-05-13T04:31:55.109375000Z'/><EventRecordID>8480</EventRecordID><Correlation/><Execution ProcessID='1308' ThreadID='1788'/><Channel>Microsoft-Windows-Sysmon/Operational</Channel><Computer>cgcIRuPRFuq</Computer><Security UserID='S-1-5-18'/></System><EventData><Data Name='RuleName'></Data><Data Name='UtcTime'>2019-01-21 23:42:01.972</Data><Data Name='ProcessGuid'>{4145D37B-589F-5C46-0000-001032BF0400}</Data><Data Name='ProcessId'>2512</Data><Data Name='Image'>C:\Python27\pythonw.exe</Data><Data Name='User'>CGCIRUPRFUQ\Administrator</Data><Data Name='Protocol'>tcp</Data><Data Name='Initiated'>true</Data><Data Name='SourceIsIpv6'>false</Data><Data Name='SourceIp'>192.168.168.203</Data><Data Name='SourceHostname'>cgcIRuPRFuq</Data><Data Name='SourcePort'>49187</Data><Data Name='SourcePortName'></Data><Data Name='DestinationIsIpv6'>false</Data><Data Name='DestinationIp'>192.168.168.1</Data><Data Name='DestinationHostname'></Data><Data Name='DestinationPort'>2042</Data><Data Name='DestinationPortName'></Data></EventData></Event>
<Event xmlns='http://schemas.microsoft.com/win/2004/08/events/event'><System><Provider Name='Microsoft-Windows-Sysmon' Guid='{5770385F-C22A-43E0-BF4C-06F5698FFBD9}'/><EventID>3</EventID><Version>5</Version><Level>4</Level><Task>3</Task><Opcode>0</Opcode><Keywords>0x8000000000000000</Keywords><TimeCreated SystemTime='2019-05-13T04:31:55.359375000Z'/><EventRecordID>8481</EventRecordID><Correlation/><Execution ProcessID='1308' ThreadID='1788'/><Channel>Microsoft-Windows-Sysmon/Operational</Channel><Computer>cgcIRuPRFuq</Computer><Security UserID='S-1-5-18'/></System><EventData><Data Name='RuleName'></Data><Data Name='UtcTime'>2019-01-21 23:42:02.130</Data><Data Name='ProcessGuid'>{4145D37B-588A-5C46-0000-001078EA0000}</Data><Data Name='ProcessId'>368</Data><Data Name='Image'>C:\Windows\System32\svchost.exe</Data><Data Name='User'>NT AUTHORITY\NETWORK SERVICE</Data><Data Name='Protocol'>udp</Data><Data Name='Initiated'>false</Data><Data Name='SourceIsIpv6'>true</Data><Data Name='SourceIp'>ff02:0:0:0:0:0:1:3</Data><Data Name='SourceHostname'></Data><Data Name='SourcePort'>5355</Data><Data Name='SourcePortName'>llmnr</Data><Data Name='DestinationIsIpv6'>true</Data><Data Name='DestinationIp'>fe80:0:0:0:4c67:c66b:db0d:cc70</Data><Data Name='DestinationHostname'>bINPqXNxwt</Data><Data Name='DestinationPort'>62444</Data><Data Name='DestinationPortName'></Data></EventData></Event>
<Event xmlns='http://schemas.microsoft.com/win/2004/08/events/event'><System><Provider Name='Microsoft-Windows-Sysmon' Guid='{5770385F-C22A-43E0-BF4C-06F5698FFBD9}'/><EventID>3</EventID><Version>5</Version><Level>4</Level><Task>3</Task><Opcode>0</Opcode><Keywords>0x8000000000000000</Keywords><TimeCreated SystemTime='2019-05-13T04:31:55.359375000Z'/><EventRecordID>8482</EventRecordID><Correlation/><Execution ProcessID='1308' ThreadID='1788'/><Channel>Microsoft-Windows-Sysmon/Operational</Channel><Computer>cgcIRuPRFuq</Computer><Security UserID='S-1-5-18'/></System><EventData><Data Name='RuleName'></Data><Data Name='UtcTime'>2019-01-21 23:42:02.130</Data><Data Name='ProcessGuid'>{4145D37B-588A-5C46-0000-001078EA0000}</Data><Data Name='ProcessId'>368</Data><Data Name='Image'>C:\Windows\System32\svchost.exe</Data><Data Name='User'>NT AUTHORITY\NETWORK SERVICE</Data><Data Name='Protocol'>udp</Data><Data Name='Initiated'>false</Data><Data Name='SourceIsIpv6'>false</Data><Data Name='SourceIp'>224.0.0.252</Data><Data Name='SourceHostname'></Data><Data Name='SourcePort'>5355</Data><Data Name='SourcePortName'>llmnr</Data><Data Name='DestinationIsIpv6'>false</Data><Data Name='DestinationIp'>192.168.168.230</Data><Data Name='DestinationHostname'>bINPqXNxwt</Data><Data Name='DestinationPort'>64730</Data><Data Name='DestinationPortName'></Data></EventData></Event>
<Event xmlns='http://schemas.microsoft.com/win/2004/08/events/event'><System><Provider Name='Microsoft-Windows-Sysmon' Guid='{5770385F-C22A-43E0-BF4C-06F5698FFBD9}'/><EventID>3</EventID><Version>5</Version><Level>4</Level><Task>3</Task><Opcode>0</Opcode><Keywords>0x8000000000000000</Keywords><TimeCreated SystemTime='2019-05-13T04:31:55.359375000Z'/><EventRecordID>8483</EventRecordID><Correlation/><Execution ProcessID='1308' ThreadID='1788'/><Channel>Microsoft-Windows-Sysmon/Operational</Channel><Computer>cgcIRuPRFuq</Computer><Security UserID='S-1-5-18'/></System><EventData><Data Name='RuleName'></Data><Data Name='UtcTime'>2019-01-21 23:42:02.210</Data><Data Name='ProcessGuid'>{4145D37B-588A-5C46-0000-001078EA0000}</Data><Data Name='ProcessId'>368</Data><Data Name='Image'>C:\Windows\System32\svchost.exe</Data><Data Name='User'>NT AUTHORITY\NETWORK SERVICE</Data><Data Name='Protocol'>udp</Data><Data Name='Initiated'>false</Data><Data Name='SourceIsIpv6'>true</Data><Data Name='SourceIp'>ff02:0:0:0:0:0:1:3</Data><Data Name='SourceHostname'></Data><Data Name='SourcePort'>5355</Data><Data Name='SourcePortName'>llmnr</Data><Data Name='DestinationIsIpv6'>true</Data><Data Name='DestinationIp'>fe80:0:0:0:b83d:b7ff:cc6:23c9</Data><Data Name='DestinationHostname'>FUxpBFMTKW</Data><Data Name='DestinationPort'>50357</Data><Data Name='DestinationPortName'></Data></EventData></Event>
<Event xmlns='http://schemas.microsoft.com/win/2004/08/events/event'><System><Provider Name='Microsoft-Windows-Sysmon' Guid='{5770385F-C22A-43E0-BF4C-06F5698FFBD9}'/><EventID>3</EventID><Version>5</Version><Level>4</Level><Task>3</Task><Opcode>0</Opcode><Keywords>0x8000000000000000</Keywords><TimeCreated SystemTime='2019-05-13T04:31:55.359375000Z'/><EventRecordID>8484</EventRecordID><Correlation/><Execution ProcessID='1308' ThreadID='1788'/><Channel>Microsoft-Windows-Sysmon/Operational</Channel><Computer>cgcIRuPRFuq</Computer><Security UserID='S-1-5-18'/></System><EventData><Data Name='RuleName'></Data><Data Name='UtcTime'>2019-01-21 23:42:02.210</Data><Data Name='ProcessGuid'>{4145D37B-588A-5C46-0000-001078EA0000}</Data><Data Name='ProcessId'>368</Data><Data Name='Image'>C:\Windows\System32\svchost.exe</Data><Data Name='User'>NT AUTHORITY\NETWORK SERVICE</Data><Data Name='Protocol'>udp</Data><Data Name='Initiated'>false</Data><Data Name='SourceIsIpv6'>false</Data><Data Name='SourceIp'>224.0.0.252</Data><Data Name='SourceHostname'></Data><Data Name='SourcePort'>5355</Data><Data Name='SourcePortName'>llmnr</Data><Data Name='DestinationIsIpv6'>false</Data><Data Name='DestinationIp'>192.168.168.208</Data><Data Name='DestinationHostname'>FUxpBFMTKW</Data><Data Name='DestinationPort'>50411</Data><Data Name='DestinationPortName'></Data></EventData></Event>
<Event xmlns='http://schemas.microsoft.com/win/2004/08/events/event'><System><Provider Name='Microsoft-Windows-Sysmon' Guid='{5770385F-C22A-43E0-BF4C-06F5698FFBD9}'/><EventID>3</EventID><Version>5</Version><Level>4</Level><Task>3</Task><Opcode>0</Opcode><Keywords>0x8000000000000000</Keywords><TimeCreated SystemTime='2019-05-13T04:31:55.609375000Z'/><EventRecordID>8485</EventRecordID><Correlation/><Execution ProcessID='1308' ThreadID='1788'/><Channel>Microsoft-Windows-Sysmon/Operational</Channel><Computer>cgcIRuPRFuq</Computer><Security UserID='S-1-5-18'/></System><EventData><Data Name='RuleName'></Data><Data Name='UtcTime'>2019-01-21 23:42:02.309</Data><Data Name='ProcessGuid'>{4145D37B-588C-5C46-0000-001076030200}</Data><Data Name='ProcessId'>2004</Data><Data Name='Image'>C:\Python27\pythonw.exe</Data><Data Name='User'>CGCIRUPRFUQ\Administrator</Data><Data Name='Protocol'>tcp</Data><Data Name='Initiated'>false</Data><Data Name='SourceIsIpv6'>false</Data><Data Name='SourceIp'>192.168.168.203</Data><Data Name='SourceHostname'>cgcIRuPRFuq</Data><Data Name='SourcePort'>8000</Data><Data Name='SourcePortName'></Data><Data Name='DestinationIsIpv6'>false</Data><Data Name='DestinationIp'>192.168.168.1</Data><Data Name='DestinationHostname'></Data><Data Name='DestinationPort'>58426</Data><Data Name='DestinationPortName'></Data></EventData></Event>
<Event xmlns='http://schemas.microsoft.com/win/2004/08/events/event'><System><Provider Name='Microsoft-Windows-Sysmon' Guid='{5770385F-C22A-43E0-BF4C-06F5698FFBD9}'/><EventID>3</EventID><Version>5</Version><Level>4</Level><Task>3</Task><Opcode>0</Opcode><Keywords>0x8000000000000000</Keywords><TimeCreated SystemTime='2019-05-13T04:31:56.109375000Z'/><EventRecordID>8486</EventRecordID><Correlation/><Execution ProcessID='1308' ThreadID='1788'/><Channel>Microsoft-Windows-Sysmon/Operational</Channel><Computer>cgcIRuPRFuq</Computer><Security UserID='S-1-5-18'/></System><EventData><Data Name='RuleName'></Data><Data Name='UtcTime'>2019-01-21 23:42:02.805</Data><Data Name='ProcessGuid'>{4145D37B-588A-5C46-0000-001078EA0000}</Data><Data Name='ProcessId'>368</Data><Data Name='Image'>C:\Windows\System32\svchost.exe</Data><Data Name='User'>NT AUTHORITY\NETWORK SERVICE</Data><Data Name='Protocol'>udp</Data><Data Name='Initiated'>false</Data><Data Name='SourceIsIpv6'>true</Data><Data Name='SourceIp'>ff02:0:0:0:0:0:1:3</Data><Data Name='SourceHostname'></Data><Data Name='SourcePort'>5355</Data><Data Name='SourcePortName'>llmnr</Data><Data Name='DestinationIsIpv6'>true</Data><Data Name='DestinationIp'>fe80:0:0:0:ac87:4625:738a:a414</Data><Data Name='DestinationHostname'>YrXIKBUKoMTYRgbK</Data><Data Name='DestinationPort'>54554</Data><Data Name='DestinationPortName'></Data></EventData></Event>
<Event xmlns='http://schemas.microsoft.com/win/2004/08/events/event'><System><Provider Name='Microsoft-Windows-Sysmon' Guid='{5770385F-C22A-43E0-BF4C-06F5698FFBD9}'/><EventID>3</EventID><Version>5</Version><Level>4</Level><Task>3</Task><Opcode>0</Opcode><Keywords>0x8000000000000000</Keywords><TimeCreated SystemTime='2019-05-13T04:31:56.109375000Z'/><EventRecordID>8487</EventRecordID><Correlation/><Execution ProcessID='1308' ThreadID='1788'/><Channel>Microsoft-Windows-Sysmon/Operational</Channel><Computer>cgcIRuPRFuq</Computer><Security UserID='S-1-5-18'/></System><EventData><Data Name='RuleName'></Data><Data Name='UtcTime'>2019-01-21 23:42:02.808</Data><Data Name='ProcessGuid'>{4145D37B-588A-5C46-0000-001078EA0000}</Data><Data Name='ProcessId'>368</Data><Data Name='Image'>C:\Windows\System32\svchost.exe</Data><Data Name='User'>NT AUTHORITY\NETWORK SERVICE</Data><Data Name='Protocol'>udp</Data><Data Name='Initiated'>false</Data><Data Name='SourceIsIpv6'>false</Data><Data Name='SourceIp'>224.0.0.252</Data><Data Name='SourceHostname'></Data><Data Name='SourcePort'>5355</Data><Data Name='SourcePortName'>llmnr</Data><Data Name='DestinationIsIpv6'>false</Data><Data Name='DestinationIp'>192.168.168.207</Data><Data Name='DestinationHostname'>YrXIKBUKoMTYRgbK</Data><Data Name='DestinationPort'>53085</Data><Data Name='DestinationPortName'></Data></EventData></Event>
<Event xmlns='http://schemas.microsoft.com/win/2004/08/events/event'><System><Provider Name='Microsoft-Windows-Sysmon' Guid='{5770385F-C22A-43E0-BF4C-06F5698FFBD9}'/><EventID>3</EventID><Version>5</Version><Level>4</Level><Task>3</Task><Opcode>0</Opcode><Keywords>0x8000000000000000</Keywords><TimeCreated SystemTime='2019-05-13T04:31:56.609375000Z'/><EventRecordID>8488</EventRecordID><Correlation/><Execution ProcessID='1308' ThreadID='1788'/><Channel>Microsoft-Windows-Sysmon/Operational</Channel><Computer>cgcIRuPRFuq</Computer><Security UserID='S-1-5-18'/></System><EventData><Data Name='RuleName'></Data><Data Name='UtcTime'>2019-01-21 23:42:03.338</Data><Data Name='ProcessGuid'>{4145D37B-588C-5C46-0000-001076030200}</Data><Data Name='ProcessId'>2004</Data><Data Name='Image'>C:\Python27\pythonw.exe</Data><Data Name='User'>CGCIRUPRFUQ\Administrator</Data><Data Name='Protocol'>tcp</Data><Data Name='Initiated'>false</Data><Data Name='SourceIsIpv6'>false</Data><Data Name='SourceIp'>192.168.168.203</Data><Data Name='SourceHostname'>cgcIRuPRFuq</Data><Data Name='SourcePort'>8000</Data><Data Name='SourcePortName'></Data><Data Name='DestinationIsIpv6'>false</Data><Data Name='DestinationIp'>192.168.168.1</Data><Data Name='DestinationHostname'></Data><Data Name='DestinationPort'>58446</Data><Data Name='DestinationPortName'></Data></EventData></Event>
<Event xmlns='http://schemas.microsoft.com/win/2004/08/events/event'><System><Provider Name='Microsoft-Windows-Sysmon' Guid='{5770385F-C22A-43E0-BF4C-06F5698FFBD9}'/><EventID>3</EventID><Version>5</Version><Level>4</Level><Task>3</Task><Opcode>0</Opcode><Keywords>0x8000000000000000</Keywords><TimeCreated SystemTime='2019-05-13T04:31:56.859375000Z'/><EventRecordID>8489</EventRecordID><Correlation/><Execution ProcessID='1308' ThreadID='1788'/><Channel>Microsoft-Windows-Sysmon/Operational</Channel><Computer>cgcIRuPRFuq</Computer><Security UserID='S-1-5-18'/></System><EventData><Data Name='RuleName'></Data><Data Name='UtcTime'>2019-01-21 23:42:03.664</Data><Data Name='ProcessGuid'>{4145D37B-588A-5C46-0000-001078EA0000}</Data><Data Name='ProcessId'>368</Data><Data Name='Image'>C:\Windows\System32\svchost.exe</Data><Data Name='User'>NT AUTHORITY\NETWORK SERVICE</Data><Data Name='Protocol'>udp</Data><Data Name='Initiated'>false</Data><Data Name='SourceIsIpv6'>true</Data><Data Name='SourceIp'>ff02:0:0:0:0:0:1:3</Data><Data Name='SourceHostname'></Data><Data Name='SourcePort'>5355</Data><Data Name='SourcePortName'>llmnr</Data><Data Name='DestinationIsIpv6'>true</Data><Data Name='DestinationIp'>fe80:0:0:0:b18d:20a4:80fa:9356</Data><Data Name='DestinationHostname'>TOkZIRkZNEXkIwm</Data><Data Name='DestinationPort'>57001</Data><Data Name='DestinationPortName'></Data></EventData></Event>
