<Event xmlns='http://schemas.microsoft.com/win/2004/08/events/event'><System><Provider Name='Microsoft-Windows-Sysmon' Guid='{5770385F-C22A-43E0-BF4C-06F5698FFBD9}'/><EventID>3</EventID><Version>5</Version><Level>4</Level><Task>3</Task><Opcode>0</Opcode><Keywords>0x8000000000000000</Keywords><TimeCreated SystemTime='2019-05-13T04:31:25.875000000Z'/><EventRecordID>7988</EventRecordID><Correlation/><Execution ProcessID='1308' ThreadID='1788'/><Channel>Microsoft-Windows-Sysmon/Operational</Channel><Computer>cgcIRuPRFuq</Computer><Security UserID='S-1-5-18'/></System><EventData><Data Name='RuleName'></Data><Data Name='UtcTime'>2019-01-21 23:41:32.610</Data><Data Name='ProcessGuid'>{4145D37B-588C-5C46-0000-001076030200}</Data><Data Name='ProcessId'>2004</Data><Data Name='Image'>C:\Python27\pythonw.exe</Data><Data Name='User'>CGCIRUPRFUQ\Administrator</Data><Data Name='Protocol'>tcp</Data><Data Name='Initiated'>false</Data><Data Name='SourceIsIpv6'>false</Data><Data Name='SourceIp'>192.168.168.203</Data><Data Name='SourceHostname'>cgcIRuPRFuq</Data><Data Name='SourcePort'>8000</Data><Data Name='SourcePortName'></Data><Data Name='DestinationIsIpv6'>false</Data><Data Name='DestinationIp'>192.168.168.1</Data><Data Name='DestinationHostname'></Data><Data Name='DestinationPort'>58094</Data><Data Name='DestinationPortName'></Data></EventData></Event>
<Event xmlns='http://schemas.microsoft.com/win/2004/08/events/event'><System><Provider Name='Microsoft-Windows-Sysmon' Guid='{5770385F-C22A-43E0-BF4C-06F5698FFBD9}'/><EventID>3</EventID><Version>5</Version><Level>4</Level><Task>3</Task><Opcode>0</Opcode><Keywords>0x8000000000000000</Keywords><TimeCreated SystemTime='2019-05-13T04:31:26.125000000Z'/><EventRecordID>7989</EventRecordID><Correlation/><Execution ProcessID='1308' ThreadID='1788'/><Channel>Microsoft-Windows-Sysmon/Operational</Channel><Computer>cgcIRuPRFuq</Computer><Security UserID='S-1-5-18'/></System><EventData><Data Name='RuleName'></Data><Data Name='UtcTime'>2019-01-21 23:41:32.720</Data><Data Name='ProcessGuid'>{4145D37B-588A-5C46-0000-001078EA0000}</Data><Data Name='ProcessId'>368</Data><Data Name='Image'>C:\Windows\System32\svchost.exe</Data><Data Name='User'>NT AUTHORITY\NETWORK SERVICE</Data><Data Name='Protocol'>udp</Data><Data Name='Initiated'>false</Data><Data Name='SourceIsIpv6'>true</Data><Data Name='SourceIp'>ff02:0:0:0:0:0:1:3</Data><Data Name='SourceHostname'></Data><Data Name='SourcePort'>5355</Data><Data Name='SourcePortName'>llmnr</Data><Data Name='DestinationIsIpv6'>true</Data><Data Name='DestinationIp'>fe80:0:0:0:c4e2:63b2:cb9d:7b01</Data><Data Name='DestinationHostname'></Data><Data Name='DestinationPort'>49958</Data><Data Name='DestinationPortName'></Data></EventData></Event>
<Event xmlns='http://schemas.microsoft.com/win/2004/08/events/event'><System><Provider Name='Microsoft-Windows-Sysmon' Guid='{5770385F-C22A-43E0-BF4C-06F5698FFBD9}'/><EventID>3</EventID><Version>5</Version><Level>4</Level><Task>3</Task><Opcode>0</Opcode><Keywords>0x8000000000000000</Keywords><TimeCreated SystemTime='2019-05-13T04:31:26.125000000Z'/><EventRecordID>7990</EventRecordID><Correlation/><Execution ProcessID='1308' ThreadID='1788'/><Channel>Microsoft-Windows-Sysmon/Operational</Channel><Computer>cgcIRuPRFuq</Computer><Security UserID='S-1-5-18'/></System><EventData><Data Name='RuleName'></Data><Data Name='UtcTime'>2019-01-21 23:41:32.721</Data><Data Name='ProcessGuid'>{4145D37B-588A-5C46-0000-001078EA0000}</Data><Data Name='ProcessId'>368</Data><Data Name='Image'>C:\Windows\System32\svchost.exe</Data><Data Name='User'>NT AUTHORITY\NETWORK SERVICE</Data><Data Name='Protocol'>udp</Data><Data Name='Initiated'>false</Data><Data Name='SourceIsIpv6'>false</Data><Data Name='SourceIp'>224.0.0.252</Data><Data Name='SourceHostname'></Data><Data Name='SourcePort'>5355</Data><Data Name='SourcePortName'>llmnr</Data><Data Name='DestinationIsIpv6'>false</Data><Data Name='DestinationIp'>192.168.168.218</Data><Data Name='DestinationHostname'></Data><Data Name='DestinationPort'>52918</Data><Data Name='DestinationPortName'></Data></EventData></Event>
<Event xmlns='http://schemas.microsoft.com/win/2004/08/events/event'><System><Provider Name='Microsoft-Windows-Sysmon' Guid='{5770385F-C22A-43E0-BF4C-06F5698FFBD9}'/><EventID>3</EventID><Version>5</Version><Level>4</Level><Task>3</Task><Opcode>0</Opcode><Keywords>0x8000000000000000</Keywords><TimeCreated SystemTime='2019-05-13T04:31:26.125000000Z'/><EventRecordID>7991</EventRecordID><Correlation/><Execution ProcessID='1308' ThreadID='1788'/><Channel>Microsoft-Windows-Sysmon/Operational</Channel><Computer>cgcIRuPRFuq</Computer><Security UserID='S-1-5-18'/></System><EventData><Data Name='RuleName'></Data><Data Name='UtcTime'>2019-01-21 23:41:32.754</Data><Data Name='ProcessGuid'>{4145D37B-588A-5C46-0000-001078EA0000}</Data><Data Name='ProcessId'>368</Data><Data Name='Image'>C:\Windows\System32\svchost.exe</Data><Data Name='User'>NT AUTHORITY\NETWORK SERVICE</Data><Data Name='Protocol'>udp</Data><Data Name='Initiated'>false</Data><Data Name='SourceIsIpv6'>true</Data><Data Name='SourceIp'>ff02:0:0:0:0:0:1:3</Data><Data Name='SourceHostname'></Data><Data Name='SourcePort'>5355</Data><Data Name='SourcePortName'>llmnr</Data><Data Name='DestinationIsIpv6'>true</Data><Data Name='DestinationIp'>fe80:0:0:0:b18d:20a4:80fa:9356</Data><Data Name='DestinationHostname'></Data><Data Name='DestinationPort'>50388</Data><Data Name='DestinationPortName'></Data></EventData></Event>
<Event xmlns='http://schemas.microsoft.com/win/2004/08/events/event'><System><Provider Name='Microsoft-Windows-Sysmon' Guid='{5770385F-C22A-43E0-BF4C-06F5698FFBD9}'/><EventID>3</EventID><Version>5</Version><Level>4</Level><Task>3</Task><Opcode>0</Opcode><Keywords>0x8000000000000000</Keywords><TimeCreated SystemTime='2019-05-13T04:31:26.125000000Z'/><EventRecordID>7992</EventRecordID><Correlation/><Execution ProcessID='1308' ThreadID='1788'/><Channel>Microsoft-Windows-Sysmon/Operational</Channel><Computer>cgcIRuPRFuq</Computer><Security UserID='S-1-5-18'/></System><EventData><Data Name='RuleName'></Data><Data Name='UtcTime'>2019-01-21 23:41:32.756</Data><Data Name='ProcessGuid'>{4145D37B-588A-5C46-0000-001078EA0000}</Data><Data Name='ProcessId'>368</Data><Data Name='Image'>C:\Windows\System32\svchost.exe</Data><Data Name='User'>NT AUTHORITY\NETWORK SERVICE</Data><Data Name='Protocol'>udp</Data><Data Name='Initiated'>false</Data><Data Name='SourceIsIpv6'>false</Data><Data Name='SourceIp'>224.0.0.252</Data><Data Name='SourceHostname'></Data><Data Name='SourcePort'>5355</Data><Data Name='SourcePortName'>llmnr</Data><Data Name='DestinationIsIpv6'>false</Data><Data Name='DestinationIp'>192.168.168.224</Data><Data Name='DestinationHostname'></Data><Data Name='DestinationPort'>53448</Data><Data Name='DestinationPortName'></Data></EventData></Event>
<Event xmlns='http://schemas.microsoft.com/win/2004/08/events/event'><System><Provider Name='Microsoft-Windows-Sysmon' Guid='{5770385F-C22A-43E0-BF4C-06F5698FFBD9}'/><EventID>3</EventID><Version>5</Version><Level>4</Level><Task>3</Task><Opcode>0</Opcode><Keywords>0x8000000000000000</Keywords><TimeCreated SystemTime='2019-05-13T04:31:26.125000000Z'/><EventRecordID>7993</EventRecordID><Correlation/><Execution ProcessID='1308' ThreadID='1788'/><Channel>Microsoft-Windows-Sysmon/Operational</Channel><Computer>cgcIRuPRFuq</Computer><Security UserID='S-1-5-18'/></System><EventData><Data Name='RuleName'></Data><Data Name='UtcTime'>2019-01-21 23:41:32.761</Data><Data Name='ProcessGuid'>{4145D37B-588A-5C46-0000-001078EA0000}</Data><Data Name='ProcessId'>368</Data><Data Name='Image'>C:\Windows\System32\svchost.exe</Data><Data Name='User'>NT AUTHORITY\NETWORK SERVICE</Data><Data Name='Protocol'>udp</Data><Data Name='Initiated'>false</Data><Data Name='SourceIsIpv6'>true</Data><Data Name='SourceIp'>ff02:0:0:0:0:0:1:3</Data><Data Name='SourceHostname'></Data><Data Name='SourcePort'>5355</Data><Data Name='SourcePortName'>llmnr</Data><Data Name='DestinationIsIpv6'>true</Data><Data Name='DestinationIp'>fe80:0:0:0:b18d:20a4:80fa:9356</Data><Data Name='DestinationHostname'></Data><Data Name='DestinationPort'>49601</Data><Data Name='DestinationPortName'></Data></EventData></Event>
<Event xmlns='http://schemas.microsoft.com/win/2004/08/events/event'><System><Provider Name='Microsoft-Windows-Sysmon' Guid='{5770385F-C22A-43E0-BF4C-06F5698FFBD9}'/><EventID>3</EventID><Version>5</Version><Level>4</Level><Task>3</Task><Opcode>0</Opcode><Keywords>0x8000000000000000</Keywords><TimeCreated SystemTime='2019-05-13T04:31:26.125000000Z'/><EventRecordID>7994</EventRecordID><Correlation/><Execution ProcessID='1308' ThreadID='1788'/><Channel>Microsoft-Windows-Sysmon/Operational</Channel><Computer>cgcIRuPRFuq</Computer><Security UserID='S-1-5-18'/></System><EventData><Data Name='RuleName'></Data><Data Name='UtcTime'>2019-01-21 23:41:32.765</Data><Data Name='ProcessGuid'>{4145D37B-588A-5C46-0000-001078EA0000}</Data><Data Name='ProcessId'>368</Data><Data Name='Image'>C:\Windows\System32\svchost.exe</Data><Data Name='User'>NT AUTHORITY\NETWORK SERVICE</Data><Data Name='Protocol'>udp</Data><Data Name='Initiated'>false</Data><Data Name='SourceIsIpv6'>true</Data><Data Name='SourceIp'>ff02:0:0:0:0:0:1:3</Data><Data Name='SourceHostname'></Data><Data Name='SourcePort'>5355</Data><Data Name='SourcePortName'>llmnr</Data><Data Name='DestinationIsIpv6'>true</Data><Data Name='DestinationIp'>fe80:0:0:0:c4e2:63b2:cb9d:7b01</Data><Data Name='DestinationHostname'></Data><Data Name='DestinationPort'>59625</Data><Data Name='DestinationPortName'></Data></EventData></Event>
<Event xmlns='http://schemas.microsoft.com/win/2004/08/events/event'><System><Provider Name='Microsoft-Windows-Sysmon' Guid='{5770385F-C22A-43E0-BF4C-06F5698FFBD9}'/><EventID>3</EventID><Version>5</Version><Level>4</Level><Task>3</Task><Opcode>0</Opcode><Keywords>0x8000000000000000</Keywords><TimeCreated SystemTime='2019-05-13T04:31:26.125000000Z'/><EventRecordID>7995</EventRecordID><Correlation/><Execution ProcessID='1308' ThreadID='1788'/><Channel>Microsoft-Windows-Sysmon/Operational</Channel><Computer>cgcIRuPRFuq</Computer><Security UserID='S-1-5-18'/></System><EventData><Data Name='RuleName'></Data><Data Name='UtcTime'>2019-01-21 23:41:32.765</Data><Data Name='ProcessGuid'>{4145D37B-588A-5C46-0000-001078EA0000}</Data><Data Name='ProcessId'>368</Data><Data Name='Image'>C:\Windows\System32\svchost.exe</Data><Data Name='User'>NT AUTHORITY\NETWORK SERVICE</Data><Data Name='Protocol'>udp</Data><Data Name='Initiated'>false</Data><Data Name='SourceIsIpv6'>false</Data><Data Name='SourceIp'>224.0.0.252</Data><Data Name='SourceHostname'></Data><Data Name='SourcePort'>5355</Data><Data Name='SourcePortName'>llmnr</Data><Data Name='DestinationIsIpv6'>false</Data><Data Name='DestinationIp'>192.168.168.218</Data><Data Name='DestinationHostname'></Data><Data Name='DestinationPort'>49407</Data><Data Name='DestinationPortName'></Data></EventData></Event>
<Event xmlns='http://schemas.microsoft.com/win/2004/08/events/event'><System><Provider Name='Microsoft-Windows-Sysmon' Guid='{5770385F-C22A-43E0-BF4C-06F5698FFBD9}'/><EventID>3</EventID><Version>5</Version><Level>4</Level><Task>3</Task><Opcode>0</Opcode><Keywords>0x8000000000000000</Keywords><TimeCreated SystemTime='2019-05-13T04:31:26.125000000Z'/><EventRecordID>7996</EventRecordID><Correlation/><Execution ProcessID='1308' ThreadID='1788'/><Channel>Microsoft-Windows-Sysmon/Operational</Channel><Computer>cgcIRuPRFuq</Computer><Security UserID='S-1-5-18'/></System><EventData><Data Name='RuleName'></Data><Data Name='UtcTime'>2019-01-21 23:41:32.766</Data><Data Name='ProcessGuid'>{4145D37B-588A-5C46-0000-001078EA0000}</Data><Data Name='ProcessId'>368</Data><Data Name='Image'>C:\Windows\System32\svchost.exe</Data><Data Name='User'>NT AUTHORITY\NETWORK SERVICE</Data><Data Name='Protocol'>udp</Data><Data Name='Initiated'>false</Data><Data Name='SourceIsIpv6'>true</Data><Data Name='SourceIp'>ff02:0:0:0:0:0:1:3</Data><Data Name='SourceHostname'></Data><Data Name='SourcePort'>5355</Data><Data Name='SourcePortName'>llmnr</Data><Data Name='DestinationIsIpv6'>true</Data><Data Name='DestinationIp'>fe80:0:0:0:6d7c:f264:8f52:4445</Data><Data Name='DestinationHostname'></Data><Data Name='DestinationPort'>56940</Data><Data Name='DestinationPortName'></Data></EventData></Event>
<Event xmlns='http://schemas.microsoft.com/win/2004/08/events/event'><System><Provider Name='Microsoft-Windows-Sysmon' Guid='{5770385F-C22A-43E0-BF4C-06F5698FFBD9}'/><EventID>3</EventID><Version>5</Version><Level>4</Level><Task>3</Task><Opcode>0</Opcode><Keywords>0x8000000000000000</Keywords><TimeCreated SystemTime='2019-05-13T04:31:26.125000000Z'/><EventRecordID>7997</EventRecordID><Correlation/><Execution ProcessID='1308' ThreadID='1788'/><Channel>Microsoft-Windows-Sysmon/Operational</Channel><Computer>cgcIRuPRFuq</Computer><Security UserID='S-1-5-18'/></System><EventData><Data Name='RuleName'></Data><Data Name='UtcTime'>2019-01-21 23:41:32.767</Data><Data Name='ProcessGuid'>{4145D37B-588A-5C46-0000-001078EA0000}</Data><Data Name='ProcessId'>368</Data><Data Name='Image'>C:\Windows\System32\svchost.exe</Data><Data Name='User'>NT AUTHORITY\NETWORK SERVICE</Data><Data Name='Protocol'>udp</Data><Data Name='Initiated'>false</Data><Data Name='SourceIsIpv6'>false</Data><Data Name='SourceIp'>224.0.0.252</Data><Data Name='SourceHostname'></Data><Data Name='SourcePort'>5355</Data><Data Name='SourcePortName'>llmnr</Data><Data Name='DestinationIsIpv6'>false</Data><Data Name='DestinationIp'>192.168.168.211</Data><Data Name='DestinationHostname'></Data><Data Name='DestinationPort'>63139</Data><Data Name='DestinationPortName'></Data></EventData></Event>
<Event xmlns='http://schemas.microsoft.com/win/2004/08/events/event'><System><Provider Name='Microsoft-Windows-Sysmon' Guid='{5770385F-C22A-43E0-BF4C-06F5698FFBD9}'/><EventID>3</EventID><Version>5</Version><Level>4</Level><Task>3</Task><Opcode>0</Opcode><Keywords>0x8000000000000000</Keywords><TimeCreated SystemTime='2019-05-13T04:31:26.125000000Z'/><EventRecordID>7998</EventRecordID><Correlation/><Execution ProcessID='1308' ThreadID='1788'/><Channel>Microsoft-Windows-Sysmon/Operational</Channel><Computer>cgcIRuPRFuq</Computer><Security UserID='S-1-5-18'/></System><EventData><Data Name='RuleName'></Data><Data Name='UtcTime'>2019-01-21 23:41:32.767</Data><Data Name='ProcessGuid'>{4145D37B-588A-5C46-0000-001078EA0000}</Data><Data Name='ProcessId'>368</Data><Data Name='Image'>C:\Windows\System32\svchost.exe</Data><Data Name='User'>NT AUTHORITY\NETWORK SERVICE</Data><Data Name='Protocol'>udp</Data><Data Name='Initiated'>false</Data><Data Name='SourceIsIpv6'>true</Data><Data Name='SourceIp'>fe80:0:0:0:6d7c:f264:8f52:4445</Data><Data Name='SourceHostname'></Data><Data Name='SourcePort'>56940</Data><Data Name='SourcePortName'></Data><Data Name='DestinationIsIpv6'>true</Data><Data Name='DestinationIp'>fe80:0:0:0:489:6757:d7e7:c274</Data><Data Name='DestinationHostname'>cgcIRuPRFuq</Data><Data Name='DestinationPort'>5355</Data><Data Name='DestinationPortName'>llmnr</Data></EventData></Event>
<Event xmlns='http://schemas.microsoft.com/win/2004/08/events/event'><System><Provider Name='Microsoft-Windows-Sysmon' Guid='{5770385F-C22A-43E0-BF4C-06F5698FFBD9}'/><EventID>3</EventID><Version>5</Version><Level>4</Level><Task>3</Task><Opcode>0</Opcode><Keywords>0x8000000000000000</Keywords><TimeCreated SystemTime='2019-05-13T04:31:26.125000000Z'/><EventRecordID>7999</EventRecordID><Correlation/><Execution ProcessID='1308' ThreadID='1788'/><Channel>Microsoft-Windows-Sysmon/Operational</Channel><Computer>cgcIRuPRFuq</Computer><Security UserID='S-1-5-18'/></System><EventData><Data Name='RuleName'></Data><Data Name='UtcTime'>2019-01-21 23:41:32.767</Data><Data Name='ProcessGuid'>{4145D37B-588A-5C46-0000-001078EA0000}</Data><Data Name='ProcessId'>368</Data><Data Name='Image'>C:\Windows\System32\svchost.exe</Data><Data Name='User'>NT AUTHORITY\NETWORK SERVICE</Data><Data Name='Protocol'>udp</Data><Data Name='Initiated'>true</Data><Data Name='SourceIsIpv6'>false</Data><Data Name='SourceIp'>192.168.168.203</Data><Data Name='SourceHostname'>cgcIRuPRFuq</Data><Data Name='SourcePort'>5355</Data><Data Name='SourcePortName'>llmnr</Data><Data Name='DestinationIsIpv6'>false</Data><Data Name='DestinationIp'>192.168.168.211</Data><Data Name='DestinationHostname'></Data><Data Name='DestinationPort'>63139</Data><Data Name='DestinationPortName'></Data></EventData></Event>
<Event xmlns='http://schemas.microsoft.com/win/2004/08/events/event'><System><Provider Name='Microsoft-Windows-Sysmon' Guid='{5770385F-C22A-43E0-BF4C-06F5698FFBD9}'/><EventID>3</EventID><Version>5</Version><Level>4</Level><Task>3</Task><Opcode>0</Opcode><Keywords>0x8000000000000000</Keywords><TimeCreated SystemTime='2019-05-13T04:31:26.125000000Z'/><EventRecordID>8000</EventRecordID><Correlation/><Execution ProcessID='1308' ThreadID='1788'/><Channel>Microsoft-Windows-Sysmon/Operational</Channel><Computer>cgcIRuPRFuq</Computer><Security UserID='S-1-5-18'/></System><EventData><Data Name='RuleName'></Data><Data Name='UtcTime'>2019-01-21 23:41:32.767</Data><Data Name='ProcessGuid'>{4145D37B-588A-5C46-0000-001078EA0000}</Data><Data Name='ProcessId'>368</Data><Data Name='Image'>C:\Windows\System32\svchost.exe</Data><Data Name='User'>NT AUTHORITY\NETWORK SERVICE</Data><Data Name='Protocol'>udp</Data><Data Name='Initiated'>false</Data><Data Name='SourceIsIpv6'>true</Data><Data Name='SourceIp'>ff02:0:0:0:0:0:1:3</Data><Data Name='SourceHostname'></Data><Data Name='SourcePort'>5355</Data><Data Name='SourcePortName'>llmnr</Data><Data Name='DestinationIsIpv6'>true</Data><Data Name='DestinationIp'>fe80:0:0:0:6d7c:f264:8f52:4445</Data><Data Name='DestinationHostname'></Data><Data Name='DestinationPort'>64988</Data><Data Name='DestinationPortName'></Data></EventData></Event>
<Event xmlns='http://schemas.microsoft.com/win/2004/08/events/event'><System><Provider Name='Microsoft-Windows-Sysmon' Guid='{5770385F-C22A-43E0-BF4C-06F5698FFBD9}'/><EventID>3</EventID><Version>5</Version><Level>4</Level><Task>3</Task><Opcode>0</Opcode><Keywords>0x8000000000000000</Keywords><TimeCreated SystemTime='2019-05-13T04:31:26.125000000Z'/><EventRecordID>8001</EventRecordID><Correlation/><Execution ProcessID='1308' ThreadID='1788'/><Channel>Microsoft-Windows-Sysmon/Operational</Channel><Computer>cgcIRuPRFuq</Computer><Security UserID='S-1-5-18'/></System><EventData><Data Name='RuleName'></Data><Data Name='UtcTime'>2019-01-21 23:41:32.768</Data><Data Name='ProcessGuid'>{4145D37B-588A-5C46-0000-001078EA0000}</Data><Data Name='ProcessId'>368</Data><Data Name='Image'>C:\Windows\System32\svchost.exe</Data><Data Name='User'>NT AUTHORITY\NETWORK SERVICE</Data><Data Name='Protocol'>udp</Data><Data Name='Initiated'>false</Data><Data Name='SourceIsIpv6'>false</Data><Data Name='SourceIp'>224.0.0.252</Data><Data Name='SourceHostname'></Data><Data Name='SourcePort'>5355</Data><Data Name='SourcePortName'>llmnr</Data><Data Name='DestinationIsIpv6'>false</Data><Data Name='DestinationIp'>192.168.168.211</Data><Data Name='DestinationHostname'></Data><Data Name='DestinationPort'>61693</Data><Data Name='DestinationPortName'></Data></EventData></Event>
<Event xmlns='http://schemas.microsoft.com/win/2004/08/events/event'><System><Provider Name='Microsoft-Windows-Sysmon' Guid='{5770385F-C22A-43E0-BF4C-06F5698FFBD9}'/><EventID>3</EventID><Version>5</Version><Level>4</Level><Task>3</Task><Opcode>0</Opcode><Keywords>0x8000000000000000</Keywords><TimeCreated SystemTime='2019-05-13T04:31:26.125000000Z'/><EventRecordID>8002</EventRecordID><Correlation/><Execution ProcessID='1308' ThreadID='1788'/><Channel>Microsoft-Windows-Sysmon/Operational</Channel><Computer>cgcIRuPRFuq</Computer><Security UserID='S-1-5-18'/></System><EventData><Data Name='RuleName'></Data><Data Name='UtcTime'>2019-01-21 23:41:32.768</Data><Data Name='ProcessGuid'>{4145D37B-588A-5C46-0000-001078EA0000}</Data><Data Name='ProcessId'>368</Data><Data Name='Image'>C:\Windows\System32\svchost.exe</Data><Data Name='User'>NT AUTHORITY\NETWORK SERVICE</Data><Data Name='Protocol'>udp</Data><Data Name='Initiated'>true</Data><Data Name='SourceIsIpv6'>false</Data><Data Name='SourceIp'>192.168.168.203</Data><Data Name='SourceHostname'>cgcIRuPRFuq</Data><Data Name='SourcePort'>5355</Data><Data Name='SourcePortName'>llmnr</Data><Data Name='DestinationIsIpv6'>false</Data><Data Name='DestinationIp'>192.168.168.211</Data><Data Name='DestinationHostname'></Data><Data Name='DestinationPort'>61693</Data><Data Name='DestinationPortName'></Data></EventData></Event>
<Event xmlns='http://schemas.microsoft.com/win/2004/08/events/event'><System><Provider Name='Microsoft-Windows-Sysmon' Guid='{5770385F-C22A-43E0-BF4C-06F5698FFBD9}'/><EventID>3</EventID><Version>5</Version><Level>4</Level><Task>3</Task><Opcode>0</Opcode><Keywords>0x8000000000000000</Keywords><TimeCreated SystemTime='2019-05-13T04:31:26.125000000Z'/><EventRecordID>8003</EventRecordID><Correlation/><Execution ProcessID='1308' ThreadID='1788'/><Channel>Microsoft-Windows-Sysmon/Operational</Channel><Computer>cgcIRuPRFuq</Computer><Security UserID='S-1-5-18'/></System><EventData><Data Name='RuleName'></Data><Data Name='UtcTime'>2019-01-21 23:41:32.772</Data><Data Name='ProcessGuid'>{4145D37B-588A-5C46-0000-001078EA0000}</Data><Data Name='ProcessId'>368</Data><Data Name='Image'>C:\Windows\System32\svchost.exe</Data><Data Name='User'>NT AUTHORITY\NETWORK SERVICE</Data><Data Name='Protocol'>udp</Data><Data Name='Initiated'>false</Data><Data Name='SourceIsIpv6'>false</Data><Data Name='SourceIp'>224.0.0.252</Data><Data Name='SourceHostname'></Data><Data Name='SourcePort'>5355</Data><Data Name='SourcePortName'>llmnr</Data><Data Name='DestinationIsIpv6'>false</Data><Data Name='DestinationIp'>192.168.168.224</Data><Data Name='DestinationHostname'></Data><Data Name='DestinationPort'>57158</Data><Data Name='DestinationPortName'></Data></EventData></Event>
<Event xmlns='http://schemas.microsoft.com/win/2004/08/events/event'><System><Provider Name='Microsoft-Windows-Sysmon' Guid='{5770385F-C22A-43E0-BF4C-06F5698FFBD9}'/><EventID>3</EventID><Version>5</Version><Level>4</Level><Task>3</Task><Opcode>0</Opcode><Keywords>0x8000000000000000</Keywords><TimeCreated SystemTime='2019-05-13T04:31:26.125000000Z'/><EventRecordID>8004</EventRecordID><Correlation/><Execution ProcessID='1308' ThreadID='1788'/><Channel>Microsoft-Windows-Sysmon/Operational</Channel><Computer>cgcIRuPRFuq</Computer><Security UserID='S-1-5-18'/></System><EventData><Data Name='RuleName'></Data><Data Name='UtcTime'>2019-01-21 23:41:32.785</Data><Data Name='ProcessGuid'>{4145D37B-5888-5C46-0000-0010EB030000}</Data><Data Name='ProcessId'>4</Data><Data Name='Image'>System</Data><Data Name='User'>NT AUTHORITY\SYSTEM</Data><Data Name='Protocol'>udp</Data><Data Name='Initiated'>false</Data><Data Name='SourceIsIpv6'>false</Data><Data Name='SourceIp'>192.168.168.255</Data><Data Name='SourceHostname'></Data><Data Name='SourcePort'>137</Data><Data Name='SourcePortName'>netbios-ns</Data><Data Name='DestinationIsIpv6'>false</Data><Data Name='DestinationIp'>192.168.168.224</Data><Data Name='DestinationHostname'></Data><Data Name='DestinationPort'>137</Data><Data Name='DestinationPortName'>netbios-ns</Data></EventData></Event>
<Event xmlns='http://schemas.microsoft.com/win/2004/08/events/event'><System><Provider Name='Microsoft-Windows-Sysmon' Guid='{5770385F-C22A-43E0-BF4C-06F5698FFBD9}'/><EventID>1</EventID><Version>5</Version><Level>4</Level><Task>1</Task><Opcode>0</Opcode><Keywords>0x8000000000000000</Keywords><TimeCreated SystemTime='2019-05-13T04:31:26.140625000Z'/><EventRecordID>8005</EventRecordID><Correlation/><Execution ProcessID='1308' ThreadID='1784'/><Channel>Microsoft-Windows-Sysmon/Operational</Channel><Computer>cgcIRuPRFuq</Computer><Security UserID='S-1-5-18'/></System><EventData><Data Name='RuleName'></Data><Data Name='UtcTime'>2019-05-13 04:31:18.656</Data><Data Name='ProcessGuid'>{4145D37B-F316-5CD8-0000-0010FF3A0700}</Data><Data Name='ProcessId'>2640</Data><Data Name='Image'>C:\Windows\System32\dllhost.exe</Data><Data Name='FileVersion'>6.1.7600.16385 (win7_rtm.090713-1255)</Data><Data Name='Description'>COM Surrogate</Data><Data Name='Product'>Microsoft® Windows® Operating System</Data><Data Name='Company'>Microsoft Corporation</Data><Data Name='CommandLine'>C:\Windows\system32\DllHost.exe /Processid:{AB8902B4-09CA-4BB6-B78D-A8F59079A8D5}</Data><Data Name='CurrentDirectory'>C:\Windows\system32\</Data><Data Name='User'>CGCIRUPRFUQ\Administrator</Data><Data Name='LogonGuid'>{4145D37B-588B-5C46-0000-002075010100}</Data><Data Name='LogonId'>0x10175</Data><Data Name='TerminalSessionId'>1</Data><Data Name='IntegrityLevel'>High</Data><Data Name='Hashes'>SHA1=E977B87698C3E595D55827665E22FBF788DD3F9F</Data><Data Name='ParentProcessGuid'>{4145D37B-588A-5C46-0000-0010606E0000}</Data><Data Name='ParentProcessId'>612</Data><Data Name='ParentImage'>C:\Windows\System32\svchost.exe</Data><Data Name='ParentCommandLine'>C:\Windows\system32\svchost.exe -k DcomLaunch</Data></EventData></Event>
<Event xmlns='http://schemas.microsoft.com/win/2004/08/events/event'><System><Provider Name='Microsoft-Windows-Sysmon' Guid='{5770385F-C22A-43E0-BF4C-06F5698FFBD9}'/><EventID>3</EventID><Version>5</Version><Level>4</Level><Task>3</Task><Opcode>0</Opcode><Keywords>0x8000000000000000</Keywords><TimeCreated SystemTime='2019-05-13T04:31:26.375000000Z'/><EventRecordID>8006</EventRecordID><Correlation/><Execution ProcessID='1308' ThreadID='1788'/><Channel>Microsoft-Windows-Sysmon/Operational</Channel><Computer>cgcIRuPRFuq</Computer><Security UserID='S-1-5-18'/></System><EventData><Data Name='RuleName'></Data><Data Name='UtcTime'>2019-01-21 23:41:32.969</Data><Data Name='ProcessGuid'>{4145D37B-589F-5C46-0000-001032BF0400}</Data><Data Name='ProcessId'>2512</Data><Data Name='Image'>C:\Python27\pythonw.exe</Data><Data Name='User'>CGCIRUPRFUQ\Administrator</Data><Data Name='Protocol'>tcp</Data><Data Name='Initiated'>true</Data><Data Name='SourceIsIpv6'>false</Data><Data Name='SourceIp'>192.168.168.203</Data><Data Name='SourceHostname'>cgcIRuPRFuq</Data><Data Name='SourcePort'>49167</Data><Data Name='SourcePortName'></Data><Data Name='DestinationIsIpv6'>false</Data><Data Name='DestinationIp'>192.168.168.1</Data><Data Name='DestinationHostname'></Data><Data Name='DestinationPort'>2042</Data><Data Name='DestinationPortName'></Data></EventData></Event>
<Event xmlns='http://schemas.microsoft.com/win/2004/08/events/event'><System><Provider Name='Microsoft-Windows-Sysmon' Guid='{5770385F-C22A-43E0-BF4C-06F5698FFBD9}'/><EventID>3</EventID><Version>5</Version><Level>4</Level><Task>3</Task><Opcode>0</Opcode><Keywords>0x8000000000000000</Keywords><TimeCreated SystemTime='2019-05-13T04:31:26.375000000Z'/><EventRecordID>8007</EventRecordID><Correlation/><Execution ProcessID='1308' ThreadID='1788'/><Channel>Microsoft-Windows-Sysmon/Operational</Channel><Computer>cgcIRuPRFuq</Computer><Security UserID='S-1-5-18'/></System><EventData><Data Name='RuleName'></Data><Data Name='UtcTime'>2019-01-21 23:41:33.021</Data><Data Name='ProcessGuid'>{4145D37B-588A-5C46-0000-001078EA0000}</Data><Data Name='ProcessId'>368</Data><Data Name='Image'>C:\Windows\System32\svchost.exe</Data><Data Name='User'>NT AUTHORITY\NETWORK SERVICE</Data><Data Name='Protocol'>udp</Data><Data Name='Initiated'>false</Data><Data Name='SourceIsIpv6'>true</Data><Data Name='SourceIp'>ff02:0:0:0:0:0:1:3</Data><Data Name='SourceHostname'></Data><Data Name='SourcePort'>5355</Data><Data Name='SourcePortName'>llmnr</Data><Data Name='DestinationIsIpv6'>true</Data><Data Name='DestinationIp'>fe80:0:0:0:489:6757:d7e7:c274</Data><Data Name='DestinationHostname'>cgcIRuPRFuq</Data><Data Name='DestinationPort'>55775</Data><Data Name='DestinationPortName'></Data></EventData></Event>
<Event xmlns='http://schemas.microsoft.com/win/2004/08/events/event'><System><Provider Name='Microsoft-Windows-Sysmon' Guid='{5770385F-C22A-43E0-BF4C-06F5698FFBD9}'/><EventID>3</EventID><Version>5</Version><Level>4</Level><Task>3</Task><Opcode>0</Opcode><Keywords>0x8000000000000000</Keywords><TimeCreated SystemTime='2019-05-13T04:31:26.375000000Z'/><EventRecordID>8008</EventRecordID><Correlation/><Execution ProcessID='1308' ThreadID='1788'/><Channel>Microsoft-Windows-Sysmon/Operational</Channel><Computer>cgcIRuPRFuq</Computer><Security UserID='S-1-5-18'/></System><EventData><Data Name='RuleName'></Data><Data Name='UtcTime'>2019-01-21 23:41:33.024</Data><Data Name='ProcessGuid'>{4145D37B-588A-5C46-0000-001078EA0000}</Data><Data Name='ProcessId'>368</Data><Data Name='Image'>C:\Windows\System32\svchost.exe</Data><Data Name='User'>NT AUTHORITY\NETWORK SERVICE</Data><Data Name='Protocol'>udp</Data><Data Name='Initiated'>false</Data><Data Name='SourceIsIpv6'>true</Data><Data Name='SourceIp'>fe80:0:0:0:489:6757:d7e7:c274</Data><Data Name='SourceHostname'>cgcIRuPRFuq</Data><Data Name='SourcePort'>55775</Data><Data Name='SourcePortName'></Data><Data Name='DestinationIsIpv6'>true</Data><Data Name='DestinationIp'>fe80:0:0:0:b83d:b7ff:cc6:23c9</Data><Data Name='DestinationHostname'>FUxpBFMTKW</Data><Data Name='DestinationPort'>5355</Data><Data Name='DestinationPortName'>llmnr</Data></EventData></Event>
<Event xmlns='http://schemas.microsoft.com/win/2004/08/events/event'><System><Provider Name='Microsoft-Windows-Sysmon' Guid='{5770385F-C22A-43E0-BF4C-06F5698FFBD9}'/><EventID>3</EventID><Version>5</Version><Level>4</Level><Task>3</Task><Opcode>0</Opcode><Keywords>0x8000000000000000</Keywords><TimeCreated SystemTime='2019-05-13T04:31:26.375000000Z'/><EventRecordID>8009</EventRecordID><Correlation/><Execution ProcessID='1308' ThreadID='1788'/><Channel>Microsoft-Windows-Sysmon/Operational</Channel><Computer>cgcIRuPRFuq</Computer><Security UserID='S-1-5-18'/></System><EventData><Data Name='RuleName'></Data><Data Name='UtcTime'>2019-01-21 23:41:33.086</Data><Data Name='ProcessGuid'>{4145D37B-588A-5C46-0000-001078EA0000}</Data><Data Name='ProcessId'>368</Data><Data Name='Image'>C:\Windows\System32\svchost.exe</Data><Data Name='User'>NT AUTHORITY\NETWORK SERVICE</Data><Data Name='Protocol'>udp</Data><Data Name='Initiated'>false</Data><Data Name='SourceIsIpv6'>true</Data><Data Name='SourceIp'>ff02:0:0:0:0:0:1:3</Data><Data Name='SourceHostname'></Data><Data Name='SourcePort'>5355</Data><Data Name='SourcePortName'>llmnr</Data><Data Name='DestinationIsIpv6'>true</Data><Data Name='DestinationIp'>fe80:0:0:0:489:6757:d7e7:c274</Data><Data Name='DestinationHostname'>cgcIRuPRFuq</Data><Data Name='DestinationPort'>56377</Data><Data Name='DestinationPortName'></Data></EventData></Event>
<Event xmlns='http://schemas.microsoft.com/win/2004/08/events/event'><System><Provider Name='Microsoft-Windows-Sysmon' Guid='{5770385F-C22A-43E0-BF4C-06F5698FFBD9}'/><EventID>3</EventID><Version>5</Version><Level>4</Level><Task>3</Task><Opcode>0</Opcode><Keywords>0x8000000000000000</Keywords><TimeCreated SystemTime='2019-05-13T04:31:26.375000000Z'/><EventRecordID>8010</EventRecordID><Correlation/><Execution ProcessID='1308' ThreadID='1788'/><Channel>Microsoft-Windows-Sysmon/Operational</Channel><Computer>cgcIRuPRFuq</Computer><Security UserID='S-1-5-18'/></System><EventData><Data Name='RuleName'></Data><Data Name='UtcTime'>2019-01-21 23:41:33.087</Data><Data Name='ProcessGuid'>{4145D37B-588A-5C46-0000-001078EA0000}</Data><Data Name='ProcessId'>368</Data><Data Name='Image'>C:\Windows\System32\svchost.exe</Data><Data Name='User'>NT AUTHORITY\NETWORK SERVICE</Data><Data Name='Protocol'>udp</Data><Data Name='Initiated'>false</Data><Data Name='SourceIsIpv6'>false</Data><Data Name='SourceIp'>192.168.168.203</Data><Data Name='SourceHostname'>cgcIRuPRFuq</Data><Data Name='SourcePort'>56052</Data><Data Name='SourcePortName'></Data><Data Name='DestinationIsIpv6'>false</Data><Data Name='DestinationIp'>192.168.168.208</Data><Data Name='DestinationHostname'>FUxpBFMTKW</Data><Data Name='DestinationPort'>5355</Data><Data Name='DestinationPortName'>llmnr</Data></EventData></Event>
<Event xmlns='http://schemas.microsoft.com/win/2004/08/events/event'><System><Provider Name='Microsoft-Windows-Sysmon' Guid='{5770385F-C22A-43E0-BF4C-06F5698FFBD9}'/><EventID>3</EventID><Version>5</Version><Level>4</Level><Task>3</Task><Opcode>0</Opcode><Keywords>0x8000000000000000</Keywords><TimeCreated SystemTime='2019-05-13T04:31:26.375000000Z'/><EventRecordID>8011</EventRecordID><Correlation/><Execution ProcessID='1308' ThreadID='1788'/><Channel>Microsoft-Windows-Sysmon/Operational</Channel><Computer>cgcIRuPRFuq</Computer><Security UserID='S-1-5-18'/></System><EventData><Data Name='RuleName'></Data><Data Name='UtcTime'>2019-01-21 23:41:33.099</Data><Data Name='ProcessGuid'>{4145D37B-588A-5C46-0000-001078EA0000}</Data><Data Name='ProcessId'>368</Data><Data Name='Image'>C:\Windows\System32\svchost.exe</Data><Data Name='User'>NT AUTHORITY\NETWORK SERVICE</Data><Data Name='Protocol'>udp</Data><Data Name='Initiated'>false</Data><Data Name='SourceIsIpv6'>true</Data><Data Name='SourceIp'>ff02:0:0:0:0:0:1:3</Data><Data Name='SourceHostname'></Data><Data Name='SourcePort'>5355</Data><Data Name='SourcePortName'>llmnr</Data><Data Name='DestinationIsIpv6'>true</Data><Data Name='DestinationIp'>fe80:0:0:0:489:6757:d7e7:c274</Data><Data Name='DestinationHostname'>cgcIRuPRFuq</Data><Data Name='DestinationPort'>55875</Data><Data Name='DestinationPortName'></Data></EventData></Event>
<Event xmlns='http://schemas.microsoft.com/win/2004/08/events/event'><System><Provider Name='Microsoft-Windows-Sysmon' Guid='{5770385F-C22A-43E0-BF4C-06F5698FFBD9}'/><EventID>3</EventID><Version>5</Version><Level>4</Level><Task>3</Task><Opcode>0</Opcode><Keywords>0x8000000000000000</Keywords><TimeCreated SystemTime='2019-05-13T04:31:26.375000000Z'/><EventRecordID>8012</EventRecordID><Correlation/><Execution ProcessID='1308' ThreadID='1788'/><Channel>Microsoft-Windows-Sysmon/Operational</Channel><Computer>cgcIRuPRFuq</Computer><Security UserID='S-1-5-18'/></System><EventData><Data Name='RuleName'></Data><Data Name='UtcTime'>2019-01-21 23:41:33.099</Data><Data Name='ProcessGuid'>{4145D37B-588A-5C46-0000-001078EA0000}</Data><Data Name='ProcessId'>368</Data><Data Name='Image'>C:\Windows\System32\svchost.exe</Data><Data Name='User'>NT AUTHORITY\NETWORK SERVICE</Data><Data Name='Protocol'>udp</Data><Data Name='Initiated'>false</Data><Data Name='SourceIsIpv6'>true</Data><Data Name='SourceIp'>ff02:0:0:0:0:0:1:3</Data><Data Name='SourceHostname'></Data><Data Name='SourcePort'>5355</Data><Data Name='SourcePortName'>llmnr</Data><Data Name='DestinationIsIpv6'>true</Data><Data Name='DestinationIp'>fe80:0:0:0:489:6757:d7e7:c274</Data><Data Name='DestinationHostname'>cgcIRuPRFuq</Data><Data Name='DestinationPort'>61833</Data><Data Name='DestinationPortName'></Data></EventData></Event>
<Event xmlns='http://schemas.microsoft.com/win/2004/08/events/event'><System><Provider Name='Microsoft-Windows-Sysmon' Guid='{5770385F-C22A-43E0-BF4C-06F5698FFBD9}'/><EventID>3</EventID><Version>5</Version><Level>4</Level><Task>3</Task><Opcode>0</Opcode><Keywords>0x8000000000000000</Keywords><TimeCreated SystemTime='2019-05-13T04:31:26.375000000Z'/><EventRecordID>8013</EventRecordID><Correlation/><Execution ProcessID='1308' ThreadID='1788'/><Channel>Microsoft-Windows-Sysmon/Operational</Channel><Computer>cgcIRuPRFuq</Computer><Security UserID='S-1-5-18'/></System><EventData><Data Name='RuleName'></Data><Data Name='UtcTime'>2019-01-21 23:41:33.100</Data><Data Name='ProcessGuid'>{4145D37B-588A-5C46-0000-001078EA0000}</Data><Data Name='ProcessId'>368</Data><Data Name='Image'>C:\Windows\System32\svchost.exe</Data><Data Name='User'>NT AUTHORITY\NETWORK SERVICE</Data><Data Name='Protocol'>udp</Data><Data Name='Initiated'>false</Data><Data Name='SourceIsIpv6'>true</Data><Data Name='SourceIp'>fe80:0:0:0:489:6757:d7e7:c274</Data><Data Name='SourceHostname'>cgcIRuPRFuq</Data><Data Name='SourcePort'>61833</Data><Data Name='SourcePortName'></Data><Data Name='DestinationIsIpv6'>true</Data><Data Name='DestinationIp'>fe80:0:0:0:99da:51ad:4351:b2ae</Data><Data Name='DestinationHostname'>RjUiliEKbiknIJxN</Data><Data Name='DestinationPort'>5355</Data><Data Name='DestinationPortName'>llmnr</Data></EventData></Event>
<Event xmlns='http://schemas.microsoft.com/win/2004/08/events/event'><System><Provider Name='Microsoft-Windows-Sysmon' Guid='{5770385F-C22A-43E0-BF4C-06F5698FFBD9}'/><EventID>3</EventID><Version>5</Version><Level>4</Level><Task>3</Task><Opcode>0</Opcode><Keywords>0x8000000000000000</Keywords><TimeCreated SystemTime='2019-05-13T04:31:26.375000000Z'/><EventRecordID>8014</EventRecordID><Correlation/><Execution ProcessID='1308' ThreadID='1788'/><Channel>Microsoft-Windows-Sysmon/Operational</Channel><Computer>cgcIRuPRFuq</Computer><Security UserID='S-1-5-18'/></System><EventData><Data Name='RuleName'></Data><Data Name='UtcTime'>2019-01-21 23:41:33.100</Data><Data Name='ProcessGuid'>{4145D37B-588A-5C46-0000-001078EA0000}</Data><Data Name='ProcessId'>368</Data><Data Name='Image'>C:\Windows\System32\svchost.exe</Data><Data Name='User'>NT AUTHORITY\NETWORK SERVICE</Data><Data Name='Protocol'>udp</Data><Data Name='Initiated'>false</Data><Data Name='SourceIsIpv6'>true</Data><Data Name='SourceIp'>fe80:0:0:0:489:6757:d7e7:c274</Data><Data Name='SourceHostname'>cgcIRuPRFuq</Data><Data Name='SourcePort'>55875</Data><Data Name='SourcePortName'></Data><Data Name='DestinationIsIpv6'>true</Data><Data Name='DestinationIp'>fe80:0:0:0:c971:dd42:af94:136</Data><Data Name='DestinationHostname'>XYneGuBlbkBCtEGT</Data><Data Name='DestinationPort'>5355</Data><Data Name='DestinationPortName'>llmnr</Data></EventData></Event>
<Event xmlns='http://schemas.microsoft.com/win/2004/08/events/event'><System><Provider Name='Microsoft-Windows-Sysmon' Guid='{5770385F-C22A-43E0-BF4C-06F5698FFBD9}'/><EventID>3</EventID><Version>5</Version><Level>4</Level><Task>3</Task><Opcode>0</Opcode><Keywords>0x8000000000000000</Keywords><TimeCreated SystemTime='2019-05-13T04:31:26.375000000Z'/><EventRecordID>8015</EventRecordID><Correlation/><Execution ProcessID='1308' ThreadID='1788'/><Channel>Microsoft-Windows-Sysmon/Operational</Channel><Computer>cgcIRuPRFuq</Computer><Security UserID='S-1-5-18'/></System><EventData><Data Name='RuleName'></Data><Data Name='UtcTime'>2019-01-21 23:41:33.101</Data><Data Name='ProcessGuid'>{4145D37B-588A-5C46-0000-001078EA0000}</Data><Data Name='ProcessId'>368</Data><Data Name='Image'>C:\Windows\System32\svchost.exe</Data><Data Name='User'>NT AUTHORITY\NETWORK SERVICE</Data><Data Name='Protocol'>udp</Data><Data Name='Initiated'>false</Data><Data Name='SourceIsIpv6'>true</Data><Data Name='SourceIp'>ff02:0:0:0:0:0:1:3</Data><Data Name='SourceHostname'></Data><Data Name='SourcePort'>5355</Data><Data Name='SourcePortName'>llmnr</Data><Data Name='DestinationIsIpv6'>true</Data><Data Name='DestinationIp'>fe80:0:0:0:489:6757:d7e7:c274</Data><Data Name='DestinationHostname'>cgcIRuPRFuq</Data><Data Name='DestinationPort'>65241</Data><Data Name='DestinationPortName'></Data></EventData></Event>
<Event xmlns='http://schemas.microsoft.com/win/2004/08/events/event'><System><Provider Name='Microsoft-Windows-Sysmon' Guid='{5770385F-C22A-43E0-BF4C-06F5698FFBD9}'/><EventID>3</EventID><Version>5</Version><Level>4</Level><Task>3</Task><Opcode>0</Opcode><Keywords>0x8000000000000000</Keywords><TimeCreated SystemTime='2019-05-13T04:31:26.375000000Z'/><EventRecordID>8016</EventRecordID><Correlation/><Execution ProcessID='1308' ThreadID='1788'/><Channel>Microsoft-Windows-Sysmon/Operational</Channel><Computer>cgcIRuPRFuq</Computer><Security UserID='S-1-5-18'/></System><EventData><Data Name='RuleName'></Data><Data Name='UtcTime'>2019-01-21 23:41:33.102</Data><Data Name='ProcessGuid'>{4145D37B-588A-5C46-0000-001078EA0000}</Data><Data Name='ProcessId'>368</Data><Data Name='Image'>C:\Windows\System32\svchost.exe</Data><Data Name='User'>NT AUTHORITY\NETWORK SERVICE</Data><Data Name='Protocol'>udp</Data><Data Name='Initiated'>false</Data><Data Name='SourceIsIpv6'>false</Data><Data Name='SourceIp'>192.168.168.203</Data><Data Name='SourceHostname'>cgcIRuPRFuq</Data><Data Name='SourcePort'>63050</Data><Data Name='SourcePortName'></Data><Data Name='DestinationIsIpv6'>false</Data><Data Name='DestinationIp'>192.168.168.223</Data><Data Name='DestinationHostname'>XYneGuBlbkBCtEGT</Data><Data Name='DestinationPort'>5355</Data><Data Name='DestinationPortName'>llmnr</Data></EventData></Event>
<Event xmlns='http://schemas.microsoft.com/win/2004/08/events/event'><System><Provider Name='Microsoft-Windows-Sysmon' Guid='{5770385F-C22A-43E0-BF4C-06F5698FFBD9}'/><EventID>3</EventID><Version>5</Version><Level>4</Level><Task>3</Task><Opcode>0</Opcode><Keywords>0x8000000000000000</Keywords><TimeCreated SystemTime='2019-05-13T04:31:26.375000000Z'/><EventRecordID>8017</EventRecordID><Correlation/><Execution ProcessID='1308' ThreadID='1788'/><Channel>Microsoft-Windows-Sysmon/Operational</Channel><Computer>cgcIRuPRFuq</Computer><Security UserID='S-1-5-18'/></System><EventData><Data Name='RuleName'></Data><Data Name='UtcTime'>2019-01-21 23:41:33.103</Data><Data Name='ProcessGuid'>{4145D37B-588A-5C46-0000-001078EA0000}</Data><Data Name='ProcessId'>368</Data><Data Name='Image'>C:\Windows\System32\svchost.exe</Data><Data Name='User'>NT AUTHORITY\NETWORK SERVICE</Data><Data Name='Protocol'>udp</Data><Data Name='Initiated'>false</Data><Data Name='SourceIsIpv6'>true</Data><Data Name='SourceIp'>ff02:0:0:0:0:0:1:3</Data><Data Name='SourceHostname'></Data><Data Name='SourcePort'>5355</Data><Data Name='SourcePortName'>llmnr</Data><Data Name='DestinationIsIpv6'>true</Data><Data Name='DestinationIp'>fe80:0:0:0:489:6757:d7e7:c274</Data><Data Name='DestinationHostname'>cgcIRuPRFuq</Data><Data Name='DestinationPort'>57192</Data><Data Name='DestinationPortName'></Data></EventData></Event>
<Event xmlns='http://schemas.microsoft.com/win/2004/08/events/event'><System><Provider Name='Microsoft-Windows-Sysmon' Guid='{5770385F-C22A-43E0-BF4C-06F5698FFBD9}'/><EventID>3</EventID><Version>5</Version><Level>4</Level><Task>3</Task><Opcode>0</Opcode><Keywords>0x8000000000000000</Keywords><TimeCreated SystemTime='2019-05-13T04:31:26.375000000Z'/><EventRecordID>8018</EventRecordID><Correlation/><Execution ProcessID='1308' ThreadID='1788'/><Channel>Microsoft-Windows-Sysmon/Operational</Channel><Computer>cgcIRuPRFuq</Computer><Security UserID='S-1-5-18'/></System><EventData><Data Name='RuleName'></Data><Data Name='UtcTime'>2019-01-21 23:41:33.122</Data><Data Name='ProcessGuid'>{4145D37B-588A-5C46-0000-001078EA0000}</Data><Data Name='ProcessId'>368</Data><Data Name='Image'>C:\Windows\System32\svchost.exe</Data><Data Name='User'>NT AUTHORITY\NETWORK SERVICE</Data><Data Name='Protocol'>udp</Data><Data Name='Initiated'>false</Data><Data Name='SourceIsIpv6'>true</Data><Data Name='SourceIp'>ff02:0:0:0:0:0:1:3</Data><Data Name='SourceHostname'></Data><Data Name='SourcePort'>5355</Data><Data Name='SourcePortName'>llmnr</Data><Data Name='DestinationIsIpv6'>true</Data><Data Name='DestinationIp'>fe80:0:0:0:b83d:b7ff:cc6:23c9</Data><Data Name='DestinationHostname'>FUxpBFMTKW</Data><Data Name='DestinationPort'>58847</Data><Data Name='DestinationPortName'></Data></EventData></Event>
<Event xmlns='http://schemas.microsoft.com/win/2004/08/events/event'><System><Provider Name='Microsoft-Windows-Sysmon' Guid='{5770385F-C22A-43E0-BF4C-06F5698FFBD9}'/><EventID>3</EventID><Version>5</Version><Level>4</Level><Task>3</Task><Opcode>0</Opcode><Keywords>0x8000000000000000</Keywords><TimeCreated SystemTime='2019-05-13T04:31:26.375000000Z'/><EventRecordID>8019</EventRecordID><Correlation/><Execution ProcessID='1308' ThreadID='1788'/><Channel>Microsoft-Windows-Sysmon/Operational</Channel><Computer>cgcIRuPRFuq</Computer><Security UserID='S-1-5-18'/></System><EventData><Data Name='RuleName'></Data><Data Name='UtcTime'>2019-01-21 23:41:33.122</Data><Data Name='ProcessGuid'>{4145D37B-588A-5C46-0000-001078EA0000}</Data><Data Name='ProcessId'>368</Data><Data Name='Image'>C:\Windows\System32\svchost.exe</Data><Data Name='User'>NT AUTHORITY\NETWORK SERVICE</Data><Data Name='Protocol'>udp</Data><Data Name='Initiated'>false</Data><Data Name='SourceIsIpv6'>false</Data><Data Name='SourceIp'>224.0.0.252</Data><Data Name='SourceHostname'></Data><Data Name='SourcePort'>5355</Data><Data Name='SourcePortName'>llmnr</Data><Data Name='DestinationIsIpv6'>false</Data><Data Name='DestinationIp'>192.168.168.208</Data><Data Name='DestinationHostname'>FUxpBFMTKW</Data><Data Name='DestinationPort'>57068</Data><Data Name='DestinationPortName'></Data></EventData></Event>
<Event xmlns='http://schemas.microsoft.com/win/2004/08/events/event'><System><Provider Name='Microsoft-Windows-Sysmon' Guid='{5770385F-C22A-43E0-BF4C-06F5698FFBD9}'/><EventID>3</EventID><Version>5</Version><Level>4</Level><Task>3</Task><Opcode>0</Opcode><Keywords>0x8000000000000000</Keywords><TimeCreated SystemTime='2019-05-13T04:31:26.625000000Z'/><EventRecordID>8020</EventRecordID><Correlation/><Execution ProcessID='1308' ThreadID='1788'/><Channel>Microsoft-Windows-Sysmon/Operational</Channel><Computer>cgcIRuPRFuq</Computer><Security UserID='S-1-5-18'/></System><EventData><Data Name='RuleName'></Data><Data Name='UtcTime'>2019-01-21 23:41:33.237</Data><Data Name='ProcessGuid'>{4145D37B-588A-5C46-0000-001078EA0000}</Data><Data Name='ProcessId'>368</Data><Data Name='Image'>C:\Windows\System32\svchost.exe</Data><Data Name='User'>NT AUTHORITY\NETWORK SERVICE</Data><Data Name='Protocol'>udp</Data><Data Name='Initiated'>false</Data><Data Name='SourceIsIpv6'>true</Data><Data Name='SourceIp'>ff02:0:0:0:0:0:1:3</Data><Data Name='SourceHostname'></Data><Data Name='SourcePort'>5355</Data><Data Name='SourcePortName'>llmnr</Data><Data Name='DestinationIsIpv6'>true</Data><Data Name='DestinationIp'>fe80:0:0:0:c971:dd42:af94:136</Data><Data Name='DestinationHostname'>XYneGuBlbkBCtEGT</Data><Data Name='DestinationPort'>60817</Data><Data Name='DestinationPortName'></Data></EventData></Event>
<Event xmlns='http://schemas.microsoft.com/win/2004/08/events/event'><System><Provider Name='Microsoft-Windows-Sysmon' Guid='{5770385F-C22A-43E0-BF4C-06F5698FFBD9}'/><EventID>3</EventID><Version>5</Version><Level>4</Level><Task>3</Task><Opcode>0</Opcode><Keywords>0x8000000000000000</Keywords><TimeCreated SystemTime='2019-05-13T04:31:26.625000000Z'/><EventRecordID>8021</EventRecordID><Correlation/><Execution ProcessID='1308' ThreadID='1788'/><Channel>Microsoft-Windows-Sysmon/Operational</Channel><Computer>cgcIRuPRFuq</Computer><Security UserID='S-1-5-18'/></System><EventData><Data Name='RuleName'></Data><Data Name='UtcTime'>2019-01-21 23:41:33.255</Data><Data Name='ProcessGuid'>{4145D37B-588A-5C46-0000-001078EA0000}</Data><Data Name='ProcessId'>368</Data><Data Name='Image'>C:\Windows\System32\svchost.exe</Data><Data Name='User'>NT AUTHORITY\NETWORK SERVICE</Data><Data Name='Protocol'>udp</Data><Data Name='Initiated'>false</Data><Data Name='SourceIsIpv6'>false</Data><Data Name='SourceIp'>224.0.0.252</Data><Data Name='SourceHostname'></Data><Data Name='SourcePort'>5355</Data><Data Name='SourcePortName'>llmnr</Data><Data Name='DestinationIsIpv6'>false</Data><Data Name='DestinationIp'>192.168.168.223</Data><Data Name='DestinationHostname'>XYneGuBlbkBCtEGT</Data><Data Name='DestinationPort'>59136</Data><Data Name='DestinationPortName'></Data></EventData></Event>
<Event xmlns='http://schemas.microsoft.com/win/2004/08/events/event'><System><Provider Name='Microsoft-Windows-Sysmon' Guid='{5770385F-C22A-43E0-BF4C-06F5698FFBD9}'/><EventID>3</EventID><Version>5</Version><Level>4</Level><Task>3</Task><Opcode>0</Opcode><Keywords>0x8000000000000000</Keywords><TimeCreated SystemTime='2019-05-13T04:31:26.625000000Z'/><EventRecordID>8022</EventRecordID><Correlation/><Execution ProcessID='1308' ThreadID='1788'/><Channel>Microsoft-Windows-Sysmon/Operational</Channel><Computer>cgcIRuPRFuq</Computer><Security UserID='S-1-5-18'/></System><EventData><Data Name='RuleName'></Data><Data Name='UtcTime'>2019-01-21 23:41:33.388</Data><Data Name='ProcessGuid'>{4145D37B-588A-5C46-0000-001078EA0000}</Data><Data Name='ProcessId'>368</Data><Data Name='Image'>C:\Windows\System32\svchost.exe</Data><Data Name='User'>NT AUTHORITY\NETWORK SERVICE</Data><Data Name='Protocol'>udp</Data><Data Name='Initiated'>false</Data><Data Name='SourceIsIpv6'>true</Data><Data Name='SourceIp'>ff02:0:0:0:0:0:1:3</Data><Data Name='SourceHostname'></Data><Data Name='SourcePort'>5355</Data><Data Name='SourcePortName'>llmnr</Data><Data Name='DestinationIsIpv6'>true</Data><Data Name='DestinationIp'>fe80:0:0:0:b18d:20a4:80fa:9356</Data><Data Name='DestinationHostname'></Data><Data Name='DestinationPort'>49265</Data><Data Name='DestinationPortName'></Data></EventData></Event>
