<Event xmlns='http://schemas.microsoft.com/win/2004/08/events/event'><System><Provider Name='Microsoft-Windows-Sysmon' Guid='{5770385F-C22A-43E0-BF4C-06F5698FFBD9}'/><EventID>3</EventID><Version>5</Version><Level>4</Level><Task>3</Task><Opcode>0</Opcode><Keywords>0x8000000000000000</Keywords><TimeCreated SystemTime='2019-05-13T04:32:34.359375000Z'/><EventRecordID>8787</EventRecordID><Correlation/><Execution ProcessID='1308' ThreadID='1788'/><Channel>Microsoft-Windows-Sysmon/Operational</Channel><Computer>cgcIRuPRFuq</Computer><Security UserID='S-1-5-18'/></System><EventData><Data Name='RuleName'></Data><Data Name='UtcTime'>2019-01-21 23:42:41.085</Data><Data Name='ProcessGuid'>{4145D37B-588A-5C46-0000-001078EA0000}</Data><Data Name='ProcessId'>368</Data><Data Name='Image'>C:\Windows\System32\svchost.exe</Data><Data Name='User'>NT AUTHORITY\NETWORK SERVICE</Data><Data Name='Protocol'>udp</Data><Data Name='Initiated'>false</Data><Data Name='SourceIsIpv6'>true</Data><Data Name='SourceIp'>ff02:0:0:0:0:0:1:3</Data><Data Name='SourceHostname'></Data><Data Name='SourcePort'>5355</Data><Data Name='SourcePortName'>llmnr</Data><Data Name='DestinationIsIpv6'>true</Data><Data Name='DestinationIp'>fe80:0:0:0:489:6757:d7e7:c274</Data><Data Name='DestinationHostname'>cgcIRuPRFuq</Data><Data Name='DestinationPort'>55132</Data><Data Name='DestinationPortName'></Data></EventData></Event>
<Event xmlns='http://schemas.microsoft.com/win/2004/08/events/event'><System><Provider Name='Microsoft-Windows-Sysmon' Guid='{5770385F-C22A-43E0-BF4C-06F5698FFBD9}'/><EventID>3</EventID><Version>5</Version><Level>4</Level><Task>3</Task><Opcode>0</Opcode><Keywords>0x8000000000000000</Keywords><TimeCreated SystemTime='2019-05-13T04:32:34.359375000Z'/><EventRecordID>8788</EventRecordID><Correlation/><Execution ProcessID='1308' ThreadID='1788'/><Channel>Microsoft-Windows-Sysmon/Operational</Channel><Computer>cgcIRuPRFuq</Computer><Security UserID='S-1-5-18'/></System><EventData><Data Name='RuleName'></Data><Data Name='UtcTime'>2019-01-21 23:42:41.091</Data><Data Name='ProcessGuid'>{4145D37B-588A-5C46-0000-001078EA0000}</Data><Data Name='ProcessId'>368</Data><Data Name='Image'>C:\Windows\System32\svchost.exe</Data><Data Name='User'>NT AUTHORITY\NETWORK SERVICE</Data><Data Name='Protocol'>udp</Data><Data Name='Initiated'>false</Data><Data Name='SourceIsIpv6'>true</Data><Data Name='SourceIp'>fe80:0:0:0:489:6757:d7e7:c274</Data><Data Name='SourceHostname'>cgcIRuPRFuq</Data><Data Name='SourcePort'>55132</Data><Data Name='SourcePortName'></Data><Data Name='DestinationIsIpv6'>true</Data><Data Name='DestinationIp'>fe80:0:0:0:a993:41ba:4d89:5846</Data><Data Name='DestinationHostname'>None</Data><Data Name='DestinationPort'>5355</Data><Data Name='DestinationPortName'>llmnr</Data></EventData></Event>
<Event xmlns='http://schemas.microsoft.com/win/2004/08/events/event'><System><Provider Name='Microsoft-Windows-Sysmon' Guid='{5770385F-C22A-43E0-BF4C-06F5698FFBD9}'/><EventID>3</EventID><Version>5</Version><Level>4</Level><Task>3</Task><Opcode>0</Opcode><Keywords>0x8000000000000000</Keywords><TimeCreated SystemTime='2019-05-13T04:32:34.359375000Z'/><EventRecordID>8789</EventRecordID><Correlation/><Execution ProcessID='1308' ThreadID='1788'/><Channel>Microsoft-Windows-Sysmon/Operational</Channel><Computer>cgcIRuPRFuq</Computer><Security UserID='S-1-5-18'/></System><EventData><Data Name='RuleName'></Data><Data Name='UtcTime'>2019-01-21 23:42:41.091</Data><Data Name='ProcessGuid'>{4145D37B-588A-5C46-0000-001078EA0000}</Data><Data Name='ProcessId'>368</Data><Data Name='Image'>C:\Windows\System32\svchost.exe</Data><Data Name='User'>NT AUTHORITY\NETWORK SERVICE</Data><Data Name='Protocol'>udp</Data><Data Name='Initiated'>false</Data><Data Name='SourceIsIpv6'>true</Data><Data Name='SourceIp'>ff02:0:0:0:0:0:1:3</Data><Data Name='SourceHostname'></Data><Data Name='SourcePort'>5355</Data><Data Name='SourcePortName'>llmnr</Data><Data Name='DestinationIsIpv6'>true</Data><Data Name='DestinationIp'>fe80:0:0:0:e47b:99df:e2fb:33f7</Data><Data Name='DestinationHostname'>tWchpqYOKu</Data><Data Name='DestinationPort'>61817</Data><Data Name='DestinationPortName'></Data></EventData></Event>
<Event xmlns='http://schemas.microsoft.com/win/2004/08/events/event'><System><Provider Name='Microsoft-Windows-Sysmon' Guid='{5770385F-C22A-43E0-BF4C-06F5698FFBD9}'/><EventID>3</EventID><Version>5</Version><Level>4</Level><Task>3</Task><Opcode>0</Opcode><Keywords>0x8000000000000000</Keywords><TimeCreated SystemTime='2019-05-13T04:32:34.359375000Z'/><EventRecordID>8790</EventRecordID><Correlation/><Execution ProcessID='1308' ThreadID='1788'/><Channel>Microsoft-Windows-Sysmon/Operational</Channel><Computer>cgcIRuPRFuq</Computer><Security UserID='S-1-5-18'/></System><EventData><Data Name='RuleName'></Data><Data Name='UtcTime'>2019-01-21 23:42:41.092</Data><Data Name='ProcessGuid'>{4145D37B-588A-5C46-0000-001078EA0000}</Data><Data Name='ProcessId'>368</Data><Data Name='Image'>C:\Windows\System32\svchost.exe</Data><Data Name='User'>NT AUTHORITY\NETWORK SERVICE</Data><Data Name='Protocol'>udp</Data><Data Name='Initiated'>false</Data><Data Name='SourceIsIpv6'>false</Data><Data Name='SourceIp'>224.0.0.252</Data><Data Name='SourceHostname'></Data><Data Name='SourcePort'>5355</Data><Data Name='SourcePortName'>llmnr</Data><Data Name='DestinationIsIpv6'>false</Data><Data Name='DestinationIp'>192.168.168.206</Data><Data Name='DestinationHostname'>tWchpqYOKu</Data><Data Name='DestinationPort'>53780</Data><Data Name='DestinationPortName'></Data></EventData></Event>
<Event xmlns='http://schemas.microsoft.com/win/2004/08/events/event'><System><Provider Name='Microsoft-Windows-Sysmon' Guid='{5770385F-C22A-43E0-BF4C-06F5698FFBD9}'/><EventID>3</EventID><Version>5</Version><Level>4</Level><Task>3</Task><Opcode>0</Opcode><Keywords>0x8000000000000000</Keywords><TimeCreated SystemTime='2019-05-13T04:32:34.359375000Z'/><EventRecordID>8791</EventRecordID><Correlation/><Execution ProcessID='1308' ThreadID='1788'/><Channel>Microsoft-Windows-Sysmon/Operational</Channel><Computer>cgcIRuPRFuq</Computer><Security UserID='S-1-5-18'/></System><EventData><Data Name='RuleName'></Data><Data Name='UtcTime'>2019-01-21 23:42:41.092</Data><Data Name='ProcessGuid'>{4145D37B-588A-5C46-0000-001078EA0000}</Data><Data Name='ProcessId'>368</Data><Data Name='Image'>C:\Windows\System32\svchost.exe</Data><Data Name='User'>NT AUTHORITY\NETWORK SERVICE</Data><Data Name='Protocol'>udp</Data><Data Name='Initiated'>false</Data><Data Name='SourceIsIpv6'>true</Data><Data Name='SourceIp'>ff02:0:0:0:0:0:1:3</Data><Data Name='SourceHostname'></Data><Data Name='SourcePort'>5355</Data><Data Name='SourcePortName'>llmnr</Data><Data Name='DestinationIsIpv6'>true</Data><Data Name='DestinationIp'>fe80:0:0:0:489:6757:d7e7:c274</Data><Data Name='DestinationHostname'>cgcIRuPRFuq</Data><Data Name='DestinationPort'>60999</Data><Data Name='DestinationPortName'></Data></EventData></Event>
<Event xmlns='http://schemas.microsoft.com/win/2004/08/events/event'><System><Provider Name='Microsoft-Windows-Sysmon' Guid='{5770385F-C22A-43E0-BF4C-06F5698FFBD9}'/><EventID>3</EventID><Version>5</Version><Level>4</Level><Task>3</Task><Opcode>0</Opcode><Keywords>0x8000000000000000</Keywords><TimeCreated SystemTime='2019-05-13T04:32:34.359375000Z'/><EventRecordID>8792</EventRecordID><Correlation/><Execution ProcessID='1308' ThreadID='1788'/><Channel>Microsoft-Windows-Sysmon/Operational</Channel><Computer>cgcIRuPRFuq</Computer><Security UserID='S-1-5-18'/></System><EventData><Data Name='RuleName'></Data><Data Name='UtcTime'>2019-01-21 23:42:41.092</Data><Data Name='ProcessGuid'>{4145D37B-588A-5C46-0000-001078EA0000}</Data><Data Name='ProcessId'>368</Data><Data Name='Image'>C:\Windows\System32\svchost.exe</Data><Data Name='User'>NT AUTHORITY\NETWORK SERVICE</Data><Data Name='Protocol'>udp</Data><Data Name='Initiated'>false</Data><Data Name='SourceIsIpv6'>false</Data><Data Name='SourceIp'>192.168.168.203</Data><Data Name='SourceHostname'>cgcIRuPRFuq</Data><Data Name='SourcePort'>50350</Data><Data Name='SourcePortName'></Data><Data Name='DestinationIsIpv6'>false</Data><Data Name='DestinationIp'>192.168.168.201</Data><Data Name='DestinationHostname'>None</Data><Data Name='DestinationPort'>5355</Data><Data Name='DestinationPortName'>llmnr</Data></EventData></Event>
<Event xmlns='http://schemas.microsoft.com/win/2004/08/events/event'><System><Provider Name='Microsoft-Windows-Sysmon' Guid='{5770385F-C22A-43E0-BF4C-06F5698FFBD9}'/><EventID>3</EventID><Version>5</Version><Level>4</Level><Task>3</Task><Opcode>0</Opcode><Keywords>0x8000000000000000</Keywords><TimeCreated SystemTime='2019-05-13T04:32:34.359375000Z'/><EventRecordID>8793</EventRecordID><Correlation/><Execution ProcessID='1308' ThreadID='1788'/><Channel>Microsoft-Windows-Sysmon/Operational</Channel><Computer>cgcIRuPRFuq</Computer><Security UserID='S-1-5-18'/></System><EventData><Data Name='RuleName'></Data><Data Name='UtcTime'>2019-01-21 23:42:41.199</Data><Data Name='ProcessGuid'>{4145D37B-588A-5C46-0000-001078EA0000}</Data><Data Name='ProcessId'>368</Data><Data Name='Image'>C:\Windows\System32\svchost.exe</Data><Data Name='User'>NT AUTHORITY\NETWORK SERVICE</Data><Data Name='Protocol'>udp</Data><Data Name='Initiated'>false</Data><Data Name='SourceIsIpv6'>true</Data><Data Name='SourceIp'>ff02:0:0:0:0:0:1:3</Data><Data Name='SourceHostname'></Data><Data Name='SourcePort'>5355</Data><Data Name='SourcePortName'>llmnr</Data><Data Name='DestinationIsIpv6'>true</Data><Data Name='DestinationIp'>fe80:0:0:0:f172:7e45:2f86:4cd9</Data><Data Name='DestinationHostname'>wGCbBnIXqTztXII</Data><Data Name='DestinationPort'>62261</Data><Data Name='DestinationPortName'></Data></EventData></Event>
<Event xmlns='http://schemas.microsoft.com/win/2004/08/events/event'><System><Provider Name='Microsoft-Windows-Sysmon' Guid='{5770385F-C22A-43E0-BF4C-06F5698FFBD9}'/><EventID>3</EventID><Version>5</Version><Level>4</Level><Task>3</Task><Opcode>0</Opcode><Keywords>0x8000000000000000</Keywords><TimeCreated SystemTime='2019-05-13T04:32:34.359375000Z'/><EventRecordID>8794</EventRecordID><Correlation/><Execution ProcessID='1308' ThreadID='1788'/><Channel>Microsoft-Windows-Sysmon/Operational</Channel><Computer>cgcIRuPRFuq</Computer><Security UserID='S-1-5-18'/></System><EventData><Data Name='RuleName'></Data><Data Name='UtcTime'>2019-01-21 23:42:41.199</Data><Data Name='ProcessGuid'>{4145D37B-588A-5C46-0000-001078EA0000}</Data><Data Name='ProcessId'>368</Data><Data Name='Image'>C:\Windows\System32\svchost.exe</Data><Data Name='User'>NT AUTHORITY\NETWORK SERVICE</Data><Data Name='Protocol'>udp</Data><Data Name='Initiated'>false</Data><Data Name='SourceIsIpv6'>false</Data><Data Name='SourceIp'>224.0.0.252</Data><Data Name='SourceHostname'></Data><Data Name='SourcePort'>5355</Data><Data Name='SourcePortName'>llmnr</Data><Data Name='DestinationIsIpv6'>false</Data><Data Name='DestinationIp'>192.168.168.212</Data><Data Name='DestinationHostname'>wGCbBnIXqTztXII</Data><Data Name='DestinationPort'>49679</Data><Data Name='DestinationPortName'></Data></EventData></Event>
<Event xmlns='http://schemas.microsoft.com/win/2004/08/events/event'><System><Provider Name='Microsoft-Windows-Sysmon' Guid='{5770385F-C22A-43E0-BF4C-06F5698FFBD9}'/><EventID>3</EventID><Version>5</Version><Level>4</Level><Task>3</Task><Opcode>0</Opcode><Keywords>0x8000000000000000</Keywords><TimeCreated SystemTime='2019-05-13T04:32:34.359375000Z'/><EventRecordID>8795</EventRecordID><Correlation/><Execution ProcessID='1308' ThreadID='1788'/><Channel>Microsoft-Windows-Sysmon/Operational</Channel><Computer>cgcIRuPRFuq</Computer><Security UserID='S-1-5-18'/></System><EventData><Data Name='RuleName'></Data><Data Name='UtcTime'>2019-01-21 23:42:41.200</Data><Data Name='ProcessGuid'>{4145D37B-588A-5C46-0000-001078EA0000}</Data><Data Name='ProcessId'>368</Data><Data Name='Image'>C:\Windows\System32\svchost.exe</Data><Data Name='User'>NT AUTHORITY\NETWORK SERVICE</Data><Data Name='Protocol'>udp</Data><Data Name='Initiated'>false</Data><Data Name='SourceIsIpv6'>true</Data><Data Name='SourceIp'>ff02:0:0:0:0:0:1:3</Data><Data Name='SourceHostname'></Data><Data Name='SourcePort'>5355</Data><Data Name='SourcePortName'>llmnr</Data><Data Name='DestinationIsIpv6'>true</Data><Data Name='DestinationIp'>fe80:0:0:0:f172:7e45:2f86:4cd9</Data><Data Name='DestinationHostname'>wGCbBnIXqTztXII</Data><Data Name='DestinationPort'>52254</Data><Data Name='DestinationPortName'></Data></EventData></Event>
<Event xmlns='http://schemas.microsoft.com/win/2004/08/events/event'><System><Provider Name='Microsoft-Windows-Sysmon' Guid='{5770385F-C22A-43E0-BF4C-06F5698FFBD9}'/><EventID>3</EventID><Version>5</Version><Level>4</Level><Task>3</Task><Opcode>0</Opcode><Keywords>0x8000000000000000</Keywords><TimeCreated SystemTime='2019-05-13T04:32:34.359375000Z'/><EventRecordID>8796</EventRecordID><Correlation/><Execution ProcessID='1308' ThreadID='1788'/><Channel>Microsoft-Windows-Sysmon/Operational</Channel><Computer>cgcIRuPRFuq</Computer><Security UserID='S-1-5-18'/></System><EventData><Data Name='RuleName'></Data><Data Name='UtcTime'>2019-01-21 23:42:41.200</Data><Data Name='ProcessGuid'>{4145D37B-588A-5C46-0000-001078EA0000}</Data><Data Name='ProcessId'>368</Data><Data Name='Image'>C:\Windows\System32\svchost.exe</Data><Data Name='User'>NT AUTHORITY\NETWORK SERVICE</Data><Data Name='Protocol'>udp</Data><Data Name='Initiated'>false</Data><Data Name='SourceIsIpv6'>false</Data><Data Name='SourceIp'>224.0.0.252</Data><Data Name='SourceHostname'></Data><Data Name='SourcePort'>5355</Data><Data Name='SourcePortName'>llmnr</Data><Data Name='DestinationIsIpv6'>false</Data><Data Name='DestinationIp'>192.168.168.212</Data><Data Name='DestinationHostname'>wGCbBnIXqTztXII</Data><Data Name='DestinationPort'>52283</Data><Data Name='DestinationPortName'></Data></EventData></Event>
<Event xmlns='http://schemas.microsoft.com/win/2004/08/events/event'><System><Provider Name='Microsoft-Windows-Sysmon' Guid='{5770385F-C22A-43E0-BF4C-06F5698FFBD9}'/><EventID>3</EventID><Version>5</Version><Level>4</Level><Task>3</Task><Opcode>0</Opcode><Keywords>0x8000000000000000</Keywords><TimeCreated SystemTime='2019-05-13T04:32:34.359375000Z'/><EventRecordID>8797</EventRecordID><Correlation/><Execution ProcessID='1308' ThreadID='1788'/><Channel>Microsoft-Windows-Sysmon/Operational</Channel><Computer>cgcIRuPRFuq</Computer><Security UserID='S-1-5-18'/></System><EventData><Data Name='RuleName'></Data><Data Name='UtcTime'>2019-01-21 23:42:41.209</Data><Data Name='ProcessGuid'>{4145D37B-588A-5C46-0000-001078EA0000}</Data><Data Name='ProcessId'>368</Data><Data Name='Image'>C:\Windows\System32\svchost.exe</Data><Data Name='User'>NT AUTHORITY\NETWORK SERVICE</Data><Data Name='Protocol'>udp</Data><Data Name='Initiated'>false</Data><Data Name='SourceIsIpv6'>true</Data><Data Name='SourceIp'>ff02:0:0:0:0:0:1:3</Data><Data Name='SourceHostname'></Data><Data Name='SourcePort'>5355</Data><Data Name='SourcePortName'>llmnr</Data><Data Name='DestinationIsIpv6'>true</Data><Data Name='DestinationIp'>fe80:0:0:0:b83d:b7ff:cc6:23c9</Data><Data Name='DestinationHostname'>FUxpBFMTKW</Data><Data Name='DestinationPort'>55018</Data><Data Name='DestinationPortName'></Data></EventData></Event>
<Event xmlns='http://schemas.microsoft.com/win/2004/08/events/event'><System><Provider Name='Microsoft-Windows-Sysmon' Guid='{5770385F-C22A-43E0-BF4C-06F5698FFBD9}'/><EventID>3</EventID><Version>5</Version><Level>4</Level><Task>3</Task><Opcode>0</Opcode><Keywords>0x8000000000000000</Keywords><TimeCreated SystemTime='2019-05-13T04:32:34.359375000Z'/><EventRecordID>8798</EventRecordID><Correlation/><Execution ProcessID='1308' ThreadID='1788'/><Channel>Microsoft-Windows-Sysmon/Operational</Channel><Computer>cgcIRuPRFuq</Computer><Security UserID='S-1-5-18'/></System><EventData><Data Name='RuleName'></Data><Data Name='UtcTime'>2019-01-21 23:42:41.211</Data><Data Name='ProcessGuid'>{4145D37B-588A-5C46-0000-001078EA0000}</Data><Data Name='ProcessId'>368</Data><Data Name='Image'>C:\Windows\System32\svchost.exe</Data><Data Name='User'>NT AUTHORITY\NETWORK SERVICE</Data><Data Name='Protocol'>udp</Data><Data Name='Initiated'>false</Data><Data Name='SourceIsIpv6'>false</Data><Data Name='SourceIp'>224.0.0.252</Data><Data Name='SourceHostname'></Data><Data Name='SourcePort'>5355</Data><Data Name='SourcePortName'>llmnr</Data><Data Name='DestinationIsIpv6'>false</Data><Data Name='DestinationIp'>192.168.168.208</Data><Data Name='DestinationHostname'>FUxpBFMTKW</Data><Data Name='DestinationPort'>61127</Data><Data Name='DestinationPortName'></Data></EventData></Event>
<Event xmlns='http://schemas.microsoft.com/win/2004/08/events/event'><System><Provider Name='Microsoft-Windows-Sysmon' Guid='{5770385F-C22A-43E0-BF4C-06F5698FFBD9}'/><EventID>3</EventID><Version>5</Version><Level>4</Level><Task>3</Task><Opcode>0</Opcode><Keywords>0x8000000000000000</Keywords><TimeCreated SystemTime='2019-05-13T04:32:34.359375000Z'/><EventRecordID>8799</EventRecordID><Correlation/><Execution ProcessID='1308' ThreadID='1788'/><Channel>Microsoft-Windows-Sysmon/Operational</Channel><Computer>cgcIRuPRFuq</Computer><Security UserID='S-1-5-18'/></System><EventData><Data Name='RuleName'></Data><Data Name='UtcTime'>2019-01-21 23:42:41.214</Data><Data Name='ProcessGuid'>{4145D37B-588A-5C46-0000-001078EA0000}</Data><Data Name='ProcessId'>368</Data><Data Name='Image'>C:\Windows\System32\svchost.exe</Data><Data Name='User'>NT AUTHORITY\NETWORK SERVICE</Data><Data Name='Protocol'>udp</Data><Data Name='Initiated'>false</Data><Data Name='SourceIsIpv6'>true</Data><Data Name='SourceIp'>ff02:0:0:0:0:0:1:3</Data><Data Name='SourceHostname'></Data><Data Name='SourcePort'>5355</Data><Data Name='SourcePortName'>llmnr</Data><Data Name='DestinationIsIpv6'>true</Data><Data Name='DestinationIp'>fe80:0:0:0:b83d:b7ff:cc6:23c9</Data><Data Name='DestinationHostname'>FUxpBFMTKW</Data><Data Name='DestinationPort'>61482</Data><Data Name='DestinationPortName'></Data></EventData></Event>
<Event xmlns='http://schemas.microsoft.com/win/2004/08/events/event'><System><Provider Name='Microsoft-Windows-Sysmon' Guid='{5770385F-C22A-43E0-BF4C-06F5698FFBD9}'/><EventID>3</EventID><Version>5</Version><Level>4</Level><Task>3</Task><Opcode>0</Opcode><Keywords>0x8000000000000000</Keywords><TimeCreated SystemTime='2019-05-13T04:32:34.359375000Z'/><EventRecordID>8800</EventRecordID><Correlation/><Execution ProcessID='1308' ThreadID='1788'/><Channel>Microsoft-Windows-Sysmon/Operational</Channel><Computer>cgcIRuPRFuq</Computer><Security UserID='S-1-5-18'/></System><EventData><Data Name='RuleName'></Data><Data Name='UtcTime'>2019-01-21 23:42:41.214</Data><Data Name='ProcessGuid'>{4145D37B-588A-5C46-0000-001078EA0000}</Data><Data Name='ProcessId'>368</Data><Data Name='Image'>C:\Windows\System32\svchost.exe</Data><Data Name='User'>NT AUTHORITY\NETWORK SERVICE</Data><Data Name='Protocol'>udp</Data><Data Name='Initiated'>false</Data><Data Name='SourceIsIpv6'>false</Data><Data Name='SourceIp'>224.0.0.252</Data><Data Name='SourceHostname'></Data><Data Name='SourcePort'>5355</Data><Data Name='SourcePortName'>llmnr</Data><Data Name='DestinationIsIpv6'>false</Data><Data Name='DestinationIp'>192.168.168.208</Data><Data Name='DestinationHostname'>FUxpBFMTKW</Data><Data Name='DestinationPort'>49705</Data><Data Name='DestinationPortName'></Data></EventData></Event>
<Event xmlns='http://schemas.microsoft.com/win/2004/08/events/event'><System><Provider Name='Microsoft-Windows-Sysmon' Guid='{5770385F-C22A-43E0-BF4C-06F5698FFBD9}'/><EventID>3</EventID><Version>5</Version><Level>4</Level><Task>3</Task><Opcode>0</Opcode><Keywords>0x8000000000000000</Keywords><TimeCreated SystemTime='2019-05-13T04:32:34.359375000Z'/><EventRecordID>8801</EventRecordID><Correlation/><Execution ProcessID='1308' ThreadID='1788'/><Channel>Microsoft-Windows-Sysmon/Operational</Channel><Computer>cgcIRuPRFuq</Computer><Security UserID='S-1-5-18'/></System><EventData><Data Name='RuleName'></Data><Data Name='UtcTime'>2019-01-21 23:42:41.237</Data><Data Name='ProcessGuid'>{4145D37B-588A-5C46-0000-001078EA0000}</Data><Data Name='ProcessId'>368</Data><Data Name='Image'>C:\Windows\System32\svchost.exe</Data><Data Name='User'>NT AUTHORITY\NETWORK SERVICE</Data><Data Name='Protocol'>udp</Data><Data Name='Initiated'>false</Data><Data Name='SourceIsIpv6'>true</Data><Data Name='SourceIp'>ff02:0:0:0:0:0:1:3</Data><Data Name='SourceHostname'></Data><Data Name='SourcePort'>5355</Data><Data Name='SourcePortName'>llmnr</Data><Data Name='DestinationIsIpv6'>true</Data><Data Name='DestinationIp'>fe80:0:0:0:a993:41ba:4d89:5846</Data><Data Name='DestinationHostname'>None</Data><Data Name='DestinationPort'>55231</Data><Data Name='DestinationPortName'></Data></EventData></Event>
<Event xmlns='http://schemas.microsoft.com/win/2004/08/events/event'><System><Provider Name='Microsoft-Windows-Sysmon' Guid='{5770385F-C22A-43E0-BF4C-06F5698FFBD9}'/><EventID>3</EventID><Version>5</Version><Level>4</Level><Task>3</Task><Opcode>0</Opcode><Keywords>0x8000000000000000</Keywords><TimeCreated SystemTime='2019-05-13T04:32:34.359375000Z'/><EventRecordID>8802</EventRecordID><Correlation/><Execution ProcessID='1308' ThreadID='1788'/><Channel>Microsoft-Windows-Sysmon/Operational</Channel><Computer>cgcIRuPRFuq</Computer><Security UserID='S-1-5-18'/></System><EventData><Data Name='RuleName'></Data><Data Name='UtcTime'>2019-01-21 23:42:41.237</Data><Data Name='ProcessGuid'>{4145D37B-588A-5C46-0000-001078EA0000}</Data><Data Name='ProcessId'>368</Data><Data Name='Image'>C:\Windows\System32\svchost.exe</Data><Data Name='User'>NT AUTHORITY\NETWORK SERVICE</Data><Data Name='Protocol'>udp</Data><Data Name='Initiated'>false</Data><Data Name='SourceIsIpv6'>false</Data><Data Name='SourceIp'>224.0.0.252</Data><Data Name='SourceHostname'></Data><Data Name='SourcePort'>5355</Data><Data Name='SourcePortName'>llmnr</Data><Data Name='DestinationIsIpv6'>false</Data><Data Name='DestinationIp'>192.168.168.201</Data><Data Name='DestinationHostname'>None</Data><Data Name='DestinationPort'>59046</Data><Data Name='DestinationPortName'></Data></EventData></Event>
<Event xmlns='http://schemas.microsoft.com/win/2004/08/events/event'><System><Provider Name='Microsoft-Windows-Sysmon' Guid='{5770385F-C22A-43E0-BF4C-06F5698FFBD9}'/><EventID>3</EventID><Version>5</Version><Level>4</Level><Task>3</Task><Opcode>0</Opcode><Keywords>0x8000000000000000</Keywords><TimeCreated SystemTime='2019-05-13T04:32:34.609375000Z'/><EventRecordID>8803</EventRecordID><Correlation/><Execution ProcessID='1308' ThreadID='1788'/><Channel>Microsoft-Windows-Sysmon/Operational</Channel><Computer>cgcIRuPRFuq</Computer><Security UserID='S-1-5-18'/></System><EventData><Data Name='RuleName'></Data><Data Name='UtcTime'>2019-01-21 23:42:41.331</Data><Data Name='ProcessGuid'>{4145D37B-588A-5C46-0000-001078EA0000}</Data><Data Name='ProcessId'>368</Data><Data Name='Image'>C:\Windows\System32\svchost.exe</Data><Data Name='User'>NT AUTHORITY\NETWORK SERVICE</Data><Data Name='Protocol'>udp</Data><Data Name='Initiated'>false</Data><Data Name='SourceIsIpv6'>true</Data><Data Name='SourceIp'>ff02:0:0:0:0:0:1:3</Data><Data Name='SourceHostname'></Data><Data Name='SourcePort'>5355</Data><Data Name='SourcePortName'>llmnr</Data><Data Name='DestinationIsIpv6'>true</Data><Data Name='DestinationIp'>fe80:0:0:0:a993:41ba:4d89:5846</Data><Data Name='DestinationHostname'>None</Data><Data Name='DestinationPort'>60884</Data><Data Name='DestinationPortName'></Data></EventData></Event>
<Event xmlns='http://schemas.microsoft.com/win/2004/08/events/event'><System><Provider Name='Microsoft-Windows-Sysmon' Guid='{5770385F-C22A-43E0-BF4C-06F5698FFBD9}'/><EventID>3</EventID><Version>5</Version><Level>4</Level><Task>3</Task><Opcode>0</Opcode><Keywords>0x8000000000000000</Keywords><TimeCreated SystemTime='2019-05-13T04:32:34.609375000Z'/><EventRecordID>8804</EventRecordID><Correlation/><Execution ProcessID='1308' ThreadID='1788'/><Channel>Microsoft-Windows-Sysmon/Operational</Channel><Computer>cgcIRuPRFuq</Computer><Security UserID='S-1-5-18'/></System><EventData><Data Name='RuleName'></Data><Data Name='UtcTime'>2019-01-21 23:42:41.331</Data><Data Name='ProcessGuid'>{4145D37B-588A-5C46-0000-001078EA0000}</Data><Data Name='ProcessId'>368</Data><Data Name='Image'>C:\Windows\System32\svchost.exe</Data><Data Name='User'>NT AUTHORITY\NETWORK SERVICE</Data><Data Name='Protocol'>udp</Data><Data Name='Initiated'>false</Data><Data Name='SourceIsIpv6'>true</Data><Data Name='SourceIp'>ff02:0:0:0:0:0:1:3</Data><Data Name='SourceHostname'></Data><Data Name='SourcePort'>5355</Data><Data Name='SourcePortName'>llmnr</Data><Data Name='DestinationIsIpv6'>true</Data><Data Name='DestinationIp'>fe80:0:0:0:51fd:d5c6:1277:f85d</Data><Data Name='DestinationHostname'>eyAdJpZuhJHpa</Data><Data Name='DestinationPort'>51031</Data><Data Name='DestinationPortName'></Data></EventData></Event>
<Event xmlns='http://schemas.microsoft.com/win/2004/08/events/event'><System><Provider Name='Microsoft-Windows-Sysmon' Guid='{5770385F-C22A-43E0-BF4C-06F5698FFBD9}'/><EventID>3</EventID><Version>5</Version><Level>4</Level><Task>3</Task><Opcode>0</Opcode><Keywords>0x8000000000000000</Keywords><TimeCreated SystemTime='2019-05-13T04:32:34.609375000Z'/><EventRecordID>8805</EventRecordID><Correlation/><Execution ProcessID='1308' ThreadID='1788'/><Channel>Microsoft-Windows-Sysmon/Operational</Channel><Computer>cgcIRuPRFuq</Computer><Security UserID='S-1-5-18'/></System><EventData><Data Name='RuleName'></Data><Data Name='UtcTime'>2019-01-21 23:42:41.332</Data><Data Name='ProcessGuid'>{4145D37B-588A-5C46-0000-001078EA0000}</Data><Data Name='ProcessId'>368</Data><Data Name='Image'>C:\Windows\System32\svchost.exe</Data><Data Name='User'>NT AUTHORITY\NETWORK SERVICE</Data><Data Name='Protocol'>udp</Data><Data Name='Initiated'>false</Data><Data Name='SourceIsIpv6'>false</Data><Data Name='SourceIp'>224.0.0.252</Data><Data Name='SourceHostname'></Data><Data Name='SourcePort'>5355</Data><Data Name='SourcePortName'>llmnr</Data><Data Name='DestinationIsIpv6'>false</Data><Data Name='DestinationIp'>192.168.168.229</Data><Data Name='DestinationHostname'>eyAdJpZuhJHpa</Data><Data Name='DestinationPort'>57898</Data><Data Name='DestinationPortName'></Data></EventData></Event>
<Event xmlns='http://schemas.microsoft.com/win/2004/08/events/event'><System><Provider Name='Microsoft-Windows-Sysmon' Guid='{5770385F-C22A-43E0-BF4C-06F5698FFBD9}'/><EventID>3</EventID><Version>5</Version><Level>4</Level><Task>3</Task><Opcode>0</Opcode><Keywords>0x8000000000000000</Keywords><TimeCreated SystemTime='2019-05-13T04:32:34.609375000Z'/><EventRecordID>8806</EventRecordID><Correlation/><Execution ProcessID='1308' ThreadID='1788'/><Channel>Microsoft-Windows-Sysmon/Operational</Channel><Computer>cgcIRuPRFuq</Computer><Security UserID='S-1-5-18'/></System><EventData><Data Name='RuleName'></Data><Data Name='UtcTime'>2019-01-21 23:42:41.332</Data><Data Name='ProcessGuid'>{4145D37B-588A-5C46-0000-001078EA0000}</Data><Data Name='ProcessId'>368</Data><Data Name='Image'>C:\Windows\System32\svchost.exe</Data><Data Name='User'>NT AUTHORITY\NETWORK SERVICE</Data><Data Name='Protocol'>udp</Data><Data Name='Initiated'>false</Data><Data Name='SourceIsIpv6'>false</Data><Data Name='SourceIp'>224.0.0.252</Data><Data Name='SourceHostname'></Data><Data Name='SourcePort'>5355</Data><Data Name='SourcePortName'>llmnr</Data><Data Name='DestinationIsIpv6'>false</Data><Data Name='DestinationIp'>192.168.168.201</Data><Data Name='DestinationHostname'>None</Data><Data Name='DestinationPort'>60892</Data><Data Name='DestinationPortName'></Data></EventData></Event>
<Event xmlns='http://schemas.microsoft.com/win/2004/08/events/event'><System><Provider Name='Microsoft-Windows-Sysmon' Guid='{5770385F-C22A-43E0-BF4C-06F5698FFBD9}'/><EventID>3</EventID><Version>5</Version><Level>4</Level><Task>3</Task><Opcode>0</Opcode><Keywords>0x8000000000000000</Keywords><TimeCreated SystemTime='2019-05-13T04:32:34.609375000Z'/><EventRecordID>8807</EventRecordID><Correlation/><Execution ProcessID='1308' ThreadID='1788'/><Channel>Microsoft-Windows-Sysmon/Operational</Channel><Computer>cgcIRuPRFuq</Computer><Security UserID='S-1-5-18'/></System><EventData><Data Name='RuleName'></Data><Data Name='UtcTime'>2019-01-21 23:42:41.359</Data><Data Name='ProcessGuid'>{4145D37B-588A-5C46-0000-001078EA0000}</Data><Data Name='ProcessId'>368</Data><Data Name='Image'>C:\Windows\System32\svchost.exe</Data><Data Name='User'>NT AUTHORITY\NETWORK SERVICE</Data><Data Name='Protocol'>udp</Data><Data Name='Initiated'>false</Data><Data Name='SourceIsIpv6'>true</Data><Data Name='SourceIp'>ff02:0:0:0:0:0:1:3</Data><Data Name='SourceHostname'></Data><Data Name='SourcePort'>5355</Data><Data Name='SourcePortName'>llmnr</Data><Data Name='DestinationIsIpv6'>true</Data><Data Name='DestinationIp'>fe80:0:0:0:51fd:d5c6:1277:f85d</Data><Data Name='DestinationHostname'>eyAdJpZuhJHpa</Data><Data Name='DestinationPort'>61599</Data><Data Name='DestinationPortName'></Data></EventData></Event>
<Event xmlns='http://schemas.microsoft.com/win/2004/08/events/event'><System><Provider Name='Microsoft-Windows-Sysmon' Guid='{5770385F-C22A-43E0-BF4C-06F5698FFBD9}'/><EventID>3</EventID><Version>5</Version><Level>4</Level><Task>3</Task><Opcode>0</Opcode><Keywords>0x8000000000000000</Keywords><TimeCreated SystemTime='2019-05-13T04:32:34.609375000Z'/><EventRecordID>8808</EventRecordID><Correlation/><Execution ProcessID='1308' ThreadID='1788'/><Channel>Microsoft-Windows-Sysmon/Operational</Channel><Computer>cgcIRuPRFuq</Computer><Security UserID='S-1-5-18'/></System><EventData><Data Name='RuleName'></Data><Data Name='UtcTime'>2019-01-21 23:42:41.359</Data><Data Name='ProcessGuid'>{4145D37B-588A-5C46-0000-001078EA0000}</Data><Data Name='ProcessId'>368</Data><Data Name='Image'>C:\Windows\System32\svchost.exe</Data><Data Name='User'>NT AUTHORITY\NETWORK SERVICE</Data><Data Name='Protocol'>udp</Data><Data Name='Initiated'>false</Data><Data Name='SourceIsIpv6'>false</Data><Data Name='SourceIp'>224.0.0.252</Data><Data Name='SourceHostname'></Data><Data Name='SourcePort'>5355</Data><Data Name='SourcePortName'>llmnr</Data><Data Name='DestinationIsIpv6'>false</Data><Data Name='DestinationIp'>192.168.168.229</Data><Data Name='DestinationHostname'>eyAdJpZuhJHpa</Data><Data Name='DestinationPort'>49243</Data><Data Name='DestinationPortName'></Data></EventData></Event>
<Event xmlns='http://schemas.microsoft.com/win/2004/08/events/event'><System><Provider Name='Microsoft-Windows-Sysmon' Guid='{5770385F-C22A-43E0-BF4C-06F5698FFBD9}'/><EventID>3</EventID><Version>5</Version><Level>4</Level><Task>3</Task><Opcode>0</Opcode><Keywords>0x8000000000000000</Keywords><TimeCreated SystemTime='2019-05-13T04:32:34.609375000Z'/><EventRecordID>8809</EventRecordID><Correlation/><Execution ProcessID='1308' ThreadID='1788'/><Channel>Microsoft-Windows-Sysmon/Operational</Channel><Computer>cgcIRuPRFuq</Computer><Security UserID='S-1-5-18'/></System><EventData><Data Name='RuleName'></Data><Data Name='UtcTime'>2019-01-21 23:42:41.366</Data><Data Name='ProcessGuid'>{4145D37B-588A-5C46-0000-001078EA0000}</Data><Data Name='ProcessId'>368</Data><Data Name='Image'>C:\Windows\System32\svchost.exe</Data><Data Name='User'>NT AUTHORITY\NETWORK SERVICE</Data><Data Name='Protocol'>udp</Data><Data Name='Initiated'>false</Data><Data Name='SourceIsIpv6'>true</Data><Data Name='SourceIp'>ff02:0:0:0:0:0:1:3</Data><Data Name='SourceHostname'></Data><Data Name='SourcePort'>5355</Data><Data Name='SourcePortName'>llmnr</Data><Data Name='DestinationIsIpv6'>true</Data><Data Name='DestinationIp'>fe80:0:0:0:99da:51ad:4351:b2ae</Data><Data Name='DestinationHostname'>RjUiliEKbiknIJxN</Data><Data Name='DestinationPort'>58546</Data><Data Name='DestinationPortName'></Data></EventData></Event>
<Event xmlns='http://schemas.microsoft.com/win/2004/08/events/event'><System><Provider Name='Microsoft-Windows-Sysmon' Guid='{5770385F-C22A-43E0-BF4C-06F5698FFBD9}'/><EventID>3</EventID><Version>5</Version><Level>4</Level><Task>3</Task><Opcode>0</Opcode><Keywords>0x8000000000000000</Keywords><TimeCreated SystemTime='2019-05-13T04:32:34.609375000Z'/><EventRecordID>8810</EventRecordID><Correlation/><Execution ProcessID='1308' ThreadID='1788'/><Channel>Microsoft-Windows-Sysmon/Operational</Channel><Computer>cgcIRuPRFuq</Computer><Security UserID='S-1-5-18'/></System><EventData><Data Name='RuleName'></Data><Data Name='UtcTime'>2019-01-21 23:42:41.367</Data><Data Name='ProcessGuid'>{4145D37B-588A-5C46-0000-001078EA0000}</Data><Data Name='ProcessId'>368</Data><Data Name='Image'>C:\Windows\System32\svchost.exe</Data><Data Name='User'>NT AUTHORITY\NETWORK SERVICE</Data><Data Name='Protocol'>udp</Data><Data Name='Initiated'>false</Data><Data Name='SourceIsIpv6'>true</Data><Data Name='SourceIp'>ff02:0:0:0:0:0:1:3</Data><Data Name='SourceHostname'></Data><Data Name='SourcePort'>5355</Data><Data Name='SourcePortName'>llmnr</Data><Data Name='DestinationIsIpv6'>true</Data><Data Name='DestinationIp'>fe80:0:0:0:99da:51ad:4351:b2ae</Data><Data Name='DestinationHostname'>RjUiliEKbiknIJxN</Data><Data Name='DestinationPort'>54949</Data><Data Name='DestinationPortName'></Data></EventData></Event>
<Event xmlns='http://schemas.microsoft.com/win/2004/08/events/event'><System><Provider Name='Microsoft-Windows-Sysmon' Guid='{5770385F-C22A-43E0-BF4C-06F5698FFBD9}'/><EventID>3</EventID><Version>5</Version><Level>4</Level><Task>3</Task><Opcode>0</Opcode><Keywords>0x8000000000000000</Keywords><TimeCreated SystemTime='2019-05-13T04:32:34.609375000Z'/><EventRecordID>8811</EventRecordID><Correlation/><Execution ProcessID='1308' ThreadID='1788'/><Channel>Microsoft-Windows-Sysmon/Operational</Channel><Computer>cgcIRuPRFuq</Computer><Security UserID='S-1-5-18'/></System><EventData><Data Name='RuleName'></Data><Data Name='UtcTime'>2019-01-21 23:42:41.367</Data><Data Name='ProcessGuid'>{4145D37B-588A-5C46-0000-001078EA0000}</Data><Data Name='ProcessId'>368</Data><Data Name='Image'>C:\Windows\System32\svchost.exe</Data><Data Name='User'>NT AUTHORITY\NETWORK SERVICE</Data><Data Name='Protocol'>udp</Data><Data Name='Initiated'>false</Data><Data Name='SourceIsIpv6'>false</Data><Data Name='SourceIp'>224.0.0.252</Data><Data Name='SourceHostname'></Data><Data Name='SourcePort'>5355</Data><Data Name='SourcePortName'>llmnr</Data><Data Name='DestinationIsIpv6'>false</Data><Data Name='DestinationIp'>192.168.168.216</Data><Data Name='DestinationHostname'>RjUiliEKbiknIJxN</Data><Data Name='DestinationPort'>62788</Data><Data Name='DestinationPortName'></Data></EventData></Event>
<Event xmlns='http://schemas.microsoft.com/win/2004/08/events/event'><System><Provider Name='Microsoft-Windows-Sysmon' Guid='{5770385F-C22A-43E0-BF4C-06F5698FFBD9}'/><EventID>3</EventID><Version>5</Version><Level>4</Level><Task>3</Task><Opcode>0</Opcode><Keywords>0x8000000000000000</Keywords><TimeCreated SystemTime='2019-05-13T04:32:34.609375000Z'/><EventRecordID>8812</EventRecordID><Correlation/><Execution ProcessID='1308' ThreadID='1788'/><Channel>Microsoft-Windows-Sysmon/Operational</Channel><Computer>cgcIRuPRFuq</Computer><Security UserID='S-1-5-18'/></System><EventData><Data Name='RuleName'></Data><Data Name='UtcTime'>2019-01-21 23:42:41.367</Data><Data Name='ProcessGuid'>{4145D37B-588A-5C46-0000-001078EA0000}</Data><Data Name='ProcessId'>368</Data><Data Name='Image'>C:\Windows\System32\svchost.exe</Data><Data Name='User'>NT AUTHORITY\NETWORK SERVICE</Data><Data Name='Protocol'>udp</Data><Data Name='Initiated'>false</Data><Data Name='SourceIsIpv6'>false</Data><Data Name='SourceIp'>224.0.0.252</Data><Data Name='SourceHostname'></Data><Data Name='SourcePort'>5355</Data><Data Name='SourcePortName'>llmnr</Data><Data Name='DestinationIsIpv6'>false</Data><Data Name='DestinationIp'>192.168.168.216</Data><Data Name='DestinationHostname'>RjUiliEKbiknIJxN</Data><Data Name='DestinationPort'>63213</Data><Data Name='DestinationPortName'></Data></EventData></Event>
<Event xmlns='http://schemas.microsoft.com/win/2004/08/events/event'><System><Provider Name='Microsoft-Windows-Sysmon' Guid='{5770385F-C22A-43E0-BF4C-06F5698FFBD9}'/><EventID>3</EventID><Version>5</Version><Level>4</Level><Task>3</Task><Opcode>0</Opcode><Keywords>0x8000000000000000</Keywords><TimeCreated SystemTime='2019-05-13T04:32:34.609375000Z'/><EventRecordID>8813</EventRecordID><Correlation/><Execution ProcessID='1308' ThreadID='1788'/><Channel>Microsoft-Windows-Sysmon/Operational</Channel><Computer>cgcIRuPRFuq</Computer><Security UserID='S-1-5-18'/></System><EventData><Data Name='RuleName'></Data><Data Name='UtcTime'>2019-01-21 23:42:41.440</Data><Data Name='ProcessGuid'>{4145D37B-588A-5C46-0000-001078EA0000}</Data><Data Name='ProcessId'>368</Data><Data Name='Image'>C:\Windows\System32\svchost.exe</Data><Data Name='User'>NT AUTHORITY\NETWORK SERVICE</Data><Data Name='Protocol'>udp</Data><Data Name='Initiated'>false</Data><Data Name='SourceIsIpv6'>true</Data><Data Name='SourceIp'>ff02:0:0:0:0:0:1:3</Data><Data Name='SourceHostname'></Data><Data Name='SourcePort'>5355</Data><Data Name='SourcePortName'>llmnr</Data><Data Name='DestinationIsIpv6'>true</Data><Data Name='DestinationIp'>fe80:0:0:0:df2:ddb4:1d0d:41f</Data><Data Name='DestinationHostname'>XLadauuXmX</Data><Data Name='DestinationPort'>63226</Data><Data Name='DestinationPortName'></Data></EventData></Event>
<Event xmlns='http://schemas.microsoft.com/win/2004/08/events/event'><System><Provider Name='Microsoft-Windows-Sysmon' Guid='{5770385F-C22A-43E0-BF4C-06F5698FFBD9}'/><EventID>3</EventID><Version>5</Version><Level>4</Level><Task>3</Task><Opcode>0</Opcode><Keywords>0x8000000000000000</Keywords><TimeCreated SystemTime='2019-05-13T04:32:34.609375000Z'/><EventRecordID>8814</EventRecordID><Correlation/><Execution ProcessID='1308' ThreadID='1788'/><Channel>Microsoft-Windows-Sysmon/Operational</Channel><Computer>cgcIRuPRFuq</Computer><Security UserID='S-1-5-18'/></System><EventData><Data Name='RuleName'></Data><Data Name='UtcTime'>2019-01-21 23:42:41.442</Data><Data Name='ProcessGuid'>{4145D37B-588A-5C46-0000-001078EA0000}</Data><Data Name='ProcessId'>368</Data><Data Name='Image'>C:\Windows\System32\svchost.exe</Data><Data Name='User'>NT AUTHORITY\NETWORK SERVICE</Data><Data Name='Protocol'>udp</Data><Data Name='Initiated'>false</Data><Data Name='SourceIsIpv6'>false</Data><Data Name='SourceIp'>224.0.0.252</Data><Data Name='SourceHostname'></Data><Data Name='SourcePort'>5355</Data><Data Name='SourcePortName'>llmnr</Data><Data Name='DestinationIsIpv6'>false</Data><Data Name='DestinationIp'>192.168.168.204</Data><Data Name='DestinationHostname'>XLadauuXmX</Data><Data Name='DestinationPort'>62098</Data><Data Name='DestinationPortName'></Data></EventData></Event>
<Event xmlns='http://schemas.microsoft.com/win/2004/08/events/event'><System><Provider Name='Microsoft-Windows-Sysmon' Guid='{5770385F-C22A-43E0-BF4C-06F5698FFBD9}'/><EventID>3</EventID><Version>5</Version><Level>4</Level><Task>3</Task><Opcode>0</Opcode><Keywords>0x8000000000000000</Keywords><TimeCreated SystemTime='2019-05-13T04:32:34.609375000Z'/><EventRecordID>8815</EventRecordID><Correlation/><Execution ProcessID='1308' ThreadID='1788'/><Channel>Microsoft-Windows-Sysmon/Operational</Channel><Computer>cgcIRuPRFuq</Computer><Security UserID='S-1-5-18'/></System><EventData><Data Name='RuleName'></Data><Data Name='UtcTime'>2019-01-21 23:42:41.500</Data><Data Name='ProcessGuid'>{4145D37B-588A-5C46-0000-001078EA0000}</Data><Data Name='ProcessId'>368</Data><Data Name='Image'>C:\Windows\System32\svchost.exe</Data><Data Name='User'>NT AUTHORITY\NETWORK SERVICE</Data><Data Name='Protocol'>udp</Data><Data Name='Initiated'>false</Data><Data Name='SourceIsIpv6'>true</Data><Data Name='SourceIp'>ff02:0:0:0:0:0:1:3</Data><Data Name='SourceHostname'></Data><Data Name='SourcePort'>5355</Data><Data Name='SourcePortName'>llmnr</Data><Data Name='DestinationIsIpv6'>true</Data><Data Name='DestinationIp'>fe80:0:0:0:df2:ddb4:1d0d:41f</Data><Data Name='DestinationHostname'>XLadauuXmX</Data><Data Name='DestinationPort'>57258</Data><Data Name='DestinationPortName'></Data></EventData></Event>
<Event xmlns='http://schemas.microsoft.com/win/2004/08/events/event'><System><Provider Name='Microsoft-Windows-Sysmon' Guid='{5770385F-C22A-43E0-BF4C-06F5698FFBD9}'/><EventID>3</EventID><Version>5</Version><Level>4</Level><Task>3</Task><Opcode>0</Opcode><Keywords>0x8000000000000000</Keywords><TimeCreated SystemTime='2019-05-13T04:32:34.609375000Z'/><EventRecordID>8816</EventRecordID><Correlation/><Execution ProcessID='1308' ThreadID='1788'/><Channel>Microsoft-Windows-Sysmon/Operational</Channel><Computer>cgcIRuPRFuq</Computer><Security UserID='S-1-5-18'/></System><EventData><Data Name='RuleName'></Data><Data Name='UtcTime'>2019-01-21 23:42:41.501</Data><Data Name='ProcessGuid'>{4145D37B-588A-5C46-0000-001078EA0000}</Data><Data Name='ProcessId'>368</Data><Data Name='Image'>C:\Windows\System32\svchost.exe</Data><Data Name='User'>NT AUTHORITY\NETWORK SERVICE</Data><Data Name='Protocol'>udp</Data><Data Name='Initiated'>false</Data><Data Name='SourceIsIpv6'>false</Data><Data Name='SourceIp'>224.0.0.252</Data><Data Name='SourceHostname'></Data><Data Name='SourcePort'>5355</Data><Data Name='SourcePortName'>llmnr</Data><Data Name='DestinationIsIpv6'>false</Data><Data Name='DestinationIp'>192.168.168.204</Data><Data Name='DestinationHostname'>XLadauuXmX</Data><Data Name='DestinationPort'>49559</Data><Data Name='DestinationPortName'></Data></EventData></Event>
<Event xmlns='http://schemas.microsoft.com/win/2004/08/events/event'><System><Provider Name='Microsoft-Windows-Sysmon' Guid='{5770385F-C22A-43E0-BF4C-06F5698FFBD9}'/><EventID>3</EventID><Version>5</Version><Level>4</Level><Task>3</Task><Opcode>0</Opcode><Keywords>0x8000000000000000</Keywords><TimeCreated SystemTime='2019-05-13T04:32:34.609375000Z'/><EventRecordID>8817</EventRecordID><Correlation/><Execution ProcessID='1308' ThreadID='1788'/><Channel>Microsoft-Windows-Sysmon/Operational</Channel><Computer>cgcIRuPRFuq</Computer><Security UserID='S-1-5-18'/></System><EventData><Data Name='RuleName'></Data><Data Name='UtcTime'>2019-01-21 23:42:41.551</Data><Data Name='ProcessGuid'>{4145D37B-588A-5C46-0000-001078EA0000}</Data><Data Name='ProcessId'>368</Data><Data Name='Image'>C:\Windows\System32\svchost.exe</Data><Data Name='User'>NT AUTHORITY\NETWORK SERVICE</Data><Data Name='Protocol'>udp</Data><Data Name='Initiated'>false</Data><Data Name='SourceIsIpv6'>true</Data><Data Name='SourceIp'>ff02:0:0:0:0:0:1:3</Data><Data Name='SourceHostname'></Data><Data Name='SourcePort'>5355</Data><Data Name='SourcePortName'>llmnr</Data><Data Name='DestinationIsIpv6'>true</Data><Data Name='DestinationIp'>fe80:0:0:0:58de:3a27:300c:e19e</Data><Data Name='DestinationHostname'>fuUCxltE</Data><Data Name='DestinationPort'>52606</Data><Data Name='DestinationPortName'></Data></EventData></Event>
<Event xmlns='http://schemas.microsoft.com/win/2004/08/events/event'><System><Provider Name='Microsoft-Windows-Sysmon' Guid='{5770385F-C22A-43E0-BF4C-06F5698FFBD9}'/><EventID>3</EventID><Version>5</Version><Level>4</Level><Task>3</Task><Opcode>0</Opcode><Keywords>0x8000000000000000</Keywords><TimeCreated SystemTime='2019-05-13T04:32:34.609375000Z'/><EventRecordID>8818</EventRecordID><Correlation/><Execution ProcessID='1308' ThreadID='1788'/><Channel>Microsoft-Windows-Sysmon/Operational</Channel><Computer>cgcIRuPRFuq</Computer><Security UserID='S-1-5-18'/></System><EventData><Data Name='RuleName'></Data><Data Name='UtcTime'>2019-01-21 23:42:41.552</Data><Data Name='ProcessGuid'>{4145D37B-588A-5C46-0000-001078EA0000}</Data><Data Name='ProcessId'>368</Data><Data Name='Image'>C:\Windows\System32\svchost.exe</Data><Data Name='User'>NT AUTHORITY\NETWORK SERVICE</Data><Data Name='Protocol'>udp</Data><Data Name='Initiated'>false</Data><Data Name='SourceIsIpv6'>false</Data><Data Name='SourceIp'>224.0.0.252</Data><Data Name='SourceHostname'></Data><Data Name='SourcePort'>5355</Data><Data Name='SourcePortName'>llmnr</Data><Data Name='DestinationIsIpv6'>false</Data><Data Name='DestinationIp'>192.168.168.225</Data><Data Name='DestinationHostname'>fuUCxltE</Data><Data Name='DestinationPort'>63763</Data><Data Name='DestinationPortName'></Data></EventData></Event>
<Event xmlns='http://schemas.microsoft.com/win/2004/08/events/event'><System><Provider Name='Microsoft-Windows-Sysmon' Guid='{5770385F-C22A-43E0-BF4C-06F5698FFBD9}'/><EventID>3</EventID><Version>5</Version><Level>4</Level><Task>3</Task><Opcode>0</Opcode><Keywords>0x8000000000000000</Keywords><TimeCreated SystemTime='2019-05-13T04:32:34.609375000Z'/><EventRecordID>8819</EventRecordID><Correlation/><Execution ProcessID='1308' ThreadID='1788'/><Channel>Microsoft-Windows-Sysmon/Operational</Channel><Computer>cgcIRuPRFuq</Computer><Security UserID='S-1-5-18'/></System><EventData><Data Name='RuleName'></Data><Data Name='UtcTime'>2019-01-21 23:42:41.552</Data><Data Name='ProcessGuid'>{4145D37B-588A-5C46-0000-001078EA0000}</Data><Data Name='ProcessId'>368</Data><Data Name='Image'>C:\Windows\System32\svchost.exe</Data><Data Name='User'>NT AUTHORITY\NETWORK SERVICE</Data><Data Name='Protocol'>udp</Data><Data Name='Initiated'>false</Data><Data Name='SourceIsIpv6'>true</Data><Data Name='SourceIp'>ff02:0:0:0:0:0:1:3</Data><Data Name='SourceHostname'></Data><Data Name='SourcePort'>5355</Data><Data Name='SourcePortName'>llmnr</Data><Data Name='DestinationIsIpv6'>true</Data><Data Name='DestinationIp'>fe80:0:0:0:58de:3a27:300c:e19e</Data><Data Name='DestinationHostname'>fuUCxltE</Data><Data Name='DestinationPort'>51880</Data><Data Name='DestinationPortName'></Data></EventData></Event>
<Event xmlns='http://schemas.microsoft.com/win/2004/08/events/event'><System><Provider Name='Microsoft-Windows-Sysmon' Guid='{5770385F-C22A-43E0-BF4C-06F5698FFBD9}'/><EventID>3</EventID><Version>5</Version><Level>4</Level><Task>3</Task><Opcode>0</Opcode><Keywords>0x8000000000000000</Keywords><TimeCreated SystemTime='2019-05-13T04:32:34.609375000Z'/><EventRecordID>8820</EventRecordID><Correlation/><Execution ProcessID='1308' ThreadID='1788'/><Channel>Microsoft-Windows-Sysmon/Operational</Channel><Computer>cgcIRuPRFuq</Computer><Security UserID='S-1-5-18'/></System><EventData><Data Name='RuleName'></Data><Data Name='UtcTime'>2019-01-21 23:42:41.552</Data><Data Name='ProcessGuid'>{4145D37B-588A-5C46-0000-001078EA0000}</Data><Data Name='ProcessId'>368</Data><Data Name='Image'>C:\Windows\System32\svchost.exe</Data><Data Name='User'>NT AUTHORITY\NETWORK SERVICE</Data><Data Name='Protocol'>udp</Data><Data Name='Initiated'>false</Data><Data Name='SourceIsIpv6'>false</Data><Data Name='SourceIp'>224.0.0.252</Data><Data Name='SourceHostname'></Data><Data Name='SourcePort'>5355</Data><Data Name='SourcePortName'>llmnr</Data><Data Name='DestinationIsIpv6'>false</Data><Data Name='DestinationIp'>192.168.168.225</Data><Data Name='DestinationHostname'>fuUCxltE</Data><Data Name='DestinationPort'>62528</Data><Data Name='DestinationPortName'></Data></EventData></Event>
<Event xmlns='http://schemas.microsoft.com/win/2004/08/events/event'><System><Provider Name='Microsoft-Windows-Sysmon' Guid='{5770385F-C22A-43E0-BF4C-06F5698FFBD9}'/><EventID>3</EventID><Version>5</Version><Level>4</Level><Task>3</Task><Opcode>0</Opcode><Keywords>0x8000000000000000</Keywords><TimeCreated SystemTime='2019-05-13T04:32:34.609375000Z'/><EventRecordID>8821</EventRecordID><Correlation/><Execution ProcessID='1308' ThreadID='1788'/><Channel>Microsoft-Windows-Sysmon/Operational</Channel><Computer>cgcIRuPRFuq</Computer><Security UserID='S-1-5-18'/></System><EventData><Data Name='RuleName'></Data><Data Name='UtcTime'>2019-01-21 23:42:41.564</Data><Data Name='ProcessGuid'>{4145D37B-588A-5C46-0000-001078EA0000}</Data><Data Name='ProcessId'>368</Data><Data Name='Image'>C:\Windows\System32\svchost.exe</Data><Data Name='User'>NT AUTHORITY\NETWORK SERVICE</Data><Data Name='Protocol'>udp</Data><Data Name='Initiated'>false</Data><Data Name='SourceIsIpv6'>true</Data><Data Name='SourceIp'>ff02:0:0:0:0:0:1:3</Data><Data Name='SourceHostname'></Data><Data Name='SourcePort'>5355</Data><Data Name='SourcePortName'>llmnr</Data><Data Name='DestinationIsIpv6'>true</Data><Data Name='DestinationIp'>fe80:0:0:0:51fd:d5c6:1277:f85d</Data><Data Name='DestinationHostname'>eyAdJpZuhJHpa</Data><Data Name='DestinationPort'>49772</Data><Data Name='DestinationPortName'></Data></EventData></Event>
<Event xmlns='http://schemas.microsoft.com/win/2004/08/events/event'><System><Provider Name='Microsoft-Windows-Sysmon' Guid='{5770385F-C22A-43E0-BF4C-06F5698FFBD9}'/><EventID>3</EventID><Version>5</Version><Level>4</Level><Task>3</Task><Opcode>0</Opcode><Keywords>0x8000000000000000</Keywords><TimeCreated SystemTime='2019-05-13T04:32:34.609375000Z'/><EventRecordID>8822</EventRecordID><Correlation/><Execution ProcessID='1308' ThreadID='1788'/><Channel>Microsoft-Windows-Sysmon/Operational</Channel><Computer>cgcIRuPRFuq</Computer><Security UserID='S-1-5-18'/></System><EventData><Data Name='RuleName'></Data><Data Name='UtcTime'>2019-01-21 23:42:41.564</Data><Data Name='ProcessGuid'>{4145D37B-588A-5C46-0000-001078EA0000}</Data><Data Name='ProcessId'>368</Data><Data Name='Image'>C:\Windows\System32\svchost.exe</Data><Data Name='User'>NT AUTHORITY\NETWORK SERVICE</Data><Data Name='Protocol'>udp</Data><Data Name='Initiated'>false</Data><Data Name='SourceIsIpv6'>true</Data><Data Name='SourceIp'>ff02:0:0:0:0:0:1:3</Data><Data Name='SourceHostname'></Data><Data Name='SourcePort'>5355</Data><Data Name='SourcePortName'>llmnr</Data><Data Name='DestinationIsIpv6'>true</Data><Data Name='DestinationIp'>fe80:0:0:0:51fd:d5c6:1277:f85d</Data><Data Name='DestinationHostname'>eyAdJpZuhJHpa</Data><Data Name='DestinationPort'>54330</Data><Data Name='DestinationPortName'></Data></EventData></Event>
