<Event xmlns='http://schemas.microsoft.com/win/2004/08/events/event'><System><Provider Name='Microsoft-Windows-Sysmon' Guid='{5770385F-C22A-43E0-BF4C-06F5698FFBD9}'/><EventID>3</EventID><Version>5</Version><Level>4</Level><Task>3</Task><Opcode>0</Opcode><Keywords>0x8000000000000000</Keywords><TimeCreated SystemTime='2019-05-13T04:31:39.015625000Z'/><EventRecordID>8274</EventRecordID><Correlation/><Execution ProcessID='1308' ThreadID='1788'/><Channel>Microsoft-Windows-Sysmon/Operational</Channel><Computer>cgcIRuPRFuq</Computer><Security UserID='S-1-5-18'/></System><EventData><Data Name='RuleName'></Data><Data Name='UtcTime'>2019-01-21 23:41:45.688</Data><Data Name='ProcessGuid'>{4145D37B-588A-5C46-0000-001078EA0000}</Data><Data Name='ProcessId'>368</Data><Data Name='Image'>C:\Windows\System32\svchost.exe</Data><Data Name='User'>NT AUTHORITY\NETWORK SERVICE</Data><Data Name='Protocol'>udp</Data><Data Name='Initiated'>false</Data><Data Name='SourceIsIpv6'>true</Data><Data Name='SourceIp'>ff02:0:0:0:0:0:1:3</Data><Data Name='SourceHostname'></Data><Data Name='SourcePort'>5355</Data><Data Name='SourcePortName'>llmnr</Data><Data Name='DestinationIsIpv6'>true</Data><Data Name='DestinationIp'>fe80:0:0:0:99da:51ad:4351:b2ae</Data><Data Name='DestinationHostname'>RjUiliEKbiknIJxN</Data><Data Name='DestinationPort'>56047</Data><Data Name='DestinationPortName'></Data></EventData></Event>
<Event xmlns='http://schemas.microsoft.com/win/2004/08/events/event'><System><Provider Name='Microsoft-Windows-Sysmon' Guid='{5770385F-C22A-43E0-BF4C-06F5698FFBD9}'/><EventID>3</EventID><Version>5</Version><Level>4</Level><Task>3</Task><Opcode>0</Opcode><Keywords>0x8000000000000000</Keywords><TimeCreated SystemTime='2019-05-13T04:31:39.015625000Z'/><EventRecordID>8275</EventRecordID><Correlation/><Execution ProcessID='1308' ThreadID='1788'/><Channel>Microsoft-Windows-Sysmon/Operational</Channel><Computer>cgcIRuPRFuq</Computer><Security UserID='S-1-5-18'/></System><EventData><Data Name='RuleName'></Data><Data Name='UtcTime'>2019-01-21 23:41:45.688</Data><Data Name='ProcessGuid'>{4145D37B-588A-5C46-0000-001078EA0000}</Data><Data Name='ProcessId'>368</Data><Data Name='Image'>C:\Windows\System32\svchost.exe</Data><Data Name='User'>NT AUTHORITY\NETWORK SERVICE</Data><Data Name='Protocol'>udp</Data><Data Name='Initiated'>false</Data><Data Name='SourceIsIpv6'>false</Data><Data Name='SourceIp'>224.0.0.252</Data><Data Name='SourceHostname'></Data><Data Name='SourcePort'>5355</Data><Data Name='SourcePortName'>llmnr</Data><Data Name='DestinationIsIpv6'>false</Data><Data Name='DestinationIp'>192.168.168.216</Data><Data Name='DestinationHostname'>RjUiliEKbiknIJxN</Data><Data Name='DestinationPort'>49293</Data><Data Name='DestinationPortName'></Data></EventData></Event>
<Event xmlns='http://schemas.microsoft.com/win/2004/08/events/event'><System><Provider Name='Microsoft-Windows-Sysmon' Guid='{5770385F-C22A-43E0-BF4C-06F5698FFBD9}'/><EventID>3</EventID><Version>5</Version><Level>4</Level><Task>3</Task><Opcode>0</Opcode><Keywords>0x8000000000000000</Keywords><TimeCreated SystemTime='2019-05-13T04:31:39.015625000Z'/><EventRecordID>8276</EventRecordID><Correlation/><Execution ProcessID='1308' ThreadID='1788'/><Channel>Microsoft-Windows-Sysmon/Operational</Channel><Computer>cgcIRuPRFuq</Computer><Security UserID='S-1-5-18'/></System><EventData><Data Name='RuleName'></Data><Data Name='UtcTime'>2019-01-21 23:41:45.739</Data><Data Name='ProcessGuid'>{4145D37B-588C-5C46-0000-001076030200}</Data><Data Name='ProcessId'>2004</Data><Data Name='Image'>C:\Python27\pythonw.exe</Data><Data Name='User'>CGCIRUPRFUQ\Administrator</Data><Data Name='Protocol'>tcp</Data><Data Name='Initiated'>false</Data><Data Name='SourceIsIpv6'>false</Data><Data Name='SourceIp'>192.168.168.203</Data><Data Name='SourceHostname'>cgcIRuPRFuq</Data><Data Name='SourcePort'>8000</Data><Data Name='SourcePortName'></Data><Data Name='DestinationIsIpv6'>false</Data><Data Name='DestinationIp'>192.168.168.1</Data><Data Name='DestinationHostname'></Data><Data Name='DestinationPort'>58236</Data><Data Name='DestinationPortName'></Data></EventData></Event>
<Event xmlns='http://schemas.microsoft.com/win/2004/08/events/event'><System><Provider Name='Microsoft-Windows-Sysmon' Guid='{5770385F-C22A-43E0-BF4C-06F5698FFBD9}'/><EventID>3</EventID><Version>5</Version><Level>4</Level><Task>3</Task><Opcode>0</Opcode><Keywords>0x8000000000000000</Keywords><TimeCreated SystemTime='2019-05-13T04:31:39.015625000Z'/><EventRecordID>8277</EventRecordID><Correlation/><Execution ProcessID='1308' ThreadID='1788'/><Channel>Microsoft-Windows-Sysmon/Operational</Channel><Computer>cgcIRuPRFuq</Computer><Security UserID='S-1-5-18'/></System><EventData><Data Name='RuleName'></Data><Data Name='UtcTime'>2019-01-21 23:41:45.741</Data><Data Name='ProcessGuid'>{4145D37B-588A-5C46-0000-001078EA0000}</Data><Data Name='ProcessId'>368</Data><Data Name='Image'>C:\Windows\System32\svchost.exe</Data><Data Name='User'>NT AUTHORITY\NETWORK SERVICE</Data><Data Name='Protocol'>udp</Data><Data Name='Initiated'>false</Data><Data Name='SourceIsIpv6'>true</Data><Data Name='SourceIp'>ff02:0:0:0:0:0:1:3</Data><Data Name='SourceHostname'></Data><Data Name='SourcePort'>5355</Data><Data Name='SourcePortName'>llmnr</Data><Data Name='DestinationIsIpv6'>true</Data><Data Name='DestinationIp'>fe80:0:0:0:b18d:20a4:80fa:9356</Data><Data Name='DestinationHostname'>TOkZIRkZNEXkIwm</Data><Data Name='DestinationPort'>63209</Data><Data Name='DestinationPortName'></Data></EventData></Event>
<Event xmlns='http://schemas.microsoft.com/win/2004/08/events/event'><System><Provider Name='Microsoft-Windows-Sysmon' Guid='{5770385F-C22A-43E0-BF4C-06F5698FFBD9}'/><EventID>3</EventID><Version>5</Version><Level>4</Level><Task>3</Task><Opcode>0</Opcode><Keywords>0x8000000000000000</Keywords><TimeCreated SystemTime='2019-05-13T04:31:39.015625000Z'/><EventRecordID>8278</EventRecordID><Correlation/><Execution ProcessID='1308' ThreadID='1788'/><Channel>Microsoft-Windows-Sysmon/Operational</Channel><Computer>cgcIRuPRFuq</Computer><Security UserID='S-1-5-18'/></System><EventData><Data Name='RuleName'></Data><Data Name='UtcTime'>2019-01-21 23:41:45.741</Data><Data Name='ProcessGuid'>{4145D37B-588A-5C46-0000-001078EA0000}</Data><Data Name='ProcessId'>368</Data><Data Name='Image'>C:\Windows\System32\svchost.exe</Data><Data Name='User'>NT AUTHORITY\NETWORK SERVICE</Data><Data Name='Protocol'>udp</Data><Data Name='Initiated'>false</Data><Data Name='SourceIsIpv6'>false</Data><Data Name='SourceIp'>224.0.0.252</Data><Data Name='SourceHostname'></Data><Data Name='SourcePort'>5355</Data><Data Name='SourcePortName'>llmnr</Data><Data Name='DestinationIsIpv6'>false</Data><Data Name='DestinationIp'>192.168.168.224</Data><Data Name='DestinationHostname'>TOkZIRkZNEXkIwm</Data><Data Name='DestinationPort'>64409</Data><Data Name='DestinationPortName'></Data></EventData></Event>
<Event xmlns='http://schemas.microsoft.com/win/2004/08/events/event'><System><Provider Name='Microsoft-Windows-Sysmon' Guid='{5770385F-C22A-43E0-BF4C-06F5698FFBD9}'/><EventID>3</EventID><Version>5</Version><Level>4</Level><Task>3</Task><Opcode>0</Opcode><Keywords>0x8000000000000000</Keywords><TimeCreated SystemTime='2019-05-13T04:31:39.015625000Z'/><EventRecordID>8279</EventRecordID><Correlation/><Execution ProcessID='1308' ThreadID='1788'/><Channel>Microsoft-Windows-Sysmon/Operational</Channel><Computer>cgcIRuPRFuq</Computer><Security UserID='S-1-5-18'/></System><EventData><Data Name='RuleName'></Data><Data Name='UtcTime'>2019-01-21 23:41:45.777</Data><Data Name='ProcessGuid'>{4145D37B-589F-5C46-0000-001032BF0400}</Data><Data Name='ProcessId'>2512</Data><Data Name='Image'>C:\Python27\pythonw.exe</Data><Data Name='User'>CGCIRUPRFUQ\Administrator</Data><Data Name='Protocol'>tcp</Data><Data Name='Initiated'>true</Data><Data Name='SourceIsIpv6'>false</Data><Data Name='SourceIp'>192.168.168.203</Data><Data Name='SourceHostname'>cgcIRuPRFuq</Data><Data Name='SourcePort'>49176</Data><Data Name='SourcePortName'></Data><Data Name='DestinationIsIpv6'>false</Data><Data Name='DestinationIp'>192.168.168.1</Data><Data Name='DestinationHostname'></Data><Data Name='DestinationPort'>2042</Data><Data Name='DestinationPortName'></Data></EventData></Event>
<Event xmlns='http://schemas.microsoft.com/win/2004/08/events/event'><System><Provider Name='Microsoft-Windows-Sysmon' Guid='{5770385F-C22A-43E0-BF4C-06F5698FFBD9}'/><EventID>3</EventID><Version>5</Version><Level>4</Level><Task>3</Task><Opcode>0</Opcode><Keywords>0x8000000000000000</Keywords><TimeCreated SystemTime='2019-05-13T04:31:39.515625000Z'/><EventRecordID>8280</EventRecordID><Correlation/><Execution ProcessID='1308' ThreadID='1788'/><Channel>Microsoft-Windows-Sysmon/Operational</Channel><Computer>cgcIRuPRFuq</Computer><Security UserID='S-1-5-18'/></System><EventData><Data Name='RuleName'></Data><Data Name='UtcTime'>2019-01-21 23:41:46.197</Data><Data Name='ProcessGuid'>{4145D37B-5888-5C46-0000-0010EB030000}</Data><Data Name='ProcessId'>4</Data><Data Name='Image'>System</Data><Data Name='User'>NT AUTHORITY\SYSTEM</Data><Data Name='Protocol'>udp</Data><Data Name='Initiated'>false</Data><Data Name='SourceIsIpv6'>false</Data><Data Name='SourceIp'>192.168.168.255</Data><Data Name='SourceHostname'></Data><Data Name='SourcePort'>137</Data><Data Name='SourcePortName'>netbios-ns</Data><Data Name='DestinationIsIpv6'>false</Data><Data Name='DestinationIp'>192.168.168.212</Data><Data Name='DestinationHostname'></Data><Data Name='DestinationPort'>137</Data><Data Name='DestinationPortName'>netbios-ns</Data></EventData></Event>
<Event xmlns='http://schemas.microsoft.com/win/2004/08/events/event'><System><Provider Name='Microsoft-Windows-Sysmon' Guid='{5770385F-C22A-43E0-BF4C-06F5698FFBD9}'/><EventID>3</EventID><Version>5</Version><Level>4</Level><Task>3</Task><Opcode>0</Opcode><Keywords>0x8000000000000000</Keywords><TimeCreated SystemTime='2019-05-13T04:31:39.515625000Z'/><EventRecordID>8281</EventRecordID><Correlation/><Execution ProcessID='1308' ThreadID='1788'/><Channel>Microsoft-Windows-Sysmon/Operational</Channel><Computer>cgcIRuPRFuq</Computer><Security UserID='S-1-5-18'/></System><EventData><Data Name='RuleName'></Data><Data Name='UtcTime'>2019-01-21 23:41:46.209</Data><Data Name='ProcessGuid'>{4145D37B-588A-5C46-0000-001078EA0000}</Data><Data Name='ProcessId'>368</Data><Data Name='Image'>C:\Windows\System32\svchost.exe</Data><Data Name='User'>NT AUTHORITY\NETWORK SERVICE</Data><Data Name='Protocol'>udp</Data><Data Name='Initiated'>false</Data><Data Name='SourceIsIpv6'>true</Data><Data Name='SourceIp'>ff02:0:0:0:0:0:1:3</Data><Data Name='SourceHostname'></Data><Data Name='SourcePort'>5355</Data><Data Name='SourcePortName'>llmnr</Data><Data Name='DestinationIsIpv6'>true</Data><Data Name='DestinationIp'>fe80:0:0:0:489:6757:d7e7:c274</Data><Data Name='DestinationHostname'>cgcIRuPRFuq</Data><Data Name='DestinationPort'>63758</Data><Data Name='DestinationPortName'></Data></EventData></Event>
<Event xmlns='http://schemas.microsoft.com/win/2004/08/events/event'><System><Provider Name='Microsoft-Windows-Sysmon' Guid='{5770385F-C22A-43E0-BF4C-06F5698FFBD9}'/><EventID>3</EventID><Version>5</Version><Level>4</Level><Task>3</Task><Opcode>0</Opcode><Keywords>0x8000000000000000</Keywords><TimeCreated SystemTime='2019-05-13T04:31:39.765625000Z'/><EventRecordID>8282</EventRecordID><Correlation/><Execution ProcessID='1308' ThreadID='1788'/><Channel>Microsoft-Windows-Sysmon/Operational</Channel><Computer>cgcIRuPRFuq</Computer><Security UserID='S-1-5-18'/></System><EventData><Data Name='RuleName'></Data><Data Name='UtcTime'>2019-01-21 23:41:46.443</Data><Data Name='ProcessGuid'>{4145D37B-588A-5C46-0000-001078EA0000}</Data><Data Name='ProcessId'>368</Data><Data Name='Image'>C:\Windows\System32\svchost.exe</Data><Data Name='User'>NT AUTHORITY\NETWORK SERVICE</Data><Data Name='Protocol'>udp</Data><Data Name='Initiated'>false</Data><Data Name='SourceIsIpv6'>true</Data><Data Name='SourceIp'>ff02:0:0:0:0:0:1:3</Data><Data Name='SourceHostname'></Data><Data Name='SourcePort'>5355</Data><Data Name='SourcePortName'>llmnr</Data><Data Name='DestinationIsIpv6'>true</Data><Data Name='DestinationIp'>fe80:0:0:0:f172:7e45:2f86:4cd9</Data><Data Name='DestinationHostname'></Data><Data Name='DestinationPort'>63176</Data><Data Name='DestinationPortName'></Data></EventData></Event>
<Event xmlns='http://schemas.microsoft.com/win/2004/08/events/event'><System><Provider Name='Microsoft-Windows-Sysmon' Guid='{5770385F-C22A-43E0-BF4C-06F5698FFBD9}'/><EventID>3</EventID><Version>5</Version><Level>4</Level><Task>3</Task><Opcode>0</Opcode><Keywords>0x8000000000000000</Keywords><TimeCreated SystemTime='2019-05-13T04:31:39.765625000Z'/><EventRecordID>8283</EventRecordID><Correlation/><Execution ProcessID='1308' ThreadID='1788'/><Channel>Microsoft-Windows-Sysmon/Operational</Channel><Computer>cgcIRuPRFuq</Computer><Security UserID='S-1-5-18'/></System><EventData><Data Name='RuleName'></Data><Data Name='UtcTime'>2019-01-21 23:41:46.444</Data><Data Name='ProcessGuid'>{4145D37B-588A-5C46-0000-001078EA0000}</Data><Data Name='ProcessId'>368</Data><Data Name='Image'>C:\Windows\System32\svchost.exe</Data><Data Name='User'>NT AUTHORITY\NETWORK SERVICE</Data><Data Name='Protocol'>udp</Data><Data Name='Initiated'>false</Data><Data Name='SourceIsIpv6'>false</Data><Data Name='SourceIp'>224.0.0.252</Data><Data Name='SourceHostname'></Data><Data Name='SourcePort'>5355</Data><Data Name='SourcePortName'>llmnr</Data><Data Name='DestinationIsIpv6'>false</Data><Data Name='DestinationIp'>192.168.168.212</Data><Data Name='DestinationHostname'></Data><Data Name='DestinationPort'>60162</Data><Data Name='DestinationPortName'></Data></EventData></Event>
<Event xmlns='http://schemas.microsoft.com/win/2004/08/events/event'><System><Provider Name='Microsoft-Windows-Sysmon' Guid='{5770385F-C22A-43E0-BF4C-06F5698FFBD9}'/><EventID>3</EventID><Version>5</Version><Level>4</Level><Task>3</Task><Opcode>0</Opcode><Keywords>0x8000000000000000</Keywords><TimeCreated SystemTime='2019-05-13T04:31:39.765625000Z'/><EventRecordID>8284</EventRecordID><Correlation/><Execution ProcessID='1308' ThreadID='1788'/><Channel>Microsoft-Windows-Sysmon/Operational</Channel><Computer>cgcIRuPRFuq</Computer><Security UserID='S-1-5-18'/></System><EventData><Data Name='RuleName'></Data><Data Name='UtcTime'>2019-01-21 23:41:46.560</Data><Data Name='ProcessGuid'>{4145D37B-588A-5C46-0000-001078EA0000}</Data><Data Name='ProcessId'>368</Data><Data Name='Image'>C:\Windows\System32\svchost.exe</Data><Data Name='User'>NT AUTHORITY\NETWORK SERVICE</Data><Data Name='Protocol'>udp</Data><Data Name='Initiated'>false</Data><Data Name='SourceIsIpv6'>true</Data><Data Name='SourceIp'>ff02:0:0:0:0:0:1:3</Data><Data Name='SourceHostname'></Data><Data Name='SourcePort'>5355</Data><Data Name='SourcePortName'>llmnr</Data><Data Name='DestinationIsIpv6'>true</Data><Data Name='DestinationIp'>fe80:0:0:0:f172:7e45:2f86:4cd9</Data><Data Name='DestinationHostname'></Data><Data Name='DestinationPort'>64060</Data><Data Name='DestinationPortName'></Data></EventData></Event>
<Event xmlns='http://schemas.microsoft.com/win/2004/08/events/event'><System><Provider Name='Microsoft-Windows-Sysmon' Guid='{5770385F-C22A-43E0-BF4C-06F5698FFBD9}'/><EventID>3</EventID><Version>5</Version><Level>4</Level><Task>3</Task><Opcode>0</Opcode><Keywords>0x8000000000000000</Keywords><TimeCreated SystemTime='2019-05-13T04:31:39.765625000Z'/><EventRecordID>8285</EventRecordID><Correlation/><Execution ProcessID='1308' ThreadID='1788'/><Channel>Microsoft-Windows-Sysmon/Operational</Channel><Computer>cgcIRuPRFuq</Computer><Security UserID='S-1-5-18'/></System><EventData><Data Name='RuleName'></Data><Data Name='UtcTime'>2019-01-21 23:41:46.560</Data><Data Name='ProcessGuid'>{4145D37B-588A-5C46-0000-001078EA0000}</Data><Data Name='ProcessId'>368</Data><Data Name='Image'>C:\Windows\System32\svchost.exe</Data><Data Name='User'>NT AUTHORITY\NETWORK SERVICE</Data><Data Name='Protocol'>udp</Data><Data Name='Initiated'>false</Data><Data Name='SourceIsIpv6'>false</Data><Data Name='SourceIp'>224.0.0.252</Data><Data Name='SourceHostname'></Data><Data Name='SourcePort'>5355</Data><Data Name='SourcePortName'>llmnr</Data><Data Name='DestinationIsIpv6'>false</Data><Data Name='DestinationIp'>192.168.168.212</Data><Data Name='DestinationHostname'></Data><Data Name='DestinationPort'>55612</Data><Data Name='DestinationPortName'></Data></EventData></Event>
<Event xmlns='http://schemas.microsoft.com/win/2004/08/events/event'><System><Provider Name='Microsoft-Windows-Sysmon' Guid='{5770385F-C22A-43E0-BF4C-06F5698FFBD9}'/><EventID>3</EventID><Version>5</Version><Level>4</Level><Task>3</Task><Opcode>0</Opcode><Keywords>0x8000000000000000</Keywords><TimeCreated SystemTime='2019-05-13T04:31:40.015625000Z'/><EventRecordID>8286</EventRecordID><Correlation/><Execution ProcessID='1308' ThreadID='1788'/><Channel>Microsoft-Windows-Sysmon/Operational</Channel><Computer>cgcIRuPRFuq</Computer><Security UserID='S-1-5-18'/></System><EventData><Data Name='RuleName'></Data><Data Name='UtcTime'>2019-01-21 23:41:46.747</Data><Data Name='ProcessGuid'>{4145D37B-588A-5C46-0000-001078EA0000}</Data><Data Name='ProcessId'>368</Data><Data Name='Image'>C:\Windows\System32\svchost.exe</Data><Data Name='User'>NT AUTHORITY\NETWORK SERVICE</Data><Data Name='Protocol'>udp</Data><Data Name='Initiated'>false</Data><Data Name='SourceIsIpv6'>true</Data><Data Name='SourceIp'>ff02:0:0:0:0:0:1:3</Data><Data Name='SourceHostname'></Data><Data Name='SourcePort'>5355</Data><Data Name='SourcePortName'>llmnr</Data><Data Name='DestinationIsIpv6'>true</Data><Data Name='DestinationIp'>fe80:0:0:0:51fd:d5c6:1277:f85d</Data><Data Name='DestinationHostname'>eyAdJpZuhJHpa</Data><Data Name='DestinationPort'>62427</Data><Data Name='DestinationPortName'></Data></EventData></Event>
<Event xmlns='http://schemas.microsoft.com/win/2004/08/events/event'><System><Provider Name='Microsoft-Windows-Sysmon' Guid='{5770385F-C22A-43E0-BF4C-06F5698FFBD9}'/><EventID>3</EventID><Version>5</Version><Level>4</Level><Task>3</Task><Opcode>0</Opcode><Keywords>0x8000000000000000</Keywords><TimeCreated SystemTime='2019-05-13T04:31:40.015625000Z'/><EventRecordID>8287</EventRecordID><Correlation/><Execution ProcessID='1308' ThreadID='1788'/><Channel>Microsoft-Windows-Sysmon/Operational</Channel><Computer>cgcIRuPRFuq</Computer><Security UserID='S-1-5-18'/></System><EventData><Data Name='RuleName'></Data><Data Name='UtcTime'>2019-01-21 23:41:46.747</Data><Data Name='ProcessGuid'>{4145D37B-588A-5C46-0000-001078EA0000}</Data><Data Name='ProcessId'>368</Data><Data Name='Image'>C:\Windows\System32\svchost.exe</Data><Data Name='User'>NT AUTHORITY\NETWORK SERVICE</Data><Data Name='Protocol'>udp</Data><Data Name='Initiated'>false</Data><Data Name='SourceIsIpv6'>false</Data><Data Name='SourceIp'>224.0.0.252</Data><Data Name='SourceHostname'></Data><Data Name='SourcePort'>5355</Data><Data Name='SourcePortName'>llmnr</Data><Data Name='DestinationIsIpv6'>false</Data><Data Name='DestinationIp'>192.168.168.229</Data><Data Name='DestinationHostname'>eyAdJpZuhJHpa</Data><Data Name='DestinationPort'>59403</Data><Data Name='DestinationPortName'></Data></EventData></Event>
<Event xmlns='http://schemas.microsoft.com/win/2004/08/events/event'><System><Provider Name='Microsoft-Windows-Sysmon' Guid='{5770385F-C22A-43E0-BF4C-06F5698FFBD9}'/><EventID>3</EventID><Version>5</Version><Level>4</Level><Task>3</Task><Opcode>0</Opcode><Keywords>0x8000000000000000</Keywords><TimeCreated SystemTime='2019-05-13T04:31:40.015625000Z'/><EventRecordID>8288</EventRecordID><Correlation/><Execution ProcessID='1308' ThreadID='1788'/><Channel>Microsoft-Windows-Sysmon/Operational</Channel><Computer>cgcIRuPRFuq</Computer><Security UserID='S-1-5-18'/></System><EventData><Data Name='RuleName'></Data><Data Name='UtcTime'>2019-01-21 23:41:46.807</Data><Data Name='ProcessGuid'>{4145D37B-588C-5C46-0000-001076030200}</Data><Data Name='ProcessId'>2004</Data><Data Name='Image'>C:\Python27\pythonw.exe</Data><Data Name='User'>CGCIRUPRFUQ\Administrator</Data><Data Name='Protocol'>tcp</Data><Data Name='Initiated'>false</Data><Data Name='SourceIsIpv6'>false</Data><Data Name='SourceIp'>192.168.168.203</Data><Data Name='SourceHostname'>cgcIRuPRFuq</Data><Data Name='SourcePort'>8000</Data><Data Name='SourcePortName'></Data><Data Name='DestinationIsIpv6'>false</Data><Data Name='DestinationIp'>192.168.168.1</Data><Data Name='DestinationHostname'></Data><Data Name='DestinationPort'>58246</Data><Data Name='DestinationPortName'></Data></EventData></Event>
<Event xmlns='http://schemas.microsoft.com/win/2004/08/events/event'><System><Provider Name='Microsoft-Windows-Sysmon' Guid='{5770385F-C22A-43E0-BF4C-06F5698FFBD9}'/><EventID>3</EventID><Version>5</Version><Level>4</Level><Task>3</Task><Opcode>0</Opcode><Keywords>0x8000000000000000</Keywords><TimeCreated SystemTime='2019-05-13T04:31:40.296875000Z'/><EventRecordID>8289</EventRecordID><Correlation/><Execution ProcessID='1308' ThreadID='1788'/><Channel>Microsoft-Windows-Sysmon/Operational</Channel><Computer>cgcIRuPRFuq</Computer><Security UserID='S-1-5-18'/></System><EventData><Data Name='RuleName'></Data><Data Name='UtcTime'>2019-01-21 23:41:47.040</Data><Data Name='ProcessGuid'>{4145D37B-588A-5C46-0000-001078EA0000}</Data><Data Name='ProcessId'>368</Data><Data Name='Image'>C:\Windows\System32\svchost.exe</Data><Data Name='User'>NT AUTHORITY\NETWORK SERVICE</Data><Data Name='Protocol'>udp</Data><Data Name='Initiated'>false</Data><Data Name='SourceIsIpv6'>true</Data><Data Name='SourceIp'>ff02:0:0:0:0:0:1:3</Data><Data Name='SourceHostname'></Data><Data Name='SourcePort'>5355</Data><Data Name='SourcePortName'>llmnr</Data><Data Name='DestinationIsIpv6'>true</Data><Data Name='DestinationIp'>fe80:0:0:0:b18d:20a4:80fa:9356</Data><Data Name='DestinationHostname'>TOkZIRkZNEXkIwm</Data><Data Name='DestinationPort'>61178</Data><Data Name='DestinationPortName'></Data></EventData></Event>
<Event xmlns='http://schemas.microsoft.com/win/2004/08/events/event'><System><Provider Name='Microsoft-Windows-Sysmon' Guid='{5770385F-C22A-43E0-BF4C-06F5698FFBD9}'/><EventID>3</EventID><Version>5</Version><Level>4</Level><Task>3</Task><Opcode>0</Opcode><Keywords>0x8000000000000000</Keywords><TimeCreated SystemTime='2019-05-13T04:31:40.296875000Z'/><EventRecordID>8290</EventRecordID><Correlation/><Execution ProcessID='1308' ThreadID='1788'/><Channel>Microsoft-Windows-Sysmon/Operational</Channel><Computer>cgcIRuPRFuq</Computer><Security UserID='S-1-5-18'/></System><EventData><Data Name='RuleName'></Data><Data Name='UtcTime'>2019-01-21 23:41:47.041</Data><Data Name='ProcessGuid'>{4145D37B-588A-5C46-0000-001078EA0000}</Data><Data Name='ProcessId'>368</Data><Data Name='Image'>C:\Windows\System32\svchost.exe</Data><Data Name='User'>NT AUTHORITY\NETWORK SERVICE</Data><Data Name='Protocol'>udp</Data><Data Name='Initiated'>false</Data><Data Name='SourceIsIpv6'>false</Data><Data Name='SourceIp'>224.0.0.252</Data><Data Name='SourceHostname'></Data><Data Name='SourcePort'>5355</Data><Data Name='SourcePortName'>llmnr</Data><Data Name='DestinationIsIpv6'>false</Data><Data Name='DestinationIp'>192.168.168.224</Data><Data Name='DestinationHostname'>TOkZIRkZNEXkIwm</Data><Data Name='DestinationPort'>55144</Data><Data Name='DestinationPortName'></Data></EventData></Event>
<Event xmlns='http://schemas.microsoft.com/win/2004/08/events/event'><System><Provider Name='Microsoft-Windows-Sysmon' Guid='{5770385F-C22A-43E0-BF4C-06F5698FFBD9}'/><EventID>3</EventID><Version>5</Version><Level>4</Level><Task>3</Task><Opcode>0</Opcode><Keywords>0x8000000000000000</Keywords><TimeCreated SystemTime='2019-05-13T04:31:40.296875000Z'/><EventRecordID>8291</EventRecordID><Correlation/><Execution ProcessID='1308' ThreadID='1788'/><Channel>Microsoft-Windows-Sysmon/Operational</Channel><Computer>cgcIRuPRFuq</Computer><Security UserID='S-1-5-18'/></System><EventData><Data Name='RuleName'></Data><Data Name='UtcTime'>2019-01-21 23:41:47.069</Data><Data Name='ProcessGuid'>{4145D37B-589F-5C46-0000-001032BF0400}</Data><Data Name='ProcessId'>2512</Data><Data Name='Image'>C:\Python27\pythonw.exe</Data><Data Name='User'>CGCIRUPRFUQ\Administrator</Data><Data Name='Protocol'>tcp</Data><Data Name='Initiated'>true</Data><Data Name='SourceIsIpv6'>false</Data><Data Name='SourceIp'>192.168.168.203</Data><Data Name='SourceHostname'>cgcIRuPRFuq</Data><Data Name='SourcePort'>49177</Data><Data Name='SourcePortName'></Data><Data Name='DestinationIsIpv6'>false</Data><Data Name='DestinationIp'>192.168.168.1</Data><Data Name='DestinationHostname'></Data><Data Name='DestinationPort'>2042</Data><Data Name='DestinationPortName'></Data></EventData></Event>
<Event xmlns='http://schemas.microsoft.com/win/2004/08/events/event'><System><Provider Name='Microsoft-Windows-Sysmon' Guid='{5770385F-C22A-43E0-BF4C-06F5698FFBD9}'/><EventID>3</EventID><Version>5</Version><Level>4</Level><Task>3</Task><Opcode>0</Opcode><Keywords>0x8000000000000000</Keywords><TimeCreated SystemTime='2019-05-13T04:31:40.796875000Z'/><EventRecordID>8292</EventRecordID><Correlation/><Execution ProcessID='1308' ThreadID='1788'/><Channel>Microsoft-Windows-Sysmon/Operational</Channel><Computer>cgcIRuPRFuq</Computer><Security UserID='S-1-5-18'/></System><EventData><Data Name='RuleName'></Data><Data Name='UtcTime'>2019-01-21 23:41:47.629</Data><Data Name='ProcessGuid'>{4145D37B-588A-5C46-0000-001078EA0000}</Data><Data Name='ProcessId'>368</Data><Data Name='Image'>C:\Windows\System32\svchost.exe</Data><Data Name='User'>NT AUTHORITY\NETWORK SERVICE</Data><Data Name='Protocol'>udp</Data><Data Name='Initiated'>false</Data><Data Name='SourceIsIpv6'>true</Data><Data Name='SourceIp'>ff02:0:0:0:0:0:1:3</Data><Data Name='SourceHostname'></Data><Data Name='SourcePort'>5355</Data><Data Name='SourcePortName'>llmnr</Data><Data Name='DestinationIsIpv6'>true</Data><Data Name='DestinationIp'>fe80:0:0:0:df2:ddb4:1d0d:41f</Data><Data Name='DestinationHostname'>XLadauuXmX</Data><Data Name='DestinationPort'>53131</Data><Data Name='DestinationPortName'></Data></EventData></Event>
<Event xmlns='http://schemas.microsoft.com/win/2004/08/events/event'><System><Provider Name='Microsoft-Windows-Sysmon' Guid='{5770385F-C22A-43E0-BF4C-06F5698FFBD9}'/><EventID>3</EventID><Version>5</Version><Level>4</Level><Task>3</Task><Opcode>0</Opcode><Keywords>0x8000000000000000</Keywords><TimeCreated SystemTime='2019-05-13T04:31:40.796875000Z'/><EventRecordID>8293</EventRecordID><Correlation/><Execution ProcessID='1308' ThreadID='1788'/><Channel>Microsoft-Windows-Sysmon/Operational</Channel><Computer>cgcIRuPRFuq</Computer><Security UserID='S-1-5-18'/></System><EventData><Data Name='RuleName'></Data><Data Name='UtcTime'>2019-01-21 23:41:47.629</Data><Data Name='ProcessGuid'>{4145D37B-588A-5C46-0000-001078EA0000}</Data><Data Name='ProcessId'>368</Data><Data Name='Image'>C:\Windows\System32\svchost.exe</Data><Data Name='User'>NT AUTHORITY\NETWORK SERVICE</Data><Data Name='Protocol'>udp</Data><Data Name='Initiated'>false</Data><Data Name='SourceIsIpv6'>false</Data><Data Name='SourceIp'>224.0.0.252</Data><Data Name='SourceHostname'></Data><Data Name='SourcePort'>5355</Data><Data Name='SourcePortName'>llmnr</Data><Data Name='DestinationIsIpv6'>false</Data><Data Name='DestinationIp'>192.168.168.204</Data><Data Name='DestinationHostname'>XLadauuXmX</Data><Data Name='DestinationPort'>61349</Data><Data Name='DestinationPortName'></Data></EventData></Event>
<Event xmlns='http://schemas.microsoft.com/win/2004/08/events/event'><System><Provider Name='Microsoft-Windows-Sysmon' Guid='{5770385F-C22A-43E0-BF4C-06F5698FFBD9}'/><EventID>3</EventID><Version>5</Version><Level>4</Level><Task>3</Task><Opcode>0</Opcode><Keywords>0x8000000000000000</Keywords><TimeCreated SystemTime='2019-05-13T04:31:41.046875000Z'/><EventRecordID>8294</EventRecordID><Correlation/><Execution ProcessID='1308' ThreadID='1788'/><Channel>Microsoft-Windows-Sysmon/Operational</Channel><Computer>cgcIRuPRFuq</Computer><Security UserID='S-1-5-18'/></System><EventData><Data Name='RuleName'></Data><Data Name='UtcTime'>2019-01-21 23:41:47.857</Data><Data Name='ProcessGuid'>{4145D37B-588C-5C46-0000-001076030200}</Data><Data Name='ProcessId'>2004</Data><Data Name='Image'>C:\Python27\pythonw.exe</Data><Data Name='User'>CGCIRUPRFUQ\Administrator</Data><Data Name='Protocol'>tcp</Data><Data Name='Initiated'>false</Data><Data Name='SourceIsIpv6'>false</Data><Data Name='SourceIp'>192.168.168.203</Data><Data Name='SourceHostname'>cgcIRuPRFuq</Data><Data Name='SourcePort'>8000</Data><Data Name='SourcePortName'></Data><Data Name='DestinationIsIpv6'>false</Data><Data Name='DestinationIp'>192.168.168.1</Data><Data Name='DestinationHostname'></Data><Data Name='DestinationPort'>58264</Data><Data Name='DestinationPortName'></Data></EventData></Event>
<Event xmlns='http://schemas.microsoft.com/win/2004/08/events/event'><System><Provider Name='Microsoft-Windows-Sysmon' Guid='{5770385F-C22A-43E0-BF4C-06F5698FFBD9}'/><EventID>3</EventID><Version>5</Version><Level>4</Level><Task>3</Task><Opcode>0</Opcode><Keywords>0x8000000000000000</Keywords><TimeCreated SystemTime='2019-05-13T04:31:41.296875000Z'/><EventRecordID>8295</EventRecordID><Correlation/><Execution ProcessID='1308' ThreadID='1788'/><Channel>Microsoft-Windows-Sysmon/Operational</Channel><Computer>cgcIRuPRFuq</Computer><Security UserID='S-1-5-18'/></System><EventData><Data Name='RuleName'></Data><Data Name='UtcTime'>2019-01-21 23:41:48.040</Data><Data Name='ProcessGuid'>{4145D37B-588A-5C46-0000-001078EA0000}</Data><Data Name='ProcessId'>368</Data><Data Name='Image'>C:\Windows\System32\svchost.exe</Data><Data Name='User'>NT AUTHORITY\NETWORK SERVICE</Data><Data Name='Protocol'>udp</Data><Data Name='Initiated'>false</Data><Data Name='SourceIsIpv6'>true</Data><Data Name='SourceIp'>ff02:0:0:0:0:0:1:3</Data><Data Name='SourceHostname'></Data><Data Name='SourcePort'>5355</Data><Data Name='SourcePortName'>llmnr</Data><Data Name='DestinationIsIpv6'>true</Data><Data Name='DestinationIp'>fe80:0:0:0:b18d:20a4:80fa:9356</Data><Data Name='DestinationHostname'>TOkZIRkZNEXkIwm</Data><Data Name='DestinationPort'>61976</Data><Data Name='DestinationPortName'></Data></EventData></Event>
<Event xmlns='http://schemas.microsoft.com/win/2004/08/events/event'><System><Provider Name='Microsoft-Windows-Sysmon' Guid='{5770385F-C22A-43E0-BF4C-06F5698FFBD9}'/><EventID>3</EventID><Version>5</Version><Level>4</Level><Task>3</Task><Opcode>0</Opcode><Keywords>0x8000000000000000</Keywords><TimeCreated SystemTime='2019-05-13T04:31:41.296875000Z'/><EventRecordID>8296</EventRecordID><Correlation/><Execution ProcessID='1308' ThreadID='1788'/><Channel>Microsoft-Windows-Sysmon/Operational</Channel><Computer>cgcIRuPRFuq</Computer><Security UserID='S-1-5-18'/></System><EventData><Data Name='RuleName'></Data><Data Name='UtcTime'>2019-01-21 23:41:48.040</Data><Data Name='ProcessGuid'>{4145D37B-588A-5C46-0000-001078EA0000}</Data><Data Name='ProcessId'>368</Data><Data Name='Image'>C:\Windows\System32\svchost.exe</Data><Data Name='User'>NT AUTHORITY\NETWORK SERVICE</Data><Data Name='Protocol'>udp</Data><Data Name='Initiated'>false</Data><Data Name='SourceIsIpv6'>false</Data><Data Name='SourceIp'>224.0.0.252</Data><Data Name='SourceHostname'></Data><Data Name='SourcePort'>5355</Data><Data Name='SourcePortName'>llmnr</Data><Data Name='DestinationIsIpv6'>false</Data><Data Name='DestinationIp'>192.168.168.224</Data><Data Name='DestinationHostname'>TOkZIRkZNEXkIwm</Data><Data Name='DestinationPort'>54723</Data><Data Name='DestinationPortName'></Data></EventData></Event>
<Event xmlns='http://schemas.microsoft.com/win/2004/08/events/event'><System><Provider Name='Microsoft-Windows-Sysmon' Guid='{5770385F-C22A-43E0-BF4C-06F5698FFBD9}'/><EventID>3</EventID><Version>5</Version><Level>4</Level><Task>3</Task><Opcode>0</Opcode><Keywords>0x8000000000000000</Keywords><TimeCreated SystemTime='2019-05-13T04:31:41.546875000Z'/><EventRecordID>8297</EventRecordID><Correlation/><Execution ProcessID='1308' ThreadID='1788'/><Channel>Microsoft-Windows-Sysmon/Operational</Channel><Computer>cgcIRuPRFuq</Computer><Security UserID='S-1-5-18'/></System><EventData><Data Name='RuleName'></Data><Data Name='UtcTime'>2019-01-21 23:41:48.260</Data><Data Name='ProcessGuid'>{4145D37B-588A-5C46-0000-001078EA0000}</Data><Data Name='ProcessId'>368</Data><Data Name='Image'>C:\Windows\System32\svchost.exe</Data><Data Name='User'>NT AUTHORITY\NETWORK SERVICE</Data><Data Name='Protocol'>udp</Data><Data Name='Initiated'>false</Data><Data Name='SourceIsIpv6'>true</Data><Data Name='SourceIp'>ff02:0:0:0:0:0:1:3</Data><Data Name='SourceHostname'></Data><Data Name='SourcePort'>5355</Data><Data Name='SourcePortName'>llmnr</Data><Data Name='DestinationIsIpv6'>true</Data><Data Name='DestinationIp'>fe80:0:0:0:99da:51ad:4351:b2ae</Data><Data Name='DestinationHostname'>RjUiliEKbiknIJxN</Data><Data Name='DestinationPort'>62561</Data><Data Name='DestinationPortName'></Data></EventData></Event>
<Event xmlns='http://schemas.microsoft.com/win/2004/08/events/event'><System><Provider Name='Microsoft-Windows-Sysmon' Guid='{5770385F-C22A-43E0-BF4C-06F5698FFBD9}'/><EventID>3</EventID><Version>5</Version><Level>4</Level><Task>3</Task><Opcode>0</Opcode><Keywords>0x8000000000000000</Keywords><TimeCreated SystemTime='2019-05-13T04:31:41.546875000Z'/><EventRecordID>8298</EventRecordID><Correlation/><Execution ProcessID='1308' ThreadID='1788'/><Channel>Microsoft-Windows-Sysmon/Operational</Channel><Computer>cgcIRuPRFuq</Computer><Security UserID='S-1-5-18'/></System><EventData><Data Name='RuleName'></Data><Data Name='UtcTime'>2019-01-21 23:41:48.261</Data><Data Name='ProcessGuid'>{4145D37B-588A-5C46-0000-001078EA0000}</Data><Data Name='ProcessId'>368</Data><Data Name='Image'>C:\Windows\System32\svchost.exe</Data><Data Name='User'>NT AUTHORITY\NETWORK SERVICE</Data><Data Name='Protocol'>udp</Data><Data Name='Initiated'>false</Data><Data Name='SourceIsIpv6'>false</Data><Data Name='SourceIp'>224.0.0.252</Data><Data Name='SourceHostname'></Data><Data Name='SourcePort'>5355</Data><Data Name='SourcePortName'>llmnr</Data><Data Name='DestinationIsIpv6'>false</Data><Data Name='DestinationIp'>192.168.168.216</Data><Data Name='DestinationHostname'>RjUiliEKbiknIJxN</Data><Data Name='DestinationPort'>57004</Data><Data Name='DestinationPortName'></Data></EventData></Event>
<Event xmlns='http://schemas.microsoft.com/win/2004/08/events/event'><System><Provider Name='Microsoft-Windows-Sysmon' Guid='{5770385F-C22A-43E0-BF4C-06F5698FFBD9}'/><EventID>3</EventID><Version>5</Version><Level>4</Level><Task>3</Task><Opcode>0</Opcode><Keywords>0x8000000000000000</Keywords><TimeCreated SystemTime='2019-05-13T04:31:41.812500000Z'/><EventRecordID>8299</EventRecordID><Correlation/><Execution ProcessID='1308' ThreadID='1788'/><Channel>Microsoft-Windows-Sysmon/Operational</Channel><Computer>cgcIRuPRFuq</Computer><Security UserID='S-1-5-18'/></System><EventData><Data Name='RuleName'></Data><Data Name='UtcTime'>2019-01-21 23:41:48.580</Data><Data Name='ProcessGuid'>{4145D37B-5888-5C46-0000-0010EB030000}</Data><Data Name='ProcessId'>4</Data><Data Name='Image'>System</Data><Data Name='User'>NT AUTHORITY\SYSTEM</Data><Data Name='Protocol'>udp</Data><Data Name='Initiated'>false</Data><Data Name='SourceIsIpv6'>false</Data><Data Name='SourceIp'>192.168.168.255</Data><Data Name='SourceHostname'></Data><Data Name='SourcePort'>138</Data><Data Name='SourcePortName'>netbios-dgm</Data><Data Name='DestinationIsIpv6'>false</Data><Data Name='DestinationIp'>192.168.168.223</Data><Data Name='DestinationHostname'>XYneGuBlbkBCtEGT</Data><Data Name='DestinationPort'>138</Data><Data Name='DestinationPortName'>netbios-dgm</Data></EventData></Event>
<Event xmlns='http://schemas.microsoft.com/win/2004/08/events/event'><System><Provider Name='Microsoft-Windows-Sysmon' Guid='{5770385F-C22A-43E0-BF4C-06F5698FFBD9}'/><EventID>3</EventID><Version>5</Version><Level>4</Level><Task>3</Task><Opcode>0</Opcode><Keywords>0x8000000000000000</Keywords><TimeCreated SystemTime='2019-05-13T04:31:41.812500000Z'/><EventRecordID>8300</EventRecordID><Correlation/><Execution ProcessID='1308' ThreadID='1788'/><Channel>Microsoft-Windows-Sysmon/Operational</Channel><Computer>cgcIRuPRFuq</Computer><Security UserID='S-1-5-18'/></System><EventData><Data Name='RuleName'></Data><Data Name='UtcTime'>2019-01-21 23:41:48.651</Data><Data Name='ProcessGuid'>{4145D37B-589F-5C46-0000-001032BF0400}</Data><Data Name='ProcessId'>2512</Data><Data Name='Image'>C:\Python27\pythonw.exe</Data><Data Name='User'>CGCIRUPRFUQ\Administrator</Data><Data Name='Protocol'>tcp</Data><Data Name='Initiated'>true</Data><Data Name='SourceIsIpv6'>false</Data><Data Name='SourceIp'>192.168.168.203</Data><Data Name='SourceHostname'>cgcIRuPRFuq</Data><Data Name='SourcePort'>49178</Data><Data Name='SourcePortName'></Data><Data Name='DestinationIsIpv6'>false</Data><Data Name='DestinationIp'>192.168.168.1</Data><Data Name='DestinationHostname'></Data><Data Name='DestinationPort'>2042</Data><Data Name='DestinationPortName'></Data></EventData></Event>
<Event xmlns='http://schemas.microsoft.com/win/2004/08/events/event'><System><Provider Name='Microsoft-Windows-Sysmon' Guid='{5770385F-C22A-43E0-BF4C-06F5698FFBD9}'/><EventID>3</EventID><Version>5</Version><Level>4</Level><Task>3</Task><Opcode>0</Opcode><Keywords>0x8000000000000000</Keywords><TimeCreated SystemTime='2019-05-13T04:31:42.062500000Z'/><EventRecordID>8301</EventRecordID><Correlation/><Execution ProcessID='1308' ThreadID='1788'/><Channel>Microsoft-Windows-Sysmon/Operational</Channel><Computer>cgcIRuPRFuq</Computer><Security UserID='S-1-5-18'/></System><EventData><Data Name='RuleName'></Data><Data Name='UtcTime'>2019-01-21 23:41:48.809</Data><Data Name='ProcessGuid'>{4145D37B-588A-5C46-0000-001078EA0000}</Data><Data Name='ProcessId'>368</Data><Data Name='Image'>C:\Windows\System32\svchost.exe</Data><Data Name='User'>NT AUTHORITY\NETWORK SERVICE</Data><Data Name='Protocol'>udp</Data><Data Name='Initiated'>false</Data><Data Name='SourceIsIpv6'>true</Data><Data Name='SourceIp'>ff02:0:0:0:0:0:1:3</Data><Data Name='SourceHostname'></Data><Data Name='SourcePort'>5355</Data><Data Name='SourcePortName'>llmnr</Data><Data Name='DestinationIsIpv6'>true</Data><Data Name='DestinationIp'>fe80:0:0:0:489:6757:d7e7:c274</Data><Data Name='DestinationHostname'>cgcIRuPRFuq</Data><Data Name='DestinationPort'>56865</Data><Data Name='DestinationPortName'></Data></EventData></Event>
<Event xmlns='http://schemas.microsoft.com/win/2004/08/events/event'><System><Provider Name='Microsoft-Windows-Sysmon' Guid='{5770385F-C22A-43E0-BF4C-06F5698FFBD9}'/><EventID>3</EventID><Version>5</Version><Level>4</Level><Task>3</Task><Opcode>0</Opcode><Keywords>0x8000000000000000</Keywords><TimeCreated SystemTime='2019-05-13T04:31:42.062500000Z'/><EventRecordID>8302</EventRecordID><Correlation/><Execution ProcessID='1308' ThreadID='1788'/><Channel>Microsoft-Windows-Sysmon/Operational</Channel><Computer>cgcIRuPRFuq</Computer><Security UserID='S-1-5-18'/></System><EventData><Data Name='RuleName'></Data><Data Name='UtcTime'>2019-01-21 23:41:48.892</Data><Data Name='ProcessGuid'>{4145D37B-588C-5C46-0000-001076030200}</Data><Data Name='ProcessId'>2004</Data><Data Name='Image'>C:\Python27\pythonw.exe</Data><Data Name='User'>CGCIRUPRFUQ\Administrator</Data><Data Name='Protocol'>tcp</Data><Data Name='Initiated'>false</Data><Data Name='SourceIsIpv6'>false</Data><Data Name='SourceIp'>192.168.168.203</Data><Data Name='SourceHostname'>cgcIRuPRFuq</Data><Data Name='SourcePort'>8000</Data><Data Name='SourcePortName'></Data><Data Name='DestinationIsIpv6'>false</Data><Data Name='DestinationIp'>192.168.168.1</Data><Data Name='DestinationHostname'></Data><Data Name='DestinationPort'>58274</Data><Data Name='DestinationPortName'></Data></EventData></Event>
<Event xmlns='http://schemas.microsoft.com/win/2004/08/events/event'><System><Provider Name='Microsoft-Windows-Sysmon' Guid='{5770385F-C22A-43E0-BF4C-06F5698FFBD9}'/><EventID>3</EventID><Version>5</Version><Level>4</Level><Task>3</Task><Opcode>0</Opcode><Keywords>0x8000000000000000</Keywords><TimeCreated SystemTime='2019-05-13T04:31:42.312500000Z'/><EventRecordID>8303</EventRecordID><Correlation/><Execution ProcessID='1308' ThreadID='1788'/><Channel>Microsoft-Windows-Sysmon/Operational</Channel><Computer>cgcIRuPRFuq</Computer><Security UserID='S-1-5-18'/></System><EventData><Data Name='RuleName'></Data><Data Name='UtcTime'>2019-01-21 23:41:49.137</Data><Data Name='ProcessGuid'>{4145D37B-588A-5C46-0000-001078EA0000}</Data><Data Name='ProcessId'>368</Data><Data Name='Image'>C:\Windows\System32\svchost.exe</Data><Data Name='User'>NT AUTHORITY\NETWORK SERVICE</Data><Data Name='Protocol'>udp</Data><Data Name='Initiated'>false</Data><Data Name='SourceIsIpv6'>true</Data><Data Name='SourceIp'>ff02:0:0:0:0:0:1:3</Data><Data Name='SourceHostname'></Data><Data Name='SourcePort'>5355</Data><Data Name='SourcePortName'>llmnr</Data><Data Name='DestinationIsIpv6'>true</Data><Data Name='DestinationIp'>fe80:0:0:0:f172:7e45:2f86:4cd9</Data><Data Name='DestinationHostname'></Data><Data Name='DestinationPort'>49461</Data><Data Name='DestinationPortName'></Data></EventData></Event>
<Event xmlns='http://schemas.microsoft.com/win/2004/08/events/event'><System><Provider Name='Microsoft-Windows-Sysmon' Guid='{5770385F-C22A-43E0-BF4C-06F5698FFBD9}'/><EventID>3</EventID><Version>5</Version><Level>4</Level><Task>3</Task><Opcode>0</Opcode><Keywords>0x8000000000000000</Keywords><TimeCreated SystemTime='2019-05-13T04:31:42.312500000Z'/><EventRecordID>8304</EventRecordID><Correlation/><Execution ProcessID='1308' ThreadID='1788'/><Channel>Microsoft-Windows-Sysmon/Operational</Channel><Computer>cgcIRuPRFuq</Computer><Security UserID='S-1-5-18'/></System><EventData><Data Name='RuleName'></Data><Data Name='UtcTime'>2019-01-21 23:41:49.137</Data><Data Name='ProcessGuid'>{4145D37B-588A-5C46-0000-001078EA0000}</Data><Data Name='ProcessId'>368</Data><Data Name='Image'>C:\Windows\System32\svchost.exe</Data><Data Name='User'>NT AUTHORITY\NETWORK SERVICE</Data><Data Name='Protocol'>udp</Data><Data Name='Initiated'>false</Data><Data Name='SourceIsIpv6'>false</Data><Data Name='SourceIp'>224.0.0.252</Data><Data Name='SourceHostname'></Data><Data Name='SourcePort'>5355</Data><Data Name='SourcePortName'>llmnr</Data><Data Name='DestinationIsIpv6'>false</Data><Data Name='DestinationIp'>192.168.168.212</Data><Data Name='DestinationHostname'></Data><Data Name='DestinationPort'>50605</Data><Data Name='DestinationPortName'></Data></EventData></Event>
<Event xmlns='http://schemas.microsoft.com/win/2004/08/events/event'><System><Provider Name='Microsoft-Windows-Sysmon' Guid='{5770385F-C22A-43E0-BF4C-06F5698FFBD9}'/><EventID>3</EventID><Version>5</Version><Level>4</Level><Task>3</Task><Opcode>0</Opcode><Keywords>0x8000000000000000</Keywords><TimeCreated SystemTime='2019-05-13T04:31:42.562500000Z'/><EventRecordID>8305</EventRecordID><Correlation/><Execution ProcessID='1308' ThreadID='1788'/><Channel>Microsoft-Windows-Sysmon/Operational</Channel><Computer>cgcIRuPRFuq</Computer><Security UserID='S-1-5-18'/></System><EventData><Data Name='RuleName'></Data><Data Name='UtcTime'>2019-01-21 23:41:49.241</Data><Data Name='ProcessGuid'>{4145D37B-588A-5C46-0000-001078EA0000}</Data><Data Name='ProcessId'>368</Data><Data Name='Image'>C:\Windows\System32\svchost.exe</Data><Data Name='User'>NT AUTHORITY\NETWORK SERVICE</Data><Data Name='Protocol'>udp</Data><Data Name='Initiated'>false</Data><Data Name='SourceIsIpv6'>true</Data><Data Name='SourceIp'>ff02:0:0:0:0:0:1:3</Data><Data Name='SourceHostname'></Data><Data Name='SourcePort'>5355</Data><Data Name='SourcePortName'>llmnr</Data><Data Name='DestinationIsIpv6'>true</Data><Data Name='DestinationIp'>fe80:0:0:0:f172:7e45:2f86:4cd9</Data><Data Name='DestinationHostname'></Data><Data Name='DestinationPort'>52437</Data><Data Name='DestinationPortName'></Data></EventData></Event>
<Event xmlns='http://schemas.microsoft.com/win/2004/08/events/event'><System><Provider Name='Microsoft-Windows-Sysmon' Guid='{5770385F-C22A-43E0-BF4C-06F5698FFBD9}'/><EventID>3</EventID><Version>5</Version><Level>4</Level><Task>3</Task><Opcode>0</Opcode><Keywords>0x8000000000000000</Keywords><TimeCreated SystemTime='2019-05-13T04:31:42.562500000Z'/><EventRecordID>8306</EventRecordID><Correlation/><Execution ProcessID='1308' ThreadID='1788'/><Channel>Microsoft-Windows-Sysmon/Operational</Channel><Computer>cgcIRuPRFuq</Computer><Security UserID='S-1-5-18'/></System><EventData><Data Name='RuleName'></Data><Data Name='UtcTime'>2019-01-21 23:41:49.242</Data><Data Name='ProcessGuid'>{4145D37B-588A-5C46-0000-001078EA0000}</Data><Data Name='ProcessId'>368</Data><Data Name='Image'>C:\Windows\System32\svchost.exe</Data><Data Name='User'>NT AUTHORITY\NETWORK SERVICE</Data><Data Name='Protocol'>udp</Data><Data Name='Initiated'>false</Data><Data Name='SourceIsIpv6'>false</Data><Data Name='SourceIp'>224.0.0.252</Data><Data Name='SourceHostname'></Data><Data Name='SourcePort'>5355</Data><Data Name='SourcePortName'>llmnr</Data><Data Name='DestinationIsIpv6'>false</Data><Data Name='DestinationIp'>192.168.168.212</Data><Data Name='DestinationHostname'></Data><Data Name='DestinationPort'>55889</Data><Data Name='DestinationPortName'></Data></EventData></Event>
<Event xmlns='http://schemas.microsoft.com/win/2004/08/events/event'><System><Provider Name='Microsoft-Windows-Sysmon' Guid='{5770385F-C22A-43E0-BF4C-06F5698FFBD9}'/><EventID>5</EventID><Version>3</Version><Level>4</Level><Task>5</Task><Opcode>0</Opcode><Keywords>0x8000000000000000</Keywords><TimeCreated SystemTime='2019-05-13T04:31:42.843750000Z'/><EventRecordID>8307</EventRecordID><Correlation/><Execution ProcessID='1308' ThreadID='1784'/><Channel>Microsoft-Windows-Sysmon/Operational</Channel><Computer>cgcIRuPRFuq</Computer><Security UserID='S-1-5-18'/></System><EventData><Data Name='RuleName'></Data><Data Name='UtcTime'>2019-05-13 04:31:27.390</Data><Data Name='ProcessGuid'>{4145D37B-5895-5C46-0000-001042630300}</Data><Data Name='ProcessId'>2252</Data><Data Name='Image'>C:\Windows\System32\mobsync.exe</Data></EventData></Event>
<Event xmlns='http://schemas.microsoft.com/win/2004/08/events/event'><System><Provider Name='Microsoft-Windows-Sysmon' Guid='{5770385F-C22A-43E0-BF4C-06F5698FFBD9}'/><EventID>3</EventID><Version>5</Version><Level>4</Level><Task>3</Task><Opcode>0</Opcode><Keywords>0x8000000000000000</Keywords><TimeCreated SystemTime='2019-05-13T04:31:43.062500000Z'/><EventRecordID>8308</EventRecordID><Correlation/><Execution ProcessID='1308' ThreadID='1788'/><Channel>Microsoft-Windows-Sysmon/Operational</Channel><Computer>cgcIRuPRFuq</Computer><Security UserID='S-1-5-18'/></System><EventData><Data Name='RuleName'></Data><Data Name='UtcTime'>2019-01-21 23:41:49.845</Data><Data Name='ProcessGuid'>{4145D37B-589F-5C46-0000-001032BF0400}</Data><Data Name='ProcessId'>2512</Data><Data Name='Image'>C:\Python27\pythonw.exe</Data><Data Name='User'>CGCIRUPRFUQ\Administrator</Data><Data Name='Protocol'>tcp</Data><Data Name='Initiated'>true</Data><Data Name='SourceIsIpv6'>false</Data><Data Name='SourceIp'>192.168.168.203</Data><Data Name='SourceHostname'>cgcIRuPRFuq</Data><Data Name='SourcePort'>49179</Data><Data Name='SourcePortName'></Data><Data Name='DestinationIsIpv6'>false</Data><Data Name='DestinationIp'>192.168.168.1</Data><Data Name='DestinationHostname'></Data><Data Name='DestinationPort'>2042</Data><Data Name='DestinationPortName'></Data></EventData></Event>
<Event xmlns='http://schemas.microsoft.com/win/2004/08/events/event'><System><Provider Name='Microsoft-Windows-Sysmon' Guid='{5770385F-C22A-43E0-BF4C-06F5698FFBD9}'/><EventID>3</EventID><Version>5</Version><Level>4</Level><Task>3</Task><Opcode>0</Opcode><Keywords>0x8000000000000000</Keywords><TimeCreated SystemTime='2019-05-13T04:31:43.312500000Z'/><EventRecordID>8309</EventRecordID><Correlation/><Execution ProcessID='1308' ThreadID='1788'/><Channel>Microsoft-Windows-Sysmon/Operational</Channel><Computer>cgcIRuPRFuq</Computer><Security UserID='S-1-5-18'/></System><EventData><Data Name='RuleName'></Data><Data Name='UtcTime'>2019-01-21 23:41:49.934</Data><Data Name='ProcessGuid'>{4145D37B-588C-5C46-0000-001076030200}</Data><Data Name='ProcessId'>2004</Data><Data Name='Image'>C:\Python27\pythonw.exe</Data><Data Name='User'>CGCIRUPRFUQ\Administrator</Data><Data Name='Protocol'>tcp</Data><Data Name='Initiated'>false</Data><Data Name='SourceIsIpv6'>false</Data><Data Name='SourceIp'>192.168.168.203</Data><Data Name='SourceHostname'>cgcIRuPRFuq</Data><Data Name='SourcePort'>8000</Data><Data Name='SourcePortName'></Data><Data Name='DestinationIsIpv6'>false</Data><Data Name='DestinationIp'>192.168.168.1</Data><Data Name='DestinationHostname'></Data><Data Name='DestinationPort'>58284</Data><Data Name='DestinationPortName'></Data></EventData></Event>
