<Event xmlns='http://schemas.microsoft.com/win/2004/08/events/event'><System><Provider Name='Microsoft-Windows-Sysmon' Guid='{5770385F-C22A-43E0-BF4C-06F5698FFBD9}'/><EventID>3</EventID><Version>5</Version><Level>4</Level><Task>3</Task><Opcode>0</Opcode><Keywords>0x8000000000000000</Keywords><TimeCreated SystemTime='2019-05-13T04:31:21.500000000Z'/><EventRecordID>7844</EventRecordID><Correlation/><Execution ProcessID='1308' ThreadID='1788'/><Channel>Microsoft-Windows-Sysmon/Operational</Channel><Computer>cgcIRuPRFuq</Computer><Security UserID='S-1-5-18'/></System><EventData><Data Name='RuleName'></Data><Data Name='UtcTime'>2019-01-21 23:41:28.125</Data><Data Name='ProcessGuid'>{4145D37B-588C-5C46-0000-001076030200}</Data><Data Name='ProcessId'>2004</Data><Data Name='Image'>C:\Python27\pythonw.exe</Data><Data Name='User'>CGCIRUPRFUQ\Administrator</Data><Data Name='Protocol'>tcp</Data><Data Name='Initiated'>false</Data><Data Name='SourceIsIpv6'>false</Data><Data Name='SourceIp'>192.168.168.203</Data><Data Name='SourceHostname'>cgcIRuPRFuq</Data><Data Name='SourcePort'>8000</Data><Data Name='SourcePortName'></Data><Data Name='DestinationIsIpv6'>false</Data><Data Name='DestinationIp'>192.168.168.1</Data><Data Name='DestinationHostname'></Data><Data Name='DestinationPort'>58038</Data><Data Name='DestinationPortName'></Data></EventData></Event>
<Event xmlns='http://schemas.microsoft.com/win/2004/08/events/event'><System><Provider Name='Microsoft-Windows-Sysmon' Guid='{5770385F-C22A-43E0-BF4C-06F5698FFBD9}'/><EventID>1</EventID><Version>5</Version><Level>4</Level><Task>1</Task><Opcode>0</Opcode><Keywords>0x8000000000000000</Keywords><TimeCreated SystemTime='2019-05-13T04:31:21.515625000Z'/><EventRecordID>7845</EventRecordID><Correlation/><Execution ProcessID='1308' ThreadID='1784'/><Channel>Microsoft-Windows-Sysmon/Operational</Channel><Computer>cgcIRuPRFuq</Computer><Security UserID='S-1-5-18'/></System><EventData><Data Name='RuleName'></Data><Data Name='UtcTime'>2019-05-13 04:31:16.015</Data><Data Name='ProcessGuid'>{4145D37B-F314-5CD8-0000-0010872A0600}</Data><Data Name='ProcessId'>2380</Data><Data Name='Image'>C:\Windows\System32\conhost.exe</Data><Data Name='FileVersion'>6.1.7600.16385 (win7_rtm.090713-1255)</Data><Data Name='Description'>Console Window Host</Data><Data Name='Product'>Microsoft® Windows® Operating System</Data><Data Name='Company'>Microsoft Corporation</Data><Data Name='CommandLine'>\??\C:\Windows\system32\conhost.exe</Data><Data Name='CurrentDirectory'>C:\Windows\system32\</Data><Data Name='User'>CGCIRUPRFUQ\Administrator</Data><Data Name='LogonGuid'>{4145D37B-588B-5C46-0000-002075010100}</Data><Data Name='LogonId'>0x10175</Data><Data Name='TerminalSessionId'>1</Data><Data Name='IntegrityLevel'>High</Data><Data Name='Hashes'>SHA1=680DEC0F8907F4B8911FBE2AA5F2FD25425BE0B0</Data><Data Name='ParentProcessGuid'>{4145D37B-5889-5C46-0000-001043480000}</Data><Data Name='ParentProcessId'>392</Data><Data Name='ParentImage'>C:\Windows\System32\csrss.exe</Data><Data Name='ParentCommandLine'>%SystemRoot%\system32\csrss.exe ObjectDirectory=\Windows SharedSection=1024,20480,768 Windows=On SubSystemType=Windows ServerDll=basesrv,1 ServerDll=winsrv:UserServerDllInitialization,3 ServerDll=winsrv:ConServerDllInitialization,2 ServerDll=sxssrv,4 ProfileControl=Off MaxRequestThreads=16</Data></EventData></Event>
<Event xmlns='http://schemas.microsoft.com/win/2004/08/events/event'><System><Provider Name='Microsoft-Windows-Sysmon' Guid='{5770385F-C22A-43E0-BF4C-06F5698FFBD9}'/><EventID>3</EventID><Version>5</Version><Level>4</Level><Task>3</Task><Opcode>0</Opcode><Keywords>0x8000000000000000</Keywords><TimeCreated SystemTime='2019-05-13T04:31:21.750000000Z'/><EventRecordID>7846</EventRecordID><Correlation/><Execution ProcessID='1308' ThreadID='1788'/><Channel>Microsoft-Windows-Sysmon/Operational</Channel><Computer>cgcIRuPRFuq</Computer><Security UserID='S-1-5-18'/></System><EventData><Data Name='RuleName'></Data><Data Name='UtcTime'>2019-01-21 23:41:28.325</Data><Data Name='ProcessGuid'>{4145D37B-589F-5C46-0000-001032BF0400}</Data><Data Name='ProcessId'>2512</Data><Data Name='Image'>C:\Python27\pythonw.exe</Data><Data Name='User'>CGCIRUPRFUQ\Administrator</Data><Data Name='Protocol'>tcp</Data><Data Name='Initiated'>true</Data><Data Name='SourceIsIpv6'>false</Data><Data Name='SourceIp'>192.168.168.203</Data><Data Name='SourceHostname'>cgcIRuPRFuq</Data><Data Name='SourcePort'>49163</Data><Data Name='SourcePortName'></Data><Data Name='DestinationIsIpv6'>false</Data><Data Name='DestinationIp'>192.168.168.1</Data><Data Name='DestinationHostname'></Data><Data Name='DestinationPort'>2042</Data><Data Name='DestinationPortName'></Data></EventData></Event>
<Event xmlns='http://schemas.microsoft.com/win/2004/08/events/event'><System><Provider Name='Microsoft-Windows-Sysmon' Guid='{5770385F-C22A-43E0-BF4C-06F5698FFBD9}'/><EventID>3</EventID><Version>5</Version><Level>4</Level><Task>3</Task><Opcode>0</Opcode><Keywords>0x8000000000000000</Keywords><TimeCreated SystemTime='2019-05-13T04:31:21.750000000Z'/><EventRecordID>7847</EventRecordID><Correlation/><Execution ProcessID='1308' ThreadID='1788'/><Channel>Microsoft-Windows-Sysmon/Operational</Channel><Computer>cgcIRuPRFuq</Computer><Security UserID='S-1-5-18'/></System><EventData><Data Name='RuleName'></Data><Data Name='UtcTime'>2019-01-21 23:41:28.327</Data><Data Name='ProcessGuid'>{4145D37B-589F-5C46-0000-001032BF0400}</Data><Data Name='ProcessId'>2512</Data><Data Name='Image'>C:\Python27\pythonw.exe</Data><Data Name='User'>CGCIRUPRFUQ\Administrator</Data><Data Name='Protocol'>tcp</Data><Data Name='Initiated'>true</Data><Data Name='SourceIsIpv6'>false</Data><Data Name='SourceIp'>192.168.168.203</Data><Data Name='SourceHostname'>cgcIRuPRFuq</Data><Data Name='SourcePort'>49164</Data><Data Name='SourcePortName'></Data><Data Name='DestinationIsIpv6'>false</Data><Data Name='DestinationIp'>192.168.168.1</Data><Data Name='DestinationHostname'></Data><Data Name='DestinationPort'>2042</Data><Data Name='DestinationPortName'></Data></EventData></Event>
<Event xmlns='http://schemas.microsoft.com/win/2004/08/events/event'><System><Provider Name='Microsoft-Windows-Sysmon' Guid='{5770385F-C22A-43E0-BF4C-06F5698FFBD9}'/><EventID>3</EventID><Version>5</Version><Level>4</Level><Task>3</Task><Opcode>0</Opcode><Keywords>0x8000000000000000</Keywords><TimeCreated SystemTime='2019-05-13T04:31:21.750000000Z'/><EventRecordID>7848</EventRecordID><Correlation/><Execution ProcessID='1308' ThreadID='1788'/><Channel>Microsoft-Windows-Sysmon/Operational</Channel><Computer>cgcIRuPRFuq</Computer><Security UserID='S-1-5-18'/></System><EventData><Data Name='RuleName'></Data><Data Name='UtcTime'>2019-01-21 23:41:28.336</Data><Data Name='ProcessGuid'>{4145D37B-588A-5C46-0000-001078EA0000}</Data><Data Name='ProcessId'>368</Data><Data Name='Image'>C:\Windows\System32\svchost.exe</Data><Data Name='User'>NT AUTHORITY\NETWORK SERVICE</Data><Data Name='Protocol'>udp</Data><Data Name='Initiated'>false</Data><Data Name='SourceIsIpv6'>true</Data><Data Name='SourceIp'>ff02:0:0:0:0:0:1:3</Data><Data Name='SourceHostname'></Data><Data Name='SourcePort'>5355</Data><Data Name='SourcePortName'>llmnr</Data><Data Name='DestinationIsIpv6'>true</Data><Data Name='DestinationIp'>fe80:0:0:0:b83d:b7ff:cc6:23c9</Data><Data Name='DestinationHostname'></Data><Data Name='DestinationPort'>64071</Data><Data Name='DestinationPortName'></Data></EventData></Event>
<Event xmlns='http://schemas.microsoft.com/win/2004/08/events/event'><System><Provider Name='Microsoft-Windows-Sysmon' Guid='{5770385F-C22A-43E0-BF4C-06F5698FFBD9}'/><EventID>3</EventID><Version>5</Version><Level>4</Level><Task>3</Task><Opcode>0</Opcode><Keywords>0x8000000000000000</Keywords><TimeCreated SystemTime='2019-05-13T04:31:21.750000000Z'/><EventRecordID>7849</EventRecordID><Correlation/><Execution ProcessID='1308' ThreadID='1788'/><Channel>Microsoft-Windows-Sysmon/Operational</Channel><Computer>cgcIRuPRFuq</Computer><Security UserID='S-1-5-18'/></System><EventData><Data Name='RuleName'></Data><Data Name='UtcTime'>2019-01-21 23:41:28.336</Data><Data Name='ProcessGuid'>{4145D37B-588A-5C46-0000-001078EA0000}</Data><Data Name='ProcessId'>368</Data><Data Name='Image'>C:\Windows\System32\svchost.exe</Data><Data Name='User'>NT AUTHORITY\NETWORK SERVICE</Data><Data Name='Protocol'>udp</Data><Data Name='Initiated'>false</Data><Data Name='SourceIsIpv6'>false</Data><Data Name='SourceIp'>224.0.0.252</Data><Data Name='SourceHostname'></Data><Data Name='SourcePort'>5355</Data><Data Name='SourcePortName'>llmnr</Data><Data Name='DestinationIsIpv6'>false</Data><Data Name='DestinationIp'>192.168.168.208</Data><Data Name='DestinationHostname'></Data><Data Name='DestinationPort'>63189</Data><Data Name='DestinationPortName'></Data></EventData></Event>
<Event xmlns='http://schemas.microsoft.com/win/2004/08/events/event'><System><Provider Name='Microsoft-Windows-Sysmon' Guid='{5770385F-C22A-43E0-BF4C-06F5698FFBD9}'/><EventID>3</EventID><Version>5</Version><Level>4</Level><Task>3</Task><Opcode>0</Opcode><Keywords>0x8000000000000000</Keywords><TimeCreated SystemTime='2019-05-13T04:31:21.750000000Z'/><EventRecordID>7850</EventRecordID><Correlation/><Execution ProcessID='1308' ThreadID='1788'/><Channel>Microsoft-Windows-Sysmon/Operational</Channel><Computer>cgcIRuPRFuq</Computer><Security UserID='S-1-5-18'/></System><EventData><Data Name='RuleName'></Data><Data Name='UtcTime'>2019-01-21 23:41:28.337</Data><Data Name='ProcessGuid'>{4145D37B-588A-5C46-0000-001078EA0000}</Data><Data Name='ProcessId'>368</Data><Data Name='Image'>C:\Windows\System32\svchost.exe</Data><Data Name='User'>NT AUTHORITY\NETWORK SERVICE</Data><Data Name='Protocol'>udp</Data><Data Name='Initiated'>false</Data><Data Name='SourceIsIpv6'>true</Data><Data Name='SourceIp'>ff02:0:0:0:0:0:1:3</Data><Data Name='SourceHostname'></Data><Data Name='SourcePort'>5355</Data><Data Name='SourcePortName'>llmnr</Data><Data Name='DestinationIsIpv6'>true</Data><Data Name='DestinationIp'>fe80:0:0:0:4c67:c66b:db0d:cc70</Data><Data Name='DestinationHostname'></Data><Data Name='DestinationPort'>50908</Data><Data Name='DestinationPortName'></Data></EventData></Event>
<Event xmlns='http://schemas.microsoft.com/win/2004/08/events/event'><System><Provider Name='Microsoft-Windows-Sysmon' Guid='{5770385F-C22A-43E0-BF4C-06F5698FFBD9}'/><EventID>3</EventID><Version>5</Version><Level>4</Level><Task>3</Task><Opcode>0</Opcode><Keywords>0x8000000000000000</Keywords><TimeCreated SystemTime='2019-05-13T04:31:21.750000000Z'/><EventRecordID>7851</EventRecordID><Correlation/><Execution ProcessID='1308' ThreadID='1788'/><Channel>Microsoft-Windows-Sysmon/Operational</Channel><Computer>cgcIRuPRFuq</Computer><Security UserID='S-1-5-18'/></System><EventData><Data Name='RuleName'></Data><Data Name='UtcTime'>2019-01-21 23:41:28.337</Data><Data Name='ProcessGuid'>{4145D37B-588A-5C46-0000-001078EA0000}</Data><Data Name='ProcessId'>368</Data><Data Name='Image'>C:\Windows\System32\svchost.exe</Data><Data Name='User'>NT AUTHORITY\NETWORK SERVICE</Data><Data Name='Protocol'>udp</Data><Data Name='Initiated'>false</Data><Data Name='SourceIsIpv6'>false</Data><Data Name='SourceIp'>224.0.0.252</Data><Data Name='SourceHostname'></Data><Data Name='SourcePort'>5355</Data><Data Name='SourcePortName'>llmnr</Data><Data Name='DestinationIsIpv6'>false</Data><Data Name='DestinationIp'>192.168.168.230</Data><Data Name='DestinationHostname'></Data><Data Name='DestinationPort'>58029</Data><Data Name='DestinationPortName'></Data></EventData></Event>
<Event xmlns='http://schemas.microsoft.com/win/2004/08/events/event'><System><Provider Name='Microsoft-Windows-Sysmon' Guid='{5770385F-C22A-43E0-BF4C-06F5698FFBD9}'/><EventID>1</EventID><Version>5</Version><Level>4</Level><Task>1</Task><Opcode>0</Opcode><Keywords>0x8000000000000000</Keywords><TimeCreated SystemTime='2019-05-13T04:31:22.078125000Z'/><EventRecordID>7852</EventRecordID><Correlation/><Execution ProcessID='1308' ThreadID='1784'/><Channel>Microsoft-Windows-Sysmon/Operational</Channel><Computer>cgcIRuPRFuq</Computer><Security UserID='S-1-5-18'/></System><EventData><Data Name='RuleName'></Data><Data Name='UtcTime'>2019-05-13 04:31:16.218</Data><Data Name='ProcessGuid'>{4145D37B-F314-5CD8-0000-00109B430600}</Data><Data Name='ProcessId'>344</Data><Data Name='Image'>C:\Windows\SysWOW64\wevtutil.exe</Data><Data Name='FileVersion'>6.1.7600.16385 (win7_rtm.090713-1255)</Data><Data Name='Description'>Eventing Command Line Utility</Data><Data Name='Product'>Microsoft® Windows® Operating System</Data><Data Name='Company'>Microsoft Corporation</Data><Data Name='CommandLine'>C:\Windows\System32\wevtutil.exe  query-events microsoft-windows-sysmon/operational /format:xml /e:Events </Data><Data Name='CurrentDirectory'>C:\tmpy_5up9\</Data><Data Name='User'>CGCIRUPRFUQ\Administrator</Data><Data Name='LogonGuid'>{4145D37B-588B-5C46-0000-002075010100}</Data><Data Name='LogonId'>0x10175</Data><Data Name='TerminalSessionId'>1</Data><Data Name='IntegrityLevel'>High</Data><Data Name='Hashes'>SHA1=790856B94B23D349A8CD8E913BA2C57DC0902ABF</Data><Data Name='ParentProcessGuid'>{4145D37B-F313-5CD8-0000-0010E6240600}</Data><Data Name='ParentProcessId'>2224</Data><Data Name='ParentImage'>C:\Windows\SysWOW64\cmd.exe</Data><Data Name='ParentCommandLine'>C:\Windows\system32\cmd.exe /c C:\Windows\System32\wevtutil.exe query-events microsoft-windows-sysmon/operational /format:xml /e:Events &gt; C:\sysmon.xml</Data></EventData></Event>
<Event xmlns='http://schemas.microsoft.com/win/2004/08/events/event'><System><Provider Name='Microsoft-Windows-Sysmon' Guid='{5770385F-C22A-43E0-BF4C-06F5698FFBD9}'/><EventID>3</EventID><Version>5</Version><Level>4</Level><Task>3</Task><Opcode>0</Opcode><Keywords>0x8000000000000000</Keywords><TimeCreated SystemTime='2019-05-13T04:31:22.250000000Z'/><EventRecordID>7853</EventRecordID><Correlation/><Execution ProcessID='1308' ThreadID='1788'/><Channel>Microsoft-Windows-Sysmon/Operational</Channel><Computer>cgcIRuPRFuq</Computer><Security UserID='S-1-5-18'/></System><EventData><Data Name='RuleName'></Data><Data Name='UtcTime'>2019-01-21 23:41:28.648</Data><Data Name='ProcessGuid'>{4145D37B-5888-5C46-0000-0010EB030000}</Data><Data Name='ProcessId'>4</Data><Data Name='Image'>System</Data><Data Name='User'>NT AUTHORITY\SYSTEM</Data><Data Name='Protocol'>udp</Data><Data Name='Initiated'>false</Data><Data Name='SourceIsIpv6'>false</Data><Data Name='SourceIp'>192.168.168.255</Data><Data Name='SourceHostname'></Data><Data Name='SourcePort'>137</Data><Data Name='SourcePortName'>netbios-ns</Data><Data Name='DestinationIsIpv6'>false</Data><Data Name='DestinationIp'>192.168.168.230</Data><Data Name='DestinationHostname'></Data><Data Name='DestinationPort'>137</Data><Data Name='DestinationPortName'>netbios-ns</Data></EventData></Event>
<Event xmlns='http://schemas.microsoft.com/win/2004/08/events/event'><System><Provider Name='Microsoft-Windows-Sysmon' Guid='{5770385F-C22A-43E0-BF4C-06F5698FFBD9}'/><EventID>5</EventID><Version>3</Version><Level>4</Level><Task>5</Task><Opcode>0</Opcode><Keywords>0x8000000000000000</Keywords><TimeCreated SystemTime='2019-05-13T04:31:22.296875000Z'/><EventRecordID>7854</EventRecordID><Correlation/><Execution ProcessID='1308' ThreadID='1784'/><Channel>Microsoft-Windows-Sysmon/Operational</Channel><Computer>cgcIRuPRFuq</Computer><Security UserID='S-1-5-18'/></System><EventData><Data Name='RuleName'></Data><Data Name='UtcTime'>2019-05-13 04:31:16.390</Data><Data Name='ProcessGuid'>{4145D37B-F314-5CD8-0000-00109B430600}</Data><Data Name='ProcessId'>344</Data><Data Name='Image'>C:\Windows\SysWOW64\wevtutil.exe</Data></EventData></Event>
<Event xmlns='http://schemas.microsoft.com/win/2004/08/events/event'><System><Provider Name='Microsoft-Windows-Sysmon' Guid='{5770385F-C22A-43E0-BF4C-06F5698FFBD9}'/><EventID>5</EventID><Version>3</Version><Level>4</Level><Task>5</Task><Opcode>0</Opcode><Keywords>0x8000000000000000</Keywords><TimeCreated SystemTime='2019-05-13T04:31:22.296875000Z'/><EventRecordID>7855</EventRecordID><Correlation/><Execution ProcessID='1308' ThreadID='1784'/><Channel>Microsoft-Windows-Sysmon/Operational</Channel><Computer>cgcIRuPRFuq</Computer><Security UserID='S-1-5-18'/></System><EventData><Data Name='RuleName'></Data><Data Name='UtcTime'>2019-05-13 04:31:16.390</Data><Data Name='ProcessGuid'>{4145D37B-F313-5CD8-0000-0010E6240600}</Data><Data Name='ProcessId'>2224</Data><Data Name='Image'>C:\Windows\SysWOW64\cmd.exe</Data></EventData></Event>
<Event xmlns='http://schemas.microsoft.com/win/2004/08/events/event'><System><Provider Name='Microsoft-Windows-Sysmon' Guid='{5770385F-C22A-43E0-BF4C-06F5698FFBD9}'/><EventID>5</EventID><Version>3</Version><Level>4</Level><Task>5</Task><Opcode>0</Opcode><Keywords>0x8000000000000000</Keywords><TimeCreated SystemTime='2019-05-13T04:31:22.296875000Z'/><EventRecordID>7856</EventRecordID><Correlation/><Execution ProcessID='1308' ThreadID='1784'/><Channel>Microsoft-Windows-Sysmon/Operational</Channel><Computer>cgcIRuPRFuq</Computer><Security UserID='S-1-5-18'/></System><EventData><Data Name='RuleName'></Data><Data Name='UtcTime'>2019-05-13 04:31:16.390</Data><Data Name='ProcessGuid'>{4145D37B-F314-5CD8-0000-0010872A0600}</Data><Data Name='ProcessId'>2380</Data><Data Name='Image'>C:\Windows\System32\conhost.exe</Data></EventData></Event>
<Event xmlns='http://schemas.microsoft.com/win/2004/08/events/event'><System><Provider Name='Microsoft-Windows-Sysmon' Guid='{5770385F-C22A-43E0-BF4C-06F5698FFBD9}'/><EventID>3</EventID><Version>5</Version><Level>4</Level><Task>3</Task><Opcode>0</Opcode><Keywords>0x8000000000000000</Keywords><TimeCreated SystemTime='2019-05-13T04:31:22.500000000Z'/><EventRecordID>7857</EventRecordID><Correlation/><Execution ProcessID='1308' ThreadID='1788'/><Channel>Microsoft-Windows-Sysmon/Operational</Channel><Computer>cgcIRuPRFuq</Computer><Security UserID='S-1-5-18'/></System><EventData><Data Name='RuleName'></Data><Data Name='UtcTime'>2019-01-21 23:41:29.185</Data><Data Name='ProcessGuid'>{4145D37B-588C-5C46-0000-001076030200}</Data><Data Name='ProcessId'>2004</Data><Data Name='Image'>C:\Python27\pythonw.exe</Data><Data Name='User'>CGCIRUPRFUQ\Administrator</Data><Data Name='Protocol'>tcp</Data><Data Name='Initiated'>false</Data><Data Name='SourceIsIpv6'>false</Data><Data Name='SourceIp'>192.168.168.203</Data><Data Name='SourceHostname'>cgcIRuPRFuq</Data><Data Name='SourcePort'>8000</Data><Data Name='SourcePortName'></Data><Data Name='DestinationIsIpv6'>false</Data><Data Name='DestinationIp'>192.168.168.1</Data><Data Name='DestinationHostname'></Data><Data Name='DestinationPort'>58044</Data><Data Name='DestinationPortName'></Data></EventData></Event>
<Event xmlns='http://schemas.microsoft.com/win/2004/08/events/event'><System><Provider Name='Microsoft-Windows-Sysmon' Guid='{5770385F-C22A-43E0-BF4C-06F5698FFBD9}'/><EventID>3</EventID><Version>5</Version><Level>4</Level><Task>3</Task><Opcode>0</Opcode><Keywords>0x8000000000000000</Keywords><TimeCreated SystemTime='2019-05-13T04:31:22.500000000Z'/><EventRecordID>7858</EventRecordID><Correlation/><Execution ProcessID='1308' ThreadID='1788'/><Channel>Microsoft-Windows-Sysmon/Operational</Channel><Computer>cgcIRuPRFuq</Computer><Security UserID='S-1-5-18'/></System><EventData><Data Name='RuleName'></Data><Data Name='UtcTime'>2019-01-21 23:41:29.192</Data><Data Name='ProcessGuid'>{4145D37B-588A-5C46-0000-001078EA0000}</Data><Data Name='ProcessId'>368</Data><Data Name='Image'>C:\Windows\System32\svchost.exe</Data><Data Name='User'>NT AUTHORITY\NETWORK SERVICE</Data><Data Name='Protocol'>udp</Data><Data Name='Initiated'>false</Data><Data Name='SourceIsIpv6'>true</Data><Data Name='SourceIp'>ff02:0:0:0:0:0:1:3</Data><Data Name='SourceHostname'></Data><Data Name='SourcePort'>5355</Data><Data Name='SourcePortName'>llmnr</Data><Data Name='DestinationIsIpv6'>true</Data><Data Name='DestinationIp'>fe80:0:0:0:58de:3a27:300c:e19e</Data><Data Name='DestinationHostname'></Data><Data Name='DestinationPort'>54290</Data><Data Name='DestinationPortName'></Data></EventData></Event>
<Event xmlns='http://schemas.microsoft.com/win/2004/08/events/event'><System><Provider Name='Microsoft-Windows-Sysmon' Guid='{5770385F-C22A-43E0-BF4C-06F5698FFBD9}'/><EventID>3</EventID><Version>5</Version><Level>4</Level><Task>3</Task><Opcode>0</Opcode><Keywords>0x8000000000000000</Keywords><TimeCreated SystemTime='2019-05-13T04:31:22.500000000Z'/><EventRecordID>7859</EventRecordID><Correlation/><Execution ProcessID='1308' ThreadID='1788'/><Channel>Microsoft-Windows-Sysmon/Operational</Channel><Computer>cgcIRuPRFuq</Computer><Security UserID='S-1-5-18'/></System><EventData><Data Name='RuleName'></Data><Data Name='UtcTime'>2019-01-21 23:41:29.192</Data><Data Name='ProcessGuid'>{4145D37B-588A-5C46-0000-001078EA0000}</Data><Data Name='ProcessId'>368</Data><Data Name='Image'>C:\Windows\System32\svchost.exe</Data><Data Name='User'>NT AUTHORITY\NETWORK SERVICE</Data><Data Name='Protocol'>udp</Data><Data Name='Initiated'>false</Data><Data Name='SourceIsIpv6'>false</Data><Data Name='SourceIp'>224.0.0.252</Data><Data Name='SourceHostname'></Data><Data Name='SourcePort'>5355</Data><Data Name='SourcePortName'>llmnr</Data><Data Name='DestinationIsIpv6'>false</Data><Data Name='DestinationIp'>192.168.168.225</Data><Data Name='DestinationHostname'></Data><Data Name='DestinationPort'>50083</Data><Data Name='DestinationPortName'></Data></EventData></Event>
<Event xmlns='http://schemas.microsoft.com/win/2004/08/events/event'><System><Provider Name='Microsoft-Windows-Sysmon' Guid='{5770385F-C22A-43E0-BF4C-06F5698FFBD9}'/><EventID>3</EventID><Version>5</Version><Level>4</Level><Task>3</Task><Opcode>0</Opcode><Keywords>0x8000000000000000</Keywords><TimeCreated SystemTime='2019-05-13T04:31:22.500000000Z'/><EventRecordID>7860</EventRecordID><Correlation/><Execution ProcessID='1308' ThreadID='1788'/><Channel>Microsoft-Windows-Sysmon/Operational</Channel><Computer>cgcIRuPRFuq</Computer><Security UserID='S-1-5-18'/></System><EventData><Data Name='RuleName'></Data><Data Name='UtcTime'>2019-01-21 23:41:29.223</Data><Data Name='ProcessGuid'>{4145D37B-589F-5C46-0000-001032BF0400}</Data><Data Name='ProcessId'>2512</Data><Data Name='Image'>C:\Python27\pythonw.exe</Data><Data Name='User'>CGCIRUPRFUQ\Administrator</Data><Data Name='Protocol'>tcp</Data><Data Name='Initiated'>true</Data><Data Name='SourceIsIpv6'>false</Data><Data Name='SourceIp'>192.168.168.203</Data><Data Name='SourceHostname'>cgcIRuPRFuq</Data><Data Name='SourcePort'>49165</Data><Data Name='SourcePortName'></Data><Data Name='DestinationIsIpv6'>false</Data><Data Name='DestinationIp'>192.168.168.1</Data><Data Name='DestinationHostname'></Data><Data Name='DestinationPort'>2042</Data><Data Name='DestinationPortName'></Data></EventData></Event>
<Event xmlns='http://schemas.microsoft.com/win/2004/08/events/event'><System><Provider Name='Microsoft-Windows-Sysmon' Guid='{5770385F-C22A-43E0-BF4C-06F5698FFBD9}'/><EventID>3</EventID><Version>5</Version><Level>4</Level><Task>3</Task><Opcode>0</Opcode><Keywords>0x8000000000000000</Keywords><TimeCreated SystemTime='2019-05-13T04:31:22.812500000Z'/><EventRecordID>7861</EventRecordID><Correlation/><Execution ProcessID='1308' ThreadID='1788'/><Channel>Microsoft-Windows-Sysmon/Operational</Channel><Computer>cgcIRuPRFuq</Computer><Security UserID='S-1-5-18'/></System><EventData><Data Name='RuleName'></Data><Data Name='UtcTime'>2019-01-21 23:41:29.319</Data><Data Name='ProcessGuid'>{4145D37B-588A-5C46-0000-001078EA0000}</Data><Data Name='ProcessId'>368</Data><Data Name='Image'>C:\Windows\System32\svchost.exe</Data><Data Name='User'>NT AUTHORITY\NETWORK SERVICE</Data><Data Name='Protocol'>udp</Data><Data Name='Initiated'>false</Data><Data Name='SourceIsIpv6'>true</Data><Data Name='SourceIp'>ff02:0:0:0:0:0:1:3</Data><Data Name='SourceHostname'></Data><Data Name='SourcePort'>5355</Data><Data Name='SourcePortName'>llmnr</Data><Data Name='DestinationIsIpv6'>true</Data><Data Name='DestinationIp'>fe80:0:0:0:6d7c:f264:8f52:4445</Data><Data Name='DestinationHostname'></Data><Data Name='DestinationPort'>59096</Data><Data Name='DestinationPortName'></Data></EventData></Event>
<Event xmlns='http://schemas.microsoft.com/win/2004/08/events/event'><System><Provider Name='Microsoft-Windows-Sysmon' Guid='{5770385F-C22A-43E0-BF4C-06F5698FFBD9}'/><EventID>3</EventID><Version>5</Version><Level>4</Level><Task>3</Task><Opcode>0</Opcode><Keywords>0x8000000000000000</Keywords><TimeCreated SystemTime='2019-05-13T04:31:22.812500000Z'/><EventRecordID>7862</EventRecordID><Correlation/><Execution ProcessID='1308' ThreadID='1788'/><Channel>Microsoft-Windows-Sysmon/Operational</Channel><Computer>cgcIRuPRFuq</Computer><Security UserID='S-1-5-18'/></System><EventData><Data Name='RuleName'></Data><Data Name='UtcTime'>2019-01-21 23:41:29.319</Data><Data Name='ProcessGuid'>{4145D37B-588A-5C46-0000-001078EA0000}</Data><Data Name='ProcessId'>368</Data><Data Name='Image'>C:\Windows\System32\svchost.exe</Data><Data Name='User'>NT AUTHORITY\NETWORK SERVICE</Data><Data Name='Protocol'>udp</Data><Data Name='Initiated'>false</Data><Data Name='SourceIsIpv6'>false</Data><Data Name='SourceIp'>224.0.0.252</Data><Data Name='SourceHostname'></Data><Data Name='SourcePort'>5355</Data><Data Name='SourcePortName'>llmnr</Data><Data Name='DestinationIsIpv6'>false</Data><Data Name='DestinationIp'>192.168.168.211</Data><Data Name='DestinationHostname'></Data><Data Name='DestinationPort'>55225</Data><Data Name='DestinationPortName'></Data></EventData></Event>
<Event xmlns='http://schemas.microsoft.com/win/2004/08/events/event'><System><Provider Name='Microsoft-Windows-Sysmon' Guid='{5770385F-C22A-43E0-BF4C-06F5698FFBD9}'/><EventID>3</EventID><Version>5</Version><Level>4</Level><Task>3</Task><Opcode>0</Opcode><Keywords>0x8000000000000000</Keywords><TimeCreated SystemTime='2019-05-13T04:31:23.062500000Z'/><EventRecordID>7863</EventRecordID><Correlation/><Execution ProcessID='1308' ThreadID='1788'/><Channel>Microsoft-Windows-Sysmon/Operational</Channel><Computer>cgcIRuPRFuq</Computer><Security UserID='S-1-5-18'/></System><EventData><Data Name='RuleName'></Data><Data Name='UtcTime'>2019-01-21 23:41:29.767</Data><Data Name='ProcessGuid'>{4145D37B-588A-5C46-0000-001078EA0000}</Data><Data Name='ProcessId'>368</Data><Data Name='Image'>C:\Windows\System32\svchost.exe</Data><Data Name='User'>NT AUTHORITY\NETWORK SERVICE</Data><Data Name='Protocol'>udp</Data><Data Name='Initiated'>false</Data><Data Name='SourceIsIpv6'>true</Data><Data Name='SourceIp'>ff02:0:0:0:0:0:1:3</Data><Data Name='SourceHostname'></Data><Data Name='SourcePort'>5355</Data><Data Name='SourcePortName'>llmnr</Data><Data Name='DestinationIsIpv6'>true</Data><Data Name='DestinationIp'>fe80:0:0:0:51fd:d5c6:1277:f85d</Data><Data Name='DestinationHostname'></Data><Data Name='DestinationPort'>59491</Data><Data Name='DestinationPortName'></Data></EventData></Event>
<Event xmlns='http://schemas.microsoft.com/win/2004/08/events/event'><System><Provider Name='Microsoft-Windows-Sysmon' Guid='{5770385F-C22A-43E0-BF4C-06F5698FFBD9}'/><EventID>3</EventID><Version>5</Version><Level>4</Level><Task>3</Task><Opcode>0</Opcode><Keywords>0x8000000000000000</Keywords><TimeCreated SystemTime='2019-05-13T04:31:23.062500000Z'/><EventRecordID>7864</EventRecordID><Correlation/><Execution ProcessID='1308' ThreadID='1788'/><Channel>Microsoft-Windows-Sysmon/Operational</Channel><Computer>cgcIRuPRFuq</Computer><Security UserID='S-1-5-18'/></System><EventData><Data Name='RuleName'></Data><Data Name='UtcTime'>2019-01-21 23:41:29.767</Data><Data Name='ProcessGuid'>{4145D37B-588A-5C46-0000-001078EA0000}</Data><Data Name='ProcessId'>368</Data><Data Name='Image'>C:\Windows\System32\svchost.exe</Data><Data Name='User'>NT AUTHORITY\NETWORK SERVICE</Data><Data Name='Protocol'>udp</Data><Data Name='Initiated'>false</Data><Data Name='SourceIsIpv6'>false</Data><Data Name='SourceIp'>224.0.0.252</Data><Data Name='SourceHostname'></Data><Data Name='SourcePort'>5355</Data><Data Name='SourcePortName'>llmnr</Data><Data Name='DestinationIsIpv6'>false</Data><Data Name='DestinationIp'>192.168.168.229</Data><Data Name='DestinationHostname'></Data><Data Name='DestinationPort'>52157</Data><Data Name='DestinationPortName'></Data></EventData></Event>
<Event xmlns='http://schemas.microsoft.com/win/2004/08/events/event'><System><Provider Name='Microsoft-Windows-Sysmon' Guid='{5770385F-C22A-43E0-BF4C-06F5698FFBD9}'/><EventID>3</EventID><Version>5</Version><Level>4</Level><Task>3</Task><Opcode>0</Opcode><Keywords>0x8000000000000000</Keywords><TimeCreated SystemTime='2019-05-13T04:31:23.062500000Z'/><EventRecordID>7865</EventRecordID><Correlation/><Execution ProcessID='1308' ThreadID='1788'/><Channel>Microsoft-Windows-Sysmon/Operational</Channel><Computer>cgcIRuPRFuq</Computer><Security UserID='S-1-5-18'/></System><EventData><Data Name='RuleName'></Data><Data Name='UtcTime'>2019-01-21 23:41:29.884</Data><Data Name='ProcessGuid'>{4145D37B-589F-5C46-0000-001032BF0400}</Data><Data Name='ProcessId'>2512</Data><Data Name='Image'>C:\Python27\pythonw.exe</Data><Data Name='User'>CGCIRUPRFUQ\Administrator</Data><Data Name='Protocol'>tcp</Data><Data Name='Initiated'>true</Data><Data Name='SourceIsIpv6'>false</Data><Data Name='SourceIp'>192.168.168.203</Data><Data Name='SourceHostname'>cgcIRuPRFuq</Data><Data Name='SourcePort'>49166</Data><Data Name='SourcePortName'></Data><Data Name='DestinationIsIpv6'>false</Data><Data Name='DestinationIp'>192.168.168.1</Data><Data Name='DestinationHostname'></Data><Data Name='DestinationPort'>2042</Data><Data Name='DestinationPortName'></Data></EventData></Event>
<Event xmlns='http://schemas.microsoft.com/win/2004/08/events/event'><System><Provider Name='Microsoft-Windows-Sysmon' Guid='{5770385F-C22A-43E0-BF4C-06F5698FFBD9}'/><EventID>3</EventID><Version>5</Version><Level>4</Level><Task>3</Task><Opcode>0</Opcode><Keywords>0x8000000000000000</Keywords><TimeCreated SystemTime='2019-05-13T04:31:23.312500000Z'/><EventRecordID>7866</EventRecordID><Correlation/><Execution ProcessID='1308' ThreadID='1788'/><Channel>Microsoft-Windows-Sysmon/Operational</Channel><Computer>cgcIRuPRFuq</Computer><Security UserID='S-1-5-18'/></System><EventData><Data Name='RuleName'></Data><Data Name='UtcTime'>2019-01-21 23:41:30.139</Data><Data Name='ProcessGuid'>{4145D37B-588A-5C46-0000-001078EA0000}</Data><Data Name='ProcessId'>368</Data><Data Name='Image'>C:\Windows\System32\svchost.exe</Data><Data Name='User'>NT AUTHORITY\NETWORK SERVICE</Data><Data Name='Protocol'>udp</Data><Data Name='Initiated'>false</Data><Data Name='SourceIsIpv6'>true</Data><Data Name='SourceIp'>ff02:0:0:0:0:0:1:3</Data><Data Name='SourceHostname'></Data><Data Name='SourcePort'>5355</Data><Data Name='SourcePortName'>llmnr</Data><Data Name='DestinationIsIpv6'>true</Data><Data Name='DestinationIp'>fe80:0:0:0:c4e2:63b2:cb9d:7b01</Data><Data Name='DestinationHostname'></Data><Data Name='DestinationPort'>63011</Data><Data Name='DestinationPortName'></Data></EventData></Event>
<Event xmlns='http://schemas.microsoft.com/win/2004/08/events/event'><System><Provider Name='Microsoft-Windows-Sysmon' Guid='{5770385F-C22A-43E0-BF4C-06F5698FFBD9}'/><EventID>3</EventID><Version>5</Version><Level>4</Level><Task>3</Task><Opcode>0</Opcode><Keywords>0x8000000000000000</Keywords><TimeCreated SystemTime='2019-05-13T04:31:23.312500000Z'/><EventRecordID>7867</EventRecordID><Correlation/><Execution ProcessID='1308' ThreadID='1788'/><Channel>Microsoft-Windows-Sysmon/Operational</Channel><Computer>cgcIRuPRFuq</Computer><Security UserID='S-1-5-18'/></System><EventData><Data Name='RuleName'></Data><Data Name='UtcTime'>2019-01-21 23:41:30.139</Data><Data Name='ProcessGuid'>{4145D37B-588A-5C46-0000-001078EA0000}</Data><Data Name='ProcessId'>368</Data><Data Name='Image'>C:\Windows\System32\svchost.exe</Data><Data Name='User'>NT AUTHORITY\NETWORK SERVICE</Data><Data Name='Protocol'>udp</Data><Data Name='Initiated'>false</Data><Data Name='SourceIsIpv6'>false</Data><Data Name='SourceIp'>224.0.0.252</Data><Data Name='SourceHostname'></Data><Data Name='SourcePort'>5355</Data><Data Name='SourcePortName'>llmnr</Data><Data Name='DestinationIsIpv6'>false</Data><Data Name='DestinationIp'>192.168.168.218</Data><Data Name='DestinationHostname'></Data><Data Name='DestinationPort'>50047</Data><Data Name='DestinationPortName'></Data></EventData></Event>
<Event xmlns='http://schemas.microsoft.com/win/2004/08/events/event'><System><Provider Name='Microsoft-Windows-Sysmon' Guid='{5770385F-C22A-43E0-BF4C-06F5698FFBD9}'/><EventID>3</EventID><Version>5</Version><Level>4</Level><Task>3</Task><Opcode>0</Opcode><Keywords>0x8000000000000000</Keywords><TimeCreated SystemTime='2019-05-13T04:31:23.562500000Z'/><EventRecordID>7868</EventRecordID><Correlation/><Execution ProcessID='1308' ThreadID='1788'/><Channel>Microsoft-Windows-Sysmon/Operational</Channel><Computer>cgcIRuPRFuq</Computer><Security UserID='S-1-5-18'/></System><EventData><Data Name='RuleName'></Data><Data Name='UtcTime'>2019-01-21 23:41:30.211</Data><Data Name='ProcessGuid'>{4145D37B-588A-5C46-0000-001078EA0000}</Data><Data Name='ProcessId'>368</Data><Data Name='Image'>C:\Windows\System32\svchost.exe</Data><Data Name='User'>NT AUTHORITY\NETWORK SERVICE</Data><Data Name='Protocol'>udp</Data><Data Name='Initiated'>false</Data><Data Name='SourceIsIpv6'>true</Data><Data Name='SourceIp'>ff02:0:0:0:0:0:1:3</Data><Data Name='SourceHostname'></Data><Data Name='SourcePort'>5355</Data><Data Name='SourcePortName'>llmnr</Data><Data Name='DestinationIsIpv6'>true</Data><Data Name='DestinationIp'>fe80:0:0:0:99da:51ad:4351:b2ae</Data><Data Name='DestinationHostname'></Data><Data Name='DestinationPort'>54334</Data><Data Name='DestinationPortName'></Data></EventData></Event>
<Event xmlns='http://schemas.microsoft.com/win/2004/08/events/event'><System><Provider Name='Microsoft-Windows-Sysmon' Guid='{5770385F-C22A-43E0-BF4C-06F5698FFBD9}'/><EventID>3</EventID><Version>5</Version><Level>4</Level><Task>3</Task><Opcode>0</Opcode><Keywords>0x8000000000000000</Keywords><TimeCreated SystemTime='2019-05-13T04:31:23.562500000Z'/><EventRecordID>7869</EventRecordID><Correlation/><Execution ProcessID='1308' ThreadID='1788'/><Channel>Microsoft-Windows-Sysmon/Operational</Channel><Computer>cgcIRuPRFuq</Computer><Security UserID='S-1-5-18'/></System><EventData><Data Name='RuleName'></Data><Data Name='UtcTime'>2019-01-21 23:41:30.212</Data><Data Name='ProcessGuid'>{4145D37B-588A-5C46-0000-001078EA0000}</Data><Data Name='ProcessId'>368</Data><Data Name='Image'>C:\Windows\System32\svchost.exe</Data><Data Name='User'>NT AUTHORITY\NETWORK SERVICE</Data><Data Name='Protocol'>udp</Data><Data Name='Initiated'>false</Data><Data Name='SourceIsIpv6'>false</Data><Data Name='SourceIp'>224.0.0.252</Data><Data Name='SourceHostname'></Data><Data Name='SourcePort'>5355</Data><Data Name='SourcePortName'>llmnr</Data><Data Name='DestinationIsIpv6'>false</Data><Data Name='DestinationIp'>192.168.168.216</Data><Data Name='DestinationHostname'></Data><Data Name='DestinationPort'>60834</Data><Data Name='DestinationPortName'></Data></EventData></Event>
<Event xmlns='http://schemas.microsoft.com/win/2004/08/events/event'><System><Provider Name='Microsoft-Windows-Sysmon' Guid='{5770385F-C22A-43E0-BF4C-06F5698FFBD9}'/><EventID>3</EventID><Version>5</Version><Level>4</Level><Task>3</Task><Opcode>0</Opcode><Keywords>0x8000000000000000</Keywords><TimeCreated SystemTime='2019-05-13T04:31:23.562500000Z'/><EventRecordID>7870</EventRecordID><Correlation/><Execution ProcessID='1308' ThreadID='1788'/><Channel>Microsoft-Windows-Sysmon/Operational</Channel><Computer>cgcIRuPRFuq</Computer><Security UserID='S-1-5-18'/></System><EventData><Data Name='RuleName'></Data><Data Name='UtcTime'>2019-01-21 23:41:30.366</Data><Data Name='ProcessGuid'>{4145D37B-588A-5C46-0000-001078EA0000}</Data><Data Name='ProcessId'>368</Data><Data Name='Image'>C:\Windows\System32\svchost.exe</Data><Data Name='User'>NT AUTHORITY\NETWORK SERVICE</Data><Data Name='Protocol'>udp</Data><Data Name='Initiated'>false</Data><Data Name='SourceIsIpv6'>true</Data><Data Name='SourceIp'>ff02:0:0:0:0:0:1:3</Data><Data Name='SourceHostname'></Data><Data Name='SourcePort'>5355</Data><Data Name='SourcePortName'>llmnr</Data><Data Name='DestinationIsIpv6'>true</Data><Data Name='DestinationIp'>fe80:0:0:0:b83d:b7ff:cc6:23c9</Data><Data Name='DestinationHostname'></Data><Data Name='DestinationPort'>54586</Data><Data Name='DestinationPortName'></Data></EventData></Event>
<Event xmlns='http://schemas.microsoft.com/win/2004/08/events/event'><System><Provider Name='Microsoft-Windows-Sysmon' Guid='{5770385F-C22A-43E0-BF4C-06F5698FFBD9}'/><EventID>3</EventID><Version>5</Version><Level>4</Level><Task>3</Task><Opcode>0</Opcode><Keywords>0x8000000000000000</Keywords><TimeCreated SystemTime='2019-05-13T04:31:23.562500000Z'/><EventRecordID>7871</EventRecordID><Correlation/><Execution ProcessID='1308' ThreadID='1788'/><Channel>Microsoft-Windows-Sysmon/Operational</Channel><Computer>cgcIRuPRFuq</Computer><Security UserID='S-1-5-18'/></System><EventData><Data Name='RuleName'></Data><Data Name='UtcTime'>2019-01-21 23:41:30.367</Data><Data Name='ProcessGuid'>{4145D37B-588A-5C46-0000-001078EA0000}</Data><Data Name='ProcessId'>368</Data><Data Name='Image'>C:\Windows\System32\svchost.exe</Data><Data Name='User'>NT AUTHORITY\NETWORK SERVICE</Data><Data Name='Protocol'>udp</Data><Data Name='Initiated'>false</Data><Data Name='SourceIsIpv6'>false</Data><Data Name='SourceIp'>224.0.0.252</Data><Data Name='SourceHostname'></Data><Data Name='SourcePort'>5355</Data><Data Name='SourcePortName'>llmnr</Data><Data Name='DestinationIsIpv6'>false</Data><Data Name='DestinationIp'>192.168.168.208</Data><Data Name='DestinationHostname'></Data><Data Name='DestinationPort'>56104</Data><Data Name='DestinationPortName'></Data></EventData></Event>
<Event xmlns='http://schemas.microsoft.com/win/2004/08/events/event'><System><Provider Name='Microsoft-Windows-Sysmon' Guid='{5770385F-C22A-43E0-BF4C-06F5698FFBD9}'/><EventID>3</EventID><Version>5</Version><Level>4</Level><Task>3</Task><Opcode>0</Opcode><Keywords>0x8000000000000000</Keywords><TimeCreated SystemTime='2019-05-13T04:31:23.812500000Z'/><EventRecordID>7872</EventRecordID><Correlation/><Execution ProcessID='1308' ThreadID='1788'/><Channel>Microsoft-Windows-Sysmon/Operational</Channel><Computer>cgcIRuPRFuq</Computer><Security UserID='S-1-5-18'/></System><EventData><Data Name='RuleName'></Data><Data Name='UtcTime'>2019-01-21 23:41:30.524</Data><Data Name='ProcessGuid'>{4145D37B-588C-5C46-0000-001076030200}</Data><Data Name='ProcessId'>2004</Data><Data Name='Image'>C:\Python27\pythonw.exe</Data><Data Name='User'>CGCIRUPRFUQ\Administrator</Data><Data Name='Protocol'>tcp</Data><Data Name='Initiated'>false</Data><Data Name='SourceIsIpv6'>false</Data><Data Name='SourceIp'>192.168.168.203</Data><Data Name='SourceHostname'>cgcIRuPRFuq</Data><Data Name='SourcePort'>8000</Data><Data Name='SourcePortName'></Data><Data Name='DestinationIsIpv6'>false</Data><Data Name='DestinationIp'>192.168.168.1</Data><Data Name='DestinationHostname'></Data><Data Name='DestinationPort'>58066</Data><Data Name='DestinationPortName'></Data></EventData></Event>
<Event xmlns='http://schemas.microsoft.com/win/2004/08/events/event'><System><Provider Name='Microsoft-Windows-Sysmon' Guid='{5770385F-C22A-43E0-BF4C-06F5698FFBD9}'/><EventID>3</EventID><Version>5</Version><Level>4</Level><Task>3</Task><Opcode>0</Opcode><Keywords>0x8000000000000000</Keywords><TimeCreated SystemTime='2019-05-13T04:31:23.812500000Z'/><EventRecordID>7873</EventRecordID><Correlation/><Execution ProcessID='1308' ThreadID='1788'/><Channel>Microsoft-Windows-Sysmon/Operational</Channel><Computer>cgcIRuPRFuq</Computer><Security UserID='S-1-5-18'/></System><EventData><Data Name='RuleName'></Data><Data Name='UtcTime'>2019-01-21 23:41:30.606</Data><Data Name='ProcessGuid'>{4145D37B-5888-5C46-0000-0010EB030000}</Data><Data Name='ProcessId'>4</Data><Data Name='Image'>System</Data><Data Name='User'>NT AUTHORITY\SYSTEM</Data><Data Name='Protocol'>udp</Data><Data Name='Initiated'>false</Data><Data Name='SourceIsIpv6'>false</Data><Data Name='SourceIp'>192.168.168.255</Data><Data Name='SourceHostname'></Data><Data Name='SourcePort'>138</Data><Data Name='SourcePortName'>netbios-dgm</Data><Data Name='DestinationIsIpv6'>false</Data><Data Name='DestinationIp'>192.168.168.204</Data><Data Name='DestinationHostname'></Data><Data Name='DestinationPort'>138</Data><Data Name='DestinationPortName'>netbios-dgm</Data></EventData></Event>
<Event xmlns='http://schemas.microsoft.com/win/2004/08/events/event'><System><Provider Name='Microsoft-Windows-Sysmon' Guid='{5770385F-C22A-43E0-BF4C-06F5698FFBD9}'/><EventID>3</EventID><Version>5</Version><Level>4</Level><Task>3</Task><Opcode>0</Opcode><Keywords>0x8000000000000000</Keywords><TimeCreated SystemTime='2019-05-13T04:31:24.062500000Z'/><EventRecordID>7874</EventRecordID><Correlation/><Execution ProcessID='1308' ThreadID='1788'/><Channel>Microsoft-Windows-Sysmon/Operational</Channel><Computer>cgcIRuPRFuq</Computer><Security UserID='S-1-5-18'/></System><EventData><Data Name='RuleName'></Data><Data Name='UtcTime'>2019-01-21 23:41:30.664</Data><Data Name='ProcessGuid'>{4145D37B-588A-5C46-0000-001078EA0000}</Data><Data Name='ProcessId'>368</Data><Data Name='Image'>C:\Windows\System32\svchost.exe</Data><Data Name='User'>NT AUTHORITY\NETWORK SERVICE</Data><Data Name='Protocol'>udp</Data><Data Name='Initiated'>false</Data><Data Name='SourceIsIpv6'>true</Data><Data Name='SourceIp'>ff02:0:0:0:0:0:1:3</Data><Data Name='SourceHostname'></Data><Data Name='SourcePort'>5355</Data><Data Name='SourcePortName'>llmnr</Data><Data Name='DestinationIsIpv6'>true</Data><Data Name='DestinationIp'>fe80:0:0:0:c971:dd42:af94:136</Data><Data Name='DestinationHostname'></Data><Data Name='DestinationPort'>54058</Data><Data Name='DestinationPortName'></Data></EventData></Event>
<Event xmlns='http://schemas.microsoft.com/win/2004/08/events/event'><System><Provider Name='Microsoft-Windows-Sysmon' Guid='{5770385F-C22A-43E0-BF4C-06F5698FFBD9}'/><EventID>3</EventID><Version>5</Version><Level>4</Level><Task>3</Task><Opcode>0</Opcode><Keywords>0x8000000000000000</Keywords><TimeCreated SystemTime='2019-05-13T04:31:24.062500000Z'/><EventRecordID>7875</EventRecordID><Correlation/><Execution ProcessID='1308' ThreadID='1788'/><Channel>Microsoft-Windows-Sysmon/Operational</Channel><Computer>cgcIRuPRFuq</Computer><Security UserID='S-1-5-18'/></System><EventData><Data Name='RuleName'></Data><Data Name='UtcTime'>2019-01-21 23:41:30.665</Data><Data Name='ProcessGuid'>{4145D37B-588A-5C46-0000-001078EA0000}</Data><Data Name='ProcessId'>368</Data><Data Name='Image'>C:\Windows\System32\svchost.exe</Data><Data Name='User'>NT AUTHORITY\NETWORK SERVICE</Data><Data Name='Protocol'>udp</Data><Data Name='Initiated'>false</Data><Data Name='SourceIsIpv6'>false</Data><Data Name='SourceIp'>224.0.0.252</Data><Data Name='SourceHostname'></Data><Data Name='SourcePort'>5355</Data><Data Name='SourcePortName'>llmnr</Data><Data Name='DestinationIsIpv6'>false</Data><Data Name='DestinationIp'>192.168.168.223</Data><Data Name='DestinationHostname'></Data><Data Name='DestinationPort'>52984</Data><Data Name='DestinationPortName'></Data></EventData></Event>
<Event xmlns='http://schemas.microsoft.com/win/2004/08/events/event'><System><Provider Name='Microsoft-Windows-Sysmon' Guid='{5770385F-C22A-43E0-BF4C-06F5698FFBD9}'/><EventID>3</EventID><Version>5</Version><Level>4</Level><Task>3</Task><Opcode>0</Opcode><Keywords>0x8000000000000000</Keywords><TimeCreated SystemTime='2019-05-13T04:31:24.062500000Z'/><EventRecordID>7876</EventRecordID><Correlation/><Execution ProcessID='1308' ThreadID='1788'/><Channel>Microsoft-Windows-Sysmon/Operational</Channel><Computer>cgcIRuPRFuq</Computer><Security UserID='S-1-5-18'/></System><EventData><Data Name='RuleName'></Data><Data Name='UtcTime'>2019-01-21 23:41:30.806</Data><Data Name='ProcessGuid'>{4145D37B-588A-5C46-0000-001078EA0000}</Data><Data Name='ProcessId'>368</Data><Data Name='Image'>C:\Windows\System32\svchost.exe</Data><Data Name='User'>NT AUTHORITY\NETWORK SERVICE</Data><Data Name='Protocol'>udp</Data><Data Name='Initiated'>false</Data><Data Name='SourceIsIpv6'>true</Data><Data Name='SourceIp'>ff02:0:0:0:0:0:1:3</Data><Data Name='SourceHostname'></Data><Data Name='SourcePort'>5355</Data><Data Name='SourcePortName'>llmnr</Data><Data Name='DestinationIsIpv6'>true</Data><Data Name='DestinationIp'>fe80:0:0:0:e47b:99df:e2fb:33f7</Data><Data Name='DestinationHostname'></Data><Data Name='DestinationPort'>56003</Data><Data Name='DestinationPortName'></Data></EventData></Event>
<Event xmlns='http://schemas.microsoft.com/win/2004/08/events/event'><System><Provider Name='Microsoft-Windows-Sysmon' Guid='{5770385F-C22A-43E0-BF4C-06F5698FFBD9}'/><EventID>3</EventID><Version>5</Version><Level>4</Level><Task>3</Task><Opcode>0</Opcode><Keywords>0x8000000000000000</Keywords><TimeCreated SystemTime='2019-05-13T04:31:24.062500000Z'/><EventRecordID>7877</EventRecordID><Correlation/><Execution ProcessID='1308' ThreadID='1788'/><Channel>Microsoft-Windows-Sysmon/Operational</Channel><Computer>cgcIRuPRFuq</Computer><Security UserID='S-1-5-18'/></System><EventData><Data Name='RuleName'></Data><Data Name='UtcTime'>2019-01-21 23:41:30.807</Data><Data Name='ProcessGuid'>{4145D37B-588A-5C46-0000-001078EA0000}</Data><Data Name='ProcessId'>368</Data><Data Name='Image'>C:\Windows\System32\svchost.exe</Data><Data Name='User'>NT AUTHORITY\NETWORK SERVICE</Data><Data Name='Protocol'>udp</Data><Data Name='Initiated'>false</Data><Data Name='SourceIsIpv6'>false</Data><Data Name='SourceIp'>224.0.0.252</Data><Data Name='SourceHostname'></Data><Data Name='SourcePort'>5355</Data><Data Name='SourcePortName'>llmnr</Data><Data Name='DestinationIsIpv6'>false</Data><Data Name='DestinationIp'>192.168.168.206</Data><Data Name='DestinationHostname'></Data><Data Name='DestinationPort'>65510</Data><Data Name='DestinationPortName'></Data></EventData></Event>
<Event xmlns='http://schemas.microsoft.com/win/2004/08/events/event'><System><Provider Name='Microsoft-Windows-Sysmon' Guid='{5770385F-C22A-43E0-BF4C-06F5698FFBD9}'/><EventID>3</EventID><Version>5</Version><Level>4</Level><Task>3</Task><Opcode>0</Opcode><Keywords>0x8000000000000000</Keywords><TimeCreated SystemTime='2019-05-13T04:31:24.312500000Z'/><EventRecordID>7878</EventRecordID><Correlation/><Execution ProcessID='1308' ThreadID='1788'/><Channel>Microsoft-Windows-Sysmon/Operational</Channel><Computer>cgcIRuPRFuq</Computer><Security UserID='S-1-5-18'/></System><EventData><Data Name='RuleName'></Data><Data Name='UtcTime'>2019-01-21 23:41:30.928</Data><Data Name='ProcessGuid'>{4145D37B-588A-5C46-0000-001078EA0000}</Data><Data Name='ProcessId'>368</Data><Data Name='Image'>C:\Windows\System32\svchost.exe</Data><Data Name='User'>NT AUTHORITY\NETWORK SERVICE</Data><Data Name='Protocol'>udp</Data><Data Name='Initiated'>false</Data><Data Name='SourceIsIpv6'>true</Data><Data Name='SourceIp'>ff02:0:0:0:0:0:1:3</Data><Data Name='SourceHostname'></Data><Data Name='SourcePort'>5355</Data><Data Name='SourcePortName'>llmnr</Data><Data Name='DestinationIsIpv6'>true</Data><Data Name='DestinationIp'>fe80:0:0:0:4c67:c66b:db0d:cc70</Data><Data Name='DestinationHostname'></Data><Data Name='DestinationPort'>55727</Data><Data Name='DestinationPortName'></Data></EventData></Event>
<Event xmlns='http://schemas.microsoft.com/win/2004/08/events/event'><System><Provider Name='Microsoft-Windows-Sysmon' Guid='{5770385F-C22A-43E0-BF4C-06F5698FFBD9}'/><EventID>3</EventID><Version>5</Version><Level>4</Level><Task>3</Task><Opcode>0</Opcode><Keywords>0x8000000000000000</Keywords><TimeCreated SystemTime='2019-05-13T04:31:24.312500000Z'/><EventRecordID>7879</EventRecordID><Correlation/><Execution ProcessID='1308' ThreadID='1788'/><Channel>Microsoft-Windows-Sysmon/Operational</Channel><Computer>cgcIRuPRFuq</Computer><Security UserID='S-1-5-18'/></System><EventData><Data Name='RuleName'></Data><Data Name='UtcTime'>2019-01-21 23:41:30.929</Data><Data Name='ProcessGuid'>{4145D37B-588A-5C46-0000-001078EA0000}</Data><Data Name='ProcessId'>368</Data><Data Name='Image'>C:\Windows\System32\svchost.exe</Data><Data Name='User'>NT AUTHORITY\NETWORK SERVICE</Data><Data Name='Protocol'>udp</Data><Data Name='Initiated'>false</Data><Data Name='SourceIsIpv6'>false</Data><Data Name='SourceIp'>224.0.0.252</Data><Data Name='SourceHostname'></Data><Data Name='SourcePort'>5355</Data><Data Name='SourcePortName'>llmnr</Data><Data Name='DestinationIsIpv6'>false</Data><Data Name='DestinationIp'>192.168.168.230</Data><Data Name='DestinationHostname'></Data><Data Name='DestinationPort'>58772</Data><Data Name='DestinationPortName'></Data></EventData></Event>
