<Event xmlns='http://schemas.microsoft.com/win/2004/08/events/event'><System><Provider Name='Microsoft-Windows-Sysmon' Guid='{5770385F-C22A-43E0-BF4C-06F5698FFBD9}'/><EventID>3</EventID><Version>5</Version><Level>4</Level><Task>3</Task><Opcode>0</Opcode><Keywords>0x8000000000000000</Keywords><TimeCreated SystemTime='2019-05-13T04:31:32.562500000Z'/><EventRecordID>8196</EventRecordID><Correlation/><Execution ProcessID='1428' ThreadID='1828'/><Channel>Microsoft-Windows-Sysmon/Operational</Channel><Computer>TOkZIRkZNEXkIwm</Computer><Security UserID='S-1-5-18'/></System><EventData><Data Name='RuleName'></Data><Data Name='UtcTime'>2019-01-22 00:00:58.101</Data><Data Name='ProcessGuid'>{4145D37B-5D10-5C46-0000-0010B2EA0000}</Data><Data Name='ProcessId'>552</Data><Data Name='Image'>C:\Windows\System32\svchost.exe</Data><Data Name='User'>NT AUTHORITY\NETWORK SERVICE</Data><Data Name='Protocol'>udp</Data><Data Name='Initiated'>false</Data><Data Name='SourceIsIpv6'>true</Data><Data Name='SourceIp'>ff02:0:0:0:0:0:1:3</Data><Data Name='SourceHostname'></Data><Data Name='SourcePort'>5355</Data><Data Name='SourcePortName'>llmnr</Data><Data Name='DestinationIsIpv6'>true</Data><Data Name='DestinationIp'>fe80:0:0:0:489:6757:d7e7:c274</Data><Data Name='DestinationHostname'>cgcIRuPRFuq</Data><Data Name='DestinationPort'>51758</Data><Data Name='DestinationPortName'></Data></EventData></Event>
<Event xmlns='http://schemas.microsoft.com/win/2004/08/events/event'><System><Provider Name='Microsoft-Windows-Sysmon' Guid='{5770385F-C22A-43E0-BF4C-06F5698FFBD9}'/><EventID>3</EventID><Version>5</Version><Level>4</Level><Task>3</Task><Opcode>0</Opcode><Keywords>0x8000000000000000</Keywords><TimeCreated SystemTime='2019-05-13T04:31:32.562500000Z'/><EventRecordID>8197</EventRecordID><Correlation/><Execution ProcessID='1428' ThreadID='1828'/><Channel>Microsoft-Windows-Sysmon/Operational</Channel><Computer>TOkZIRkZNEXkIwm</Computer><Security UserID='S-1-5-18'/></System><EventData><Data Name='RuleName'></Data><Data Name='UtcTime'>2019-01-22 00:00:58.101</Data><Data Name='ProcessGuid'>{4145D37B-5D10-5C46-0000-0010B2EA0000}</Data><Data Name='ProcessId'>552</Data><Data Name='Image'>C:\Windows\System32\svchost.exe</Data><Data Name='User'>NT AUTHORITY\NETWORK SERVICE</Data><Data Name='Protocol'>udp</Data><Data Name='Initiated'>false</Data><Data Name='SourceIsIpv6'>false</Data><Data Name='SourceIp'>224.0.0.252</Data><Data Name='SourceHostname'></Data><Data Name='SourcePort'>5355</Data><Data Name='SourcePortName'>llmnr</Data><Data Name='DestinationIsIpv6'>false</Data><Data Name='DestinationIp'>192.168.168.203</Data><Data Name='DestinationHostname'>cgcIRuPRFuq</Data><Data Name='DestinationPort'>56532</Data><Data Name='DestinationPortName'></Data></EventData></Event>
<Event xmlns='http://schemas.microsoft.com/win/2004/08/events/event'><System><Provider Name='Microsoft-Windows-Sysmon' Guid='{5770385F-C22A-43E0-BF4C-06F5698FFBD9}'/><EventID>3</EventID><Version>5</Version><Level>4</Level><Task>3</Task><Opcode>0</Opcode><Keywords>0x8000000000000000</Keywords><TimeCreated SystemTime='2019-05-13T04:31:32.562500000Z'/><EventRecordID>8198</EventRecordID><Correlation/><Execution ProcessID='1428' ThreadID='1828'/><Channel>Microsoft-Windows-Sysmon/Operational</Channel><Computer>TOkZIRkZNEXkIwm</Computer><Security UserID='S-1-5-18'/></System><EventData><Data Name='RuleName'></Data><Data Name='UtcTime'>2019-01-22 00:00:58.107</Data><Data Name='ProcessGuid'>{4145D37B-5D26-5C46-0000-001042AC0400}</Data><Data Name='ProcessId'>2740</Data><Data Name='Image'>C:\Python27\pythonw.exe</Data><Data Name='User'>TOKZIRKZNEXKIWM\Administrator</Data><Data Name='Protocol'>tcp</Data><Data Name='Initiated'>true</Data><Data Name='SourceIsIpv6'>false</Data><Data Name='SourceIp'>192.168.168.224</Data><Data Name='SourceHostname'>TOkZIRkZNEXkIwm</Data><Data Name='SourcePort'>49173</Data><Data Name='SourcePortName'></Data><Data Name='DestinationIsIpv6'>false</Data><Data Name='DestinationIp'>192.168.168.1</Data><Data Name='DestinationHostname'></Data><Data Name='DestinationPort'>2042</Data><Data Name='DestinationPortName'></Data></EventData></Event>
<Event xmlns='http://schemas.microsoft.com/win/2004/08/events/event'><System><Provider Name='Microsoft-Windows-Sysmon' Guid='{5770385F-C22A-43E0-BF4C-06F5698FFBD9}'/><EventID>3</EventID><Version>5</Version><Level>4</Level><Task>3</Task><Opcode>0</Opcode><Keywords>0x8000000000000000</Keywords><TimeCreated SystemTime='2019-05-13T04:31:33.312500000Z'/><EventRecordID>8199</EventRecordID><Correlation/><Execution ProcessID='1428' ThreadID='1828'/><Channel>Microsoft-Windows-Sysmon/Operational</Channel><Computer>TOkZIRkZNEXkIwm</Computer><Security UserID='S-1-5-18'/></System><EventData><Data Name='RuleName'></Data><Data Name='UtcTime'>2019-01-22 00:00:58.804</Data><Data Name='ProcessGuid'>{4145D37B-5D11-5C46-0000-00106CFA0100}</Data><Data Name='ProcessId'>2040</Data><Data Name='Image'>C:\Python27\pythonw.exe</Data><Data Name='User'>TOKZIRKZNEXKIWM\Administrator</Data><Data Name='Protocol'>tcp</Data><Data Name='Initiated'>false</Data><Data Name='SourceIsIpv6'>false</Data><Data Name='SourceIp'>192.168.168.224</Data><Data Name='SourceHostname'>TOkZIRkZNEXkIwm</Data><Data Name='SourcePort'>8000</Data><Data Name='SourcePortName'></Data><Data Name='DestinationIsIpv6'>false</Data><Data Name='DestinationIp'>192.168.168.1</Data><Data Name='DestinationHostname'></Data><Data Name='DestinationPort'>48040</Data><Data Name='DestinationPortName'></Data></EventData></Event>
<Event xmlns='http://schemas.microsoft.com/win/2004/08/events/event'><System><Provider Name='Microsoft-Windows-Sysmon' Guid='{5770385F-C22A-43E0-BF4C-06F5698FFBD9}'/><EventID>3</EventID><Version>5</Version><Level>4</Level><Task>3</Task><Opcode>0</Opcode><Keywords>0x8000000000000000</Keywords><TimeCreated SystemTime='2019-05-13T04:31:33.312500000Z'/><EventRecordID>8200</EventRecordID><Correlation/><Execution ProcessID='1428' ThreadID='1828'/><Channel>Microsoft-Windows-Sysmon/Operational</Channel><Computer>TOkZIRkZNEXkIwm</Computer><Security UserID='S-1-5-18'/></System><EventData><Data Name='RuleName'></Data><Data Name='UtcTime'>2019-01-22 00:00:59.004</Data><Data Name='ProcessGuid'>{4145D37B-5D0E-5C46-0000-0010EB030000}</Data><Data Name='ProcessId'>4</Data><Data Name='Image'>System</Data><Data Name='User'>NT AUTHORITY\SYSTEM</Data><Data Name='Protocol'>udp</Data><Data Name='Initiated'>false</Data><Data Name='SourceIsIpv6'>false</Data><Data Name='SourceIp'>192.168.168.255</Data><Data Name='SourceHostname'></Data><Data Name='SourcePort'>138</Data><Data Name='SourcePortName'>netbios-dgm</Data><Data Name='DestinationIsIpv6'>false</Data><Data Name='DestinationIp'>192.168.168.212</Data><Data Name='DestinationHostname'></Data><Data Name='DestinationPort'>138</Data><Data Name='DestinationPortName'>netbios-dgm</Data></EventData></Event>
<Event xmlns='http://schemas.microsoft.com/win/2004/08/events/event'><System><Provider Name='Microsoft-Windows-Sysmon' Guid='{5770385F-C22A-43E0-BF4C-06F5698FFBD9}'/><EventID>3</EventID><Version>5</Version><Level>4</Level><Task>3</Task><Opcode>0</Opcode><Keywords>0x8000000000000000</Keywords><TimeCreated SystemTime='2019-05-13T04:31:33.812500000Z'/><EventRecordID>8201</EventRecordID><Correlation/><Execution ProcessID='1428' ThreadID='1828'/><Channel>Microsoft-Windows-Sysmon/Operational</Channel><Computer>TOkZIRkZNEXkIwm</Computer><Security UserID='S-1-5-18'/></System><EventData><Data Name='RuleName'></Data><Data Name='UtcTime'>2019-01-22 00:00:59.255</Data><Data Name='ProcessGuid'>{4145D37B-5D26-5C46-0000-001042AC0400}</Data><Data Name='ProcessId'>2740</Data><Data Name='Image'>C:\Python27\pythonw.exe</Data><Data Name='User'>TOKZIRKZNEXKIWM\Administrator</Data><Data Name='Protocol'>tcp</Data><Data Name='Initiated'>true</Data><Data Name='SourceIsIpv6'>false</Data><Data Name='SourceIp'>192.168.168.224</Data><Data Name='SourceHostname'>TOkZIRkZNEXkIwm</Data><Data Name='SourcePort'>49174</Data><Data Name='SourcePortName'></Data><Data Name='DestinationIsIpv6'>false</Data><Data Name='DestinationIp'>192.168.168.1</Data><Data Name='DestinationHostname'></Data><Data Name='DestinationPort'>2042</Data><Data Name='DestinationPortName'></Data></EventData></Event>
<Event xmlns='http://schemas.microsoft.com/win/2004/08/events/event'><System><Provider Name='Microsoft-Windows-Sysmon' Guid='{5770385F-C22A-43E0-BF4C-06F5698FFBD9}'/><EventID>3</EventID><Version>5</Version><Level>4</Level><Task>3</Task><Opcode>0</Opcode><Keywords>0x8000000000000000</Keywords><TimeCreated SystemTime='2019-05-13T04:31:33.812500000Z'/><EventRecordID>8202</EventRecordID><Correlation/><Execution ProcessID='1428' ThreadID='1828'/><Channel>Microsoft-Windows-Sysmon/Operational</Channel><Computer>TOkZIRkZNEXkIwm</Computer><Security UserID='S-1-5-18'/></System><EventData><Data Name='RuleName'></Data><Data Name='UtcTime'>2019-01-22 00:00:59.390</Data><Data Name='ProcessGuid'>{4145D37B-5D10-5C46-0000-0010B2EA0000}</Data><Data Name='ProcessId'>552</Data><Data Name='Image'>C:\Windows\System32\svchost.exe</Data><Data Name='User'>NT AUTHORITY\NETWORK SERVICE</Data><Data Name='Protocol'>udp</Data><Data Name='Initiated'>false</Data><Data Name='SourceIsIpv6'>true</Data><Data Name='SourceIp'>ff02:0:0:0:0:0:1:3</Data><Data Name='SourceHostname'></Data><Data Name='SourcePort'>5355</Data><Data Name='SourcePortName'>llmnr</Data><Data Name='DestinationIsIpv6'>true</Data><Data Name='DestinationIp'>fe80:0:0:0:df2:ddb4:1d0d:41f</Data><Data Name='DestinationHostname'>XLadauuXmX</Data><Data Name='DestinationPort'>63294</Data><Data Name='DestinationPortName'></Data></EventData></Event>
<Event xmlns='http://schemas.microsoft.com/win/2004/08/events/event'><System><Provider Name='Microsoft-Windows-Sysmon' Guid='{5770385F-C22A-43E0-BF4C-06F5698FFBD9}'/><EventID>3</EventID><Version>5</Version><Level>4</Level><Task>3</Task><Opcode>0</Opcode><Keywords>0x8000000000000000</Keywords><TimeCreated SystemTime='2019-05-13T04:31:33.812500000Z'/><EventRecordID>8203</EventRecordID><Correlation/><Execution ProcessID='1428' ThreadID='1828'/><Channel>Microsoft-Windows-Sysmon/Operational</Channel><Computer>TOkZIRkZNEXkIwm</Computer><Security UserID='S-1-5-18'/></System><EventData><Data Name='RuleName'></Data><Data Name='UtcTime'>2019-01-22 00:00:59.391</Data><Data Name='ProcessGuid'>{4145D37B-5D10-5C46-0000-0010B2EA0000}</Data><Data Name='ProcessId'>552</Data><Data Name='Image'>C:\Windows\System32\svchost.exe</Data><Data Name='User'>NT AUTHORITY\NETWORK SERVICE</Data><Data Name='Protocol'>udp</Data><Data Name='Initiated'>false</Data><Data Name='SourceIsIpv6'>false</Data><Data Name='SourceIp'>224.0.0.252</Data><Data Name='SourceHostname'></Data><Data Name='SourcePort'>5355</Data><Data Name='SourcePortName'>llmnr</Data><Data Name='DestinationIsIpv6'>false</Data><Data Name='DestinationIp'>192.168.168.204</Data><Data Name='DestinationHostname'>XLadauuXmX</Data><Data Name='DestinationPort'>63645</Data><Data Name='DestinationPortName'></Data></EventData></Event>
<Event xmlns='http://schemas.microsoft.com/win/2004/08/events/event'><System><Provider Name='Microsoft-Windows-Sysmon' Guid='{5770385F-C22A-43E0-BF4C-06F5698FFBD9}'/><EventID>3</EventID><Version>5</Version><Level>4</Level><Task>3</Task><Opcode>0</Opcode><Keywords>0x8000000000000000</Keywords><TimeCreated SystemTime='2019-05-13T04:31:33.812500000Z'/><EventRecordID>8204</EventRecordID><Correlation/><Execution ProcessID='1428' ThreadID='1828'/><Channel>Microsoft-Windows-Sysmon/Operational</Channel><Computer>TOkZIRkZNEXkIwm</Computer><Security UserID='S-1-5-18'/></System><EventData><Data Name='RuleName'></Data><Data Name='UtcTime'>2019-01-22 00:00:59.484</Data><Data Name='ProcessGuid'>{4145D37B-5D10-5C46-0000-0010B2EA0000}</Data><Data Name='ProcessId'>552</Data><Data Name='Image'>C:\Windows\System32\svchost.exe</Data><Data Name='User'>NT AUTHORITY\NETWORK SERVICE</Data><Data Name='Protocol'>udp</Data><Data Name='Initiated'>false</Data><Data Name='SourceIsIpv6'>true</Data><Data Name='SourceIp'>ff02:0:0:0:0:0:1:3</Data><Data Name='SourceHostname'></Data><Data Name='SourcePort'>5355</Data><Data Name='SourcePortName'>llmnr</Data><Data Name='DestinationIsIpv6'>true</Data><Data Name='DestinationIp'>fe80:0:0:0:ac87:4625:738a:a414</Data><Data Name='DestinationHostname'>YrXIKBUKoMTYRgbK</Data><Data Name='DestinationPort'>56320</Data><Data Name='DestinationPortName'></Data></EventData></Event>
<Event xmlns='http://schemas.microsoft.com/win/2004/08/events/event'><System><Provider Name='Microsoft-Windows-Sysmon' Guid='{5770385F-C22A-43E0-BF4C-06F5698FFBD9}'/><EventID>3</EventID><Version>5</Version><Level>4</Level><Task>3</Task><Opcode>0</Opcode><Keywords>0x8000000000000000</Keywords><TimeCreated SystemTime='2019-05-13T04:31:33.812500000Z'/><EventRecordID>8205</EventRecordID><Correlation/><Execution ProcessID='1428' ThreadID='1828'/><Channel>Microsoft-Windows-Sysmon/Operational</Channel><Computer>TOkZIRkZNEXkIwm</Computer><Security UserID='S-1-5-18'/></System><EventData><Data Name='RuleName'></Data><Data Name='UtcTime'>2019-01-22 00:00:59.485</Data><Data Name='ProcessGuid'>{4145D37B-5D10-5C46-0000-0010B2EA0000}</Data><Data Name='ProcessId'>552</Data><Data Name='Image'>C:\Windows\System32\svchost.exe</Data><Data Name='User'>NT AUTHORITY\NETWORK SERVICE</Data><Data Name='Protocol'>udp</Data><Data Name='Initiated'>false</Data><Data Name='SourceIsIpv6'>false</Data><Data Name='SourceIp'>224.0.0.252</Data><Data Name='SourceHostname'></Data><Data Name='SourcePort'>5355</Data><Data Name='SourcePortName'>llmnr</Data><Data Name='DestinationIsIpv6'>false</Data><Data Name='DestinationIp'>192.168.168.207</Data><Data Name='DestinationHostname'>YrXIKBUKoMTYRgbK</Data><Data Name='DestinationPort'>63800</Data><Data Name='DestinationPortName'></Data></EventData></Event>
<Event xmlns='http://schemas.microsoft.com/win/2004/08/events/event'><System><Provider Name='Microsoft-Windows-Sysmon' Guid='{5770385F-C22A-43E0-BF4C-06F5698FFBD9}'/><EventID>3</EventID><Version>5</Version><Level>4</Level><Task>3</Task><Opcode>0</Opcode><Keywords>0x8000000000000000</Keywords><TimeCreated SystemTime='2019-05-13T04:31:35.312500000Z'/><EventRecordID>8206</EventRecordID><Correlation/><Execution ProcessID='1428' ThreadID='1828'/><Channel>Microsoft-Windows-Sysmon/Operational</Channel><Computer>TOkZIRkZNEXkIwm</Computer><Security UserID='S-1-5-18'/></System><EventData><Data Name='RuleName'></Data><Data Name='UtcTime'>2019-01-22 00:00:59.836</Data><Data Name='ProcessGuid'>{4145D37B-5D11-5C46-0000-00106CFA0100}</Data><Data Name='ProcessId'>2040</Data><Data Name='Image'>C:\Python27\pythonw.exe</Data><Data Name='User'>TOKZIRKZNEXKIWM\Administrator</Data><Data Name='Protocol'>tcp</Data><Data Name='Initiated'>false</Data><Data Name='SourceIsIpv6'>false</Data><Data Name='SourceIp'>192.168.168.224</Data><Data Name='SourceHostname'>TOkZIRkZNEXkIwm</Data><Data Name='SourcePort'>8000</Data><Data Name='SourcePortName'></Data><Data Name='DestinationIsIpv6'>false</Data><Data Name='DestinationIp'>192.168.168.1</Data><Data Name='DestinationHostname'></Data><Data Name='DestinationPort'>48048</Data><Data Name='DestinationPortName'></Data></EventData></Event>
<Event xmlns='http://schemas.microsoft.com/win/2004/08/events/event'><System><Provider Name='Microsoft-Windows-Sysmon' Guid='{5770385F-C22A-43E0-BF4C-06F5698FFBD9}'/><EventID>3</EventID><Version>5</Version><Level>4</Level><Task>3</Task><Opcode>0</Opcode><Keywords>0x8000000000000000</Keywords><TimeCreated SystemTime='2019-05-13T04:31:35.312500000Z'/><EventRecordID>8207</EventRecordID><Correlation/><Execution ProcessID='1428' ThreadID='1828'/><Channel>Microsoft-Windows-Sysmon/Operational</Channel><Computer>TOkZIRkZNEXkIwm</Computer><Security UserID='S-1-5-18'/></System><EventData><Data Name='RuleName'></Data><Data Name='UtcTime'>2019-01-22 00:01:00.228</Data><Data Name='ProcessGuid'>{4145D37B-5D10-5C46-0000-0010B2EA0000}</Data><Data Name='ProcessId'>552</Data><Data Name='Image'>C:\Windows\System32\svchost.exe</Data><Data Name='User'>NT AUTHORITY\NETWORK SERVICE</Data><Data Name='Protocol'>udp</Data><Data Name='Initiated'>false</Data><Data Name='SourceIsIpv6'>true</Data><Data Name='SourceIp'>ff02:0:0:0:0:0:1:3</Data><Data Name='SourceHostname'></Data><Data Name='SourcePort'>5355</Data><Data Name='SourcePortName'>llmnr</Data><Data Name='DestinationIsIpv6'>true</Data><Data Name='DestinationIp'>fe80:0:0:0:b18d:20a4:80fa:9356</Data><Data Name='DestinationHostname'>TOkZIRkZNEXkIwm</Data><Data Name='DestinationPort'>51124</Data><Data Name='DestinationPortName'></Data></EventData></Event>
<Event xmlns='http://schemas.microsoft.com/win/2004/08/events/event'><System><Provider Name='Microsoft-Windows-Sysmon' Guid='{5770385F-C22A-43E0-BF4C-06F5698FFBD9}'/><EventID>3</EventID><Version>5</Version><Level>4</Level><Task>3</Task><Opcode>0</Opcode><Keywords>0x8000000000000000</Keywords><TimeCreated SystemTime='2019-05-13T04:31:35.312500000Z'/><EventRecordID>8208</EventRecordID><Correlation/><Execution ProcessID='1428' ThreadID='1828'/><Channel>Microsoft-Windows-Sysmon/Operational</Channel><Computer>TOkZIRkZNEXkIwm</Computer><Security UserID='S-1-5-18'/></System><EventData><Data Name='RuleName'></Data><Data Name='UtcTime'>2019-01-22 00:01:00.422</Data><Data Name='ProcessGuid'>{4145D37B-5D26-5C46-0000-001042AC0400}</Data><Data Name='ProcessId'>2740</Data><Data Name='Image'>C:\Python27\pythonw.exe</Data><Data Name='User'>TOKZIRKZNEXKIWM\Administrator</Data><Data Name='Protocol'>tcp</Data><Data Name='Initiated'>true</Data><Data Name='SourceIsIpv6'>false</Data><Data Name='SourceIp'>192.168.168.224</Data><Data Name='SourceHostname'>TOkZIRkZNEXkIwm</Data><Data Name='SourcePort'>49175</Data><Data Name='SourcePortName'></Data><Data Name='DestinationIsIpv6'>false</Data><Data Name='DestinationIp'>192.168.168.1</Data><Data Name='DestinationHostname'></Data><Data Name='DestinationPort'>2042</Data><Data Name='DestinationPortName'></Data></EventData></Event>
<Event xmlns='http://schemas.microsoft.com/win/2004/08/events/event'><System><Provider Name='Microsoft-Windows-Sysmon' Guid='{5770385F-C22A-43E0-BF4C-06F5698FFBD9}'/><EventID>3</EventID><Version>5</Version><Level>4</Level><Task>3</Task><Opcode>0</Opcode><Keywords>0x8000000000000000</Keywords><TimeCreated SystemTime='2019-05-13T04:31:35.312500000Z'/><EventRecordID>8209</EventRecordID><Correlation/><Execution ProcessID='1428' ThreadID='1828'/><Channel>Microsoft-Windows-Sysmon/Operational</Channel><Computer>TOkZIRkZNEXkIwm</Computer><Security UserID='S-1-5-18'/></System><EventData><Data Name='RuleName'></Data><Data Name='UtcTime'>2019-01-22 00:01:00.816</Data><Data Name='ProcessGuid'>{4145D37B-5D10-5C46-0000-0010B2EA0000}</Data><Data Name='ProcessId'>552</Data><Data Name='Image'>C:\Windows\System32\svchost.exe</Data><Data Name='User'>NT AUTHORITY\NETWORK SERVICE</Data><Data Name='Protocol'>udp</Data><Data Name='Initiated'>false</Data><Data Name='SourceIsIpv6'>true</Data><Data Name='SourceIp'>ff02:0:0:0:0:0:1:3</Data><Data Name='SourceHostname'></Data><Data Name='SourcePort'>5355</Data><Data Name='SourcePortName'>llmnr</Data><Data Name='DestinationIsIpv6'>true</Data><Data Name='DestinationIp'>fe80:0:0:0:489:6757:d7e7:c274</Data><Data Name='DestinationHostname'>cgcIRuPRFuq</Data><Data Name='DestinationPort'>59061</Data><Data Name='DestinationPortName'></Data></EventData></Event>
<Event xmlns='http://schemas.microsoft.com/win/2004/08/events/event'><System><Provider Name='Microsoft-Windows-Sysmon' Guid='{5770385F-C22A-43E0-BF4C-06F5698FFBD9}'/><EventID>3</EventID><Version>5</Version><Level>4</Level><Task>3</Task><Opcode>0</Opcode><Keywords>0x8000000000000000</Keywords><TimeCreated SystemTime='2019-05-13T04:31:35.312500000Z'/><EventRecordID>8210</EventRecordID><Correlation/><Execution ProcessID='1428' ThreadID='1828'/><Channel>Microsoft-Windows-Sysmon/Operational</Channel><Computer>TOkZIRkZNEXkIwm</Computer><Security UserID='S-1-5-18'/></System><EventData><Data Name='RuleName'></Data><Data Name='UtcTime'>2019-01-22 00:01:00.816</Data><Data Name='ProcessGuid'>{4145D37B-5D10-5C46-0000-0010B2EA0000}</Data><Data Name='ProcessId'>552</Data><Data Name='Image'>C:\Windows\System32\svchost.exe</Data><Data Name='User'>NT AUTHORITY\NETWORK SERVICE</Data><Data Name='Protocol'>udp</Data><Data Name='Initiated'>false</Data><Data Name='SourceIsIpv6'>false</Data><Data Name='SourceIp'>224.0.0.252</Data><Data Name='SourceHostname'></Data><Data Name='SourcePort'>5355</Data><Data Name='SourcePortName'>llmnr</Data><Data Name='DestinationIsIpv6'>false</Data><Data Name='DestinationIp'>192.168.168.203</Data><Data Name='DestinationHostname'>cgcIRuPRFuq</Data><Data Name='DestinationPort'>49613</Data><Data Name='DestinationPortName'></Data></EventData></Event>
<Event xmlns='http://schemas.microsoft.com/win/2004/08/events/event'><System><Provider Name='Microsoft-Windows-Sysmon' Guid='{5770385F-C22A-43E0-BF4C-06F5698FFBD9}'/><EventID>3</EventID><Version>5</Version><Level>4</Level><Task>3</Task><Opcode>0</Opcode><Keywords>0x8000000000000000</Keywords><TimeCreated SystemTime='2019-05-13T04:31:35.312500000Z'/><EventRecordID>8211</EventRecordID><Correlation/><Execution ProcessID='1428' ThreadID='1828'/><Channel>Microsoft-Windows-Sysmon/Operational</Channel><Computer>TOkZIRkZNEXkIwm</Computer><Security UserID='S-1-5-18'/></System><EventData><Data Name='RuleName'></Data><Data Name='UtcTime'>2019-01-22 00:01:00.817</Data><Data Name='ProcessGuid'>{4145D37B-5D10-5C46-0000-0010B2EA0000}</Data><Data Name='ProcessId'>552</Data><Data Name='Image'>C:\Windows\System32\svchost.exe</Data><Data Name='User'>NT AUTHORITY\NETWORK SERVICE</Data><Data Name='Protocol'>udp</Data><Data Name='Initiated'>false</Data><Data Name='SourceIsIpv6'>true</Data><Data Name='SourceIp'>ff02:0:0:0:0:0:1:3</Data><Data Name='SourceHostname'></Data><Data Name='SourcePort'>5355</Data><Data Name='SourcePortName'>llmnr</Data><Data Name='DestinationIsIpv6'>true</Data><Data Name='DestinationIp'>fe80:0:0:0:d9b2:3f1b:3e50:aa07</Data><Data Name='DestinationHostname'>fMNiaRFCBSKOR</Data><Data Name='DestinationPort'>57750</Data><Data Name='DestinationPortName'></Data></EventData></Event>
<Event xmlns='http://schemas.microsoft.com/win/2004/08/events/event'><System><Provider Name='Microsoft-Windows-Sysmon' Guid='{5770385F-C22A-43E0-BF4C-06F5698FFBD9}'/><EventID>3</EventID><Version>5</Version><Level>4</Level><Task>3</Task><Opcode>0</Opcode><Keywords>0x8000000000000000</Keywords><TimeCreated SystemTime='2019-05-13T04:31:35.312500000Z'/><EventRecordID>8212</EventRecordID><Correlation/><Execution ProcessID='1428' ThreadID='1828'/><Channel>Microsoft-Windows-Sysmon/Operational</Channel><Computer>TOkZIRkZNEXkIwm</Computer><Security UserID='S-1-5-18'/></System><EventData><Data Name='RuleName'></Data><Data Name='UtcTime'>2019-01-22 00:01:00.818</Data><Data Name='ProcessGuid'>{4145D37B-5D10-5C46-0000-0010B2EA0000}</Data><Data Name='ProcessId'>552</Data><Data Name='Image'>C:\Windows\System32\svchost.exe</Data><Data Name='User'>NT AUTHORITY\NETWORK SERVICE</Data><Data Name='Protocol'>udp</Data><Data Name='Initiated'>false</Data><Data Name='SourceIsIpv6'>false</Data><Data Name='SourceIp'>224.0.0.252</Data><Data Name='SourceHostname'></Data><Data Name='SourcePort'>5355</Data><Data Name='SourcePortName'>llmnr</Data><Data Name='DestinationIsIpv6'>false</Data><Data Name='DestinationIp'>192.168.168.217</Data><Data Name='DestinationHostname'>fMNiaRFCBSKOR</Data><Data Name='DestinationPort'>50641</Data><Data Name='DestinationPortName'></Data></EventData></Event>
<Event xmlns='http://schemas.microsoft.com/win/2004/08/events/event'><System><Provider Name='Microsoft-Windows-Sysmon' Guid='{5770385F-C22A-43E0-BF4C-06F5698FFBD9}'/><EventID>3</EventID><Version>5</Version><Level>4</Level><Task>3</Task><Opcode>0</Opcode><Keywords>0x8000000000000000</Keywords><TimeCreated SystemTime='2019-05-13T04:31:35.312500000Z'/><EventRecordID>8213</EventRecordID><Correlation/><Execution ProcessID='1428' ThreadID='1828'/><Channel>Microsoft-Windows-Sysmon/Operational</Channel><Computer>TOkZIRkZNEXkIwm</Computer><Security UserID='S-1-5-18'/></System><EventData><Data Name='RuleName'></Data><Data Name='UtcTime'>2019-01-22 00:01:00.899</Data><Data Name='ProcessGuid'>{4145D37B-5D11-5C46-0000-00106CFA0100}</Data><Data Name='ProcessId'>2040</Data><Data Name='Image'>C:\Python27\pythonw.exe</Data><Data Name='User'>TOKZIRKZNEXKIWM\Administrator</Data><Data Name='Protocol'>tcp</Data><Data Name='Initiated'>false</Data><Data Name='SourceIsIpv6'>false</Data><Data Name='SourceIp'>192.168.168.224</Data><Data Name='SourceHostname'>TOkZIRkZNEXkIwm</Data><Data Name='SourcePort'>8000</Data><Data Name='SourcePortName'></Data><Data Name='DestinationIsIpv6'>false</Data><Data Name='DestinationIp'>192.168.168.1</Data><Data Name='DestinationHostname'></Data><Data Name='DestinationPort'>48064</Data><Data Name='DestinationPortName'></Data></EventData></Event>
<Event xmlns='http://schemas.microsoft.com/win/2004/08/events/event'><System><Provider Name='Microsoft-Windows-Sysmon' Guid='{5770385F-C22A-43E0-BF4C-06F5698FFBD9}'/><EventID>3</EventID><Version>5</Version><Level>4</Level><Task>3</Task><Opcode>0</Opcode><Keywords>0x8000000000000000</Keywords><TimeCreated SystemTime='2019-05-13T04:31:35.562500000Z'/><EventRecordID>8214</EventRecordID><Correlation/><Execution ProcessID='1428' ThreadID='1828'/><Channel>Microsoft-Windows-Sysmon/Operational</Channel><Computer>TOkZIRkZNEXkIwm</Computer><Security UserID='S-1-5-18'/></System><EventData><Data Name='RuleName'></Data><Data Name='UtcTime'>2019-01-22 00:01:01.091</Data><Data Name='ProcessGuid'>{4145D37B-5D10-5C46-0000-0010B2EA0000}</Data><Data Name='ProcessId'>552</Data><Data Name='Image'>C:\Windows\System32\svchost.exe</Data><Data Name='User'>NT AUTHORITY\NETWORK SERVICE</Data><Data Name='Protocol'>udp</Data><Data Name='Initiated'>false</Data><Data Name='SourceIsIpv6'>true</Data><Data Name='SourceIp'>ff02:0:0:0:0:0:1:3</Data><Data Name='SourceHostname'></Data><Data Name='SourcePort'>5355</Data><Data Name='SourcePortName'>llmnr</Data><Data Name='DestinationIsIpv6'>true</Data><Data Name='DestinationIp'>fe80:0:0:0:c4e2:63b2:cb9d:7b01</Data><Data Name='DestinationHostname'>LdPwmVvTrodfPIDy</Data><Data Name='DestinationPort'>61908</Data><Data Name='DestinationPortName'></Data></EventData></Event>
<Event xmlns='http://schemas.microsoft.com/win/2004/08/events/event'><System><Provider Name='Microsoft-Windows-Sysmon' Guid='{5770385F-C22A-43E0-BF4C-06F5698FFBD9}'/><EventID>3</EventID><Version>5</Version><Level>4</Level><Task>3</Task><Opcode>0</Opcode><Keywords>0x8000000000000000</Keywords><TimeCreated SystemTime='2019-05-13T04:31:35.562500000Z'/><EventRecordID>8215</EventRecordID><Correlation/><Execution ProcessID='1428' ThreadID='1828'/><Channel>Microsoft-Windows-Sysmon/Operational</Channel><Computer>TOkZIRkZNEXkIwm</Computer><Security UserID='S-1-5-18'/></System><EventData><Data Name='RuleName'></Data><Data Name='UtcTime'>2019-01-22 00:01:01.092</Data><Data Name='ProcessGuid'>{4145D37B-5D10-5C46-0000-0010B2EA0000}</Data><Data Name='ProcessId'>552</Data><Data Name='Image'>C:\Windows\System32\svchost.exe</Data><Data Name='User'>NT AUTHORITY\NETWORK SERVICE</Data><Data Name='Protocol'>udp</Data><Data Name='Initiated'>false</Data><Data Name='SourceIsIpv6'>false</Data><Data Name='SourceIp'>224.0.0.252</Data><Data Name='SourceHostname'></Data><Data Name='SourcePort'>5355</Data><Data Name='SourcePortName'>llmnr</Data><Data Name='DestinationIsIpv6'>false</Data><Data Name='DestinationIp'>192.168.168.218</Data><Data Name='DestinationHostname'>LdPwmVvTrodfPIDy</Data><Data Name='DestinationPort'>49357</Data><Data Name='DestinationPortName'></Data></EventData></Event>
<Event xmlns='http://schemas.microsoft.com/win/2004/08/events/event'><System><Provider Name='Microsoft-Windows-Sysmon' Guid='{5770385F-C22A-43E0-BF4C-06F5698FFBD9}'/><EventID>3</EventID><Version>5</Version><Level>4</Level><Task>3</Task><Opcode>0</Opcode><Keywords>0x8000000000000000</Keywords><TimeCreated SystemTime='2019-05-13T04:31:36.343750000Z'/><EventRecordID>8216</EventRecordID><Correlation/><Execution ProcessID='1428' ThreadID='1828'/><Channel>Microsoft-Windows-Sysmon/Operational</Channel><Computer>TOkZIRkZNEXkIwm</Computer><Security UserID='S-1-5-18'/></System><EventData><Data Name='RuleName'></Data><Data Name='UtcTime'>2019-01-22 00:01:01.934</Data><Data Name='ProcessGuid'>{4145D37B-5D11-5C46-0000-00106CFA0100}</Data><Data Name='ProcessId'>2040</Data><Data Name='Image'>C:\Python27\pythonw.exe</Data><Data Name='User'>TOKZIRKZNEXKIWM\Administrator</Data><Data Name='Protocol'>tcp</Data><Data Name='Initiated'>false</Data><Data Name='SourceIsIpv6'>false</Data><Data Name='SourceIp'>192.168.168.224</Data><Data Name='SourceHostname'>TOkZIRkZNEXkIwm</Data><Data Name='SourcePort'>8000</Data><Data Name='SourcePortName'></Data><Data Name='DestinationIsIpv6'>false</Data><Data Name='DestinationIp'>192.168.168.1</Data><Data Name='DestinationHostname'></Data><Data Name='DestinationPort'>48074</Data><Data Name='DestinationPortName'></Data></EventData></Event>
<Event xmlns='http://schemas.microsoft.com/win/2004/08/events/event'><System><Provider Name='Microsoft-Windows-Sysmon' Guid='{5770385F-C22A-43E0-BF4C-06F5698FFBD9}'/><EventID>3</EventID><Version>5</Version><Level>4</Level><Task>3</Task><Opcode>0</Opcode><Keywords>0x8000000000000000</Keywords><TimeCreated SystemTime='2019-05-13T04:31:36.593750000Z'/><EventRecordID>8217</EventRecordID><Correlation/><Execution ProcessID='1428' ThreadID='1828'/><Channel>Microsoft-Windows-Sysmon/Operational</Channel><Computer>TOkZIRkZNEXkIwm</Computer><Security UserID='S-1-5-18'/></System><EventData><Data Name='RuleName'></Data><Data Name='UtcTime'>2019-01-22 00:01:02.147</Data><Data Name='ProcessGuid'>{4145D37B-5D10-5C46-0000-0010B2EA0000}</Data><Data Name='ProcessId'>552</Data><Data Name='Image'>C:\Windows\System32\svchost.exe</Data><Data Name='User'>NT AUTHORITY\NETWORK SERVICE</Data><Data Name='Protocol'>udp</Data><Data Name='Initiated'>false</Data><Data Name='SourceIsIpv6'>true</Data><Data Name='SourceIp'>ff02:0:0:0:0:0:1:3</Data><Data Name='SourceHostname'></Data><Data Name='SourcePort'>5355</Data><Data Name='SourcePortName'>llmnr</Data><Data Name='DestinationIsIpv6'>true</Data><Data Name='DestinationIp'>fe80:0:0:0:ac87:4625:738a:a414</Data><Data Name='DestinationHostname'>YrXIKBUKoMTYRgbK</Data><Data Name='DestinationPort'>52303</Data><Data Name='DestinationPortName'></Data></EventData></Event>
<Event xmlns='http://schemas.microsoft.com/win/2004/08/events/event'><System><Provider Name='Microsoft-Windows-Sysmon' Guid='{5770385F-C22A-43E0-BF4C-06F5698FFBD9}'/><EventID>3</EventID><Version>5</Version><Level>4</Level><Task>3</Task><Opcode>0</Opcode><Keywords>0x8000000000000000</Keywords><TimeCreated SystemTime='2019-05-13T04:31:36.593750000Z'/><EventRecordID>8218</EventRecordID><Correlation/><Execution ProcessID='1428' ThreadID='1828'/><Channel>Microsoft-Windows-Sysmon/Operational</Channel><Computer>TOkZIRkZNEXkIwm</Computer><Security UserID='S-1-5-18'/></System><EventData><Data Name='RuleName'></Data><Data Name='UtcTime'>2019-01-22 00:01:02.148</Data><Data Name='ProcessGuid'>{4145D37B-5D10-5C46-0000-0010B2EA0000}</Data><Data Name='ProcessId'>552</Data><Data Name='Image'>C:\Windows\System32\svchost.exe</Data><Data Name='User'>NT AUTHORITY\NETWORK SERVICE</Data><Data Name='Protocol'>udp</Data><Data Name='Initiated'>false</Data><Data Name='SourceIsIpv6'>false</Data><Data Name='SourceIp'>224.0.0.252</Data><Data Name='SourceHostname'></Data><Data Name='SourcePort'>5355</Data><Data Name='SourcePortName'>llmnr</Data><Data Name='DestinationIsIpv6'>false</Data><Data Name='DestinationIp'>192.168.168.207</Data><Data Name='DestinationHostname'>YrXIKBUKoMTYRgbK</Data><Data Name='DestinationPort'>51814</Data><Data Name='DestinationPortName'></Data></EventData></Event>
<Event xmlns='http://schemas.microsoft.com/win/2004/08/events/event'><System><Provider Name='Microsoft-Windows-Sysmon' Guid='{5770385F-C22A-43E0-BF4C-06F5698FFBD9}'/><EventID>3</EventID><Version>5</Version><Level>4</Level><Task>3</Task><Opcode>0</Opcode><Keywords>0x8000000000000000</Keywords><TimeCreated SystemTime='2019-05-13T04:31:36.843750000Z'/><EventRecordID>8219</EventRecordID><Correlation/><Execution ProcessID='1428' ThreadID='1828'/><Channel>Microsoft-Windows-Sysmon/Operational</Channel><Computer>TOkZIRkZNEXkIwm</Computer><Security UserID='S-1-5-18'/></System><EventData><Data Name='RuleName'></Data><Data Name='UtcTime'>2019-01-22 00:01:02.379</Data><Data Name='ProcessGuid'>{4145D37B-5D10-5C46-0000-0010B2EA0000}</Data><Data Name='ProcessId'>552</Data><Data Name='Image'>C:\Windows\System32\svchost.exe</Data><Data Name='User'>NT AUTHORITY\NETWORK SERVICE</Data><Data Name='Protocol'>udp</Data><Data Name='Initiated'>false</Data><Data Name='SourceIsIpv6'>true</Data><Data Name='SourceIp'>ff02:0:0:0:0:0:1:3</Data><Data Name='SourceHostname'></Data><Data Name='SourcePort'>5355</Data><Data Name='SourcePortName'>llmnr</Data><Data Name='DestinationIsIpv6'>true</Data><Data Name='DestinationIp'>fe80:0:0:0:ac87:4625:738a:a414</Data><Data Name='DestinationHostname'>YrXIKBUKoMTYRgbK</Data><Data Name='DestinationPort'>56861</Data><Data Name='DestinationPortName'></Data></EventData></Event>
<Event xmlns='http://schemas.microsoft.com/win/2004/08/events/event'><System><Provider Name='Microsoft-Windows-Sysmon' Guid='{5770385F-C22A-43E0-BF4C-06F5698FFBD9}'/><EventID>3</EventID><Version>5</Version><Level>4</Level><Task>3</Task><Opcode>0</Opcode><Keywords>0x8000000000000000</Keywords><TimeCreated SystemTime='2019-05-13T04:31:36.843750000Z'/><EventRecordID>8220</EventRecordID><Correlation/><Execution ProcessID='1428' ThreadID='1828'/><Channel>Microsoft-Windows-Sysmon/Operational</Channel><Computer>TOkZIRkZNEXkIwm</Computer><Security UserID='S-1-5-18'/></System><EventData><Data Name='RuleName'></Data><Data Name='UtcTime'>2019-01-22 00:01:02.379</Data><Data Name='ProcessGuid'>{4145D37B-5D10-5C46-0000-0010B2EA0000}</Data><Data Name='ProcessId'>552</Data><Data Name='Image'>C:\Windows\System32\svchost.exe</Data><Data Name='User'>NT AUTHORITY\NETWORK SERVICE</Data><Data Name='Protocol'>udp</Data><Data Name='Initiated'>false</Data><Data Name='SourceIsIpv6'>false</Data><Data Name='SourceIp'>224.0.0.252</Data><Data Name='SourceHostname'></Data><Data Name='SourcePort'>5355</Data><Data Name='SourcePortName'>llmnr</Data><Data Name='DestinationIsIpv6'>false</Data><Data Name='DestinationIp'>192.168.168.207</Data><Data Name='DestinationHostname'>YrXIKBUKoMTYRgbK</Data><Data Name='DestinationPort'>52240</Data><Data Name='DestinationPortName'></Data></EventData></Event>
<Event xmlns='http://schemas.microsoft.com/win/2004/08/events/event'><System><Provider Name='Microsoft-Windows-Sysmon' Guid='{5770385F-C22A-43E0-BF4C-06F5698FFBD9}'/><EventID>3</EventID><Version>5</Version><Level>4</Level><Task>3</Task><Opcode>0</Opcode><Keywords>0x8000000000000000</Keywords><TimeCreated SystemTime='2019-05-13T04:31:37.125000000Z'/><EventRecordID>8221</EventRecordID><Correlation/><Execution ProcessID='1428' ThreadID='1828'/><Channel>Microsoft-Windows-Sysmon/Operational</Channel><Computer>TOkZIRkZNEXkIwm</Computer><Security UserID='S-1-5-18'/></System><EventData><Data Name='RuleName'></Data><Data Name='UtcTime'>2019-01-22 00:01:02.664</Data><Data Name='ProcessGuid'>{4145D37B-5D26-5C46-0000-001042AC0400}</Data><Data Name='ProcessId'>2740</Data><Data Name='Image'>C:\Python27\pythonw.exe</Data><Data Name='User'>TOKZIRKZNEXKIWM\Administrator</Data><Data Name='Protocol'>tcp</Data><Data Name='Initiated'>true</Data><Data Name='SourceIsIpv6'>false</Data><Data Name='SourceIp'>192.168.168.224</Data><Data Name='SourceHostname'>TOkZIRkZNEXkIwm</Data><Data Name='SourcePort'>49176</Data><Data Name='SourcePortName'></Data><Data Name='DestinationIsIpv6'>false</Data><Data Name='DestinationIp'>192.168.168.1</Data><Data Name='DestinationHostname'></Data><Data Name='DestinationPort'>2042</Data><Data Name='DestinationPortName'></Data></EventData></Event>
<Event xmlns='http://schemas.microsoft.com/win/2004/08/events/event'><System><Provider Name='Microsoft-Windows-Sysmon' Guid='{5770385F-C22A-43E0-BF4C-06F5698FFBD9}'/><EventID>3</EventID><Version>5</Version><Level>4</Level><Task>3</Task><Opcode>0</Opcode><Keywords>0x8000000000000000</Keywords><TimeCreated SystemTime='2019-05-13T04:31:37.375000000Z'/><EventRecordID>8222</EventRecordID><Correlation/><Execution ProcessID='1428' ThreadID='1828'/><Channel>Microsoft-Windows-Sysmon/Operational</Channel><Computer>TOkZIRkZNEXkIwm</Computer><Security UserID='S-1-5-18'/></System><EventData><Data Name='RuleName'></Data><Data Name='UtcTime'>2019-01-22 00:01:02.973</Data><Data Name='ProcessGuid'>{4145D37B-5D11-5C46-0000-00106CFA0100}</Data><Data Name='ProcessId'>2040</Data><Data Name='Image'>C:\Python27\pythonw.exe</Data><Data Name='User'>TOKZIRKZNEXKIWM\Administrator</Data><Data Name='Protocol'>tcp</Data><Data Name='Initiated'>false</Data><Data Name='SourceIsIpv6'>false</Data><Data Name='SourceIp'>192.168.168.224</Data><Data Name='SourceHostname'>TOkZIRkZNEXkIwm</Data><Data Name='SourcePort'>8000</Data><Data Name='SourcePortName'></Data><Data Name='DestinationIsIpv6'>false</Data><Data Name='DestinationIp'>192.168.168.1</Data><Data Name='DestinationHostname'></Data><Data Name='DestinationPort'>48084</Data><Data Name='DestinationPortName'></Data></EventData></Event>
<Event xmlns='http://schemas.microsoft.com/win/2004/08/events/event'><System><Provider Name='Microsoft-Windows-Sysmon' Guid='{5770385F-C22A-43E0-BF4C-06F5698FFBD9}'/><EventID>3</EventID><Version>5</Version><Level>4</Level><Task>3</Task><Opcode>0</Opcode><Keywords>0x8000000000000000</Keywords><TimeCreated SystemTime='2019-05-13T04:31:37.625000000Z'/><EventRecordID>8223</EventRecordID><Correlation/><Execution ProcessID='1428' ThreadID='1828'/><Channel>Microsoft-Windows-Sysmon/Operational</Channel><Computer>TOkZIRkZNEXkIwm</Computer><Security UserID='S-1-5-18'/></System><EventData><Data Name='RuleName'></Data><Data Name='UtcTime'>2019-01-22 00:01:03.280</Data><Data Name='ProcessGuid'>{4145D37B-5D10-5C46-0000-0010B2EA0000}</Data><Data Name='ProcessId'>552</Data><Data Name='Image'>C:\Windows\System32\svchost.exe</Data><Data Name='User'>NT AUTHORITY\NETWORK SERVICE</Data><Data Name='Protocol'>udp</Data><Data Name='Initiated'>false</Data><Data Name='SourceIsIpv6'>true</Data><Data Name='SourceIp'>ff02:0:0:0:0:0:1:3</Data><Data Name='SourceHostname'></Data><Data Name='SourcePort'>5355</Data><Data Name='SourcePortName'>llmnr</Data><Data Name='DestinationIsIpv6'>true</Data><Data Name='DestinationIp'>fe80:0:0:0:58de:3a27:300c:e19e</Data><Data Name='DestinationHostname'>fuUCxltE</Data><Data Name='DestinationPort'>51117</Data><Data Name='DestinationPortName'></Data></EventData></Event>
<Event xmlns='http://schemas.microsoft.com/win/2004/08/events/event'><System><Provider Name='Microsoft-Windows-Sysmon' Guid='{5770385F-C22A-43E0-BF4C-06F5698FFBD9}'/><EventID>3</EventID><Version>5</Version><Level>4</Level><Task>3</Task><Opcode>0</Opcode><Keywords>0x8000000000000000</Keywords><TimeCreated SystemTime='2019-05-13T04:31:37.625000000Z'/><EventRecordID>8224</EventRecordID><Correlation/><Execution ProcessID='1428' ThreadID='1828'/><Channel>Microsoft-Windows-Sysmon/Operational</Channel><Computer>TOkZIRkZNEXkIwm</Computer><Security UserID='S-1-5-18'/></System><EventData><Data Name='RuleName'></Data><Data Name='UtcTime'>2019-01-22 00:01:03.281</Data><Data Name='ProcessGuid'>{4145D37B-5D10-5C46-0000-0010B2EA0000}</Data><Data Name='ProcessId'>552</Data><Data Name='Image'>C:\Windows\System32\svchost.exe</Data><Data Name='User'>NT AUTHORITY\NETWORK SERVICE</Data><Data Name='Protocol'>udp</Data><Data Name='Initiated'>false</Data><Data Name='SourceIsIpv6'>true</Data><Data Name='SourceIp'>ff02:0:0:0:0:0:1:3</Data><Data Name='SourceHostname'></Data><Data Name='SourcePort'>5355</Data><Data Name='SourcePortName'>llmnr</Data><Data Name='DestinationIsIpv6'>true</Data><Data Name='DestinationIp'>fe80:0:0:0:58de:3a27:300c:e19e</Data><Data Name='DestinationHostname'>fuUCxltE</Data><Data Name='DestinationPort'>50659</Data><Data Name='DestinationPortName'></Data></EventData></Event>
<Event xmlns='http://schemas.microsoft.com/win/2004/08/events/event'><System><Provider Name='Microsoft-Windows-Sysmon' Guid='{5770385F-C22A-43E0-BF4C-06F5698FFBD9}'/><EventID>3</EventID><Version>5</Version><Level>4</Level><Task>3</Task><Opcode>0</Opcode><Keywords>0x8000000000000000</Keywords><TimeCreated SystemTime='2019-05-13T04:31:37.625000000Z'/><EventRecordID>8225</EventRecordID><Correlation/><Execution ProcessID='1428' ThreadID='1828'/><Channel>Microsoft-Windows-Sysmon/Operational</Channel><Computer>TOkZIRkZNEXkIwm</Computer><Security UserID='S-1-5-18'/></System><EventData><Data Name='RuleName'></Data><Data Name='UtcTime'>2019-01-22 00:01:03.284</Data><Data Name='ProcessGuid'>{4145D37B-5D10-5C46-0000-0010B2EA0000}</Data><Data Name='ProcessId'>552</Data><Data Name='Image'>C:\Windows\System32\svchost.exe</Data><Data Name='User'>NT AUTHORITY\NETWORK SERVICE</Data><Data Name='Protocol'>udp</Data><Data Name='Initiated'>false</Data><Data Name='SourceIsIpv6'>false</Data><Data Name='SourceIp'>224.0.0.252</Data><Data Name='SourceHostname'></Data><Data Name='SourcePort'>5355</Data><Data Name='SourcePortName'>llmnr</Data><Data Name='DestinationIsIpv6'>false</Data><Data Name='DestinationIp'>192.168.168.225</Data><Data Name='DestinationHostname'>fuUCxltE</Data><Data Name='DestinationPort'>61061</Data><Data Name='DestinationPortName'></Data></EventData></Event>
<Event xmlns='http://schemas.microsoft.com/win/2004/08/events/event'><System><Provider Name='Microsoft-Windows-Sysmon' Guid='{5770385F-C22A-43E0-BF4C-06F5698FFBD9}'/><EventID>3</EventID><Version>5</Version><Level>4</Level><Task>3</Task><Opcode>0</Opcode><Keywords>0x8000000000000000</Keywords><TimeCreated SystemTime='2019-05-13T04:31:37.625000000Z'/><EventRecordID>8226</EventRecordID><Correlation/><Execution ProcessID='1428' ThreadID='1828'/><Channel>Microsoft-Windows-Sysmon/Operational</Channel><Computer>TOkZIRkZNEXkIwm</Computer><Security UserID='S-1-5-18'/></System><EventData><Data Name='RuleName'></Data><Data Name='UtcTime'>2019-01-22 00:01:03.284</Data><Data Name='ProcessGuid'>{4145D37B-5D10-5C46-0000-0010B2EA0000}</Data><Data Name='ProcessId'>552</Data><Data Name='Image'>C:\Windows\System32\svchost.exe</Data><Data Name='User'>NT AUTHORITY\NETWORK SERVICE</Data><Data Name='Protocol'>udp</Data><Data Name='Initiated'>false</Data><Data Name='SourceIsIpv6'>false</Data><Data Name='SourceIp'>224.0.0.252</Data><Data Name='SourceHostname'></Data><Data Name='SourcePort'>5355</Data><Data Name='SourcePortName'>llmnr</Data><Data Name='DestinationIsIpv6'>false</Data><Data Name='DestinationIp'>192.168.168.225</Data><Data Name='DestinationHostname'>fuUCxltE</Data><Data Name='DestinationPort'>63901</Data><Data Name='DestinationPortName'></Data></EventData></Event>
<Event xmlns='http://schemas.microsoft.com/win/2004/08/events/event'><System><Provider Name='Microsoft-Windows-Sysmon' Guid='{5770385F-C22A-43E0-BF4C-06F5698FFBD9}'/><EventID>3</EventID><Version>5</Version><Level>4</Level><Task>3</Task><Opcode>0</Opcode><Keywords>0x8000000000000000</Keywords><TimeCreated SystemTime='2019-05-13T04:31:37.625000000Z'/><EventRecordID>8227</EventRecordID><Correlation/><Execution ProcessID='1428' ThreadID='1828'/><Channel>Microsoft-Windows-Sysmon/Operational</Channel><Computer>TOkZIRkZNEXkIwm</Computer><Security UserID='S-1-5-18'/></System><EventData><Data Name='RuleName'></Data><Data Name='UtcTime'>2019-01-22 00:01:03.286</Data><Data Name='ProcessGuid'>{4145D37B-5D10-5C46-0000-0010B2EA0000}</Data><Data Name='ProcessId'>552</Data><Data Name='Image'>C:\Windows\System32\svchost.exe</Data><Data Name='User'>NT AUTHORITY\NETWORK SERVICE</Data><Data Name='Protocol'>udp</Data><Data Name='Initiated'>false</Data><Data Name='SourceIsIpv6'>true</Data><Data Name='SourceIp'>ff02:0:0:0:0:0:1:3</Data><Data Name='SourceHostname'></Data><Data Name='SourcePort'>5355</Data><Data Name='SourcePortName'>llmnr</Data><Data Name='DestinationIsIpv6'>true</Data><Data Name='DestinationIp'>fe80:0:0:0:51fd:d5c6:1277:f85d</Data><Data Name='DestinationHostname'>eyAdJpZuhJHpa</Data><Data Name='DestinationPort'>63340</Data><Data Name='DestinationPortName'></Data></EventData></Event>
<Event xmlns='http://schemas.microsoft.com/win/2004/08/events/event'><System><Provider Name='Microsoft-Windows-Sysmon' Guid='{5770385F-C22A-43E0-BF4C-06F5698FFBD9}'/><EventID>3</EventID><Version>5</Version><Level>4</Level><Task>3</Task><Opcode>0</Opcode><Keywords>0x8000000000000000</Keywords><TimeCreated SystemTime='2019-05-13T04:31:37.625000000Z'/><EventRecordID>8228</EventRecordID><Correlation/><Execution ProcessID='1428' ThreadID='1828'/><Channel>Microsoft-Windows-Sysmon/Operational</Channel><Computer>TOkZIRkZNEXkIwm</Computer><Security UserID='S-1-5-18'/></System><EventData><Data Name='RuleName'></Data><Data Name='UtcTime'>2019-01-22 00:01:03.287</Data><Data Name='ProcessGuid'>{4145D37B-5D10-5C46-0000-0010B2EA0000}</Data><Data Name='ProcessId'>552</Data><Data Name='Image'>C:\Windows\System32\svchost.exe</Data><Data Name='User'>NT AUTHORITY\NETWORK SERVICE</Data><Data Name='Protocol'>udp</Data><Data Name='Initiated'>false</Data><Data Name='SourceIsIpv6'>false</Data><Data Name='SourceIp'>224.0.0.252</Data><Data Name='SourceHostname'></Data><Data Name='SourcePort'>5355</Data><Data Name='SourcePortName'>llmnr</Data><Data Name='DestinationIsIpv6'>false</Data><Data Name='DestinationIp'>192.168.168.229</Data><Data Name='DestinationHostname'>eyAdJpZuhJHpa</Data><Data Name='DestinationPort'>60061</Data><Data Name='DestinationPortName'></Data></EventData></Event>
<Event xmlns='http://schemas.microsoft.com/win/2004/08/events/event'><System><Provider Name='Microsoft-Windows-Sysmon' Guid='{5770385F-C22A-43E0-BF4C-06F5698FFBD9}'/><EventID>3</EventID><Version>5</Version><Level>4</Level><Task>3</Task><Opcode>0</Opcode><Keywords>0x8000000000000000</Keywords><TimeCreated SystemTime='2019-05-13T04:31:37.625000000Z'/><EventRecordID>8229</EventRecordID><Correlation/><Execution ProcessID='1428' ThreadID='1828'/><Channel>Microsoft-Windows-Sysmon/Operational</Channel><Computer>TOkZIRkZNEXkIwm</Computer><Security UserID='S-1-5-18'/></System><EventData><Data Name='RuleName'></Data><Data Name='UtcTime'>2019-01-22 00:01:03.289</Data><Data Name='ProcessGuid'>{4145D37B-5D10-5C46-0000-0010B2EA0000}</Data><Data Name='ProcessId'>552</Data><Data Name='Image'>C:\Windows\System32\svchost.exe</Data><Data Name='User'>NT AUTHORITY\NETWORK SERVICE</Data><Data Name='Protocol'>udp</Data><Data Name='Initiated'>false</Data><Data Name='SourceIsIpv6'>true</Data><Data Name='SourceIp'>ff02:0:0:0:0:0:1:3</Data><Data Name='SourceHostname'></Data><Data Name='SourcePort'>5355</Data><Data Name='SourcePortName'>llmnr</Data><Data Name='DestinationIsIpv6'>true</Data><Data Name='DestinationIp'>fe80:0:0:0:51fd:d5c6:1277:f85d</Data><Data Name='DestinationHostname'>eyAdJpZuhJHpa</Data><Data Name='DestinationPort'>53555</Data><Data Name='DestinationPortName'></Data></EventData></Event>
<Event xmlns='http://schemas.microsoft.com/win/2004/08/events/event'><System><Provider Name='Microsoft-Windows-Sysmon' Guid='{5770385F-C22A-43E0-BF4C-06F5698FFBD9}'/><EventID>3</EventID><Version>5</Version><Level>4</Level><Task>3</Task><Opcode>0</Opcode><Keywords>0x8000000000000000</Keywords><TimeCreated SystemTime='2019-05-13T04:31:37.625000000Z'/><EventRecordID>8230</EventRecordID><Correlation/><Execution ProcessID='1428' ThreadID='1828'/><Channel>Microsoft-Windows-Sysmon/Operational</Channel><Computer>TOkZIRkZNEXkIwm</Computer><Security UserID='S-1-5-18'/></System><EventData><Data Name='RuleName'></Data><Data Name='UtcTime'>2019-01-22 00:01:03.290</Data><Data Name='ProcessGuid'>{4145D37B-5D10-5C46-0000-0010B2EA0000}</Data><Data Name='ProcessId'>552</Data><Data Name='Image'>C:\Windows\System32\svchost.exe</Data><Data Name='User'>NT AUTHORITY\NETWORK SERVICE</Data><Data Name='Protocol'>udp</Data><Data Name='Initiated'>false</Data><Data Name='SourceIsIpv6'>false</Data><Data Name='SourceIp'>224.0.0.252</Data><Data Name='SourceHostname'></Data><Data Name='SourcePort'>5355</Data><Data Name='SourcePortName'>llmnr</Data><Data Name='DestinationIsIpv6'>false</Data><Data Name='DestinationIp'>192.168.168.229</Data><Data Name='DestinationHostname'>eyAdJpZuhJHpa</Data><Data Name='DestinationPort'>58908</Data><Data Name='DestinationPortName'></Data></EventData></Event>
<Event xmlns='http://schemas.microsoft.com/win/2004/08/events/event'><System><Provider Name='Microsoft-Windows-Sysmon' Guid='{5770385F-C22A-43E0-BF4C-06F5698FFBD9}'/><EventID>3</EventID><Version>5</Version><Level>4</Level><Task>3</Task><Opcode>0</Opcode><Keywords>0x8000000000000000</Keywords><TimeCreated SystemTime='2019-05-13T04:31:37.875000000Z'/><EventRecordID>8231</EventRecordID><Correlation/><Execution ProcessID='1428' ThreadID='1828'/><Channel>Microsoft-Windows-Sysmon/Operational</Channel><Computer>TOkZIRkZNEXkIwm</Computer><Security UserID='S-1-5-18'/></System><EventData><Data Name='RuleName'></Data><Data Name='UtcTime'>2019-01-22 00:01:03.356</Data><Data Name='ProcessGuid'>{4145D37B-5D10-5C46-0000-0010B2EA0000}</Data><Data Name='ProcessId'>552</Data><Data Name='Image'>C:\Windows\System32\svchost.exe</Data><Data Name='User'>NT AUTHORITY\NETWORK SERVICE</Data><Data Name='Protocol'>udp</Data><Data Name='Initiated'>false</Data><Data Name='SourceIsIpv6'>true</Data><Data Name='SourceIp'>ff02:0:0:0:0:0:1:3</Data><Data Name='SourceHostname'></Data><Data Name='SourcePort'>5355</Data><Data Name='SourcePortName'>llmnr</Data><Data Name='DestinationIsIpv6'>true</Data><Data Name='DestinationIp'>fe80:0:0:0:ac87:4625:738a:a414</Data><Data Name='DestinationHostname'>YrXIKBUKoMTYRgbK</Data><Data Name='DestinationPort'>62613</Data><Data Name='DestinationPortName'></Data></EventData></Event>
