<Events>
<Event xmlns='http://schemas.microsoft.com/win/2004/08/events/event'><System><Provider Name='Microsoft-Windows-Sysmon' Guid='{5770385F-C22A-43E0-BF4C-06F5698FFBD9}'/><EventID>3</EventID><Version>5</Version><Level>4</Level><Task>3</Task><Opcode>0</Opcode><Keywords>0x8000000000000000</Keywords><TimeCreated SystemTime='2019-05-13T04:31:15.156250000Z'/><EventRecordID>7805</EventRecordID><Correlation/><Execution ProcessID='1428' ThreadID='1828'/><Channel>Microsoft-Windows-Sysmon/Operational</Channel><Computer>TOkZIRkZNEXkIwm</Computer><Security UserID='S-1-5-18'/></System><EventData><Data Name='RuleName'></Data><Data Name='UtcTime'>2019-01-22 00:00:40.733</Data><Data Name='ProcessGuid'>{4145D37B-5D10-5C46-0000-0010B2EA0000}</Data><Data Name='ProcessId'>552</Data><Data Name='Image'>C:\Windows\System32\svchost.exe</Data><Data Name='User'>NT AUTHORITY\NETWORK SERVICE</Data><Data Name='Protocol'>udp</Data><Data Name='Initiated'>false</Data><Data Name='SourceIsIpv6'>true</Data><Data Name='SourceIp'>ff02:0:0:0:0:0:1:3</Data><Data Name='SourceHostname'></Data><Data Name='SourcePort'>5355</Data><Data Name='SourcePortName'>llmnr</Data><Data Name='DestinationIsIpv6'>true</Data><Data Name='DestinationIp'>fe80:0:0:0:489:6757:d7e7:c274</Data><Data Name='DestinationHostname'></Data><Data Name='DestinationPort'>54738</Data><Data Name='DestinationPortName'></Data></EventData></Event>
<Event xmlns='http://schemas.microsoft.com/win/2004/08/events/event'><System><Provider Name='Microsoft-Windows-Sysmon' Guid='{5770385F-C22A-43E0-BF4C-06F5698FFBD9}'/><EventID>3</EventID><Version>5</Version><Level>4</Level><Task>3</Task><Opcode>0</Opcode><Keywords>0x8000000000000000</Keywords><TimeCreated SystemTime='2019-05-13T04:31:15.156250000Z'/><EventRecordID>7806</EventRecordID><Correlation/><Execution ProcessID='1428' ThreadID='1828'/><Channel>Microsoft-Windows-Sysmon/Operational</Channel><Computer>TOkZIRkZNEXkIwm</Computer><Security UserID='S-1-5-18'/></System><EventData><Data Name='RuleName'></Data><Data Name='UtcTime'>2019-01-22 00:00:40.733</Data><Data Name='ProcessGuid'>{4145D37B-5D10-5C46-0000-0010B2EA0000}</Data><Data Name='ProcessId'>552</Data><Data Name='Image'>C:\Windows\System32\svchost.exe</Data><Data Name='User'>NT AUTHORITY\NETWORK SERVICE</Data><Data Name='Protocol'>udp</Data><Data Name='Initiated'>false</Data><Data Name='SourceIsIpv6'>false</Data><Data Name='SourceIp'>224.0.0.252</Data><Data Name='SourceHostname'></Data><Data Name='SourcePort'>5355</Data><Data Name='SourcePortName'>llmnr</Data><Data Name='DestinationIsIpv6'>false</Data><Data Name='DestinationIp'>192.168.168.203</Data><Data Name='DestinationHostname'></Data><Data Name='DestinationPort'>60949</Data><Data Name='DestinationPortName'></Data></EventData></Event>
<Event xmlns='http://schemas.microsoft.com/win/2004/08/events/event'><System><Provider Name='Microsoft-Windows-Sysmon' Guid='{5770385F-C22A-43E0-BF4C-06F5698FFBD9}'/><EventID>3</EventID><Version>5</Version><Level>4</Level><Task>3</Task><Opcode>0</Opcode><Keywords>0x8000000000000000</Keywords><TimeCreated SystemTime='2019-05-13T04:31:15.156250000Z'/><EventRecordID>7807</EventRecordID><Correlation/><Execution ProcessID='1428' ThreadID='1828'/><Channel>Microsoft-Windows-Sysmon/Operational</Channel><Computer>TOkZIRkZNEXkIwm</Computer><Security UserID='S-1-5-18'/></System><EventData><Data Name='RuleName'></Data><Data Name='UtcTime'>2019-01-22 00:00:40.775</Data><Data Name='ProcessGuid'>{4145D37B-5D10-5C46-0000-0010B2EA0000}</Data><Data Name='ProcessId'>552</Data><Data Name='Image'>C:\Windows\System32\svchost.exe</Data><Data Name='User'>NT AUTHORITY\NETWORK SERVICE</Data><Data Name='Protocol'>udp</Data><Data Name='Initiated'>false</Data><Data Name='SourceIsIpv6'>true</Data><Data Name='SourceIp'>ff02:0:0:0:0:0:1:3</Data><Data Name='SourceHostname'></Data><Data Name='SourcePort'>5355</Data><Data Name='SourcePortName'>llmnr</Data><Data Name='DestinationIsIpv6'>true</Data><Data Name='DestinationIp'>fe80:0:0:0:51fd:d5c6:1277:f85d</Data><Data Name='DestinationHostname'></Data><Data Name='DestinationPort'>55274</Data><Data Name='DestinationPortName'></Data></EventData></Event>
<Event xmlns='http://schemas.microsoft.com/win/2004/08/events/event'><System><Provider Name='Microsoft-Windows-Sysmon' Guid='{5770385F-C22A-43E0-BF4C-06F5698FFBD9}'/><EventID>3</EventID><Version>5</Version><Level>4</Level><Task>3</Task><Opcode>0</Opcode><Keywords>0x8000000000000000</Keywords><TimeCreated SystemTime='2019-05-13T04:31:15.156250000Z'/><EventRecordID>7808</EventRecordID><Correlation/><Execution ProcessID='1428' ThreadID='1828'/><Channel>Microsoft-Windows-Sysmon/Operational</Channel><Computer>TOkZIRkZNEXkIwm</Computer><Security UserID='S-1-5-18'/></System><EventData><Data Name='RuleName'></Data><Data Name='UtcTime'>2019-01-22 00:00:40.775</Data><Data Name='ProcessGuid'>{4145D37B-5D10-5C46-0000-0010B2EA0000}</Data><Data Name='ProcessId'>552</Data><Data Name='Image'>C:\Windows\System32\svchost.exe</Data><Data Name='User'>NT AUTHORITY\NETWORK SERVICE</Data><Data Name='Protocol'>udp</Data><Data Name='Initiated'>false</Data><Data Name='SourceIsIpv6'>false</Data><Data Name='SourceIp'>224.0.0.252</Data><Data Name='SourceHostname'></Data><Data Name='SourcePort'>5355</Data><Data Name='SourcePortName'>llmnr</Data><Data Name='DestinationIsIpv6'>false</Data><Data Name='DestinationIp'>192.168.168.229</Data><Data Name='DestinationHostname'></Data><Data Name='DestinationPort'>62212</Data><Data Name='DestinationPortName'></Data></EventData></Event>
<Event xmlns='http://schemas.microsoft.com/win/2004/08/events/event'><System><Provider Name='Microsoft-Windows-Sysmon' Guid='{5770385F-C22A-43E0-BF4C-06F5698FFBD9}'/><EventID>1</EventID><Version>5</Version><Level>4</Level><Task>1</Task><Opcode>0</Opcode><Keywords>0x8000000000000000</Keywords><TimeCreated SystemTime='2019-05-13T04:31:15.484375000Z'/><EventRecordID>7809</EventRecordID><Correlation/><Execution ProcessID='1428' ThreadID='1832'/><Channel>Microsoft-Windows-Sysmon/Operational</Channel><Computer>TOkZIRkZNEXkIwm</Computer><Security UserID='S-1-5-18'/></System><EventData><Data Name='RuleName'></Data><Data Name='UtcTime'>2019-01-22 00:00:38.015</Data><Data Name='ProcessGuid'>{4145D37B-5D26-5C46-0000-001042AC0400}</Data><Data Name='ProcessId'>2740</Data><Data Name='Image'>C:\Python27\pythonw.exe</Data><Data Name='FileVersion'>?</Data><Data Name='Description'>?</Data><Data Name='Product'>?</Data><Data Name='Company'>?</Data><Data Name='CommandLine'>C:\Python27\pythonw.exe C:/tmp9akupj/analyzer.py</Data><Data Name='CurrentDirectory'>C:\tmp9akupj\</Data><Data Name='User'>TOKZIRKZNEXKIWM\Administrator</Data><Data Name='LogonGuid'>{4145D37B-5D10-5C46-0000-002050FF0000}</Data><Data Name='LogonId'>0xff50</Data><Data Name='TerminalSessionId'>1</Data><Data Name='IntegrityLevel'>High</Data><Data Name='Hashes'>SHA1=67E2D9CB21761C8B81D8AC705222EAEA528E5477</Data><Data Name='ParentProcessGuid'>{4145D37B-5D11-5C46-0000-00106CFA0100}</Data><Data Name='ParentProcessId'>2040</Data><Data Name='ParentImage'>C:\Python27\pythonw.exe</Data><Data Name='ParentCommandLine'>"C:\Python27\pythonw.exe" C:\agent.py 0.0.0.0 8000</Data></EventData></Event>
<Event xmlns='http://schemas.microsoft.com/win/2004/08/events/event'><System><Provider Name='Microsoft-Windows-Sysmon' Guid='{5770385F-C22A-43E0-BF4C-06F5698FFBD9}'/><EventID>3</EventID><Version>5</Version><Level>4</Level><Task>3</Task><Opcode>0</Opcode><Keywords>0x8000000000000000</Keywords><TimeCreated SystemTime='2019-05-13T04:31:15.500000000Z'/><EventRecordID>7810</EventRecordID><Correlation/><Execution ProcessID='1428' ThreadID='1828'/><Channel>Microsoft-Windows-Sysmon/Operational</Channel><Computer>TOkZIRkZNEXkIwm</Computer><Security UserID='S-1-5-18'/></System><EventData><Data Name='RuleName'></Data><Data Name='UtcTime'>2019-01-22 00:00:40.918</Data><Data Name='ProcessGuid'>{4145D37B-5D10-5C46-0000-0010B2EA0000}</Data><Data Name='ProcessId'>552</Data><Data Name='Image'>C:\Windows\System32\svchost.exe</Data><Data Name='User'>NT AUTHORITY\NETWORK SERVICE</Data><Data Name='Protocol'>udp</Data><Data Name='Initiated'>false</Data><Data Name='SourceIsIpv6'>true</Data><Data Name='SourceIp'>ff02:0:0:0:0:0:1:3</Data><Data Name='SourceHostname'></Data><Data Name='SourcePort'>5355</Data><Data Name='SourcePortName'>llmnr</Data><Data Name='DestinationIsIpv6'>true</Data><Data Name='DestinationIp'>fe80:0:0:0:489:6757:d7e7:c274</Data><Data Name='DestinationHostname'></Data><Data Name='DestinationPort'>63416</Data><Data Name='DestinationPortName'></Data></EventData></Event>
<Event xmlns='http://schemas.microsoft.com/win/2004/08/events/event'><System><Provider Name='Microsoft-Windows-Sysmon' Guid='{5770385F-C22A-43E0-BF4C-06F5698FFBD9}'/><EventID>3</EventID><Version>5</Version><Level>4</Level><Task>3</Task><Opcode>0</Opcode><Keywords>0x8000000000000000</Keywords><TimeCreated SystemTime='2019-05-13T04:31:15.500000000Z'/><EventRecordID>7811</EventRecordID><Correlation/><Execution ProcessID='1428' ThreadID='1828'/><Channel>Microsoft-Windows-Sysmon/Operational</Channel><Computer>TOkZIRkZNEXkIwm</Computer><Security UserID='S-1-5-18'/></System><EventData><Data Name='RuleName'></Data><Data Name='UtcTime'>2019-01-22 00:00:40.918</Data><Data Name='ProcessGuid'>{4145D37B-5D10-5C46-0000-0010B2EA0000}</Data><Data Name='ProcessId'>552</Data><Data Name='Image'>C:\Windows\System32\svchost.exe</Data><Data Name='User'>NT AUTHORITY\NETWORK SERVICE</Data><Data Name='Protocol'>udp</Data><Data Name='Initiated'>false</Data><Data Name='SourceIsIpv6'>false</Data><Data Name='SourceIp'>224.0.0.252</Data><Data Name='SourceHostname'></Data><Data Name='SourcePort'>5355</Data><Data Name='SourcePortName'>llmnr</Data><Data Name='DestinationIsIpv6'>false</Data><Data Name='DestinationIp'>192.168.168.203</Data><Data Name='DestinationHostname'></Data><Data Name='DestinationPort'>62077</Data><Data Name='DestinationPortName'></Data></EventData></Event>
<Event xmlns='http://schemas.microsoft.com/win/2004/08/events/event'><System><Provider Name='Microsoft-Windows-Sysmon' Guid='{5770385F-C22A-43E0-BF4C-06F5698FFBD9}'/><EventID>3</EventID><Version>5</Version><Level>4</Level><Task>3</Task><Opcode>0</Opcode><Keywords>0x8000000000000000</Keywords><TimeCreated SystemTime='2019-05-13T04:31:15.500000000Z'/><EventRecordID>7812</EventRecordID><Correlation/><Execution ProcessID='1428' ThreadID='1828'/><Channel>Microsoft-Windows-Sysmon/Operational</Channel><Computer>TOkZIRkZNEXkIwm</Computer><Security UserID='S-1-5-18'/></System><EventData><Data Name='RuleName'></Data><Data Name='UtcTime'>2019-01-22 00:00:40.942</Data><Data Name='ProcessGuid'>{4145D37B-5D10-5C46-0000-0010B2EA0000}</Data><Data Name='ProcessId'>552</Data><Data Name='Image'>C:\Windows\System32\svchost.exe</Data><Data Name='User'>NT AUTHORITY\NETWORK SERVICE</Data><Data Name='Protocol'>udp</Data><Data Name='Initiated'>false</Data><Data Name='SourceIsIpv6'>true</Data><Data Name='SourceIp'>ff02:0:0:0:0:0:1:3</Data><Data Name='SourceHostname'></Data><Data Name='SourcePort'>5355</Data><Data Name='SourcePortName'>llmnr</Data><Data Name='DestinationIsIpv6'>true</Data><Data Name='DestinationIp'>fe80:0:0:0:489:6757:d7e7:c274</Data><Data Name='DestinationHostname'></Data><Data Name='DestinationPort'>54453</Data><Data Name='DestinationPortName'></Data></EventData></Event>
<Event xmlns='http://schemas.microsoft.com/win/2004/08/events/event'><System><Provider Name='Microsoft-Windows-Sysmon' Guid='{5770385F-C22A-43E0-BF4C-06F5698FFBD9}'/><EventID>3</EventID><Version>5</Version><Level>4</Level><Task>3</Task><Opcode>0</Opcode><Keywords>0x8000000000000000</Keywords><TimeCreated SystemTime='2019-05-13T04:31:15.500000000Z'/><EventRecordID>7813</EventRecordID><Correlation/><Execution ProcessID='1428' ThreadID='1828'/><Channel>Microsoft-Windows-Sysmon/Operational</Channel><Computer>TOkZIRkZNEXkIwm</Computer><Security UserID='S-1-5-18'/></System><EventData><Data Name='RuleName'></Data><Data Name='UtcTime'>2019-01-22 00:00:40.942</Data><Data Name='ProcessGuid'>{4145D37B-5D10-5C46-0000-0010B2EA0000}</Data><Data Name='ProcessId'>552</Data><Data Name='Image'>C:\Windows\System32\svchost.exe</Data><Data Name='User'>NT AUTHORITY\NETWORK SERVICE</Data><Data Name='Protocol'>udp</Data><Data Name='Initiated'>false</Data><Data Name='SourceIsIpv6'>false</Data><Data Name='SourceIp'>224.0.0.252</Data><Data Name='SourceHostname'></Data><Data Name='SourcePort'>5355</Data><Data Name='SourcePortName'>llmnr</Data><Data Name='DestinationIsIpv6'>false</Data><Data Name='DestinationIp'>192.168.168.203</Data><Data Name='DestinationHostname'></Data><Data Name='DestinationPort'>60244</Data><Data Name='DestinationPortName'></Data></EventData></Event>
<Event xmlns='http://schemas.microsoft.com/win/2004/08/events/event'><System><Provider Name='Microsoft-Windows-Sysmon' Guid='{5770385F-C22A-43E0-BF4C-06F5698FFBD9}'/><EventID>3</EventID><Version>5</Version><Level>4</Level><Task>3</Task><Opcode>0</Opcode><Keywords>0x8000000000000000</Keywords><TimeCreated SystemTime='2019-05-13T04:31:15.500000000Z'/><EventRecordID>7814</EventRecordID><Correlation/><Execution ProcessID='1428' ThreadID='1828'/><Channel>Microsoft-Windows-Sysmon/Operational</Channel><Computer>TOkZIRkZNEXkIwm</Computer><Security UserID='S-1-5-18'/></System><EventData><Data Name='RuleName'></Data><Data Name='UtcTime'>2019-01-22 00:00:41.081</Data><Data Name='ProcessGuid'>{4145D37B-5D10-5C46-0000-0010B2EA0000}</Data><Data Name='ProcessId'>552</Data><Data Name='Image'>C:\Windows\System32\svchost.exe</Data><Data Name='User'>NT AUTHORITY\NETWORK SERVICE</Data><Data Name='Protocol'>udp</Data><Data Name='Initiated'>false</Data><Data Name='SourceIsIpv6'>true</Data><Data Name='SourceIp'>ff02:0:0:0:0:0:1:3</Data><Data Name='SourceHostname'></Data><Data Name='SourcePort'>5355</Data><Data Name='SourcePortName'>llmnr</Data><Data Name='DestinationIsIpv6'>true</Data><Data Name='DestinationIp'>fe80:0:0:0:6d7c:f264:8f52:4445</Data><Data Name='DestinationHostname'></Data><Data Name='DestinationPort'>62321</Data><Data Name='DestinationPortName'></Data></EventData></Event>
<Event xmlns='http://schemas.microsoft.com/win/2004/08/events/event'><System><Provider Name='Microsoft-Windows-Sysmon' Guid='{5770385F-C22A-43E0-BF4C-06F5698FFBD9}'/><EventID>3</EventID><Version>5</Version><Level>4</Level><Task>3</Task><Opcode>0</Opcode><Keywords>0x8000000000000000</Keywords><TimeCreated SystemTime='2019-05-13T04:31:15.500000000Z'/><EventRecordID>7815</EventRecordID><Correlation/><Execution ProcessID='1428' ThreadID='1828'/><Channel>Microsoft-Windows-Sysmon/Operational</Channel><Computer>TOkZIRkZNEXkIwm</Computer><Security UserID='S-1-5-18'/></System><EventData><Data Name='RuleName'></Data><Data Name='UtcTime'>2019-01-22 00:00:41.081</Data><Data Name='ProcessGuid'>{4145D37B-5D10-5C46-0000-0010B2EA0000}</Data><Data Name='ProcessId'>552</Data><Data Name='Image'>C:\Windows\System32\svchost.exe</Data><Data Name='User'>NT AUTHORITY\NETWORK SERVICE</Data><Data Name='Protocol'>udp</Data><Data Name='Initiated'>false</Data><Data Name='SourceIsIpv6'>false</Data><Data Name='SourceIp'>224.0.0.252</Data><Data Name='SourceHostname'></Data><Data Name='SourcePort'>5355</Data><Data Name='SourcePortName'>llmnr</Data><Data Name='DestinationIsIpv6'>false</Data><Data Name='DestinationIp'>192.168.168.211</Data><Data Name='DestinationHostname'></Data><Data Name='DestinationPort'>50869</Data><Data Name='DestinationPortName'></Data></EventData></Event>
<Event xmlns='http://schemas.microsoft.com/win/2004/08/events/event'><System><Provider Name='Microsoft-Windows-Sysmon' Guid='{5770385F-C22A-43E0-BF4C-06F5698FFBD9}'/><EventID>3</EventID><Version>5</Version><Level>4</Level><Task>3</Task><Opcode>0</Opcode><Keywords>0x8000000000000000</Keywords><TimeCreated SystemTime='2019-05-13T04:31:15.750000000Z'/><EventRecordID>7816</EventRecordID><Correlation/><Execution ProcessID='1428' ThreadID='1828'/><Channel>Microsoft-Windows-Sysmon/Operational</Channel><Computer>TOkZIRkZNEXkIwm</Computer><Security UserID='S-1-5-18'/></System><EventData><Data Name='RuleName'></Data><Data Name='UtcTime'>2019-01-22 00:00:41.200</Data><Data Name='ProcessGuid'>{4145D37B-5D11-5C46-0000-00106CFA0100}</Data><Data Name='ProcessId'>2040</Data><Data Name='Image'>C:\Python27\pythonw.exe</Data><Data Name='User'>TOKZIRKZNEXKIWM\Administrator</Data><Data Name='Protocol'>tcp</Data><Data Name='Initiated'>false</Data><Data Name='SourceIsIpv6'>false</Data><Data Name='SourceIp'>192.168.168.224</Data><Data Name='SourceHostname'>TOkZIRkZNEXkIwm</Data><Data Name='SourcePort'>8000</Data><Data Name='SourcePortName'></Data><Data Name='DestinationIsIpv6'>false</Data><Data Name='DestinationIp'>192.168.168.1</Data><Data Name='DestinationHostname'></Data><Data Name='DestinationPort'>47834</Data><Data Name='DestinationPortName'></Data></EventData></Event>
<Event xmlns='http://schemas.microsoft.com/win/2004/08/events/event'><System><Provider Name='Microsoft-Windows-Sysmon' Guid='{5770385F-C22A-43E0-BF4C-06F5698FFBD9}'/><EventID>3</EventID><Version>5</Version><Level>4</Level><Task>3</Task><Opcode>0</Opcode><Keywords>0x8000000000000000</Keywords><TimeCreated SystemTime='2019-05-13T04:31:16.000000000Z'/><EventRecordID>7817</EventRecordID><Correlation/><Execution ProcessID='1428' ThreadID='1828'/><Channel>Microsoft-Windows-Sysmon/Operational</Channel><Computer>TOkZIRkZNEXkIwm</Computer><Security UserID='S-1-5-18'/></System><EventData><Data Name='RuleName'></Data><Data Name='UtcTime'>2019-01-22 00:00:41.520</Data><Data Name='ProcessGuid'>{4145D37B-5D10-5C46-0000-0010B2EA0000}</Data><Data Name='ProcessId'>552</Data><Data Name='Image'>C:\Windows\System32\svchost.exe</Data><Data Name='User'>NT AUTHORITY\NETWORK SERVICE</Data><Data Name='Protocol'>udp</Data><Data Name='Initiated'>false</Data><Data Name='SourceIsIpv6'>true</Data><Data Name='SourceIp'>ff02:0:0:0:0:0:1:3</Data><Data Name='SourceHostname'></Data><Data Name='SourcePort'>5355</Data><Data Name='SourcePortName'>llmnr</Data><Data Name='DestinationIsIpv6'>true</Data><Data Name='DestinationIp'>fe80:0:0:0:df2:ddb4:1d0d:41f</Data><Data Name='DestinationHostname'></Data><Data Name='DestinationPort'>56545</Data><Data Name='DestinationPortName'></Data></EventData></Event>
<Event xmlns='http://schemas.microsoft.com/win/2004/08/events/event'><System><Provider Name='Microsoft-Windows-Sysmon' Guid='{5770385F-C22A-43E0-BF4C-06F5698FFBD9}'/><EventID>3</EventID><Version>5</Version><Level>4</Level><Task>3</Task><Opcode>0</Opcode><Keywords>0x8000000000000000</Keywords><TimeCreated SystemTime='2019-05-13T04:31:16.000000000Z'/><EventRecordID>7818</EventRecordID><Correlation/><Execution ProcessID='1428' ThreadID='1828'/><Channel>Microsoft-Windows-Sysmon/Operational</Channel><Computer>TOkZIRkZNEXkIwm</Computer><Security UserID='S-1-5-18'/></System><EventData><Data Name='RuleName'></Data><Data Name='UtcTime'>2019-01-22 00:00:41.520</Data><Data Name='ProcessGuid'>{4145D37B-5D10-5C46-0000-0010B2EA0000}</Data><Data Name='ProcessId'>552</Data><Data Name='Image'>C:\Windows\System32\svchost.exe</Data><Data Name='User'>NT AUTHORITY\NETWORK SERVICE</Data><Data Name='Protocol'>udp</Data><Data Name='Initiated'>false</Data><Data Name='SourceIsIpv6'>false</Data><Data Name='SourceIp'>224.0.0.252</Data><Data Name='SourceHostname'></Data><Data Name='SourcePort'>5355</Data><Data Name='SourcePortName'>llmnr</Data><Data Name='DestinationIsIpv6'>false</Data><Data Name='DestinationIp'>192.168.168.204</Data><Data Name='DestinationHostname'></Data><Data Name='DestinationPort'>54655</Data><Data Name='DestinationPortName'></Data></EventData></Event>
<Event xmlns='http://schemas.microsoft.com/win/2004/08/events/event'><System><Provider Name='Microsoft-Windows-Sysmon' Guid='{5770385F-C22A-43E0-BF4C-06F5698FFBD9}'/><EventID>3</EventID><Version>5</Version><Level>4</Level><Task>3</Task><Opcode>0</Opcode><Keywords>0x8000000000000000</Keywords><TimeCreated SystemTime='2019-05-13T04:31:16.000000000Z'/><EventRecordID>7819</EventRecordID><Correlation/><Execution ProcessID='1428' ThreadID='1828'/><Channel>Microsoft-Windows-Sysmon/Operational</Channel><Computer>TOkZIRkZNEXkIwm</Computer><Security UserID='S-1-5-18'/></System><EventData><Data Name='RuleName'></Data><Data Name='UtcTime'>2019-01-22 00:00:41.571</Data><Data Name='ProcessGuid'>{4145D37B-5D10-5C46-0000-0010B2EA0000}</Data><Data Name='ProcessId'>552</Data><Data Name='Image'>C:\Windows\System32\svchost.exe</Data><Data Name='User'>NT AUTHORITY\NETWORK SERVICE</Data><Data Name='Protocol'>udp</Data><Data Name='Initiated'>false</Data><Data Name='SourceIsIpv6'>true</Data><Data Name='SourceIp'>ff02:0:0:0:0:0:1:3</Data><Data Name='SourceHostname'></Data><Data Name='SourcePort'>5355</Data><Data Name='SourcePortName'>llmnr</Data><Data Name='DestinationIsIpv6'>true</Data><Data Name='DestinationIp'>fe80:0:0:0:51fd:d5c6:1277:f85d</Data><Data Name='DestinationHostname'></Data><Data Name='DestinationPort'>61929</Data><Data Name='DestinationPortName'></Data></EventData></Event>
<Event xmlns='http://schemas.microsoft.com/win/2004/08/events/event'><System><Provider Name='Microsoft-Windows-Sysmon' Guid='{5770385F-C22A-43E0-BF4C-06F5698FFBD9}'/><EventID>3</EventID><Version>5</Version><Level>4</Level><Task>3</Task><Opcode>0</Opcode><Keywords>0x8000000000000000</Keywords><TimeCreated SystemTime='2019-05-13T04:31:16.000000000Z'/><EventRecordID>7820</EventRecordID><Correlation/><Execution ProcessID='1428' ThreadID='1828'/><Channel>Microsoft-Windows-Sysmon/Operational</Channel><Computer>TOkZIRkZNEXkIwm</Computer><Security UserID='S-1-5-18'/></System><EventData><Data Name='RuleName'></Data><Data Name='UtcTime'>2019-01-22 00:00:41.571</Data><Data Name='ProcessGuid'>{4145D37B-5D10-5C46-0000-0010B2EA0000}</Data><Data Name='ProcessId'>552</Data><Data Name='Image'>C:\Windows\System32\svchost.exe</Data><Data Name='User'>NT AUTHORITY\NETWORK SERVICE</Data><Data Name='Protocol'>udp</Data><Data Name='Initiated'>false</Data><Data Name='SourceIsIpv6'>false</Data><Data Name='SourceIp'>224.0.0.252</Data><Data Name='SourceHostname'></Data><Data Name='SourcePort'>5355</Data><Data Name='SourcePortName'>llmnr</Data><Data Name='DestinationIsIpv6'>false</Data><Data Name='DestinationIp'>192.168.168.229</Data><Data Name='DestinationHostname'></Data><Data Name='DestinationPort'>52685</Data><Data Name='DestinationPortName'></Data></EventData></Event>
<Event xmlns='http://schemas.microsoft.com/win/2004/08/events/event'><System><Provider Name='Microsoft-Windows-Sysmon' Guid='{5770385F-C22A-43E0-BF4C-06F5698FFBD9}'/><EventID>3</EventID><Version>5</Version><Level>4</Level><Task>3</Task><Opcode>0</Opcode><Keywords>0x8000000000000000</Keywords><TimeCreated SystemTime='2019-05-13T04:31:16.250000000Z'/><EventRecordID>7821</EventRecordID><Correlation/><Execution ProcessID='1428' ThreadID='1828'/><Channel>Microsoft-Windows-Sysmon/Operational</Channel><Computer>TOkZIRkZNEXkIwm</Computer><Security UserID='S-1-5-18'/></System><EventData><Data Name='RuleName'></Data><Data Name='UtcTime'>2019-01-22 00:00:41.776</Data><Data Name='ProcessGuid'>{4145D37B-5D26-5C46-0000-001042AC0400}</Data><Data Name='ProcessId'>2740</Data><Data Name='Image'>C:\Python27\pythonw.exe</Data><Data Name='User'>TOKZIRKZNEXKIWM\Administrator</Data><Data Name='Protocol'>tcp</Data><Data Name='Initiated'>true</Data><Data Name='SourceIsIpv6'>false</Data><Data Name='SourceIp'>192.168.168.224</Data><Data Name='SourceHostname'>TOkZIRkZNEXkIwm</Data><Data Name='SourcePort'>49159</Data><Data Name='SourcePortName'></Data><Data Name='DestinationIsIpv6'>false</Data><Data Name='DestinationIp'>192.168.168.1</Data><Data Name='DestinationHostname'></Data><Data Name='DestinationPort'>2042</Data><Data Name='DestinationPortName'></Data></EventData></Event>
<Event xmlns='http://schemas.microsoft.com/win/2004/08/events/event'><System><Provider Name='Microsoft-Windows-Sysmon' Guid='{5770385F-C22A-43E0-BF4C-06F5698FFBD9}'/><EventID>3</EventID><Version>5</Version><Level>4</Level><Task>3</Task><Opcode>0</Opcode><Keywords>0x8000000000000000</Keywords><TimeCreated SystemTime='2019-05-13T04:31:16.250000000Z'/><EventRecordID>7822</EventRecordID><Correlation/><Execution ProcessID='1428' ThreadID='1828'/><Channel>Microsoft-Windows-Sysmon/Operational</Channel><Computer>TOkZIRkZNEXkIwm</Computer><Security UserID='S-1-5-18'/></System><EventData><Data Name='RuleName'></Data><Data Name='UtcTime'>2019-01-22 00:00:41.784</Data><Data Name='ProcessGuid'>{4145D37B-5D10-5C46-0000-0010B2EA0000}</Data><Data Name='ProcessId'>552</Data><Data Name='Image'>C:\Windows\System32\svchost.exe</Data><Data Name='User'>NT AUTHORITY\NETWORK SERVICE</Data><Data Name='Protocol'>udp</Data><Data Name='Initiated'>false</Data><Data Name='SourceIsIpv6'>true</Data><Data Name='SourceIp'>ff02:0:0:0:0:0:1:3</Data><Data Name='SourceHostname'></Data><Data Name='SourcePort'>5355</Data><Data Name='SourcePortName'>llmnr</Data><Data Name='DestinationIsIpv6'>true</Data><Data Name='DestinationIp'>fe80:0:0:0:489:6757:d7e7:c274</Data><Data Name='DestinationHostname'></Data><Data Name='DestinationPort'>56709</Data><Data Name='DestinationPortName'></Data></EventData></Event>
<Event xmlns='http://schemas.microsoft.com/win/2004/08/events/event'><System><Provider Name='Microsoft-Windows-Sysmon' Guid='{5770385F-C22A-43E0-BF4C-06F5698FFBD9}'/><EventID>3</EventID><Version>5</Version><Level>4</Level><Task>3</Task><Opcode>0</Opcode><Keywords>0x8000000000000000</Keywords><TimeCreated SystemTime='2019-05-13T04:31:16.250000000Z'/><EventRecordID>7823</EventRecordID><Correlation/><Execution ProcessID='1428' ThreadID='1828'/><Channel>Microsoft-Windows-Sysmon/Operational</Channel><Computer>TOkZIRkZNEXkIwm</Computer><Security UserID='S-1-5-18'/></System><EventData><Data Name='RuleName'></Data><Data Name='UtcTime'>2019-01-22 00:00:41.784</Data><Data Name='ProcessGuid'>{4145D37B-5D10-5C46-0000-0010B2EA0000}</Data><Data Name='ProcessId'>552</Data><Data Name='Image'>C:\Windows\System32\svchost.exe</Data><Data Name='User'>NT AUTHORITY\NETWORK SERVICE</Data><Data Name='Protocol'>udp</Data><Data Name='Initiated'>false</Data><Data Name='SourceIsIpv6'>false</Data><Data Name='SourceIp'>224.0.0.252</Data><Data Name='SourceHostname'></Data><Data Name='SourcePort'>5355</Data><Data Name='SourcePortName'>llmnr</Data><Data Name='DestinationIsIpv6'>false</Data><Data Name='DestinationIp'>192.168.168.203</Data><Data Name='DestinationHostname'></Data><Data Name='DestinationPort'>63207</Data><Data Name='DestinationPortName'></Data></EventData></Event>
<Event xmlns='http://schemas.microsoft.com/win/2004/08/events/event'><System><Provider Name='Microsoft-Windows-Sysmon' Guid='{5770385F-C22A-43E0-BF4C-06F5698FFBD9}'/><EventID>3</EventID><Version>5</Version><Level>4</Level><Task>3</Task><Opcode>0</Opcode><Keywords>0x8000000000000000</Keywords><TimeCreated SystemTime='2019-05-13T04:31:16.250000000Z'/><EventRecordID>7824</EventRecordID><Correlation/><Execution ProcessID='1428' ThreadID='1828'/><Channel>Microsoft-Windows-Sysmon/Operational</Channel><Computer>TOkZIRkZNEXkIwm</Computer><Security UserID='S-1-5-18'/></System><EventData><Data Name='RuleName'></Data><Data Name='UtcTime'>2019-01-22 00:00:41.786</Data><Data Name='ProcessGuid'>{4145D37B-5D10-5C46-0000-0010B2EA0000}</Data><Data Name='ProcessId'>552</Data><Data Name='Image'>C:\Windows\System32\svchost.exe</Data><Data Name='User'>NT AUTHORITY\NETWORK SERVICE</Data><Data Name='Protocol'>udp</Data><Data Name='Initiated'>false</Data><Data Name='SourceIsIpv6'>true</Data><Data Name='SourceIp'>ff02:0:0:0:0:0:1:3</Data><Data Name='SourceHostname'></Data><Data Name='SourcePort'>5355</Data><Data Name='SourcePortName'>llmnr</Data><Data Name='DestinationIsIpv6'>true</Data><Data Name='DestinationIp'>fe80:0:0:0:489:6757:d7e7:c274</Data><Data Name='DestinationHostname'></Data><Data Name='DestinationPort'>62382</Data><Data Name='DestinationPortName'></Data></EventData></Event>
<Event xmlns='http://schemas.microsoft.com/win/2004/08/events/event'><System><Provider Name='Microsoft-Windows-Sysmon' Guid='{5770385F-C22A-43E0-BF4C-06F5698FFBD9}'/><EventID>3</EventID><Version>5</Version><Level>4</Level><Task>3</Task><Opcode>0</Opcode><Keywords>0x8000000000000000</Keywords><TimeCreated SystemTime='2019-05-13T04:31:16.250000000Z'/><EventRecordID>7825</EventRecordID><Correlation/><Execution ProcessID='1428' ThreadID='1828'/><Channel>Microsoft-Windows-Sysmon/Operational</Channel><Computer>TOkZIRkZNEXkIwm</Computer><Security UserID='S-1-5-18'/></System><EventData><Data Name='RuleName'></Data><Data Name='UtcTime'>2019-01-22 00:00:41.786</Data><Data Name='ProcessGuid'>{4145D37B-5D10-5C46-0000-0010B2EA0000}</Data><Data Name='ProcessId'>552</Data><Data Name='Image'>C:\Windows\System32\svchost.exe</Data><Data Name='User'>NT AUTHORITY\NETWORK SERVICE</Data><Data Name='Protocol'>udp</Data><Data Name='Initiated'>false</Data><Data Name='SourceIsIpv6'>false</Data><Data Name='SourceIp'>224.0.0.252</Data><Data Name='SourceHostname'></Data><Data Name='SourcePort'>5355</Data><Data Name='SourcePortName'>llmnr</Data><Data Name='DestinationIsIpv6'>false</Data><Data Name='DestinationIp'>192.168.168.203</Data><Data Name='DestinationHostname'></Data><Data Name='DestinationPort'>54852</Data><Data Name='DestinationPortName'></Data></EventData></Event>
<Event xmlns='http://schemas.microsoft.com/win/2004/08/events/event'><System><Provider Name='Microsoft-Windows-Sysmon' Guid='{5770385F-C22A-43E0-BF4C-06F5698FFBD9}'/><EventID>3</EventID><Version>5</Version><Level>4</Level><Task>3</Task><Opcode>0</Opcode><Keywords>0x8000000000000000</Keywords><TimeCreated SystemTime='2019-05-13T04:31:16.531250000Z'/><EventRecordID>7826</EventRecordID><Correlation/><Execution ProcessID='1428' ThreadID='1828'/><Channel>Microsoft-Windows-Sysmon/Operational</Channel><Computer>TOkZIRkZNEXkIwm</Computer><Security UserID='S-1-5-18'/></System><EventData><Data Name='RuleName'></Data><Data Name='UtcTime'>2019-01-22 00:00:41.932</Data><Data Name='ProcessGuid'>{4145D37B-5D10-5C46-0000-0010B2EA0000}</Data><Data Name='ProcessId'>552</Data><Data Name='Image'>C:\Windows\System32\svchost.exe</Data><Data Name='User'>NT AUTHORITY\NETWORK SERVICE</Data><Data Name='Protocol'>udp</Data><Data Name='Initiated'>false</Data><Data Name='SourceIsIpv6'>true</Data><Data Name='SourceIp'>ff02:0:0:0:0:0:1:3</Data><Data Name='SourceHostname'></Data><Data Name='SourcePort'>5355</Data><Data Name='SourcePortName'>llmnr</Data><Data Name='DestinationIsIpv6'>true</Data><Data Name='DestinationIp'>fe80:0:0:0:b18d:20a4:80fa:9356</Data><Data Name='DestinationHostname'>TOkZIRkZNEXkIwm</Data><Data Name='DestinationPort'>62904</Data><Data Name='DestinationPortName'></Data></EventData></Event>
<Event xmlns='http://schemas.microsoft.com/win/2004/08/events/event'><System><Provider Name='Microsoft-Windows-Sysmon' Guid='{5770385F-C22A-43E0-BF4C-06F5698FFBD9}'/><EventID>3</EventID><Version>5</Version><Level>4</Level><Task>3</Task><Opcode>0</Opcode><Keywords>0x8000000000000000</Keywords><TimeCreated SystemTime='2019-05-13T04:31:16.781250000Z'/><EventRecordID>7827</EventRecordID><Correlation/><Execution ProcessID='1428' ThreadID='1828'/><Channel>Microsoft-Windows-Sysmon/Operational</Channel><Computer>TOkZIRkZNEXkIwm</Computer><Security UserID='S-1-5-18'/></System><EventData><Data Name='RuleName'></Data><Data Name='UtcTime'>2019-01-22 00:00:42.167</Data><Data Name='ProcessGuid'>{4145D37B-5D10-5C46-0000-0010B2EA0000}</Data><Data Name='ProcessId'>552</Data><Data Name='Image'>C:\Windows\System32\svchost.exe</Data><Data Name='User'>NT AUTHORITY\NETWORK SERVICE</Data><Data Name='Protocol'>udp</Data><Data Name='Initiated'>false</Data><Data Name='SourceIsIpv6'>true</Data><Data Name='SourceIp'>ff02:0:0:0:0:0:1:3</Data><Data Name='SourceHostname'></Data><Data Name='SourcePort'>5355</Data><Data Name='SourcePortName'>llmnr</Data><Data Name='DestinationIsIpv6'>true</Data><Data Name='DestinationIp'>fe80:0:0:0:b18d:20a4:80fa:9356</Data><Data Name='DestinationHostname'>TOkZIRkZNEXkIwm</Data><Data Name='DestinationPort'>64812</Data><Data Name='DestinationPortName'></Data></EventData></Event>
<Event xmlns='http://schemas.microsoft.com/win/2004/08/events/event'><System><Provider Name='Microsoft-Windows-Sysmon' Guid='{5770385F-C22A-43E0-BF4C-06F5698FFBD9}'/><EventID>3</EventID><Version>5</Version><Level>4</Level><Task>3</Task><Opcode>0</Opcode><Keywords>0x8000000000000000</Keywords><TimeCreated SystemTime='2019-05-13T04:31:16.781250000Z'/><EventRecordID>7828</EventRecordID><Correlation/><Execution ProcessID='1428' ThreadID='1828'/><Channel>Microsoft-Windows-Sysmon/Operational</Channel><Computer>TOkZIRkZNEXkIwm</Computer><Security UserID='S-1-5-18'/></System><EventData><Data Name='RuleName'></Data><Data Name='UtcTime'>2019-01-22 00:00:42.224</Data><Data Name='ProcessGuid'>{4145D37B-5D11-5C46-0000-00106CFA0100}</Data><Data Name='ProcessId'>2040</Data><Data Name='Image'>C:\Python27\pythonw.exe</Data><Data Name='User'>TOKZIRKZNEXKIWM\Administrator</Data><Data Name='Protocol'>tcp</Data><Data Name='Initiated'>false</Data><Data Name='SourceIsIpv6'>false</Data><Data Name='SourceIp'>192.168.168.224</Data><Data Name='SourceHostname'>TOkZIRkZNEXkIwm</Data><Data Name='SourcePort'>8000</Data><Data Name='SourcePortName'></Data><Data Name='DestinationIsIpv6'>false</Data><Data Name='DestinationIp'>192.168.168.1</Data><Data Name='DestinationHostname'></Data><Data Name='DestinationPort'>47842</Data><Data Name='DestinationPortName'></Data></EventData></Event>
<Event xmlns='http://schemas.microsoft.com/win/2004/08/events/event'><System><Provider Name='Microsoft-Windows-Sysmon' Guid='{5770385F-C22A-43E0-BF4C-06F5698FFBD9}'/><EventID>3</EventID><Version>5</Version><Level>4</Level><Task>3</Task><Opcode>0</Opcode><Keywords>0x8000000000000000</Keywords><TimeCreated SystemTime='2019-05-13T04:31:16.781250000Z'/><EventRecordID>7829</EventRecordID><Correlation/><Execution ProcessID='1428' ThreadID='1828'/><Channel>Microsoft-Windows-Sysmon/Operational</Channel><Computer>TOkZIRkZNEXkIwm</Computer><Security UserID='S-1-5-18'/></System><EventData><Data Name='RuleName'></Data><Data Name='UtcTime'>2019-01-22 00:00:42.229</Data><Data Name='ProcessGuid'>{4145D37B-5D10-5C46-0000-0010B2EA0000}</Data><Data Name='ProcessId'>552</Data><Data Name='Image'>C:\Windows\System32\svchost.exe</Data><Data Name='User'>NT AUTHORITY\NETWORK SERVICE</Data><Data Name='Protocol'>udp</Data><Data Name='Initiated'>false</Data><Data Name='SourceIsIpv6'>true</Data><Data Name='SourceIp'>ff02:0:0:0:0:0:1:3</Data><Data Name='SourceHostname'></Data><Data Name='SourcePort'>5355</Data><Data Name='SourcePortName'>llmnr</Data><Data Name='DestinationIsIpv6'>true</Data><Data Name='DestinationIp'>fe80:0:0:0:c4e2:63b2:cb9d:7b01</Data><Data Name='DestinationHostname'></Data><Data Name='DestinationPort'>50062</Data><Data Name='DestinationPortName'></Data></EventData></Event>
<Event xmlns='http://schemas.microsoft.com/win/2004/08/events/event'><System><Provider Name='Microsoft-Windows-Sysmon' Guid='{5770385F-C22A-43E0-BF4C-06F5698FFBD9}'/><EventID>3</EventID><Version>5</Version><Level>4</Level><Task>3</Task><Opcode>0</Opcode><Keywords>0x8000000000000000</Keywords><TimeCreated SystemTime='2019-05-13T04:31:16.781250000Z'/><EventRecordID>7830</EventRecordID><Correlation/><Execution ProcessID='1428' ThreadID='1828'/><Channel>Microsoft-Windows-Sysmon/Operational</Channel><Computer>TOkZIRkZNEXkIwm</Computer><Security UserID='S-1-5-18'/></System><EventData><Data Name='RuleName'></Data><Data Name='UtcTime'>2019-01-22 00:00:42.230</Data><Data Name='ProcessGuid'>{4145D37B-5D10-5C46-0000-0010B2EA0000}</Data><Data Name='ProcessId'>552</Data><Data Name='Image'>C:\Windows\System32\svchost.exe</Data><Data Name='User'>NT AUTHORITY\NETWORK SERVICE</Data><Data Name='Protocol'>udp</Data><Data Name='Initiated'>false</Data><Data Name='SourceIsIpv6'>false</Data><Data Name='SourceIp'>224.0.0.252</Data><Data Name='SourceHostname'></Data><Data Name='SourcePort'>5355</Data><Data Name='SourcePortName'>llmnr</Data><Data Name='DestinationIsIpv6'>false</Data><Data Name='DestinationIp'>192.168.168.218</Data><Data Name='DestinationHostname'></Data><Data Name='DestinationPort'>55175</Data><Data Name='DestinationPortName'></Data></EventData></Event>
<Event xmlns='http://schemas.microsoft.com/win/2004/08/events/event'><System><Provider Name='Microsoft-Windows-Sysmon' Guid='{5770385F-C22A-43E0-BF4C-06F5698FFBD9}'/><EventID>3</EventID><Version>5</Version><Level>4</Level><Task>3</Task><Opcode>0</Opcode><Keywords>0x8000000000000000</Keywords><TimeCreated SystemTime='2019-05-13T04:31:17.031250000Z'/><EventRecordID>7831</EventRecordID><Correlation/><Execution ProcessID='1428' ThreadID='1828'/><Channel>Microsoft-Windows-Sysmon/Operational</Channel><Computer>TOkZIRkZNEXkIwm</Computer><Security UserID='S-1-5-18'/></System><EventData><Data Name='RuleName'></Data><Data Name='UtcTime'>2019-01-22 00:00:42.492</Data><Data Name='ProcessGuid'>{4145D37B-5D10-5C46-0000-0010B2EA0000}</Data><Data Name='ProcessId'>552</Data><Data Name='Image'>C:\Windows\System32\svchost.exe</Data><Data Name='User'>NT AUTHORITY\NETWORK SERVICE</Data><Data Name='Protocol'>udp</Data><Data Name='Initiated'>false</Data><Data Name='SourceIsIpv6'>true</Data><Data Name='SourceIp'>ff02:0:0:0:0:0:1:3</Data><Data Name='SourceHostname'></Data><Data Name='SourcePort'>5355</Data><Data Name='SourcePortName'>llmnr</Data><Data Name='DestinationIsIpv6'>true</Data><Data Name='DestinationIp'>fe80:0:0:0:c971:dd42:af94:136</Data><Data Name='DestinationHostname'></Data><Data Name='DestinationPort'>63027</Data><Data Name='DestinationPortName'></Data></EventData></Event>
<Event xmlns='http://schemas.microsoft.com/win/2004/08/events/event'><System><Provider Name='Microsoft-Windows-Sysmon' Guid='{5770385F-C22A-43E0-BF4C-06F5698FFBD9}'/><EventID>3</EventID><Version>5</Version><Level>4</Level><Task>3</Task><Opcode>0</Opcode><Keywords>0x8000000000000000</Keywords><TimeCreated SystemTime='2019-05-13T04:31:17.031250000Z'/><EventRecordID>7832</EventRecordID><Correlation/><Execution ProcessID='1428' ThreadID='1828'/><Channel>Microsoft-Windows-Sysmon/Operational</Channel><Computer>TOkZIRkZNEXkIwm</Computer><Security UserID='S-1-5-18'/></System><EventData><Data Name='RuleName'></Data><Data Name='UtcTime'>2019-01-22 00:00:42.492</Data><Data Name='ProcessGuid'>{4145D37B-5D10-5C46-0000-0010B2EA0000}</Data><Data Name='ProcessId'>552</Data><Data Name='Image'>C:\Windows\System32\svchost.exe</Data><Data Name='User'>NT AUTHORITY\NETWORK SERVICE</Data><Data Name='Protocol'>udp</Data><Data Name='Initiated'>false</Data><Data Name='SourceIsIpv6'>false</Data><Data Name='SourceIp'>224.0.0.252</Data><Data Name='SourceHostname'></Data><Data Name='SourcePort'>5355</Data><Data Name='SourcePortName'>llmnr</Data><Data Name='DestinationIsIpv6'>false</Data><Data Name='DestinationIp'>192.168.168.223</Data><Data Name='DestinationHostname'></Data><Data Name='DestinationPort'>61590</Data><Data Name='DestinationPortName'></Data></EventData></Event>
<Event xmlns='http://schemas.microsoft.com/win/2004/08/events/event'><System><Provider Name='Microsoft-Windows-Sysmon' Guid='{5770385F-C22A-43E0-BF4C-06F5698FFBD9}'/><EventID>3</EventID><Version>5</Version><Level>4</Level><Task>3</Task><Opcode>0</Opcode><Keywords>0x8000000000000000</Keywords><TimeCreated SystemTime='2019-05-13T04:31:17.031250000Z'/><EventRecordID>7833</EventRecordID><Correlation/><Execution ProcessID='1428' ThreadID='1828'/><Channel>Microsoft-Windows-Sysmon/Operational</Channel><Computer>TOkZIRkZNEXkIwm</Computer><Security UserID='S-1-5-18'/></System><EventData><Data Name='RuleName'></Data><Data Name='UtcTime'>2019-01-22 00:00:42.590</Data><Data Name='ProcessGuid'>{4145D37B-5D26-5C46-0000-001042AC0400}</Data><Data Name='ProcessId'>2740</Data><Data Name='Image'>C:\Python27\pythonw.exe</Data><Data Name='User'>TOKZIRKZNEXKIWM\Administrator</Data><Data Name='Protocol'>tcp</Data><Data Name='Initiated'>true</Data><Data Name='SourceIsIpv6'>false</Data><Data Name='SourceIp'>192.168.168.224</Data><Data Name='SourceHostname'>TOkZIRkZNEXkIwm</Data><Data Name='SourcePort'>49160</Data><Data Name='SourcePortName'></Data><Data Name='DestinationIsIpv6'>false</Data><Data Name='DestinationIp'>192.168.168.1</Data><Data Name='DestinationHostname'></Data><Data Name='DestinationPort'>2042</Data><Data Name='DestinationPortName'></Data></EventData></Event>
<Event xmlns='http://schemas.microsoft.com/win/2004/08/events/event'><System><Provider Name='Microsoft-Windows-Sysmon' Guid='{5770385F-C22A-43E0-BF4C-06F5698FFBD9}'/><EventID>3</EventID><Version>5</Version><Level>4</Level><Task>3</Task><Opcode>0</Opcode><Keywords>0x8000000000000000</Keywords><TimeCreated SystemTime='2019-05-13T04:31:17.031250000Z'/><EventRecordID>7834</EventRecordID><Correlation/><Execution ProcessID='1428' ThreadID='1828'/><Channel>Microsoft-Windows-Sysmon/Operational</Channel><Computer>TOkZIRkZNEXkIwm</Computer><Security UserID='S-1-5-18'/></System><EventData><Data Name='RuleName'></Data><Data Name='UtcTime'>2019-01-22 00:00:42.599</Data><Data Name='ProcessGuid'>{4145D37B-5D10-5C46-0000-0010B2EA0000}</Data><Data Name='ProcessId'>552</Data><Data Name='Image'>C:\Windows\System32\svchost.exe</Data><Data Name='User'>NT AUTHORITY\NETWORK SERVICE</Data><Data Name='Protocol'>udp</Data><Data Name='Initiated'>false</Data><Data Name='SourceIsIpv6'>true</Data><Data Name='SourceIp'>ff02:0:0:0:0:0:1:3</Data><Data Name='SourceHostname'></Data><Data Name='SourcePort'>5355</Data><Data Name='SourcePortName'>llmnr</Data><Data Name='DestinationIsIpv6'>true</Data><Data Name='DestinationIp'>fe80:0:0:0:489:6757:d7e7:c274</Data><Data Name='DestinationHostname'></Data><Data Name='DestinationPort'>61194</Data><Data Name='DestinationPortName'></Data></EventData></Event>
<Event xmlns='http://schemas.microsoft.com/win/2004/08/events/event'><System><Provider Name='Microsoft-Windows-Sysmon' Guid='{5770385F-C22A-43E0-BF4C-06F5698FFBD9}'/><EventID>3</EventID><Version>5</Version><Level>4</Level><Task>3</Task><Opcode>0</Opcode><Keywords>0x8000000000000000</Keywords><TimeCreated SystemTime='2019-05-13T04:31:17.031250000Z'/><EventRecordID>7835</EventRecordID><Correlation/><Execution ProcessID='1428' ThreadID='1828'/><Channel>Microsoft-Windows-Sysmon/Operational</Channel><Computer>TOkZIRkZNEXkIwm</Computer><Security UserID='S-1-5-18'/></System><EventData><Data Name='RuleName'></Data><Data Name='UtcTime'>2019-01-22 00:00:42.599</Data><Data Name='ProcessGuid'>{4145D37B-5D10-5C46-0000-0010B2EA0000}</Data><Data Name='ProcessId'>552</Data><Data Name='Image'>C:\Windows\System32\svchost.exe</Data><Data Name='User'>NT AUTHORITY\NETWORK SERVICE</Data><Data Name='Protocol'>udp</Data><Data Name='Initiated'>false</Data><Data Name='SourceIsIpv6'>false</Data><Data Name='SourceIp'>224.0.0.252</Data><Data Name='SourceHostname'></Data><Data Name='SourcePort'>5355</Data><Data Name='SourcePortName'>llmnr</Data><Data Name='DestinationIsIpv6'>false</Data><Data Name='DestinationIp'>192.168.168.203</Data><Data Name='DestinationHostname'></Data><Data Name='DestinationPort'>60670</Data><Data Name='DestinationPortName'></Data></EventData></Event>
<Event xmlns='http://schemas.microsoft.com/win/2004/08/events/event'><System><Provider Name='Microsoft-Windows-Sysmon' Guid='{5770385F-C22A-43E0-BF4C-06F5698FFBD9}'/><EventID>3</EventID><Version>5</Version><Level>4</Level><Task>3</Task><Opcode>0</Opcode><Keywords>0x8000000000000000</Keywords><TimeCreated SystemTime='2019-05-13T04:31:17.281250000Z'/><EventRecordID>7836</EventRecordID><Correlation/><Execution ProcessID='1428' ThreadID='1828'/><Channel>Microsoft-Windows-Sysmon/Operational</Channel><Computer>TOkZIRkZNEXkIwm</Computer><Security UserID='S-1-5-18'/></System><EventData><Data Name='RuleName'></Data><Data Name='UtcTime'>2019-01-22 00:00:42.736</Data><Data Name='ProcessGuid'>{4145D37B-5D10-5C46-0000-0010B2EA0000}</Data><Data Name='ProcessId'>552</Data><Data Name='Image'>C:\Windows\System32\svchost.exe</Data><Data Name='User'>NT AUTHORITY\NETWORK SERVICE</Data><Data Name='Protocol'>udp</Data><Data Name='Initiated'>false</Data><Data Name='SourceIsIpv6'>true</Data><Data Name='SourceIp'>ff02:0:0:0:0:0:1:3</Data><Data Name='SourceHostname'></Data><Data Name='SourcePort'>5355</Data><Data Name='SourcePortName'>llmnr</Data><Data Name='DestinationIsIpv6'>true</Data><Data Name='DestinationIp'>fe80:0:0:0:489:6757:d7e7:c274</Data><Data Name='DestinationHostname'></Data><Data Name='DestinationPort'>59030</Data><Data Name='DestinationPortName'></Data></EventData></Event>
<Event xmlns='http://schemas.microsoft.com/win/2004/08/events/event'><System><Provider Name='Microsoft-Windows-Sysmon' Guid='{5770385F-C22A-43E0-BF4C-06F5698FFBD9}'/><EventID>3</EventID><Version>5</Version><Level>4</Level><Task>3</Task><Opcode>0</Opcode><Keywords>0x8000000000000000</Keywords><TimeCreated SystemTime='2019-05-13T04:31:17.281250000Z'/><EventRecordID>7837</EventRecordID><Correlation/><Execution ProcessID='1428' ThreadID='1828'/><Channel>Microsoft-Windows-Sysmon/Operational</Channel><Computer>TOkZIRkZNEXkIwm</Computer><Security UserID='S-1-5-18'/></System><EventData><Data Name='RuleName'></Data><Data Name='UtcTime'>2019-01-22 00:00:42.737</Data><Data Name='ProcessGuid'>{4145D37B-5D10-5C46-0000-0010B2EA0000}</Data><Data Name='ProcessId'>552</Data><Data Name='Image'>C:\Windows\System32\svchost.exe</Data><Data Name='User'>NT AUTHORITY\NETWORK SERVICE</Data><Data Name='Protocol'>udp</Data><Data Name='Initiated'>false</Data><Data Name='SourceIsIpv6'>false</Data><Data Name='SourceIp'>224.0.0.252</Data><Data Name='SourceHostname'></Data><Data Name='SourcePort'>5355</Data><Data Name='SourcePortName'>llmnr</Data><Data Name='DestinationIsIpv6'>false</Data><Data Name='DestinationIp'>192.168.168.203</Data><Data Name='DestinationHostname'></Data><Data Name='DestinationPort'>57069</Data><Data Name='DestinationPortName'></Data></EventData></Event>
<Event xmlns='http://schemas.microsoft.com/win/2004/08/events/event'><System><Provider Name='Microsoft-Windows-Sysmon' Guid='{5770385F-C22A-43E0-BF4C-06F5698FFBD9}'/><EventID>3</EventID><Version>5</Version><Level>4</Level><Task>3</Task><Opcode>0</Opcode><Keywords>0x8000000000000000</Keywords><TimeCreated SystemTime='2019-05-13T04:31:17.281250000Z'/><EventRecordID>7838</EventRecordID><Correlation/><Execution ProcessID='1428' ThreadID='1828'/><Channel>Microsoft-Windows-Sysmon/Operational</Channel><Computer>TOkZIRkZNEXkIwm</Computer><Security UserID='S-1-5-18'/></System><EventData><Data Name='RuleName'></Data><Data Name='UtcTime'>2019-01-22 00:00:42.743</Data><Data Name='ProcessGuid'>{4145D37B-5D10-5C46-0000-0010B2EA0000}</Data><Data Name='ProcessId'>552</Data><Data Name='Image'>C:\Windows\System32\svchost.exe</Data><Data Name='User'>NT AUTHORITY\NETWORK SERVICE</Data><Data Name='Protocol'>udp</Data><Data Name='Initiated'>false</Data><Data Name='SourceIsIpv6'>true</Data><Data Name='SourceIp'>ff02:0:0:0:0:0:1:3</Data><Data Name='SourceHostname'></Data><Data Name='SourcePort'>5355</Data><Data Name='SourcePortName'>llmnr</Data><Data Name='DestinationIsIpv6'>true</Data><Data Name='DestinationIp'>fe80:0:0:0:489:6757:d7e7:c274</Data><Data Name='DestinationHostname'></Data><Data Name='DestinationPort'>58510</Data><Data Name='DestinationPortName'></Data></EventData></Event>
<Event xmlns='http://schemas.microsoft.com/win/2004/08/events/event'><System><Provider Name='Microsoft-Windows-Sysmon' Guid='{5770385F-C22A-43E0-BF4C-06F5698FFBD9}'/><EventID>3</EventID><Version>5</Version><Level>4</Level><Task>3</Task><Opcode>0</Opcode><Keywords>0x8000000000000000</Keywords><TimeCreated SystemTime='2019-05-13T04:31:17.281250000Z'/><EventRecordID>7839</EventRecordID><Correlation/><Execution ProcessID='1428' ThreadID='1828'/><Channel>Microsoft-Windows-Sysmon/Operational</Channel><Computer>TOkZIRkZNEXkIwm</Computer><Security UserID='S-1-5-18'/></System><EventData><Data Name='RuleName'></Data><Data Name='UtcTime'>2019-01-22 00:00:42.743</Data><Data Name='ProcessGuid'>{4145D37B-5D10-5C46-0000-0010B2EA0000}</Data><Data Name='ProcessId'>552</Data><Data Name='Image'>C:\Windows\System32\svchost.exe</Data><Data Name='User'>NT AUTHORITY\NETWORK SERVICE</Data><Data Name='Protocol'>udp</Data><Data Name='Initiated'>false</Data><Data Name='SourceIsIpv6'>false</Data><Data Name='SourceIp'>224.0.0.252</Data><Data Name='SourceHostname'></Data><Data Name='SourcePort'>5355</Data><Data Name='SourcePortName'>llmnr</Data><Data Name='DestinationIsIpv6'>false</Data><Data Name='DestinationIp'>192.168.168.203</Data><Data Name='DestinationHostname'></Data><Data Name='DestinationPort'>52155</Data><Data Name='DestinationPortName'></Data></EventData></Event>
<Event xmlns='http://schemas.microsoft.com/win/2004/08/events/event'><System><Provider Name='Microsoft-Windows-Sysmon' Guid='{5770385F-C22A-43E0-BF4C-06F5698FFBD9}'/><EventID>3</EventID><Version>5</Version><Level>4</Level><Task>3</Task><Opcode>0</Opcode><Keywords>0x8000000000000000</Keywords><TimeCreated SystemTime='2019-05-13T04:31:17.281250000Z'/><EventRecordID>7840</EventRecordID><Correlation/><Execution ProcessID='1428' ThreadID='1828'/><Channel>Microsoft-Windows-Sysmon/Operational</Channel><Computer>TOkZIRkZNEXkIwm</Computer><Security UserID='S-1-5-18'/></System><EventData><Data Name='RuleName'></Data><Data Name='UtcTime'>2019-01-22 00:00:42.881</Data><Data Name='ProcessGuid'>{4145D37B-5D10-5C46-0000-0010B2EA0000}</Data><Data Name='ProcessId'>552</Data><Data Name='Image'>C:\Windows\System32\svchost.exe</Data><Data Name='User'>NT AUTHORITY\NETWORK SERVICE</Data><Data Name='Protocol'>udp</Data><Data Name='Initiated'>false</Data><Data Name='SourceIsIpv6'>true</Data><Data Name='SourceIp'>ff02:0:0:0:0:0:1:3</Data><Data Name='SourceHostname'></Data><Data Name='SourcePort'>5355</Data><Data Name='SourcePortName'>llmnr</Data><Data Name='DestinationIsIpv6'>true</Data><Data Name='DestinationIp'>fe80:0:0:0:b18d:20a4:80fa:9356</Data><Data Name='DestinationHostname'>TOkZIRkZNEXkIwm</Data><Data Name='DestinationPort'>51212</Data><Data Name='DestinationPortName'></Data></EventData></Event>
