<Event xmlns='http://schemas.microsoft.com/win/2004/08/events/event'><System><Provider Name='Microsoft-Windows-Sysmon' Guid='{5770385F-C22A-43E0-BF4C-06F5698FFBD9}'/><EventID>5</EventID><Version>3</Version><Level>4</Level><Task>5</Task><Opcode>0</Opcode><Keywords>0x8000000000000000</Keywords><TimeCreated SystemTime='2019-05-13T04:31:21.531250000Z'/><EventRecordID>7948</EventRecordID><Correlation/><Execution ProcessID='1428' ThreadID='1832'/><Channel>Microsoft-Windows-Sysmon/Operational</Channel><Computer>TOkZIRkZNEXkIwm</Computer><Security UserID='S-1-5-18'/></System><EventData><Data Name='RuleName'></Data><Data Name='UtcTime'>2019-05-13 04:31:16.781</Data><Data Name='ProcessGuid'>{4145D37B-5D10-5C46-0000-001097230100}</Data><Data Name='ProcessId'>1248</Data><Data Name='Image'>C:\Windows\System32\userinit.exe</Data></EventData></Event>
<Event xmlns='http://schemas.microsoft.com/win/2004/08/events/event'><System><Provider Name='Microsoft-Windows-Sysmon' Guid='{5770385F-C22A-43E0-BF4C-06F5698FFBD9}'/><EventID>3</EventID><Version>5</Version><Level>4</Level><Task>3</Task><Opcode>0</Opcode><Keywords>0x8000000000000000</Keywords><TimeCreated SystemTime='2019-05-13T04:31:21.703125000Z'/><EventRecordID>7949</EventRecordID><Correlation/><Execution ProcessID='1428' ThreadID='1828'/><Channel>Microsoft-Windows-Sysmon/Operational</Channel><Computer>TOkZIRkZNEXkIwm</Computer><Security UserID='S-1-5-18'/></System><EventData><Data Name='RuleName'></Data><Data Name='UtcTime'>2019-01-22 00:00:47.296</Data><Data Name='ProcessGuid'>{4145D37B-5D26-5C46-0000-001042AC0400}</Data><Data Name='ProcessId'>2740</Data><Data Name='Image'>C:\Python27\pythonw.exe</Data><Data Name='User'>TOKZIRKZNEXKIWM\Administrator</Data><Data Name='Protocol'>tcp</Data><Data Name='Initiated'>true</Data><Data Name='SourceIsIpv6'>false</Data><Data Name='SourceIp'>192.168.168.224</Data><Data Name='SourceHostname'>TOkZIRkZNEXkIwm</Data><Data Name='SourcePort'>49163</Data><Data Name='SourcePortName'></Data><Data Name='DestinationIsIpv6'>false</Data><Data Name='DestinationIp'>192.168.168.1</Data><Data Name='DestinationHostname'></Data><Data Name='DestinationPort'>2042</Data><Data Name='DestinationPortName'></Data></EventData></Event>
<Event xmlns='http://schemas.microsoft.com/win/2004/08/events/event'><System><Provider Name='Microsoft-Windows-Sysmon' Guid='{5770385F-C22A-43E0-BF4C-06F5698FFBD9}'/><EventID>3</EventID><Version>5</Version><Level>4</Level><Task>3</Task><Opcode>0</Opcode><Keywords>0x8000000000000000</Keywords><TimeCreated SystemTime='2019-05-13T04:31:21.953125000Z'/><EventRecordID>7950</EventRecordID><Correlation/><Execution ProcessID='1428' ThreadID='1828'/><Channel>Microsoft-Windows-Sysmon/Operational</Channel><Computer>TOkZIRkZNEXkIwm</Computer><Security UserID='S-1-5-18'/></System><EventData><Data Name='RuleName'></Data><Data Name='UtcTime'>2019-01-22 00:00:47.400</Data><Data Name='ProcessGuid'>{4145D37B-5D26-5C46-0000-001042AC0400}</Data><Data Name='ProcessId'>2740</Data><Data Name='Image'>C:\Python27\pythonw.exe</Data><Data Name='User'>TOKZIRKZNEXKIWM\Administrator</Data><Data Name='Protocol'>tcp</Data><Data Name='Initiated'>true</Data><Data Name='SourceIsIpv6'>false</Data><Data Name='SourceIp'>192.168.168.224</Data><Data Name='SourceHostname'>TOkZIRkZNEXkIwm</Data><Data Name='SourcePort'>49164</Data><Data Name='SourcePortName'></Data><Data Name='DestinationIsIpv6'>false</Data><Data Name='DestinationIp'>192.168.168.1</Data><Data Name='DestinationHostname'></Data><Data Name='DestinationPort'>2042</Data><Data Name='DestinationPortName'></Data></EventData></Event>
<Event xmlns='http://schemas.microsoft.com/win/2004/08/events/event'><System><Provider Name='Microsoft-Windows-Sysmon' Guid='{5770385F-C22A-43E0-BF4C-06F5698FFBD9}'/><EventID>3</EventID><Version>5</Version><Level>4</Level><Task>3</Task><Opcode>0</Opcode><Keywords>0x8000000000000000</Keywords><TimeCreated SystemTime='2019-05-13T04:31:21.953125000Z'/><EventRecordID>7951</EventRecordID><Correlation/><Execution ProcessID='1428' ThreadID='1828'/><Channel>Microsoft-Windows-Sysmon/Operational</Channel><Computer>TOkZIRkZNEXkIwm</Computer><Security UserID='S-1-5-18'/></System><EventData><Data Name='RuleName'></Data><Data Name='UtcTime'>2019-01-22 00:00:47.433</Data><Data Name='ProcessGuid'>{4145D37B-5D11-5C46-0000-00106CFA0100}</Data><Data Name='ProcessId'>2040</Data><Data Name='Image'>C:\Python27\pythonw.exe</Data><Data Name='User'>TOKZIRKZNEXKIWM\Administrator</Data><Data Name='Protocol'>tcp</Data><Data Name='Initiated'>false</Data><Data Name='SourceIsIpv6'>false</Data><Data Name='SourceIp'>192.168.168.224</Data><Data Name='SourceHostname'>TOkZIRkZNEXkIwm</Data><Data Name='SourcePort'>8000</Data><Data Name='SourcePortName'></Data><Data Name='DestinationIsIpv6'>false</Data><Data Name='DestinationIp'>192.168.168.1</Data><Data Name='DestinationHostname'></Data><Data Name='DestinationPort'>47894</Data><Data Name='DestinationPortName'></Data></EventData></Event>
<Event xmlns='http://schemas.microsoft.com/win/2004/08/events/event'><System><Provider Name='Microsoft-Windows-Sysmon' Guid='{5770385F-C22A-43E0-BF4C-06F5698FFBD9}'/><EventID>3</EventID><Version>5</Version><Level>4</Level><Task>3</Task><Opcode>0</Opcode><Keywords>0x8000000000000000</Keywords><TimeCreated SystemTime='2019-05-13T04:31:21.953125000Z'/><EventRecordID>7952</EventRecordID><Correlation/><Execution ProcessID='1428' ThreadID='1828'/><Channel>Microsoft-Windows-Sysmon/Operational</Channel><Computer>TOkZIRkZNEXkIwm</Computer><Security UserID='S-1-5-18'/></System><EventData><Data Name='RuleName'></Data><Data Name='UtcTime'>2019-01-22 00:00:47.448</Data><Data Name='ProcessGuid'>{4145D37B-5D10-5C46-0000-0010B2EA0000}</Data><Data Name='ProcessId'>552</Data><Data Name='Image'>C:\Windows\System32\svchost.exe</Data><Data Name='User'>NT AUTHORITY\NETWORK SERVICE</Data><Data Name='Protocol'>udp</Data><Data Name='Initiated'>false</Data><Data Name='SourceIsIpv6'>true</Data><Data Name='SourceIp'>ff02:0:0:0:0:0:1:3</Data><Data Name='SourceHostname'></Data><Data Name='SourcePort'>5355</Data><Data Name='SourcePortName'>llmnr</Data><Data Name='DestinationIsIpv6'>true</Data><Data Name='DestinationIp'>fe80:0:0:0:51fd:d5c6:1277:f85d</Data><Data Name='DestinationHostname'></Data><Data Name='DestinationPort'>53335</Data><Data Name='DestinationPortName'></Data></EventData></Event>
<Event xmlns='http://schemas.microsoft.com/win/2004/08/events/event'><System><Provider Name='Microsoft-Windows-Sysmon' Guid='{5770385F-C22A-43E0-BF4C-06F5698FFBD9}'/><EventID>3</EventID><Version>5</Version><Level>4</Level><Task>3</Task><Opcode>0</Opcode><Keywords>0x8000000000000000</Keywords><TimeCreated SystemTime='2019-05-13T04:31:21.953125000Z'/><EventRecordID>7953</EventRecordID><Correlation/><Execution ProcessID='1428' ThreadID='1828'/><Channel>Microsoft-Windows-Sysmon/Operational</Channel><Computer>TOkZIRkZNEXkIwm</Computer><Security UserID='S-1-5-18'/></System><EventData><Data Name='RuleName'></Data><Data Name='UtcTime'>2019-01-22 00:00:47.449</Data><Data Name='ProcessGuid'>{4145D37B-5D10-5C46-0000-0010B2EA0000}</Data><Data Name='ProcessId'>552</Data><Data Name='Image'>C:\Windows\System32\svchost.exe</Data><Data Name='User'>NT AUTHORITY\NETWORK SERVICE</Data><Data Name='Protocol'>udp</Data><Data Name='Initiated'>false</Data><Data Name='SourceIsIpv6'>false</Data><Data Name='SourceIp'>224.0.0.252</Data><Data Name='SourceHostname'></Data><Data Name='SourcePort'>5355</Data><Data Name='SourcePortName'>llmnr</Data><Data Name='DestinationIsIpv6'>false</Data><Data Name='DestinationIp'>192.168.168.229</Data><Data Name='DestinationHostname'></Data><Data Name='DestinationPort'>55178</Data><Data Name='DestinationPortName'></Data></EventData></Event>
<Event xmlns='http://schemas.microsoft.com/win/2004/08/events/event'><System><Provider Name='Microsoft-Windows-Sysmon' Guid='{5770385F-C22A-43E0-BF4C-06F5698FFBD9}'/><EventID>3</EventID><Version>5</Version><Level>4</Level><Task>3</Task><Opcode>0</Opcode><Keywords>0x8000000000000000</Keywords><TimeCreated SystemTime='2019-05-13T04:31:22.203125000Z'/><EventRecordID>7954</EventRecordID><Correlation/><Execution ProcessID='1428' ThreadID='1828'/><Channel>Microsoft-Windows-Sysmon/Operational</Channel><Computer>TOkZIRkZNEXkIwm</Computer><Security UserID='S-1-5-18'/></System><EventData><Data Name='RuleName'></Data><Data Name='UtcTime'>2019-01-22 00:00:47.776</Data><Data Name='ProcessGuid'>{4145D37B-5D10-5C46-0000-0010B2EA0000}</Data><Data Name='ProcessId'>552</Data><Data Name='Image'>C:\Windows\System32\svchost.exe</Data><Data Name='User'>NT AUTHORITY\NETWORK SERVICE</Data><Data Name='Protocol'>udp</Data><Data Name='Initiated'>false</Data><Data Name='SourceIsIpv6'>true</Data><Data Name='SourceIp'>ff02:0:0:0:0:0:1:3</Data><Data Name='SourceHostname'></Data><Data Name='SourcePort'>5355</Data><Data Name='SourcePortName'>llmnr</Data><Data Name='DestinationIsIpv6'>true</Data><Data Name='DestinationIp'>fe80:0:0:0:489:6757:d7e7:c274</Data><Data Name='DestinationHostname'></Data><Data Name='DestinationPort'>56483</Data><Data Name='DestinationPortName'></Data></EventData></Event>
<Event xmlns='http://schemas.microsoft.com/win/2004/08/events/event'><System><Provider Name='Microsoft-Windows-Sysmon' Guid='{5770385F-C22A-43E0-BF4C-06F5698FFBD9}'/><EventID>3</EventID><Version>5</Version><Level>4</Level><Task>3</Task><Opcode>0</Opcode><Keywords>0x8000000000000000</Keywords><TimeCreated SystemTime='2019-05-13T04:31:22.203125000Z'/><EventRecordID>7955</EventRecordID><Correlation/><Execution ProcessID='1428' ThreadID='1828'/><Channel>Microsoft-Windows-Sysmon/Operational</Channel><Computer>TOkZIRkZNEXkIwm</Computer><Security UserID='S-1-5-18'/></System><EventData><Data Name='RuleName'></Data><Data Name='UtcTime'>2019-01-22 00:00:47.776</Data><Data Name='ProcessGuid'>{4145D37B-5D10-5C46-0000-0010B2EA0000}</Data><Data Name='ProcessId'>552</Data><Data Name='Image'>C:\Windows\System32\svchost.exe</Data><Data Name='User'>NT AUTHORITY\NETWORK SERVICE</Data><Data Name='Protocol'>udp</Data><Data Name='Initiated'>false</Data><Data Name='SourceIsIpv6'>false</Data><Data Name='SourceIp'>224.0.0.252</Data><Data Name='SourceHostname'></Data><Data Name='SourcePort'>5355</Data><Data Name='SourcePortName'>llmnr</Data><Data Name='DestinationIsIpv6'>false</Data><Data Name='DestinationIp'>192.168.168.203</Data><Data Name='DestinationHostname'></Data><Data Name='DestinationPort'>63567</Data><Data Name='DestinationPortName'></Data></EventData></Event>
<Event xmlns='http://schemas.microsoft.com/win/2004/08/events/event'><System><Provider Name='Microsoft-Windows-Sysmon' Guid='{5770385F-C22A-43E0-BF4C-06F5698FFBD9}'/><EventID>3</EventID><Version>5</Version><Level>4</Level><Task>3</Task><Opcode>0</Opcode><Keywords>0x8000000000000000</Keywords><TimeCreated SystemTime='2019-05-13T04:31:22.203125000Z'/><EventRecordID>7956</EventRecordID><Correlation/><Execution ProcessID='1428' ThreadID='1828'/><Channel>Microsoft-Windows-Sysmon/Operational</Channel><Computer>TOkZIRkZNEXkIwm</Computer><Security UserID='S-1-5-18'/></System><EventData><Data Name='RuleName'></Data><Data Name='UtcTime'>2019-01-22 00:00:47.805</Data><Data Name='ProcessGuid'>{4145D37B-5D10-5C46-0000-0010B2EA0000}</Data><Data Name='ProcessId'>552</Data><Data Name='Image'>C:\Windows\System32\svchost.exe</Data><Data Name='User'>NT AUTHORITY\NETWORK SERVICE</Data><Data Name='Protocol'>udp</Data><Data Name='Initiated'>false</Data><Data Name='SourceIsIpv6'>true</Data><Data Name='SourceIp'>ff02:0:0:0:0:0:1:3</Data><Data Name='SourceHostname'></Data><Data Name='SourcePort'>5355</Data><Data Name='SourcePortName'>llmnr</Data><Data Name='DestinationIsIpv6'>true</Data><Data Name='DestinationIp'>fe80:0:0:0:489:6757:d7e7:c274</Data><Data Name='DestinationHostname'></Data><Data Name='DestinationPort'>61942</Data><Data Name='DestinationPortName'></Data></EventData></Event>
<Event xmlns='http://schemas.microsoft.com/win/2004/08/events/event'><System><Provider Name='Microsoft-Windows-Sysmon' Guid='{5770385F-C22A-43E0-BF4C-06F5698FFBD9}'/><EventID>3</EventID><Version>5</Version><Level>4</Level><Task>3</Task><Opcode>0</Opcode><Keywords>0x8000000000000000</Keywords><TimeCreated SystemTime='2019-05-13T04:31:22.203125000Z'/><EventRecordID>7957</EventRecordID><Correlation/><Execution ProcessID='1428' ThreadID='1828'/><Channel>Microsoft-Windows-Sysmon/Operational</Channel><Computer>TOkZIRkZNEXkIwm</Computer><Security UserID='S-1-5-18'/></System><EventData><Data Name='RuleName'></Data><Data Name='UtcTime'>2019-01-22 00:00:47.806</Data><Data Name='ProcessGuid'>{4145D37B-5D10-5C46-0000-0010B2EA0000}</Data><Data Name='ProcessId'>552</Data><Data Name='Image'>C:\Windows\System32\svchost.exe</Data><Data Name='User'>NT AUTHORITY\NETWORK SERVICE</Data><Data Name='Protocol'>udp</Data><Data Name='Initiated'>false</Data><Data Name='SourceIsIpv6'>false</Data><Data Name='SourceIp'>224.0.0.252</Data><Data Name='SourceHostname'></Data><Data Name='SourcePort'>5355</Data><Data Name='SourcePortName'>llmnr</Data><Data Name='DestinationIsIpv6'>false</Data><Data Name='DestinationIp'>192.168.168.203</Data><Data Name='DestinationHostname'></Data><Data Name='DestinationPort'>61882</Data><Data Name='DestinationPortName'></Data></EventData></Event>
<Event xmlns='http://schemas.microsoft.com/win/2004/08/events/event'><System><Provider Name='Microsoft-Windows-Sysmon' Guid='{5770385F-C22A-43E0-BF4C-06F5698FFBD9}'/><EventID>3</EventID><Version>5</Version><Level>4</Level><Task>3</Task><Opcode>0</Opcode><Keywords>0x8000000000000000</Keywords><TimeCreated SystemTime='2019-05-13T04:31:22.703125000Z'/><EventRecordID>7958</EventRecordID><Correlation/><Execution ProcessID='1428' ThreadID='1828'/><Channel>Microsoft-Windows-Sysmon/Operational</Channel><Computer>TOkZIRkZNEXkIwm</Computer><Security UserID='S-1-5-18'/></System><EventData><Data Name='RuleName'></Data><Data Name='UtcTime'>2019-01-22 00:00:48.239</Data><Data Name='ProcessGuid'>{4145D37B-5D26-5C46-0000-001042AC0400}</Data><Data Name='ProcessId'>2740</Data><Data Name='Image'>C:\Python27\pythonw.exe</Data><Data Name='User'>TOKZIRKZNEXKIWM\Administrator</Data><Data Name='Protocol'>tcp</Data><Data Name='Initiated'>true</Data><Data Name='SourceIsIpv6'>false</Data><Data Name='SourceIp'>192.168.168.224</Data><Data Name='SourceHostname'>TOkZIRkZNEXkIwm</Data><Data Name='SourcePort'>49165</Data><Data Name='SourcePortName'></Data><Data Name='DestinationIsIpv6'>false</Data><Data Name='DestinationIp'>192.168.168.1</Data><Data Name='DestinationHostname'></Data><Data Name='DestinationPort'>2042</Data><Data Name='DestinationPortName'></Data></EventData></Event>
<Event xmlns='http://schemas.microsoft.com/win/2004/08/events/event'><System><Provider Name='Microsoft-Windows-Sysmon' Guid='{5770385F-C22A-43E0-BF4C-06F5698FFBD9}'/><EventID>3</EventID><Version>5</Version><Level>4</Level><Task>3</Task><Opcode>0</Opcode><Keywords>0x8000000000000000</Keywords><TimeCreated SystemTime='2019-05-13T04:31:22.953125000Z'/><EventRecordID>7959</EventRecordID><Correlation/><Execution ProcessID='1428' ThreadID='1828'/><Channel>Microsoft-Windows-Sysmon/Operational</Channel><Computer>TOkZIRkZNEXkIwm</Computer><Security UserID='S-1-5-18'/></System><EventData><Data Name='RuleName'></Data><Data Name='UtcTime'>2019-01-22 00:00:48.460</Data><Data Name='ProcessGuid'>{4145D37B-5D11-5C46-0000-00106CFA0100}</Data><Data Name='ProcessId'>2040</Data><Data Name='Image'>C:\Python27\pythonw.exe</Data><Data Name='User'>TOKZIRKZNEXKIWM\Administrator</Data><Data Name='Protocol'>tcp</Data><Data Name='Initiated'>false</Data><Data Name='SourceIsIpv6'>false</Data><Data Name='SourceIp'>192.168.168.224</Data><Data Name='SourceHostname'>TOkZIRkZNEXkIwm</Data><Data Name='SourcePort'>8000</Data><Data Name='SourcePortName'></Data><Data Name='DestinationIsIpv6'>false</Data><Data Name='DestinationIp'>192.168.168.1</Data><Data Name='DestinationHostname'></Data><Data Name='DestinationPort'>47908</Data><Data Name='DestinationPortName'></Data></EventData></Event>
<Event xmlns='http://schemas.microsoft.com/win/2004/08/events/event'><System><Provider Name='Microsoft-Windows-Sysmon' Guid='{5770385F-C22A-43E0-BF4C-06F5698FFBD9}'/><EventID>3</EventID><Version>5</Version><Level>4</Level><Task>3</Task><Opcode>0</Opcode><Keywords>0x8000000000000000</Keywords><TimeCreated SystemTime='2019-05-13T04:31:22.953125000Z'/><EventRecordID>7960</EventRecordID><Correlation/><Execution ProcessID='1428' ThreadID='1828'/><Channel>Microsoft-Windows-Sysmon/Operational</Channel><Computer>TOkZIRkZNEXkIwm</Computer><Security UserID='S-1-5-18'/></System><EventData><Data Name='RuleName'></Data><Data Name='UtcTime'>2019-01-22 00:00:48.584</Data><Data Name='ProcessGuid'>{4145D37B-5D10-5C46-0000-0010B2EA0000}</Data><Data Name='ProcessId'>552</Data><Data Name='Image'>C:\Windows\System32\svchost.exe</Data><Data Name='User'>NT AUTHORITY\NETWORK SERVICE</Data><Data Name='Protocol'>udp</Data><Data Name='Initiated'>false</Data><Data Name='SourceIsIpv6'>true</Data><Data Name='SourceIp'>ff02:0:0:0:0:0:1:3</Data><Data Name='SourceHostname'></Data><Data Name='SourcePort'>5355</Data><Data Name='SourcePortName'>llmnr</Data><Data Name='DestinationIsIpv6'>true</Data><Data Name='DestinationIp'>fe80:0:0:0:c971:dd42:af94:136</Data><Data Name='DestinationHostname'></Data><Data Name='DestinationPort'>59964</Data><Data Name='DestinationPortName'></Data></EventData></Event>
<Event xmlns='http://schemas.microsoft.com/win/2004/08/events/event'><System><Provider Name='Microsoft-Windows-Sysmon' Guid='{5770385F-C22A-43E0-BF4C-06F5698FFBD9}'/><EventID>3</EventID><Version>5</Version><Level>4</Level><Task>3</Task><Opcode>0</Opcode><Keywords>0x8000000000000000</Keywords><TimeCreated SystemTime='2019-05-13T04:31:22.953125000Z'/><EventRecordID>7961</EventRecordID><Correlation/><Execution ProcessID='1428' ThreadID='1828'/><Channel>Microsoft-Windows-Sysmon/Operational</Channel><Computer>TOkZIRkZNEXkIwm</Computer><Security UserID='S-1-5-18'/></System><EventData><Data Name='RuleName'></Data><Data Name='UtcTime'>2019-01-22 00:00:48.584</Data><Data Name='ProcessGuid'>{4145D37B-5D10-5C46-0000-0010B2EA0000}</Data><Data Name='ProcessId'>552</Data><Data Name='Image'>C:\Windows\System32\svchost.exe</Data><Data Name='User'>NT AUTHORITY\NETWORK SERVICE</Data><Data Name='Protocol'>udp</Data><Data Name='Initiated'>false</Data><Data Name='SourceIsIpv6'>false</Data><Data Name='SourceIp'>224.0.0.252</Data><Data Name='SourceHostname'></Data><Data Name='SourcePort'>5355</Data><Data Name='SourcePortName'>llmnr</Data><Data Name='DestinationIsIpv6'>false</Data><Data Name='DestinationIp'>192.168.168.223</Data><Data Name='DestinationHostname'></Data><Data Name='DestinationPort'>63209</Data><Data Name='DestinationPortName'></Data></EventData></Event>
<Event xmlns='http://schemas.microsoft.com/win/2004/08/events/event'><System><Provider Name='Microsoft-Windows-Sysmon' Guid='{5770385F-C22A-43E0-BF4C-06F5698FFBD9}'/><EventID>3</EventID><Version>5</Version><Level>4</Level><Task>3</Task><Opcode>0</Opcode><Keywords>0x8000000000000000</Keywords><TimeCreated SystemTime='2019-05-13T04:31:23.453125000Z'/><EventRecordID>7962</EventRecordID><Correlation/><Execution ProcessID='1428' ThreadID='1828'/><Channel>Microsoft-Windows-Sysmon/Operational</Channel><Computer>TOkZIRkZNEXkIwm</Computer><Security UserID='S-1-5-18'/></System><EventData><Data Name='RuleName'></Data><Data Name='UtcTime'>2019-01-22 00:00:48.951</Data><Data Name='ProcessGuid'>{4145D37B-5D10-5C46-0000-0010B2EA0000}</Data><Data Name='ProcessId'>552</Data><Data Name='Image'>C:\Windows\System32\svchost.exe</Data><Data Name='User'>NT AUTHORITY\NETWORK SERVICE</Data><Data Name='Protocol'>udp</Data><Data Name='Initiated'>false</Data><Data Name='SourceIsIpv6'>true</Data><Data Name='SourceIp'>ff02:0:0:0:0:0:1:3</Data><Data Name='SourceHostname'></Data><Data Name='SourcePort'>5355</Data><Data Name='SourcePortName'>llmnr</Data><Data Name='DestinationIsIpv6'>true</Data><Data Name='DestinationIp'>fe80:0:0:0:df2:ddb4:1d0d:41f</Data><Data Name='DestinationHostname'></Data><Data Name='DestinationPort'>62501</Data><Data Name='DestinationPortName'></Data></EventData></Event>
<Event xmlns='http://schemas.microsoft.com/win/2004/08/events/event'><System><Provider Name='Microsoft-Windows-Sysmon' Guid='{5770385F-C22A-43E0-BF4C-06F5698FFBD9}'/><EventID>3</EventID><Version>5</Version><Level>4</Level><Task>3</Task><Opcode>0</Opcode><Keywords>0x8000000000000000</Keywords><TimeCreated SystemTime='2019-05-13T04:31:23.453125000Z'/><EventRecordID>7963</EventRecordID><Correlation/><Execution ProcessID='1428' ThreadID='1828'/><Channel>Microsoft-Windows-Sysmon/Operational</Channel><Computer>TOkZIRkZNEXkIwm</Computer><Security UserID='S-1-5-18'/></System><EventData><Data Name='RuleName'></Data><Data Name='UtcTime'>2019-01-22 00:00:48.952</Data><Data Name='ProcessGuid'>{4145D37B-5D10-5C46-0000-0010B2EA0000}</Data><Data Name='ProcessId'>552</Data><Data Name='Image'>C:\Windows\System32\svchost.exe</Data><Data Name='User'>NT AUTHORITY\NETWORK SERVICE</Data><Data Name='Protocol'>udp</Data><Data Name='Initiated'>false</Data><Data Name='SourceIsIpv6'>false</Data><Data Name='SourceIp'>224.0.0.252</Data><Data Name='SourceHostname'></Data><Data Name='SourcePort'>5355</Data><Data Name='SourcePortName'>llmnr</Data><Data Name='DestinationIsIpv6'>false</Data><Data Name='DestinationIp'>192.168.168.204</Data><Data Name='DestinationHostname'></Data><Data Name='DestinationPort'>55310</Data><Data Name='DestinationPortName'></Data></EventData></Event>
<Event xmlns='http://schemas.microsoft.com/win/2004/08/events/event'><System><Provider Name='Microsoft-Windows-Sysmon' Guid='{5770385F-C22A-43E0-BF4C-06F5698FFBD9}'/><EventID>3</EventID><Version>5</Version><Level>4</Level><Task>3</Task><Opcode>0</Opcode><Keywords>0x8000000000000000</Keywords><TimeCreated SystemTime='2019-05-13T04:31:23.453125000Z'/><EventRecordID>7964</EventRecordID><Correlation/><Execution ProcessID='1428' ThreadID='1828'/><Channel>Microsoft-Windows-Sysmon/Operational</Channel><Computer>TOkZIRkZNEXkIwm</Computer><Security UserID='S-1-5-18'/></System><EventData><Data Name='RuleName'></Data><Data Name='UtcTime'>2019-01-22 00:00:48.998</Data><Data Name='ProcessGuid'>{4145D37B-5D10-5C46-0000-0010B2EA0000}</Data><Data Name='ProcessId'>552</Data><Data Name='Image'>C:\Windows\System32\svchost.exe</Data><Data Name='User'>NT AUTHORITY\NETWORK SERVICE</Data><Data Name='Protocol'>udp</Data><Data Name='Initiated'>false</Data><Data Name='SourceIsIpv6'>true</Data><Data Name='SourceIp'>ff02:0:0:0:0:0:1:3</Data><Data Name='SourceHostname'></Data><Data Name='SourcePort'>5355</Data><Data Name='SourcePortName'>llmnr</Data><Data Name='DestinationIsIpv6'>true</Data><Data Name='DestinationIp'>fe80:0:0:0:b83d:b7ff:cc6:23c9</Data><Data Name='DestinationHostname'></Data><Data Name='DestinationPort'>51236</Data><Data Name='DestinationPortName'></Data></EventData></Event>
<Event xmlns='http://schemas.microsoft.com/win/2004/08/events/event'><System><Provider Name='Microsoft-Windows-Sysmon' Guid='{5770385F-C22A-43E0-BF4C-06F5698FFBD9}'/><EventID>3</EventID><Version>5</Version><Level>4</Level><Task>3</Task><Opcode>0</Opcode><Keywords>0x8000000000000000</Keywords><TimeCreated SystemTime='2019-05-13T04:31:23.453125000Z'/><EventRecordID>7965</EventRecordID><Correlation/><Execution ProcessID='1428' ThreadID='1828'/><Channel>Microsoft-Windows-Sysmon/Operational</Channel><Computer>TOkZIRkZNEXkIwm</Computer><Security UserID='S-1-5-18'/></System><EventData><Data Name='RuleName'></Data><Data Name='UtcTime'>2019-01-22 00:00:48.999</Data><Data Name='ProcessGuid'>{4145D37B-5D10-5C46-0000-0010B2EA0000}</Data><Data Name='ProcessId'>552</Data><Data Name='Image'>C:\Windows\System32\svchost.exe</Data><Data Name='User'>NT AUTHORITY\NETWORK SERVICE</Data><Data Name='Protocol'>udp</Data><Data Name='Initiated'>false</Data><Data Name='SourceIsIpv6'>false</Data><Data Name='SourceIp'>224.0.0.252</Data><Data Name='SourceHostname'></Data><Data Name='SourcePort'>5355</Data><Data Name='SourcePortName'>llmnr</Data><Data Name='DestinationIsIpv6'>false</Data><Data Name='DestinationIp'>192.168.168.208</Data><Data Name='DestinationHostname'></Data><Data Name='DestinationPort'>57583</Data><Data Name='DestinationPortName'></Data></EventData></Event>
<Event xmlns='http://schemas.microsoft.com/win/2004/08/events/event'><System><Provider Name='Microsoft-Windows-Sysmon' Guid='{5770385F-C22A-43E0-BF4C-06F5698FFBD9}'/><EventID>3</EventID><Version>5</Version><Level>4</Level><Task>3</Task><Opcode>0</Opcode><Keywords>0x8000000000000000</Keywords><TimeCreated SystemTime='2019-05-13T04:31:23.453125000Z'/><EventRecordID>7966</EventRecordID><Correlation/><Execution ProcessID='1428' ThreadID='1828'/><Channel>Microsoft-Windows-Sysmon/Operational</Channel><Computer>TOkZIRkZNEXkIwm</Computer><Security UserID='S-1-5-18'/></System><EventData><Data Name='RuleName'></Data><Data Name='UtcTime'>2019-01-22 00:00:49.053</Data><Data Name='ProcessGuid'>{4145D37B-5D0E-5C46-0000-0010EB030000}</Data><Data Name='ProcessId'>4</Data><Data Name='Image'>System</Data><Data Name='User'>NT AUTHORITY\SYSTEM</Data><Data Name='Protocol'>udp</Data><Data Name='Initiated'>false</Data><Data Name='SourceIsIpv6'>false</Data><Data Name='SourceIp'>192.168.168.255</Data><Data Name='SourceHostname'></Data><Data Name='SourcePort'>138</Data><Data Name='SourcePortName'>netbios-dgm</Data><Data Name='DestinationIsIpv6'>false</Data><Data Name='DestinationIp'>192.168.168.208</Data><Data Name='DestinationHostname'></Data><Data Name='DestinationPort'>138</Data><Data Name='DestinationPortName'>netbios-dgm</Data></EventData></Event>
<Event xmlns='http://schemas.microsoft.com/win/2004/08/events/event'><System><Provider Name='Microsoft-Windows-Sysmon' Guid='{5770385F-C22A-43E0-BF4C-06F5698FFBD9}'/><EventID>3</EventID><Version>5</Version><Level>4</Level><Task>3</Task><Opcode>0</Opcode><Keywords>0x8000000000000000</Keywords><TimeCreated SystemTime='2019-05-13T04:31:23.968750000Z'/><EventRecordID>7967</EventRecordID><Correlation/><Execution ProcessID='1428' ThreadID='1828'/><Channel>Microsoft-Windows-Sysmon/Operational</Channel><Computer>TOkZIRkZNEXkIwm</Computer><Security UserID='S-1-5-18'/></System><EventData><Data Name='RuleName'></Data><Data Name='UtcTime'>2019-01-22 00:00:49.382</Data><Data Name='ProcessGuid'>{4145D37B-5D10-5C46-0000-0010B2EA0000}</Data><Data Name='ProcessId'>552</Data><Data Name='Image'>C:\Windows\System32\svchost.exe</Data><Data Name='User'>NT AUTHORITY\NETWORK SERVICE</Data><Data Name='Protocol'>udp</Data><Data Name='Initiated'>false</Data><Data Name='SourceIsIpv6'>true</Data><Data Name='SourceIp'>ff02:0:0:0:0:0:1:3</Data><Data Name='SourceHostname'></Data><Data Name='SourcePort'>5355</Data><Data Name='SourcePortName'>llmnr</Data><Data Name='DestinationIsIpv6'>true</Data><Data Name='DestinationIp'>fe80:0:0:0:99da:51ad:4351:b2ae</Data><Data Name='DestinationHostname'></Data><Data Name='DestinationPort'>57837</Data><Data Name='DestinationPortName'></Data></EventData></Event>
<Event xmlns='http://schemas.microsoft.com/win/2004/08/events/event'><System><Provider Name='Microsoft-Windows-Sysmon' Guid='{5770385F-C22A-43E0-BF4C-06F5698FFBD9}'/><EventID>3</EventID><Version>5</Version><Level>4</Level><Task>3</Task><Opcode>0</Opcode><Keywords>0x8000000000000000</Keywords><TimeCreated SystemTime='2019-05-13T04:31:23.968750000Z'/><EventRecordID>7968</EventRecordID><Correlation/><Execution ProcessID='1428' ThreadID='1828'/><Channel>Microsoft-Windows-Sysmon/Operational</Channel><Computer>TOkZIRkZNEXkIwm</Computer><Security UserID='S-1-5-18'/></System><EventData><Data Name='RuleName'></Data><Data Name='UtcTime'>2019-01-22 00:00:49.383</Data><Data Name='ProcessGuid'>{4145D37B-5D10-5C46-0000-0010B2EA0000}</Data><Data Name='ProcessId'>552</Data><Data Name='Image'>C:\Windows\System32\svchost.exe</Data><Data Name='User'>NT AUTHORITY\NETWORK SERVICE</Data><Data Name='Protocol'>udp</Data><Data Name='Initiated'>false</Data><Data Name='SourceIsIpv6'>false</Data><Data Name='SourceIp'>224.0.0.252</Data><Data Name='SourceHostname'></Data><Data Name='SourcePort'>5355</Data><Data Name='SourcePortName'>llmnr</Data><Data Name='DestinationIsIpv6'>false</Data><Data Name='DestinationIp'>192.168.168.216</Data><Data Name='DestinationHostname'></Data><Data Name='DestinationPort'>61744</Data><Data Name='DestinationPortName'></Data></EventData></Event>
<Event xmlns='http://schemas.microsoft.com/win/2004/08/events/event'><System><Provider Name='Microsoft-Windows-Sysmon' Guid='{5770385F-C22A-43E0-BF4C-06F5698FFBD9}'/><EventID>3</EventID><Version>5</Version><Level>4</Level><Task>3</Task><Opcode>0</Opcode><Keywords>0x8000000000000000</Keywords><TimeCreated SystemTime='2019-05-13T04:31:23.968750000Z'/><EventRecordID>7969</EventRecordID><Correlation/><Execution ProcessID='1428' ThreadID='1828'/><Channel>Microsoft-Windows-Sysmon/Operational</Channel><Computer>TOkZIRkZNEXkIwm</Computer><Security UserID='S-1-5-18'/></System><EventData><Data Name='RuleName'></Data><Data Name='UtcTime'>2019-01-22 00:00:49.455</Data><Data Name='ProcessGuid'>{4145D37B-5D10-5C46-0000-0010B2EA0000}</Data><Data Name='ProcessId'>552</Data><Data Name='Image'>C:\Windows\System32\svchost.exe</Data><Data Name='User'>NT AUTHORITY\NETWORK SERVICE</Data><Data Name='Protocol'>udp</Data><Data Name='Initiated'>false</Data><Data Name='SourceIsIpv6'>true</Data><Data Name='SourceIp'>ff02:0:0:0:0:0:1:3</Data><Data Name='SourceHostname'></Data><Data Name='SourcePort'>5355</Data><Data Name='SourcePortName'>llmnr</Data><Data Name='DestinationIsIpv6'>true</Data><Data Name='DestinationIp'>fe80:0:0:0:ac87:4625:738a:a414</Data><Data Name='DestinationHostname'></Data><Data Name='DestinationPort'>52273</Data><Data Name='DestinationPortName'></Data></EventData></Event>
<Event xmlns='http://schemas.microsoft.com/win/2004/08/events/event'><System><Provider Name='Microsoft-Windows-Sysmon' Guid='{5770385F-C22A-43E0-BF4C-06F5698FFBD9}'/><EventID>3</EventID><Version>5</Version><Level>4</Level><Task>3</Task><Opcode>0</Opcode><Keywords>0x8000000000000000</Keywords><TimeCreated SystemTime='2019-05-13T04:31:23.968750000Z'/><EventRecordID>7970</EventRecordID><Correlation/><Execution ProcessID='1428' ThreadID='1828'/><Channel>Microsoft-Windows-Sysmon/Operational</Channel><Computer>TOkZIRkZNEXkIwm</Computer><Security UserID='S-1-5-18'/></System><EventData><Data Name='RuleName'></Data><Data Name='UtcTime'>2019-01-22 00:00:49.456</Data><Data Name='ProcessGuid'>{4145D37B-5D10-5C46-0000-0010B2EA0000}</Data><Data Name='ProcessId'>552</Data><Data Name='Image'>C:\Windows\System32\svchost.exe</Data><Data Name='User'>NT AUTHORITY\NETWORK SERVICE</Data><Data Name='Protocol'>udp</Data><Data Name='Initiated'>false</Data><Data Name='SourceIsIpv6'>false</Data><Data Name='SourceIp'>224.0.0.252</Data><Data Name='SourceHostname'></Data><Data Name='SourcePort'>5355</Data><Data Name='SourcePortName'>llmnr</Data><Data Name='DestinationIsIpv6'>false</Data><Data Name='DestinationIp'>192.168.168.207</Data><Data Name='DestinationHostname'></Data><Data Name='DestinationPort'>63691</Data><Data Name='DestinationPortName'></Data></EventData></Event>
<Event xmlns='http://schemas.microsoft.com/win/2004/08/events/event'><System><Provider Name='Microsoft-Windows-Sysmon' Guid='{5770385F-C22A-43E0-BF4C-06F5698FFBD9}'/><EventID>3</EventID><Version>5</Version><Level>4</Level><Task>3</Task><Opcode>0</Opcode><Keywords>0x8000000000000000</Keywords><TimeCreated SystemTime='2019-05-13T04:31:23.968750000Z'/><EventRecordID>7971</EventRecordID><Correlation/><Execution ProcessID='1428' ThreadID='1828'/><Channel>Microsoft-Windows-Sysmon/Operational</Channel><Computer>TOkZIRkZNEXkIwm</Computer><Security UserID='S-1-5-18'/></System><EventData><Data Name='RuleName'></Data><Data Name='UtcTime'>2019-01-22 00:00:49.485</Data><Data Name='ProcessGuid'>{4145D37B-5D11-5C46-0000-00106CFA0100}</Data><Data Name='ProcessId'>2040</Data><Data Name='Image'>C:\Python27\pythonw.exe</Data><Data Name='User'>TOKZIRKZNEXKIWM\Administrator</Data><Data Name='Protocol'>tcp</Data><Data Name='Initiated'>false</Data><Data Name='SourceIsIpv6'>false</Data><Data Name='SourceIp'>192.168.168.224</Data><Data Name='SourceHostname'>TOkZIRkZNEXkIwm</Data><Data Name='SourcePort'>8000</Data><Data Name='SourcePortName'></Data><Data Name='DestinationIsIpv6'>false</Data><Data Name='DestinationIp'>192.168.168.1</Data><Data Name='DestinationHostname'></Data><Data Name='DestinationPort'>47920</Data><Data Name='DestinationPortName'></Data></EventData></Event>
<Event xmlns='http://schemas.microsoft.com/win/2004/08/events/event'><System><Provider Name='Microsoft-Windows-Sysmon' Guid='{5770385F-C22A-43E0-BF4C-06F5698FFBD9}'/><EventID>3</EventID><Version>5</Version><Level>4</Level><Task>3</Task><Opcode>0</Opcode><Keywords>0x8000000000000000</Keywords><TimeCreated SystemTime='2019-05-13T04:31:24.265625000Z'/><EventRecordID>7972</EventRecordID><Correlation/><Execution ProcessID='1428' ThreadID='1828'/><Channel>Microsoft-Windows-Sysmon/Operational</Channel><Computer>TOkZIRkZNEXkIwm</Computer><Security UserID='S-1-5-18'/></System><EventData><Data Name='RuleName'></Data><Data Name='UtcTime'>2019-01-22 00:00:49.789</Data><Data Name='ProcessGuid'>{4145D37B-5D0E-5C46-0000-0010EB030000}</Data><Data Name='ProcessId'>4</Data><Data Name='Image'>System</Data><Data Name='User'>NT AUTHORITY\SYSTEM</Data><Data Name='Protocol'>udp</Data><Data Name='Initiated'>false</Data><Data Name='SourceIsIpv6'>false</Data><Data Name='SourceIp'>192.168.168.255</Data><Data Name='SourceHostname'></Data><Data Name='SourcePort'>137</Data><Data Name='SourcePortName'>netbios-ns</Data><Data Name='DestinationIsIpv6'>false</Data><Data Name='DestinationIp'>192.168.168.207</Data><Data Name='DestinationHostname'></Data><Data Name='DestinationPort'>137</Data><Data Name='DestinationPortName'>netbios-ns</Data></EventData></Event>
<Event xmlns='http://schemas.microsoft.com/win/2004/08/events/event'><System><Provider Name='Microsoft-Windows-Sysmon' Guid='{5770385F-C22A-43E0-BF4C-06F5698FFBD9}'/><EventID>3</EventID><Version>5</Version><Level>4</Level><Task>3</Task><Opcode>0</Opcode><Keywords>0x8000000000000000</Keywords><TimeCreated SystemTime='2019-05-13T04:31:24.265625000Z'/><EventRecordID>7973</EventRecordID><Correlation/><Execution ProcessID='1428' ThreadID='1828'/><Channel>Microsoft-Windows-Sysmon/Operational</Channel><Computer>TOkZIRkZNEXkIwm</Computer><Security UserID='S-1-5-18'/></System><EventData><Data Name='RuleName'></Data><Data Name='UtcTime'>2019-01-22 00:00:49.832</Data><Data Name='ProcessGuid'>{4145D37B-5D26-5C46-0000-001042AC0400}</Data><Data Name='ProcessId'>2740</Data><Data Name='Image'>C:\Python27\pythonw.exe</Data><Data Name='User'>TOKZIRKZNEXKIWM\Administrator</Data><Data Name='Protocol'>tcp</Data><Data Name='Initiated'>true</Data><Data Name='SourceIsIpv6'>false</Data><Data Name='SourceIp'>192.168.168.224</Data><Data Name='SourceHostname'>TOkZIRkZNEXkIwm</Data><Data Name='SourcePort'>49166</Data><Data Name='SourcePortName'></Data><Data Name='DestinationIsIpv6'>false</Data><Data Name='DestinationIp'>192.168.168.1</Data><Data Name='DestinationHostname'></Data><Data Name='DestinationPort'>2042</Data><Data Name='DestinationPortName'></Data></EventData></Event>
<Event xmlns='http://schemas.microsoft.com/win/2004/08/events/event'><System><Provider Name='Microsoft-Windows-Sysmon' Guid='{5770385F-C22A-43E0-BF4C-06F5698FFBD9}'/><EventID>3</EventID><Version>5</Version><Level>4</Level><Task>3</Task><Opcode>0</Opcode><Keywords>0x8000000000000000</Keywords><TimeCreated SystemTime='2019-05-13T04:31:24.265625000Z'/><EventRecordID>7974</EventRecordID><Correlation/><Execution ProcessID='1428' ThreadID='1828'/><Channel>Microsoft-Windows-Sysmon/Operational</Channel><Computer>TOkZIRkZNEXkIwm</Computer><Security UserID='S-1-5-18'/></System><EventData><Data Name='RuleName'></Data><Data Name='UtcTime'>2019-01-22 00:00:49.875</Data><Data Name='ProcessGuid'>{4145D37B-5D10-5C46-0000-0010B2EA0000}</Data><Data Name='ProcessId'>552</Data><Data Name='Image'>C:\Windows\System32\svchost.exe</Data><Data Name='User'>NT AUTHORITY\NETWORK SERVICE</Data><Data Name='Protocol'>udp</Data><Data Name='Initiated'>false</Data><Data Name='SourceIsIpv6'>true</Data><Data Name='SourceIp'>ff02:0:0:0:0:0:1:3</Data><Data Name='SourceHostname'></Data><Data Name='SourcePort'>5355</Data><Data Name='SourcePortName'>llmnr</Data><Data Name='DestinationIsIpv6'>true</Data><Data Name='DestinationIp'>fe80:0:0:0:b18d:20a4:80fa:9356</Data><Data Name='DestinationHostname'>TOkZIRkZNEXkIwm</Data><Data Name='DestinationPort'>60038</Data><Data Name='DestinationPortName'></Data></EventData></Event>
<Event xmlns='http://schemas.microsoft.com/win/2004/08/events/event'><System><Provider Name='Microsoft-Windows-Sysmon' Guid='{5770385F-C22A-43E0-BF4C-06F5698FFBD9}'/><EventID>3</EventID><Version>5</Version><Level>4</Level><Task>3</Task><Opcode>0</Opcode><Keywords>0x8000000000000000</Keywords><TimeCreated SystemTime='2019-05-13T04:31:24.531250000Z'/><EventRecordID>7975</EventRecordID><Correlation/><Execution ProcessID='1428' ThreadID='1828'/><Channel>Microsoft-Windows-Sysmon/Operational</Channel><Computer>TOkZIRkZNEXkIwm</Computer><Security UserID='S-1-5-18'/></System><EventData><Data Name='RuleName'></Data><Data Name='UtcTime'>2019-01-22 00:00:50.014</Data><Data Name='ProcessGuid'>{4145D37B-5D10-5C46-0000-0010B2EA0000}</Data><Data Name='ProcessId'>552</Data><Data Name='Image'>C:\Windows\System32\svchost.exe</Data><Data Name='User'>NT AUTHORITY\NETWORK SERVICE</Data><Data Name='Protocol'>udp</Data><Data Name='Initiated'>false</Data><Data Name='SourceIsIpv6'>true</Data><Data Name='SourceIp'>ff02:0:0:0:0:0:1:3</Data><Data Name='SourceHostname'></Data><Data Name='SourcePort'>5355</Data><Data Name='SourcePortName'>llmnr</Data><Data Name='DestinationIsIpv6'>true</Data><Data Name='DestinationIp'>fe80:0:0:0:c4e2:63b2:cb9d:7b01</Data><Data Name='DestinationHostname'></Data><Data Name='DestinationPort'>56232</Data><Data Name='DestinationPortName'></Data></EventData></Event>
<Event xmlns='http://schemas.microsoft.com/win/2004/08/events/event'><System><Provider Name='Microsoft-Windows-Sysmon' Guid='{5770385F-C22A-43E0-BF4C-06F5698FFBD9}'/><EventID>3</EventID><Version>5</Version><Level>4</Level><Task>3</Task><Opcode>0</Opcode><Keywords>0x8000000000000000</Keywords><TimeCreated SystemTime='2019-05-13T04:31:24.531250000Z'/><EventRecordID>7976</EventRecordID><Correlation/><Execution ProcessID='1428' ThreadID='1828'/><Channel>Microsoft-Windows-Sysmon/Operational</Channel><Computer>TOkZIRkZNEXkIwm</Computer><Security UserID='S-1-5-18'/></System><EventData><Data Name='RuleName'></Data><Data Name='UtcTime'>2019-01-22 00:00:50.014</Data><Data Name='ProcessGuid'>{4145D37B-5D10-5C46-0000-0010B2EA0000}</Data><Data Name='ProcessId'>552</Data><Data Name='Image'>C:\Windows\System32\svchost.exe</Data><Data Name='User'>NT AUTHORITY\NETWORK SERVICE</Data><Data Name='Protocol'>udp</Data><Data Name='Initiated'>false</Data><Data Name='SourceIsIpv6'>false</Data><Data Name='SourceIp'>224.0.0.252</Data><Data Name='SourceHostname'></Data><Data Name='SourcePort'>5355</Data><Data Name='SourcePortName'>llmnr</Data><Data Name='DestinationIsIpv6'>false</Data><Data Name='DestinationIp'>192.168.168.218</Data><Data Name='DestinationHostname'></Data><Data Name='DestinationPort'>65054</Data><Data Name='DestinationPortName'></Data></EventData></Event>
<Event xmlns='http://schemas.microsoft.com/win/2004/08/events/event'><System><Provider Name='Microsoft-Windows-Sysmon' Guid='{5770385F-C22A-43E0-BF4C-06F5698FFBD9}'/><EventID>3</EventID><Version>5</Version><Level>4</Level><Task>3</Task><Opcode>0</Opcode><Keywords>0x8000000000000000</Keywords><TimeCreated SystemTime='2019-05-13T04:31:24.531250000Z'/><EventRecordID>7977</EventRecordID><Correlation/><Execution ProcessID='1428' ThreadID='1828'/><Channel>Microsoft-Windows-Sysmon/Operational</Channel><Computer>TOkZIRkZNEXkIwm</Computer><Security UserID='S-1-5-18'/></System><EventData><Data Name='RuleName'></Data><Data Name='UtcTime'>2019-01-22 00:00:50.015</Data><Data Name='ProcessGuid'>{4145D37B-5D10-5C46-0000-0010B2EA0000}</Data><Data Name='ProcessId'>552</Data><Data Name='Image'>C:\Windows\System32\svchost.exe</Data><Data Name='User'>NT AUTHORITY\NETWORK SERVICE</Data><Data Name='Protocol'>udp</Data><Data Name='Initiated'>false</Data><Data Name='SourceIsIpv6'>true</Data><Data Name='SourceIp'>fe80:0:0:0:c4e2:63b2:cb9d:7b01</Data><Data Name='SourceHostname'></Data><Data Name='SourcePort'>56232</Data><Data Name='SourcePortName'></Data><Data Name='DestinationIsIpv6'>true</Data><Data Name='DestinationIp'>fe80:0:0:0:b18d:20a4:80fa:9356</Data><Data Name='DestinationHostname'>TOkZIRkZNEXkIwm</Data><Data Name='DestinationPort'>5355</Data><Data Name='DestinationPortName'>llmnr</Data></EventData></Event>
<Event xmlns='http://schemas.microsoft.com/win/2004/08/events/event'><System><Provider Name='Microsoft-Windows-Sysmon' Guid='{5770385F-C22A-43E0-BF4C-06F5698FFBD9}'/><EventID>3</EventID><Version>5</Version><Level>4</Level><Task>3</Task><Opcode>0</Opcode><Keywords>0x8000000000000000</Keywords><TimeCreated SystemTime='2019-05-13T04:31:24.531250000Z'/><EventRecordID>7978</EventRecordID><Correlation/><Execution ProcessID='1428' ThreadID='1828'/><Channel>Microsoft-Windows-Sysmon/Operational</Channel><Computer>TOkZIRkZNEXkIwm</Computer><Security UserID='S-1-5-18'/></System><EventData><Data Name='RuleName'></Data><Data Name='UtcTime'>2019-01-22 00:00:50.015</Data><Data Name='ProcessGuid'>{4145D37B-5D10-5C46-0000-0010B2EA0000}</Data><Data Name='ProcessId'>552</Data><Data Name='Image'>C:\Windows\System32\svchost.exe</Data><Data Name='User'>NT AUTHORITY\NETWORK SERVICE</Data><Data Name='Protocol'>udp</Data><Data Name='Initiated'>true</Data><Data Name='SourceIsIpv6'>false</Data><Data Name='SourceIp'>192.168.168.224</Data><Data Name='SourceHostname'>TOkZIRkZNEXkIwm</Data><Data Name='SourcePort'>5355</Data><Data Name='SourcePortName'>llmnr</Data><Data Name='DestinationIsIpv6'>false</Data><Data Name='DestinationIp'>192.168.168.218</Data><Data Name='DestinationHostname'></Data><Data Name='DestinationPort'>65054</Data><Data Name='DestinationPortName'></Data></EventData></Event>
<Event xmlns='http://schemas.microsoft.com/win/2004/08/events/event'><System><Provider Name='Microsoft-Windows-Sysmon' Guid='{5770385F-C22A-43E0-BF4C-06F5698FFBD9}'/><EventID>3</EventID><Version>5</Version><Level>4</Level><Task>3</Task><Opcode>0</Opcode><Keywords>0x8000000000000000</Keywords><TimeCreated SystemTime='2019-05-13T04:31:24.531250000Z'/><EventRecordID>7979</EventRecordID><Correlation/><Execution ProcessID='1428' ThreadID='1828'/><Channel>Microsoft-Windows-Sysmon/Operational</Channel><Computer>TOkZIRkZNEXkIwm</Computer><Security UserID='S-1-5-18'/></System><EventData><Data Name='RuleName'></Data><Data Name='UtcTime'>2019-01-22 00:00:50.015</Data><Data Name='ProcessGuid'>{4145D37B-5D10-5C46-0000-0010B2EA0000}</Data><Data Name='ProcessId'>552</Data><Data Name='Image'>C:\Windows\System32\svchost.exe</Data><Data Name='User'>NT AUTHORITY\NETWORK SERVICE</Data><Data Name='Protocol'>udp</Data><Data Name='Initiated'>false</Data><Data Name='SourceIsIpv6'>true</Data><Data Name='SourceIp'>ff02:0:0:0:0:0:1:3</Data><Data Name='SourceHostname'></Data><Data Name='SourcePort'>5355</Data><Data Name='SourcePortName'>llmnr</Data><Data Name='DestinationIsIpv6'>true</Data><Data Name='DestinationIp'>fe80:0:0:0:c4e2:63b2:cb9d:7b01</Data><Data Name='DestinationHostname'></Data><Data Name='DestinationPort'>57735</Data><Data Name='DestinationPortName'></Data></EventData></Event>
<Event xmlns='http://schemas.microsoft.com/win/2004/08/events/event'><System><Provider Name='Microsoft-Windows-Sysmon' Guid='{5770385F-C22A-43E0-BF4C-06F5698FFBD9}'/><EventID>3</EventID><Version>5</Version><Level>4</Level><Task>3</Task><Opcode>0</Opcode><Keywords>0x8000000000000000</Keywords><TimeCreated SystemTime='2019-05-13T04:31:24.531250000Z'/><EventRecordID>7980</EventRecordID><Correlation/><Execution ProcessID='1428' ThreadID='1828'/><Channel>Microsoft-Windows-Sysmon/Operational</Channel><Computer>TOkZIRkZNEXkIwm</Computer><Security UserID='S-1-5-18'/></System><EventData><Data Name='RuleName'></Data><Data Name='UtcTime'>2019-01-22 00:00:50.015</Data><Data Name='ProcessGuid'>{4145D37B-5D10-5C46-0000-0010B2EA0000}</Data><Data Name='ProcessId'>552</Data><Data Name='Image'>C:\Windows\System32\svchost.exe</Data><Data Name='User'>NT AUTHORITY\NETWORK SERVICE</Data><Data Name='Protocol'>udp</Data><Data Name='Initiated'>false</Data><Data Name='SourceIsIpv6'>false</Data><Data Name='SourceIp'>224.0.0.252</Data><Data Name='SourceHostname'></Data><Data Name='SourcePort'>5355</Data><Data Name='SourcePortName'>llmnr</Data><Data Name='DestinationIsIpv6'>false</Data><Data Name='DestinationIp'>192.168.168.218</Data><Data Name='DestinationHostname'></Data><Data Name='DestinationPort'>57159</Data><Data Name='DestinationPortName'></Data></EventData></Event>
<Event xmlns='http://schemas.microsoft.com/win/2004/08/events/event'><System><Provider Name='Microsoft-Windows-Sysmon' Guid='{5770385F-C22A-43E0-BF4C-06F5698FFBD9}'/><EventID>3</EventID><Version>5</Version><Level>4</Level><Task>3</Task><Opcode>0</Opcode><Keywords>0x8000000000000000</Keywords><TimeCreated SystemTime='2019-05-13T04:31:24.531250000Z'/><EventRecordID>7981</EventRecordID><Correlation/><Execution ProcessID='1428' ThreadID='1828'/><Channel>Microsoft-Windows-Sysmon/Operational</Channel><Computer>TOkZIRkZNEXkIwm</Computer><Security UserID='S-1-5-18'/></System><EventData><Data Name='RuleName'></Data><Data Name='UtcTime'>2019-01-22 00:00:50.016</Data><Data Name='ProcessGuid'>{4145D37B-5D10-5C46-0000-0010B2EA0000}</Data><Data Name='ProcessId'>552</Data><Data Name='Image'>C:\Windows\System32\svchost.exe</Data><Data Name='User'>NT AUTHORITY\NETWORK SERVICE</Data><Data Name='Protocol'>udp</Data><Data Name='Initiated'>true</Data><Data Name='SourceIsIpv6'>false</Data><Data Name='SourceIp'>192.168.168.224</Data><Data Name='SourceHostname'>TOkZIRkZNEXkIwm</Data><Data Name='SourcePort'>5355</Data><Data Name='SourcePortName'>llmnr</Data><Data Name='DestinationIsIpv6'>false</Data><Data Name='DestinationIp'>192.168.168.218</Data><Data Name='DestinationHostname'></Data><Data Name='DestinationPort'>57159</Data><Data Name='DestinationPortName'></Data></EventData></Event>
<Event xmlns='http://schemas.microsoft.com/win/2004/08/events/event'><System><Provider Name='Microsoft-Windows-Sysmon' Guid='{5770385F-C22A-43E0-BF4C-06F5698FFBD9}'/><EventID>3</EventID><Version>5</Version><Level>4</Level><Task>3</Task><Opcode>0</Opcode><Keywords>0x8000000000000000</Keywords><TimeCreated SystemTime='2019-05-13T04:31:24.531250000Z'/><EventRecordID>7982</EventRecordID><Correlation/><Execution ProcessID='1428' ThreadID='1828'/><Channel>Microsoft-Windows-Sysmon/Operational</Channel><Computer>TOkZIRkZNEXkIwm</Computer><Security UserID='S-1-5-18'/></System><EventData><Data Name='RuleName'></Data><Data Name='UtcTime'>2019-01-22 00:00:50.109</Data><Data Name='ProcessGuid'>{4145D37B-5D10-5C46-0000-0010B2EA0000}</Data><Data Name='ProcessId'>552</Data><Data Name='Image'>C:\Windows\System32\svchost.exe</Data><Data Name='User'>NT AUTHORITY\NETWORK SERVICE</Data><Data Name='Protocol'>udp</Data><Data Name='Initiated'>false</Data><Data Name='SourceIsIpv6'>true</Data><Data Name='SourceIp'>ff02:0:0:0:0:0:1:3</Data><Data Name='SourceHostname'></Data><Data Name='SourcePort'>5355</Data><Data Name='SourcePortName'>llmnr</Data><Data Name='DestinationIsIpv6'>true</Data><Data Name='DestinationIp'>fe80:0:0:0:df2:ddb4:1d0d:41f</Data><Data Name='DestinationHostname'></Data><Data Name='DestinationPort'>54910</Data><Data Name='DestinationPortName'></Data></EventData></Event>
<Event xmlns='http://schemas.microsoft.com/win/2004/08/events/event'><System><Provider Name='Microsoft-Windows-Sysmon' Guid='{5770385F-C22A-43E0-BF4C-06F5698FFBD9}'/><EventID>3</EventID><Version>5</Version><Level>4</Level><Task>3</Task><Opcode>0</Opcode><Keywords>0x8000000000000000</Keywords><TimeCreated SystemTime='2019-05-13T04:31:24.531250000Z'/><EventRecordID>7983</EventRecordID><Correlation/><Execution ProcessID='1428' ThreadID='1828'/><Channel>Microsoft-Windows-Sysmon/Operational</Channel><Computer>TOkZIRkZNEXkIwm</Computer><Security UserID='S-1-5-18'/></System><EventData><Data Name='RuleName'></Data><Data Name='UtcTime'>2019-01-22 00:00:50.109</Data><Data Name='ProcessGuid'>{4145D37B-5D10-5C46-0000-0010B2EA0000}</Data><Data Name='ProcessId'>552</Data><Data Name='Image'>C:\Windows\System32\svchost.exe</Data><Data Name='User'>NT AUTHORITY\NETWORK SERVICE</Data><Data Name='Protocol'>udp</Data><Data Name='Initiated'>false</Data><Data Name='SourceIsIpv6'>true</Data><Data Name='SourceIp'>ff02:0:0:0:0:0:1:3</Data><Data Name='SourceHostname'></Data><Data Name='SourcePort'>5355</Data><Data Name='SourcePortName'>llmnr</Data><Data Name='DestinationIsIpv6'>true</Data><Data Name='DestinationIp'>fe80:0:0:0:df2:ddb4:1d0d:41f</Data><Data Name='DestinationHostname'></Data><Data Name='DestinationPort'>50919</Data><Data Name='DestinationPortName'></Data></EventData></Event>
