<Event xmlns='http://schemas.microsoft.com/win/2004/08/events/event'><System><Provider Name='Microsoft-Windows-Sysmon' Guid='{5770385F-C22A-43E0-BF4C-06F5698FFBD9}'/><EventID>3</EventID><Version>5</Version><Level>4</Level><Task>3</Task><Opcode>0</Opcode><Keywords>0x8000000000000000</Keywords><TimeCreated SystemTime='2019-05-13T04:32:40.203125000Z'/><EventRecordID>9098</EventRecordID><Correlation/><Execution ProcessID='1428' ThreadID='1828'/><Channel>Microsoft-Windows-Sysmon/Operational</Channel><Computer>TOkZIRkZNEXkIwm</Computer><Security UserID='S-1-5-18'/></System><EventData><Data Name='RuleName'></Data><Data Name='UtcTime'>2019-01-22 00:02:05.691</Data><Data Name='ProcessGuid'>{4145D37B-5D10-5C46-0000-0010B2EA0000}</Data><Data Name='ProcessId'>552</Data><Data Name='Image'>C:\Windows\System32\svchost.exe</Data><Data Name='User'>NT AUTHORITY\NETWORK SERVICE</Data><Data Name='Protocol'>udp</Data><Data Name='Initiated'>false</Data><Data Name='SourceIsIpv6'>false</Data><Data Name='SourceIp'>224.0.0.252</Data><Data Name='SourceHostname'></Data><Data Name='SourcePort'>5355</Data><Data Name='SourcePortName'>llmnr</Data><Data Name='DestinationIsIpv6'>false</Data><Data Name='DestinationIp'>192.168.168.219</Data><Data Name='DestinationHostname'>ciZsdzDKVJy</Data><Data Name='DestinationPort'>61908</Data><Data Name='DestinationPortName'></Data></EventData></Event>
<Event xmlns='http://schemas.microsoft.com/win/2004/08/events/event'><System><Provider Name='Microsoft-Windows-Sysmon' Guid='{5770385F-C22A-43E0-BF4C-06F5698FFBD9}'/><EventID>3</EventID><Version>5</Version><Level>4</Level><Task>3</Task><Opcode>0</Opcode><Keywords>0x8000000000000000</Keywords><TimeCreated SystemTime='2019-05-13T04:32:40.203125000Z'/><EventRecordID>9099</EventRecordID><Correlation/><Execution ProcessID='1428' ThreadID='1828'/><Channel>Microsoft-Windows-Sysmon/Operational</Channel><Computer>TOkZIRkZNEXkIwm</Computer><Security UserID='S-1-5-18'/></System><EventData><Data Name='RuleName'></Data><Data Name='UtcTime'>2019-01-22 00:02:05.708</Data><Data Name='ProcessGuid'>{4145D37B-5D10-5C46-0000-0010B2EA0000}</Data><Data Name='ProcessId'>552</Data><Data Name='Image'>C:\Windows\System32\svchost.exe</Data><Data Name='User'>NT AUTHORITY\NETWORK SERVICE</Data><Data Name='Protocol'>udp</Data><Data Name='Initiated'>false</Data><Data Name='SourceIsIpv6'>true</Data><Data Name='SourceIp'>ff02:0:0:0:0:0:1:3</Data><Data Name='SourceHostname'></Data><Data Name='SourcePort'>5355</Data><Data Name='SourcePortName'>llmnr</Data><Data Name='DestinationIsIpv6'>true</Data><Data Name='DestinationIp'>fe80:0:0:0:fc16:ecef:c60f:5b73</Data><Data Name='DestinationHostname'>ciZsdzDKVJy</Data><Data Name='DestinationPort'>63774</Data><Data Name='DestinationPortName'></Data></EventData></Event>
<Event xmlns='http://schemas.microsoft.com/win/2004/08/events/event'><System><Provider Name='Microsoft-Windows-Sysmon' Guid='{5770385F-C22A-43E0-BF4C-06F5698FFBD9}'/><EventID>3</EventID><Version>5</Version><Level>4</Level><Task>3</Task><Opcode>0</Opcode><Keywords>0x8000000000000000</Keywords><TimeCreated SystemTime='2019-05-13T04:32:40.203125000Z'/><EventRecordID>9100</EventRecordID><Correlation/><Execution ProcessID='1428' ThreadID='1828'/><Channel>Microsoft-Windows-Sysmon/Operational</Channel><Computer>TOkZIRkZNEXkIwm</Computer><Security UserID='S-1-5-18'/></System><EventData><Data Name='RuleName'></Data><Data Name='UtcTime'>2019-01-22 00:02:05.708</Data><Data Name='ProcessGuid'>{4145D37B-5D10-5C46-0000-0010B2EA0000}</Data><Data Name='ProcessId'>552</Data><Data Name='Image'>C:\Windows\System32\svchost.exe</Data><Data Name='User'>NT AUTHORITY\NETWORK SERVICE</Data><Data Name='Protocol'>udp</Data><Data Name='Initiated'>false</Data><Data Name='SourceIsIpv6'>false</Data><Data Name='SourceIp'>224.0.0.252</Data><Data Name='SourceHostname'></Data><Data Name='SourcePort'>5355</Data><Data Name='SourcePortName'>llmnr</Data><Data Name='DestinationIsIpv6'>false</Data><Data Name='DestinationIp'>192.168.168.219</Data><Data Name='DestinationHostname'>ciZsdzDKVJy</Data><Data Name='DestinationPort'>57458</Data><Data Name='DestinationPortName'></Data></EventData></Event>
<Event xmlns='http://schemas.microsoft.com/win/2004/08/events/event'><System><Provider Name='Microsoft-Windows-Sysmon' Guid='{5770385F-C22A-43E0-BF4C-06F5698FFBD9}'/><EventID>3</EventID><Version>5</Version><Level>4</Level><Task>3</Task><Opcode>0</Opcode><Keywords>0x8000000000000000</Keywords><TimeCreated SystemTime='2019-05-13T04:32:40.203125000Z'/><EventRecordID>9101</EventRecordID><Correlation/><Execution ProcessID='1428' ThreadID='1828'/><Channel>Microsoft-Windows-Sysmon/Operational</Channel><Computer>TOkZIRkZNEXkIwm</Computer><Security UserID='S-1-5-18'/></System><EventData><Data Name='RuleName'></Data><Data Name='UtcTime'>2019-01-22 00:02:05.753</Data><Data Name='ProcessGuid'>{4145D37B-5D10-5C46-0000-0010B2EA0000}</Data><Data Name='ProcessId'>552</Data><Data Name='Image'>C:\Windows\System32\svchost.exe</Data><Data Name='User'>NT AUTHORITY\NETWORK SERVICE</Data><Data Name='Protocol'>udp</Data><Data Name='Initiated'>false</Data><Data Name='SourceIsIpv6'>true</Data><Data Name='SourceIp'>ff02:0:0:0:0:0:1:3</Data><Data Name='SourceHostname'></Data><Data Name='SourcePort'>5355</Data><Data Name='SourcePortName'>llmnr</Data><Data Name='DestinationIsIpv6'>true</Data><Data Name='DestinationIp'>fe80:0:0:0:d9b2:3f1b:3e50:aa07</Data><Data Name='DestinationHostname'>fMNiaRFCBSKOR</Data><Data Name='DestinationPort'>52437</Data><Data Name='DestinationPortName'></Data></EventData></Event>
<Event xmlns='http://schemas.microsoft.com/win/2004/08/events/event'><System><Provider Name='Microsoft-Windows-Sysmon' Guid='{5770385F-C22A-43E0-BF4C-06F5698FFBD9}'/><EventID>3</EventID><Version>5</Version><Level>4</Level><Task>3</Task><Opcode>0</Opcode><Keywords>0x8000000000000000</Keywords><TimeCreated SystemTime='2019-05-13T04:32:40.203125000Z'/><EventRecordID>9102</EventRecordID><Correlation/><Execution ProcessID='1428' ThreadID='1828'/><Channel>Microsoft-Windows-Sysmon/Operational</Channel><Computer>TOkZIRkZNEXkIwm</Computer><Security UserID='S-1-5-18'/></System><EventData><Data Name='RuleName'></Data><Data Name='UtcTime'>2019-01-22 00:02:05.753</Data><Data Name='ProcessGuid'>{4145D37B-5D10-5C46-0000-0010B2EA0000}</Data><Data Name='ProcessId'>552</Data><Data Name='Image'>C:\Windows\System32\svchost.exe</Data><Data Name='User'>NT AUTHORITY\NETWORK SERVICE</Data><Data Name='Protocol'>udp</Data><Data Name='Initiated'>false</Data><Data Name='SourceIsIpv6'>false</Data><Data Name='SourceIp'>224.0.0.252</Data><Data Name='SourceHostname'></Data><Data Name='SourcePort'>5355</Data><Data Name='SourcePortName'>llmnr</Data><Data Name='DestinationIsIpv6'>false</Data><Data Name='DestinationIp'>192.168.168.217</Data><Data Name='DestinationHostname'>fMNiaRFCBSKOR</Data><Data Name='DestinationPort'>63981</Data><Data Name='DestinationPortName'></Data></EventData></Event>
<Event xmlns='http://schemas.microsoft.com/win/2004/08/events/event'><System><Provider Name='Microsoft-Windows-Sysmon' Guid='{5770385F-C22A-43E0-BF4C-06F5698FFBD9}'/><EventID>3</EventID><Version>5</Version><Level>4</Level><Task>3</Task><Opcode>0</Opcode><Keywords>0x8000000000000000</Keywords><TimeCreated SystemTime='2019-05-13T04:32:40.203125000Z'/><EventRecordID>9103</EventRecordID><Correlation/><Execution ProcessID='1428' ThreadID='1828'/><Channel>Microsoft-Windows-Sysmon/Operational</Channel><Computer>TOkZIRkZNEXkIwm</Computer><Security UserID='S-1-5-18'/></System><EventData><Data Name='RuleName'></Data><Data Name='UtcTime'>2019-01-22 00:02:05.914</Data><Data Name='ProcessGuid'>{4145D37B-5D10-5C46-0000-0010B2EA0000}</Data><Data Name='ProcessId'>552</Data><Data Name='Image'>C:\Windows\System32\svchost.exe</Data><Data Name='User'>NT AUTHORITY\NETWORK SERVICE</Data><Data Name='Protocol'>udp</Data><Data Name='Initiated'>true</Data><Data Name='SourceIsIpv6'>false</Data><Data Name='SourceIp'>192.168.168.224</Data><Data Name='SourceHostname'>TOkZIRkZNEXkIwm</Data><Data Name='SourcePort'>56899</Data><Data Name='SourcePortName'></Data><Data Name='DestinationIsIpv6'>false</Data><Data Name='DestinationIp'>46.226.136.5</Data><Data Name='DestinationHostname'></Data><Data Name='DestinationPort'>53</Data><Data Name='DestinationPortName'>domain</Data></EventData></Event>
<Event xmlns='http://schemas.microsoft.com/win/2004/08/events/event'><System><Provider Name='Microsoft-Windows-Sysmon' Guid='{5770385F-C22A-43E0-BF4C-06F5698FFBD9}'/><EventID>3</EventID><Version>5</Version><Level>4</Level><Task>3</Task><Opcode>0</Opcode><Keywords>0x8000000000000000</Keywords><TimeCreated SystemTime='2019-05-13T04:32:40.203125000Z'/><EventRecordID>9104</EventRecordID><Correlation/><Execution ProcessID='1428' ThreadID='1828'/><Channel>Microsoft-Windows-Sysmon/Operational</Channel><Computer>TOkZIRkZNEXkIwm</Computer><Security UserID='S-1-5-18'/></System><EventData><Data Name='RuleName'></Data><Data Name='UtcTime'>2019-01-22 00:02:05.914</Data><Data Name='ProcessGuid'>{4145D37B-5D10-5C46-0000-0010B2EA0000}</Data><Data Name='ProcessId'>552</Data><Data Name='Image'>C:\Windows\System32\svchost.exe</Data><Data Name='User'>NT AUTHORITY\NETWORK SERVICE</Data><Data Name='Protocol'>udp</Data><Data Name='Initiated'>true</Data><Data Name='SourceIsIpv6'>false</Data><Data Name='SourceIp'>192.168.168.224</Data><Data Name='SourceHostname'>TOkZIRkZNEXkIwm</Data><Data Name='SourcePort'>64041</Data><Data Name='SourcePortName'></Data><Data Name='DestinationIsIpv6'>false</Data><Data Name='DestinationIp'>46.226.136.5</Data><Data Name='DestinationHostname'></Data><Data Name='DestinationPort'>53</Data><Data Name='DestinationPortName'>domain</Data></EventData></Event>
<Event xmlns='http://schemas.microsoft.com/win/2004/08/events/event'><System><Provider Name='Microsoft-Windows-Sysmon' Guid='{5770385F-C22A-43E0-BF4C-06F5698FFBD9}'/><EventID>3</EventID><Version>5</Version><Level>4</Level><Task>3</Task><Opcode>0</Opcode><Keywords>0x8000000000000000</Keywords><TimeCreated SystemTime='2019-05-13T04:32:40.453125000Z'/><EventRecordID>9105</EventRecordID><Correlation/><Execution ProcessID='1428' ThreadID='1828'/><Channel>Microsoft-Windows-Sysmon/Operational</Channel><Computer>TOkZIRkZNEXkIwm</Computer><Security UserID='S-1-5-18'/></System><EventData><Data Name='RuleName'></Data><Data Name='UtcTime'>2019-01-22 00:02:06.086</Data><Data Name='ProcessGuid'>{4145D37B-5D10-5C46-0000-0010B2EA0000}</Data><Data Name='ProcessId'>552</Data><Data Name='Image'>C:\Windows\System32\svchost.exe</Data><Data Name='User'>NT AUTHORITY\NETWORK SERVICE</Data><Data Name='Protocol'>udp</Data><Data Name='Initiated'>false</Data><Data Name='SourceIsIpv6'>true</Data><Data Name='SourceIp'>ff02:0:0:0:0:0:1:3</Data><Data Name='SourceHostname'></Data><Data Name='SourcePort'>5355</Data><Data Name='SourcePortName'>llmnr</Data><Data Name='DestinationIsIpv6'>true</Data><Data Name='DestinationIp'>fe80:0:0:0:fc16:ecef:c60f:5b73</Data><Data Name='DestinationHostname'>ciZsdzDKVJy</Data><Data Name='DestinationPort'>64984</Data><Data Name='DestinationPortName'></Data></EventData></Event>
<Event xmlns='http://schemas.microsoft.com/win/2004/08/events/event'><System><Provider Name='Microsoft-Windows-Sysmon' Guid='{5770385F-C22A-43E0-BF4C-06F5698FFBD9}'/><EventID>3</EventID><Version>5</Version><Level>4</Level><Task>3</Task><Opcode>0</Opcode><Keywords>0x8000000000000000</Keywords><TimeCreated SystemTime='2019-05-13T04:32:40.453125000Z'/><EventRecordID>9106</EventRecordID><Correlation/><Execution ProcessID='1428' ThreadID='1828'/><Channel>Microsoft-Windows-Sysmon/Operational</Channel><Computer>TOkZIRkZNEXkIwm</Computer><Security UserID='S-1-5-18'/></System><EventData><Data Name='RuleName'></Data><Data Name='UtcTime'>2019-01-22 00:02:06.087</Data><Data Name='ProcessGuid'>{4145D37B-5D10-5C46-0000-0010B2EA0000}</Data><Data Name='ProcessId'>552</Data><Data Name='Image'>C:\Windows\System32\svchost.exe</Data><Data Name='User'>NT AUTHORITY\NETWORK SERVICE</Data><Data Name='Protocol'>udp</Data><Data Name='Initiated'>false</Data><Data Name='SourceIsIpv6'>false</Data><Data Name='SourceIp'>224.0.0.252</Data><Data Name='SourceHostname'></Data><Data Name='SourcePort'>5355</Data><Data Name='SourcePortName'>llmnr</Data><Data Name='DestinationIsIpv6'>false</Data><Data Name='DestinationIp'>192.168.168.219</Data><Data Name='DestinationHostname'>ciZsdzDKVJy</Data><Data Name='DestinationPort'>62806</Data><Data Name='DestinationPortName'></Data></EventData></Event>
<Event xmlns='http://schemas.microsoft.com/win/2004/08/events/event'><System><Provider Name='Microsoft-Windows-Sysmon' Guid='{5770385F-C22A-43E0-BF4C-06F5698FFBD9}'/><EventID>3</EventID><Version>5</Version><Level>4</Level><Task>3</Task><Opcode>0</Opcode><Keywords>0x8000000000000000</Keywords><TimeCreated SystemTime='2019-05-13T04:32:40.453125000Z'/><EventRecordID>9107</EventRecordID><Correlation/><Execution ProcessID='1428' ThreadID='1828'/><Channel>Microsoft-Windows-Sysmon/Operational</Channel><Computer>TOkZIRkZNEXkIwm</Computer><Security UserID='S-1-5-18'/></System><EventData><Data Name='RuleName'></Data><Data Name='UtcTime'>2019-01-22 00:02:06.096</Data><Data Name='ProcessGuid'>{4145D37B-5D10-5C46-0000-0010B2EA0000}</Data><Data Name='ProcessId'>552</Data><Data Name='Image'>C:\Windows\System32\svchost.exe</Data><Data Name='User'>NT AUTHORITY\NETWORK SERVICE</Data><Data Name='Protocol'>udp</Data><Data Name='Initiated'>false</Data><Data Name='SourceIsIpv6'>true</Data><Data Name='SourceIp'>ff02:0:0:0:0:0:1:3</Data><Data Name='SourceHostname'></Data><Data Name='SourcePort'>5355</Data><Data Name='SourcePortName'>llmnr</Data><Data Name='DestinationIsIpv6'>true</Data><Data Name='DestinationIp'>fe80:0:0:0:ac87:4625:738a:a414</Data><Data Name='DestinationHostname'>YrXIKBUKoMTYRgbK</Data><Data Name='DestinationPort'>54233</Data><Data Name='DestinationPortName'></Data></EventData></Event>
<Event xmlns='http://schemas.microsoft.com/win/2004/08/events/event'><System><Provider Name='Microsoft-Windows-Sysmon' Guid='{5770385F-C22A-43E0-BF4C-06F5698FFBD9}'/><EventID>3</EventID><Version>5</Version><Level>4</Level><Task>3</Task><Opcode>0</Opcode><Keywords>0x8000000000000000</Keywords><TimeCreated SystemTime='2019-05-13T04:32:40.453125000Z'/><EventRecordID>9108</EventRecordID><Correlation/><Execution ProcessID='1428' ThreadID='1828'/><Channel>Microsoft-Windows-Sysmon/Operational</Channel><Computer>TOkZIRkZNEXkIwm</Computer><Security UserID='S-1-5-18'/></System><EventData><Data Name='RuleName'></Data><Data Name='UtcTime'>2019-01-22 00:02:06.096</Data><Data Name='ProcessGuid'>{4145D37B-5D10-5C46-0000-0010B2EA0000}</Data><Data Name='ProcessId'>552</Data><Data Name='Image'>C:\Windows\System32\svchost.exe</Data><Data Name='User'>NT AUTHORITY\NETWORK SERVICE</Data><Data Name='Protocol'>udp</Data><Data Name='Initiated'>false</Data><Data Name='SourceIsIpv6'>false</Data><Data Name='SourceIp'>224.0.0.252</Data><Data Name='SourceHostname'></Data><Data Name='SourcePort'>5355</Data><Data Name='SourcePortName'>llmnr</Data><Data Name='DestinationIsIpv6'>false</Data><Data Name='DestinationIp'>192.168.168.207</Data><Data Name='DestinationHostname'>YrXIKBUKoMTYRgbK</Data><Data Name='DestinationPort'>49538</Data><Data Name='DestinationPortName'></Data></EventData></Event>
<Event xmlns='http://schemas.microsoft.com/win/2004/08/events/event'><System><Provider Name='Microsoft-Windows-Sysmon' Guid='{5770385F-C22A-43E0-BF4C-06F5698FFBD9}'/><EventID>3</EventID><Version>5</Version><Level>4</Level><Task>3</Task><Opcode>0</Opcode><Keywords>0x8000000000000000</Keywords><TimeCreated SystemTime='2019-05-13T04:32:40.453125000Z'/><EventRecordID>9109</EventRecordID><Correlation/><Execution ProcessID='1428' ThreadID='1828'/><Channel>Microsoft-Windows-Sysmon/Operational</Channel><Computer>TOkZIRkZNEXkIwm</Computer><Security UserID='S-1-5-18'/></System><EventData><Data Name='RuleName'></Data><Data Name='UtcTime'>2019-01-22 00:02:06.153</Data><Data Name='ProcessGuid'>{4145D37B-5D10-5C46-0000-0010B2EA0000}</Data><Data Name='ProcessId'>552</Data><Data Name='Image'>C:\Windows\System32\svchost.exe</Data><Data Name='User'>NT AUTHORITY\NETWORK SERVICE</Data><Data Name='Protocol'>udp</Data><Data Name='Initiated'>false</Data><Data Name='SourceIsIpv6'>true</Data><Data Name='SourceIp'>ff02:0:0:0:0:0:1:3</Data><Data Name='SourceHostname'></Data><Data Name='SourcePort'>5355</Data><Data Name='SourcePortName'>llmnr</Data><Data Name='DestinationIsIpv6'>true</Data><Data Name='DestinationIp'>fe80:0:0:0:99da:51ad:4351:b2ae</Data><Data Name='DestinationHostname'>RjUiliEKbiknIJxN</Data><Data Name='DestinationPort'>58430</Data><Data Name='DestinationPortName'></Data></EventData></Event>
<Event xmlns='http://schemas.microsoft.com/win/2004/08/events/event'><System><Provider Name='Microsoft-Windows-Sysmon' Guid='{5770385F-C22A-43E0-BF4C-06F5698FFBD9}'/><EventID>3</EventID><Version>5</Version><Level>4</Level><Task>3</Task><Opcode>0</Opcode><Keywords>0x8000000000000000</Keywords><TimeCreated SystemTime='2019-05-13T04:32:40.453125000Z'/><EventRecordID>9110</EventRecordID><Correlation/><Execution ProcessID='1428' ThreadID='1828'/><Channel>Microsoft-Windows-Sysmon/Operational</Channel><Computer>TOkZIRkZNEXkIwm</Computer><Security UserID='S-1-5-18'/></System><EventData><Data Name='RuleName'></Data><Data Name='UtcTime'>2019-01-22 00:02:06.155</Data><Data Name='ProcessGuid'>{4145D37B-5D10-5C46-0000-0010B2EA0000}</Data><Data Name='ProcessId'>552</Data><Data Name='Image'>C:\Windows\System32\svchost.exe</Data><Data Name='User'>NT AUTHORITY\NETWORK SERVICE</Data><Data Name='Protocol'>udp</Data><Data Name='Initiated'>false</Data><Data Name='SourceIsIpv6'>false</Data><Data Name='SourceIp'>224.0.0.252</Data><Data Name='SourceHostname'></Data><Data Name='SourcePort'>5355</Data><Data Name='SourcePortName'>llmnr</Data><Data Name='DestinationIsIpv6'>false</Data><Data Name='DestinationIp'>192.168.168.216</Data><Data Name='DestinationHostname'>RjUiliEKbiknIJxN</Data><Data Name='DestinationPort'>55301</Data><Data Name='DestinationPortName'></Data></EventData></Event>
<Event xmlns='http://schemas.microsoft.com/win/2004/08/events/event'><System><Provider Name='Microsoft-Windows-Sysmon' Guid='{5770385F-C22A-43E0-BF4C-06F5698FFBD9}'/><EventID>3</EventID><Version>5</Version><Level>4</Level><Task>3</Task><Opcode>0</Opcode><Keywords>0x8000000000000000</Keywords><TimeCreated SystemTime='2019-05-13T04:32:40.453125000Z'/><EventRecordID>9111</EventRecordID><Correlation/><Execution ProcessID='1428' ThreadID='1828'/><Channel>Microsoft-Windows-Sysmon/Operational</Channel><Computer>TOkZIRkZNEXkIwm</Computer><Security UserID='S-1-5-18'/></System><EventData><Data Name='RuleName'></Data><Data Name='UtcTime'>2019-01-22 00:02:06.182</Data><Data Name='ProcessGuid'>{4145D37B-5D26-5C46-0000-001042AC0400}</Data><Data Name='ProcessId'>2740</Data><Data Name='Image'>C:\Python27\pythonw.exe</Data><Data Name='User'>TOKZIRKZNEXKIWM\Administrator</Data><Data Name='Protocol'>tcp</Data><Data Name='Initiated'>true</Data><Data Name='SourceIsIpv6'>false</Data><Data Name='SourceIp'>192.168.168.224</Data><Data Name='SourceHostname'>TOkZIRkZNEXkIwm</Data><Data Name='SourcePort'>49216</Data><Data Name='SourcePortName'></Data><Data Name='DestinationIsIpv6'>false</Data><Data Name='DestinationIp'>192.168.168.1</Data><Data Name='DestinationHostname'></Data><Data Name='DestinationPort'>2042</Data><Data Name='DestinationPortName'></Data></EventData></Event>
<Event xmlns='http://schemas.microsoft.com/win/2004/08/events/event'><System><Provider Name='Microsoft-Windows-Sysmon' Guid='{5770385F-C22A-43E0-BF4C-06F5698FFBD9}'/><EventID>3</EventID><Version>5</Version><Level>4</Level><Task>3</Task><Opcode>0</Opcode><Keywords>0x8000000000000000</Keywords><TimeCreated SystemTime='2019-05-13T04:32:42.265625000Z'/><EventRecordID>9112</EventRecordID><Correlation/><Execution ProcessID='1428' ThreadID='1828'/><Channel>Microsoft-Windows-Sysmon/Operational</Channel><Computer>TOkZIRkZNEXkIwm</Computer><Security UserID='S-1-5-18'/></System><EventData><Data Name='RuleName'></Data><Data Name='UtcTime'>2019-01-22 00:02:06.207</Data><Data Name='ProcessGuid'>{4145D37B-5D10-5C46-0000-0010B2EA0000}</Data><Data Name='ProcessId'>552</Data><Data Name='Image'>C:\Windows\System32\svchost.exe</Data><Data Name='User'>NT AUTHORITY\NETWORK SERVICE</Data><Data Name='Protocol'>udp</Data><Data Name='Initiated'>false</Data><Data Name='SourceIsIpv6'>false</Data><Data Name='SourceIp'>224.0.0.252</Data><Data Name='SourceHostname'></Data><Data Name='SourcePort'>5355</Data><Data Name='SourcePortName'>llmnr</Data><Data Name='DestinationIsIpv6'>false</Data><Data Name='DestinationIp'>192.168.168.207</Data><Data Name='DestinationHostname'>YrXIKBUKoMTYRgbK</Data><Data Name='DestinationPort'>49538</Data><Data Name='DestinationPortName'></Data></EventData></Event>
<Event xmlns='http://schemas.microsoft.com/win/2004/08/events/event'><System><Provider Name='Microsoft-Windows-Sysmon' Guid='{5770385F-C22A-43E0-BF4C-06F5698FFBD9}'/><EventID>3</EventID><Version>5</Version><Level>4</Level><Task>3</Task><Opcode>0</Opcode><Keywords>0x8000000000000000</Keywords><TimeCreated SystemTime='2019-05-13T04:32:42.265625000Z'/><EventRecordID>9113</EventRecordID><Correlation/><Execution ProcessID='1428' ThreadID='1828'/><Channel>Microsoft-Windows-Sysmon/Operational</Channel><Computer>TOkZIRkZNEXkIwm</Computer><Security UserID='S-1-5-18'/></System><EventData><Data Name='RuleName'></Data><Data Name='UtcTime'>2019-01-22 00:02:06.650</Data><Data Name='ProcessGuid'>{4145D37B-5D10-5C46-0000-0010B2EA0000}</Data><Data Name='ProcessId'>552</Data><Data Name='Image'>C:\Windows\System32\svchost.exe</Data><Data Name='User'>NT AUTHORITY\NETWORK SERVICE</Data><Data Name='Protocol'>udp</Data><Data Name='Initiated'>false</Data><Data Name='SourceIsIpv6'>true</Data><Data Name='SourceIp'>ff02:0:0:0:0:0:1:3</Data><Data Name='SourceHostname'></Data><Data Name='SourcePort'>5355</Data><Data Name='SourcePortName'>llmnr</Data><Data Name='DestinationIsIpv6'>true</Data><Data Name='DestinationIp'>fe80:0:0:0:fc16:ecef:c60f:5b73</Data><Data Name='DestinationHostname'>ciZsdzDKVJy</Data><Data Name='DestinationPort'>52176</Data><Data Name='DestinationPortName'></Data></EventData></Event>
<Event xmlns='http://schemas.microsoft.com/win/2004/08/events/event'><System><Provider Name='Microsoft-Windows-Sysmon' Guid='{5770385F-C22A-43E0-BF4C-06F5698FFBD9}'/><EventID>3</EventID><Version>5</Version><Level>4</Level><Task>3</Task><Opcode>0</Opcode><Keywords>0x8000000000000000</Keywords><TimeCreated SystemTime='2019-05-13T04:32:42.265625000Z'/><EventRecordID>9114</EventRecordID><Correlation/><Execution ProcessID='1428' ThreadID='1828'/><Channel>Microsoft-Windows-Sysmon/Operational</Channel><Computer>TOkZIRkZNEXkIwm</Computer><Security UserID='S-1-5-18'/></System><EventData><Data Name='RuleName'></Data><Data Name='UtcTime'>2019-01-22 00:02:06.651</Data><Data Name='ProcessGuid'>{4145D37B-5D10-5C46-0000-0010B2EA0000}</Data><Data Name='ProcessId'>552</Data><Data Name='Image'>C:\Windows\System32\svchost.exe</Data><Data Name='User'>NT AUTHORITY\NETWORK SERVICE</Data><Data Name='Protocol'>udp</Data><Data Name='Initiated'>false</Data><Data Name='SourceIsIpv6'>false</Data><Data Name='SourceIp'>224.0.0.252</Data><Data Name='SourceHostname'></Data><Data Name='SourcePort'>5355</Data><Data Name='SourcePortName'>llmnr</Data><Data Name='DestinationIsIpv6'>false</Data><Data Name='DestinationIp'>192.168.168.219</Data><Data Name='DestinationHostname'>ciZsdzDKVJy</Data><Data Name='DestinationPort'>56783</Data><Data Name='DestinationPortName'></Data></EventData></Event>
<Event xmlns='http://schemas.microsoft.com/win/2004/08/events/event'><System><Provider Name='Microsoft-Windows-Sysmon' Guid='{5770385F-C22A-43E0-BF4C-06F5698FFBD9}'/><EventID>3</EventID><Version>5</Version><Level>4</Level><Task>3</Task><Opcode>0</Opcode><Keywords>0x8000000000000000</Keywords><TimeCreated SystemTime='2019-05-13T04:32:42.265625000Z'/><EventRecordID>9115</EventRecordID><Correlation/><Execution ProcessID='1428' ThreadID='1828'/><Channel>Microsoft-Windows-Sysmon/Operational</Channel><Computer>TOkZIRkZNEXkIwm</Computer><Security UserID='S-1-5-18'/></System><EventData><Data Name='RuleName'></Data><Data Name='UtcTime'>2019-01-22 00:02:06.693</Data><Data Name='ProcessGuid'>{4145D37B-5D10-5C46-0000-0010B2EA0000}</Data><Data Name='ProcessId'>552</Data><Data Name='Image'>C:\Windows\System32\svchost.exe</Data><Data Name='User'>NT AUTHORITY\NETWORK SERVICE</Data><Data Name='Protocol'>udp</Data><Data Name='Initiated'>false</Data><Data Name='SourceIsIpv6'>true</Data><Data Name='SourceIp'>ff02:0:0:0:0:0:1:3</Data><Data Name='SourceHostname'></Data><Data Name='SourcePort'>5355</Data><Data Name='SourcePortName'>llmnr</Data><Data Name='DestinationIsIpv6'>true</Data><Data Name='DestinationIp'>fe80:0:0:0:fc16:ecef:c60f:5b73</Data><Data Name='DestinationHostname'>ciZsdzDKVJy</Data><Data Name='DestinationPort'>63209</Data><Data Name='DestinationPortName'></Data></EventData></Event>
<Event xmlns='http://schemas.microsoft.com/win/2004/08/events/event'><System><Provider Name='Microsoft-Windows-Sysmon' Guid='{5770385F-C22A-43E0-BF4C-06F5698FFBD9}'/><EventID>3</EventID><Version>5</Version><Level>4</Level><Task>3</Task><Opcode>0</Opcode><Keywords>0x8000000000000000</Keywords><TimeCreated SystemTime='2019-05-13T04:32:42.265625000Z'/><EventRecordID>9116</EventRecordID><Correlation/><Execution ProcessID='1428' ThreadID='1828'/><Channel>Microsoft-Windows-Sysmon/Operational</Channel><Computer>TOkZIRkZNEXkIwm</Computer><Security UserID='S-1-5-18'/></System><EventData><Data Name='RuleName'></Data><Data Name='UtcTime'>2019-01-22 00:02:06.693</Data><Data Name='ProcessGuid'>{4145D37B-5D10-5C46-0000-0010B2EA0000}</Data><Data Name='ProcessId'>552</Data><Data Name='Image'>C:\Windows\System32\svchost.exe</Data><Data Name='User'>NT AUTHORITY\NETWORK SERVICE</Data><Data Name='Protocol'>udp</Data><Data Name='Initiated'>false</Data><Data Name='SourceIsIpv6'>true</Data><Data Name='SourceIp'>ff02:0:0:0:0:0:1:3</Data><Data Name='SourceHostname'></Data><Data Name='SourcePort'>5355</Data><Data Name='SourcePortName'>llmnr</Data><Data Name='DestinationIsIpv6'>true</Data><Data Name='DestinationIp'>fe80:0:0:0:fc16:ecef:c60f:5b73</Data><Data Name='DestinationHostname'>ciZsdzDKVJy</Data><Data Name='DestinationPort'>50048</Data><Data Name='DestinationPortName'></Data></EventData></Event>
<Event xmlns='http://schemas.microsoft.com/win/2004/08/events/event'><System><Provider Name='Microsoft-Windows-Sysmon' Guid='{5770385F-C22A-43E0-BF4C-06F5698FFBD9}'/><EventID>3</EventID><Version>5</Version><Level>4</Level><Task>3</Task><Opcode>0</Opcode><Keywords>0x8000000000000000</Keywords><TimeCreated SystemTime='2019-05-13T04:32:42.265625000Z'/><EventRecordID>9117</EventRecordID><Correlation/><Execution ProcessID='1428' ThreadID='1828'/><Channel>Microsoft-Windows-Sysmon/Operational</Channel><Computer>TOkZIRkZNEXkIwm</Computer><Security UserID='S-1-5-18'/></System><EventData><Data Name='RuleName'></Data><Data Name='UtcTime'>2019-01-22 00:02:06.694</Data><Data Name='ProcessGuid'>{4145D37B-5D10-5C46-0000-0010B2EA0000}</Data><Data Name='ProcessId'>552</Data><Data Name='Image'>C:\Windows\System32\svchost.exe</Data><Data Name='User'>NT AUTHORITY\NETWORK SERVICE</Data><Data Name='Protocol'>udp</Data><Data Name='Initiated'>false</Data><Data Name='SourceIsIpv6'>false</Data><Data Name='SourceIp'>224.0.0.252</Data><Data Name='SourceHostname'></Data><Data Name='SourcePort'>5355</Data><Data Name='SourcePortName'>llmnr</Data><Data Name='DestinationIsIpv6'>false</Data><Data Name='DestinationIp'>192.168.168.219</Data><Data Name='DestinationHostname'>ciZsdzDKVJy</Data><Data Name='DestinationPort'>58445</Data><Data Name='DestinationPortName'></Data></EventData></Event>
<Event xmlns='http://schemas.microsoft.com/win/2004/08/events/event'><System><Provider Name='Microsoft-Windows-Sysmon' Guid='{5770385F-C22A-43E0-BF4C-06F5698FFBD9}'/><EventID>3</EventID><Version>5</Version><Level>4</Level><Task>3</Task><Opcode>0</Opcode><Keywords>0x8000000000000000</Keywords><TimeCreated SystemTime='2019-05-13T04:32:42.265625000Z'/><EventRecordID>9118</EventRecordID><Correlation/><Execution ProcessID='1428' ThreadID='1828'/><Channel>Microsoft-Windows-Sysmon/Operational</Channel><Computer>TOkZIRkZNEXkIwm</Computer><Security UserID='S-1-5-18'/></System><EventData><Data Name='RuleName'></Data><Data Name='UtcTime'>2019-01-22 00:02:06.694</Data><Data Name='ProcessGuid'>{4145D37B-5D10-5C46-0000-0010B2EA0000}</Data><Data Name='ProcessId'>552</Data><Data Name='Image'>C:\Windows\System32\svchost.exe</Data><Data Name='User'>NT AUTHORITY\NETWORK SERVICE</Data><Data Name='Protocol'>udp</Data><Data Name='Initiated'>false</Data><Data Name='SourceIsIpv6'>false</Data><Data Name='SourceIp'>224.0.0.252</Data><Data Name='SourceHostname'></Data><Data Name='SourcePort'>5355</Data><Data Name='SourcePortName'>llmnr</Data><Data Name='DestinationIsIpv6'>false</Data><Data Name='DestinationIp'>192.168.168.219</Data><Data Name='DestinationHostname'>ciZsdzDKVJy</Data><Data Name='DestinationPort'>55108</Data><Data Name='DestinationPortName'></Data></EventData></Event>
<Event xmlns='http://schemas.microsoft.com/win/2004/08/events/event'><System><Provider Name='Microsoft-Windows-Sysmon' Guid='{5770385F-C22A-43E0-BF4C-06F5698FFBD9}'/><EventID>3</EventID><Version>5</Version><Level>4</Level><Task>3</Task><Opcode>0</Opcode><Keywords>0x8000000000000000</Keywords><TimeCreated SystemTime='2019-05-13T04:32:42.265625000Z'/><EventRecordID>9119</EventRecordID><Correlation/><Execution ProcessID='1428' ThreadID='1828'/><Channel>Microsoft-Windows-Sysmon/Operational</Channel><Computer>TOkZIRkZNEXkIwm</Computer><Security UserID='S-1-5-18'/></System><EventData><Data Name='RuleName'></Data><Data Name='UtcTime'>2019-01-22 00:02:06.711</Data><Data Name='ProcessGuid'>{4145D37B-5D10-5C46-0000-0010B2EA0000}</Data><Data Name='ProcessId'>552</Data><Data Name='Image'>C:\Windows\System32\svchost.exe</Data><Data Name='User'>NT AUTHORITY\NETWORK SERVICE</Data><Data Name='Protocol'>udp</Data><Data Name='Initiated'>false</Data><Data Name='SourceIsIpv6'>true</Data><Data Name='SourceIp'>ff02:0:0:0:0:0:1:3</Data><Data Name='SourceHostname'></Data><Data Name='SourcePort'>5355</Data><Data Name='SourcePortName'>llmnr</Data><Data Name='DestinationIsIpv6'>true</Data><Data Name='DestinationIp'>fe80:0:0:0:fc16:ecef:c60f:5b73</Data><Data Name='DestinationHostname'>ciZsdzDKVJy</Data><Data Name='DestinationPort'>64213</Data><Data Name='DestinationPortName'></Data></EventData></Event>
<Event xmlns='http://schemas.microsoft.com/win/2004/08/events/event'><System><Provider Name='Microsoft-Windows-Sysmon' Guid='{5770385F-C22A-43E0-BF4C-06F5698FFBD9}'/><EventID>3</EventID><Version>5</Version><Level>4</Level><Task>3</Task><Opcode>0</Opcode><Keywords>0x8000000000000000</Keywords><TimeCreated SystemTime='2019-05-13T04:32:42.265625000Z'/><EventRecordID>9120</EventRecordID><Correlation/><Execution ProcessID='1428' ThreadID='1828'/><Channel>Microsoft-Windows-Sysmon/Operational</Channel><Computer>TOkZIRkZNEXkIwm</Computer><Security UserID='S-1-5-18'/></System><EventData><Data Name='RuleName'></Data><Data Name='UtcTime'>2019-01-22 00:02:06.711</Data><Data Name='ProcessGuid'>{4145D37B-5D10-5C46-0000-0010B2EA0000}</Data><Data Name='ProcessId'>552</Data><Data Name='Image'>C:\Windows\System32\svchost.exe</Data><Data Name='User'>NT AUTHORITY\NETWORK SERVICE</Data><Data Name='Protocol'>udp</Data><Data Name='Initiated'>false</Data><Data Name='SourceIsIpv6'>true</Data><Data Name='SourceIp'>ff02:0:0:0:0:0:1:3</Data><Data Name='SourceHostname'></Data><Data Name='SourcePort'>5355</Data><Data Name='SourcePortName'>llmnr</Data><Data Name='DestinationIsIpv6'>true</Data><Data Name='DestinationIp'>fe80:0:0:0:fc16:ecef:c60f:5b73</Data><Data Name='DestinationHostname'>ciZsdzDKVJy</Data><Data Name='DestinationPort'>56909</Data><Data Name='DestinationPortName'></Data></EventData></Event>
<Event xmlns='http://schemas.microsoft.com/win/2004/08/events/event'><System><Provider Name='Microsoft-Windows-Sysmon' Guid='{5770385F-C22A-43E0-BF4C-06F5698FFBD9}'/><EventID>3</EventID><Version>5</Version><Level>4</Level><Task>3</Task><Opcode>0</Opcode><Keywords>0x8000000000000000</Keywords><TimeCreated SystemTime='2019-05-13T04:32:42.265625000Z'/><EventRecordID>9121</EventRecordID><Correlation/><Execution ProcessID='1428' ThreadID='1828'/><Channel>Microsoft-Windows-Sysmon/Operational</Channel><Computer>TOkZIRkZNEXkIwm</Computer><Security UserID='S-1-5-18'/></System><EventData><Data Name='RuleName'></Data><Data Name='UtcTime'>2019-01-22 00:02:06.711</Data><Data Name='ProcessGuid'>{4145D37B-5D10-5C46-0000-0010B2EA0000}</Data><Data Name='ProcessId'>552</Data><Data Name='Image'>C:\Windows\System32\svchost.exe</Data><Data Name='User'>NT AUTHORITY\NETWORK SERVICE</Data><Data Name='Protocol'>udp</Data><Data Name='Initiated'>false</Data><Data Name='SourceIsIpv6'>false</Data><Data Name='SourceIp'>224.0.0.252</Data><Data Name='SourceHostname'></Data><Data Name='SourcePort'>5355</Data><Data Name='SourcePortName'>llmnr</Data><Data Name='DestinationIsIpv6'>false</Data><Data Name='DestinationIp'>192.168.168.219</Data><Data Name='DestinationHostname'>ciZsdzDKVJy</Data><Data Name='DestinationPort'>55125</Data><Data Name='DestinationPortName'></Data></EventData></Event>
<Event xmlns='http://schemas.microsoft.com/win/2004/08/events/event'><System><Provider Name='Microsoft-Windows-Sysmon' Guid='{5770385F-C22A-43E0-BF4C-06F5698FFBD9}'/><EventID>3</EventID><Version>5</Version><Level>4</Level><Task>3</Task><Opcode>0</Opcode><Keywords>0x8000000000000000</Keywords><TimeCreated SystemTime='2019-05-13T04:32:42.265625000Z'/><EventRecordID>9122</EventRecordID><Correlation/><Execution ProcessID='1428' ThreadID='1828'/><Channel>Microsoft-Windows-Sysmon/Operational</Channel><Computer>TOkZIRkZNEXkIwm</Computer><Security UserID='S-1-5-18'/></System><EventData><Data Name='RuleName'></Data><Data Name='UtcTime'>2019-01-22 00:02:06.711</Data><Data Name='ProcessGuid'>{4145D37B-5D10-5C46-0000-0010B2EA0000}</Data><Data Name='ProcessId'>552</Data><Data Name='Image'>C:\Windows\System32\svchost.exe</Data><Data Name='User'>NT AUTHORITY\NETWORK SERVICE</Data><Data Name='Protocol'>udp</Data><Data Name='Initiated'>false</Data><Data Name='SourceIsIpv6'>false</Data><Data Name='SourceIp'>224.0.0.252</Data><Data Name='SourceHostname'></Data><Data Name='SourcePort'>5355</Data><Data Name='SourcePortName'>llmnr</Data><Data Name='DestinationIsIpv6'>false</Data><Data Name='DestinationIp'>192.168.168.219</Data><Data Name='DestinationHostname'>ciZsdzDKVJy</Data><Data Name='DestinationPort'>50011</Data><Data Name='DestinationPortName'></Data></EventData></Event>
<Event xmlns='http://schemas.microsoft.com/win/2004/08/events/event'><System><Provider Name='Microsoft-Windows-Sysmon' Guid='{5770385F-C22A-43E0-BF4C-06F5698FFBD9}'/><EventID>3</EventID><Version>5</Version><Level>4</Level><Task>3</Task><Opcode>0</Opcode><Keywords>0x8000000000000000</Keywords><TimeCreated SystemTime='2019-05-13T04:32:42.265625000Z'/><EventRecordID>9123</EventRecordID><Correlation/><Execution ProcessID='1428' ThreadID='1828'/><Channel>Microsoft-Windows-Sysmon/Operational</Channel><Computer>TOkZIRkZNEXkIwm</Computer><Security UserID='S-1-5-18'/></System><EventData><Data Name='RuleName'></Data><Data Name='UtcTime'>2019-01-22 00:02:07.270</Data><Data Name='ProcessGuid'>{4145D37B-5D10-5C46-0000-0010B2EA0000}</Data><Data Name='ProcessId'>552</Data><Data Name='Image'>C:\Windows\System32\svchost.exe</Data><Data Name='User'>NT AUTHORITY\NETWORK SERVICE</Data><Data Name='Protocol'>udp</Data><Data Name='Initiated'>false</Data><Data Name='SourceIsIpv6'>true</Data><Data Name='SourceIp'>ff02:0:0:0:0:0:1:3</Data><Data Name='SourceHostname'></Data><Data Name='SourcePort'>5355</Data><Data Name='SourcePortName'>llmnr</Data><Data Name='DestinationIsIpv6'>true</Data><Data Name='DestinationIp'>fe80:0:0:0:e47b:99df:e2fb:33f7</Data><Data Name='DestinationHostname'>tWchpqYOKu</Data><Data Name='DestinationPort'>53921</Data><Data Name='DestinationPortName'></Data></EventData></Event>
<Event xmlns='http://schemas.microsoft.com/win/2004/08/events/event'><System><Provider Name='Microsoft-Windows-Sysmon' Guid='{5770385F-C22A-43E0-BF4C-06F5698FFBD9}'/><EventID>3</EventID><Version>5</Version><Level>4</Level><Task>3</Task><Opcode>0</Opcode><Keywords>0x8000000000000000</Keywords><TimeCreated SystemTime='2019-05-13T04:32:42.265625000Z'/><EventRecordID>9124</EventRecordID><Correlation/><Execution ProcessID='1428' ThreadID='1828'/><Channel>Microsoft-Windows-Sysmon/Operational</Channel><Computer>TOkZIRkZNEXkIwm</Computer><Security UserID='S-1-5-18'/></System><EventData><Data Name='RuleName'></Data><Data Name='UtcTime'>2019-01-22 00:02:07.271</Data><Data Name='ProcessGuid'>{4145D37B-5D10-5C46-0000-0010B2EA0000}</Data><Data Name='ProcessId'>552</Data><Data Name='Image'>C:\Windows\System32\svchost.exe</Data><Data Name='User'>NT AUTHORITY\NETWORK SERVICE</Data><Data Name='Protocol'>udp</Data><Data Name='Initiated'>false</Data><Data Name='SourceIsIpv6'>false</Data><Data Name='SourceIp'>224.0.0.252</Data><Data Name='SourceHostname'></Data><Data Name='SourcePort'>5355</Data><Data Name='SourcePortName'>llmnr</Data><Data Name='DestinationIsIpv6'>false</Data><Data Name='DestinationIp'>192.168.168.206</Data><Data Name='DestinationHostname'>tWchpqYOKu</Data><Data Name='DestinationPort'>50718</Data><Data Name='DestinationPortName'></Data></EventData></Event>
<Event xmlns='http://schemas.microsoft.com/win/2004/08/events/event'><System><Provider Name='Microsoft-Windows-Sysmon' Guid='{5770385F-C22A-43E0-BF4C-06F5698FFBD9}'/><EventID>3</EventID><Version>5</Version><Level>4</Level><Task>3</Task><Opcode>0</Opcode><Keywords>0x8000000000000000</Keywords><TimeCreated SystemTime='2019-05-13T04:32:42.265625000Z'/><EventRecordID>9125</EventRecordID><Correlation/><Execution ProcessID='1428' ThreadID='1828'/><Channel>Microsoft-Windows-Sysmon/Operational</Channel><Computer>TOkZIRkZNEXkIwm</Computer><Security UserID='S-1-5-18'/></System><EventData><Data Name='RuleName'></Data><Data Name='UtcTime'>2019-01-22 00:02:07.343</Data><Data Name='ProcessGuid'>{4145D37B-5D10-5C46-0000-0010B2EA0000}</Data><Data Name='ProcessId'>552</Data><Data Name='Image'>C:\Windows\System32\svchost.exe</Data><Data Name='User'>NT AUTHORITY\NETWORK SERVICE</Data><Data Name='Protocol'>udp</Data><Data Name='Initiated'>false</Data><Data Name='SourceIsIpv6'>true</Data><Data Name='SourceIp'>ff02:0:0:0:0:0:1:3</Data><Data Name='SourceHostname'></Data><Data Name='SourcePort'>5355</Data><Data Name='SourcePortName'>llmnr</Data><Data Name='DestinationIsIpv6'>true</Data><Data Name='DestinationIp'>fe80:0:0:0:a993:41ba:4d89:5846</Data><Data Name='DestinationHostname'>None</Data><Data Name='DestinationPort'>52258</Data><Data Name='DestinationPortName'></Data></EventData></Event>
<Event xmlns='http://schemas.microsoft.com/win/2004/08/events/event'><System><Provider Name='Microsoft-Windows-Sysmon' Guid='{5770385F-C22A-43E0-BF4C-06F5698FFBD9}'/><EventID>3</EventID><Version>5</Version><Level>4</Level><Task>3</Task><Opcode>0</Opcode><Keywords>0x8000000000000000</Keywords><TimeCreated SystemTime='2019-05-13T04:32:42.265625000Z'/><EventRecordID>9126</EventRecordID><Correlation/><Execution ProcessID='1428' ThreadID='1828'/><Channel>Microsoft-Windows-Sysmon/Operational</Channel><Computer>TOkZIRkZNEXkIwm</Computer><Security UserID='S-1-5-18'/></System><EventData><Data Name='RuleName'></Data><Data Name='UtcTime'>2019-01-22 00:02:07.343</Data><Data Name='ProcessGuid'>{4145D37B-5D10-5C46-0000-0010B2EA0000}</Data><Data Name='ProcessId'>552</Data><Data Name='Image'>C:\Windows\System32\svchost.exe</Data><Data Name='User'>NT AUTHORITY\NETWORK SERVICE</Data><Data Name='Protocol'>udp</Data><Data Name='Initiated'>false</Data><Data Name='SourceIsIpv6'>false</Data><Data Name='SourceIp'>224.0.0.252</Data><Data Name='SourceHostname'></Data><Data Name='SourcePort'>5355</Data><Data Name='SourcePortName'>llmnr</Data><Data Name='DestinationIsIpv6'>false</Data><Data Name='DestinationIp'>192.168.168.201</Data><Data Name='DestinationHostname'>None</Data><Data Name='DestinationPort'>60947</Data><Data Name='DestinationPortName'></Data></EventData></Event>
<Event xmlns='http://schemas.microsoft.com/win/2004/08/events/event'><System><Provider Name='Microsoft-Windows-Sysmon' Guid='{5770385F-C22A-43E0-BF4C-06F5698FFBD9}'/><EventID>3</EventID><Version>5</Version><Level>4</Level><Task>3</Task><Opcode>0</Opcode><Keywords>0x8000000000000000</Keywords><TimeCreated SystemTime='2019-05-13T04:32:42.265625000Z'/><EventRecordID>9127</EventRecordID><Correlation/><Execution ProcessID='1428' ThreadID='1828'/><Channel>Microsoft-Windows-Sysmon/Operational</Channel><Computer>TOkZIRkZNEXkIwm</Computer><Security UserID='S-1-5-18'/></System><EventData><Data Name='RuleName'></Data><Data Name='UtcTime'>2019-01-22 00:02:07.366</Data><Data Name='ProcessGuid'>{4145D37B-5D10-5C46-0000-0010B2EA0000}</Data><Data Name='ProcessId'>552</Data><Data Name='Image'>C:\Windows\System32\svchost.exe</Data><Data Name='User'>NT AUTHORITY\NETWORK SERVICE</Data><Data Name='Protocol'>udp</Data><Data Name='Initiated'>false</Data><Data Name='SourceIsIpv6'>false</Data><Data Name='SourceIp'>224.0.0.252</Data><Data Name='SourceHostname'></Data><Data Name='SourcePort'>5355</Data><Data Name='SourcePortName'>llmnr</Data><Data Name='DestinationIsIpv6'>false</Data><Data Name='DestinationIp'>192.168.168.206</Data><Data Name='DestinationHostname'>tWchpqYOKu</Data><Data Name='DestinationPort'>50718</Data><Data Name='DestinationPortName'></Data></EventData></Event>
<Event xmlns='http://schemas.microsoft.com/win/2004/08/events/event'><System><Provider Name='Microsoft-Windows-Sysmon' Guid='{5770385F-C22A-43E0-BF4C-06F5698FFBD9}'/><EventID>3</EventID><Version>5</Version><Level>4</Level><Task>3</Task><Opcode>0</Opcode><Keywords>0x8000000000000000</Keywords><TimeCreated SystemTime='2019-05-13T04:32:42.265625000Z'/><EventRecordID>9128</EventRecordID><Correlation/><Execution ProcessID='1428' ThreadID='1828'/><Channel>Microsoft-Windows-Sysmon/Operational</Channel><Computer>TOkZIRkZNEXkIwm</Computer><Security UserID='S-1-5-18'/></System><EventData><Data Name='RuleName'></Data><Data Name='UtcTime'>2019-01-22 00:02:07.378</Data><Data Name='ProcessGuid'>{4145D37B-5D26-5C46-0000-001042AC0400}</Data><Data Name='ProcessId'>2740</Data><Data Name='Image'>C:\Python27\pythonw.exe</Data><Data Name='User'>TOKZIRKZNEXKIWM\Administrator</Data><Data Name='Protocol'>tcp</Data><Data Name='Initiated'>true</Data><Data Name='SourceIsIpv6'>false</Data><Data Name='SourceIp'>192.168.168.224</Data><Data Name='SourceHostname'>TOkZIRkZNEXkIwm</Data><Data Name='SourcePort'>49217</Data><Data Name='SourcePortName'></Data><Data Name='DestinationIsIpv6'>false</Data><Data Name='DestinationIp'>192.168.168.1</Data><Data Name='DestinationHostname'></Data><Data Name='DestinationPort'>2042</Data><Data Name='DestinationPortName'></Data></EventData></Event>
<Event xmlns='http://schemas.microsoft.com/win/2004/08/events/event'><System><Provider Name='Microsoft-Windows-Sysmon' Guid='{5770385F-C22A-43E0-BF4C-06F5698FFBD9}'/><EventID>3</EventID><Version>5</Version><Level>4</Level><Task>3</Task><Opcode>0</Opcode><Keywords>0x8000000000000000</Keywords><TimeCreated SystemTime='2019-05-13T04:32:42.265625000Z'/><EventRecordID>9129</EventRecordID><Correlation/><Execution ProcessID='1428' ThreadID='1828'/><Channel>Microsoft-Windows-Sysmon/Operational</Channel><Computer>TOkZIRkZNEXkIwm</Computer><Security UserID='S-1-5-18'/></System><EventData><Data Name='RuleName'></Data><Data Name='UtcTime'>2019-01-22 00:02:07.500</Data><Data Name='ProcessGuid'>{4145D37B-5D10-5C46-0000-0010B2EA0000}</Data><Data Name='ProcessId'>552</Data><Data Name='Image'>C:\Windows\System32\svchost.exe</Data><Data Name='User'>NT AUTHORITY\NETWORK SERVICE</Data><Data Name='Protocol'>udp</Data><Data Name='Initiated'>false</Data><Data Name='SourceIsIpv6'>true</Data><Data Name='SourceIp'>ff02:0:0:0:0:0:1:3</Data><Data Name='SourceHostname'></Data><Data Name='SourcePort'>5355</Data><Data Name='SourcePortName'>llmnr</Data><Data Name='DestinationIsIpv6'>true</Data><Data Name='DestinationIp'>fe80:0:0:0:b83d:b7ff:cc6:23c9</Data><Data Name='DestinationHostname'>FUxpBFMTKW</Data><Data Name='DestinationPort'>53323</Data><Data Name='DestinationPortName'></Data></EventData></Event>
<Event xmlns='http://schemas.microsoft.com/win/2004/08/events/event'><System><Provider Name='Microsoft-Windows-Sysmon' Guid='{5770385F-C22A-43E0-BF4C-06F5698FFBD9}'/><EventID>3</EventID><Version>5</Version><Level>4</Level><Task>3</Task><Opcode>0</Opcode><Keywords>0x8000000000000000</Keywords><TimeCreated SystemTime='2019-05-13T04:32:42.265625000Z'/><EventRecordID>9130</EventRecordID><Correlation/><Execution ProcessID='1428' ThreadID='1828'/><Channel>Microsoft-Windows-Sysmon/Operational</Channel><Computer>TOkZIRkZNEXkIwm</Computer><Security UserID='S-1-5-18'/></System><EventData><Data Name='RuleName'></Data><Data Name='UtcTime'>2019-01-22 00:02:07.501</Data><Data Name='ProcessGuid'>{4145D37B-5D10-5C46-0000-0010B2EA0000}</Data><Data Name='ProcessId'>552</Data><Data Name='Image'>C:\Windows\System32\svchost.exe</Data><Data Name='User'>NT AUTHORITY\NETWORK SERVICE</Data><Data Name='Protocol'>udp</Data><Data Name='Initiated'>false</Data><Data Name='SourceIsIpv6'>false</Data><Data Name='SourceIp'>224.0.0.252</Data><Data Name='SourceHostname'></Data><Data Name='SourcePort'>5355</Data><Data Name='SourcePortName'>llmnr</Data><Data Name='DestinationIsIpv6'>false</Data><Data Name='DestinationIp'>192.168.168.208</Data><Data Name='DestinationHostname'>FUxpBFMTKW</Data><Data Name='DestinationPort'>57938</Data><Data Name='DestinationPortName'></Data></EventData></Event>
<Event xmlns='http://schemas.microsoft.com/win/2004/08/events/event'><System><Provider Name='Microsoft-Windows-Sysmon' Guid='{5770385F-C22A-43E0-BF4C-06F5698FFBD9}'/><EventID>3</EventID><Version>5</Version><Level>4</Level><Task>3</Task><Opcode>0</Opcode><Keywords>0x8000000000000000</Keywords><TimeCreated SystemTime='2019-05-13T04:32:42.265625000Z'/><EventRecordID>9131</EventRecordID><Correlation/><Execution ProcessID='1428' ThreadID='1828'/><Channel>Microsoft-Windows-Sysmon/Operational</Channel><Computer>TOkZIRkZNEXkIwm</Computer><Security UserID='S-1-5-18'/></System><EventData><Data Name='RuleName'></Data><Data Name='UtcTime'>2019-01-22 00:02:07.608</Data><Data Name='ProcessGuid'>{4145D37B-5D10-5C46-0000-0010B2EA0000}</Data><Data Name='ProcessId'>552</Data><Data Name='Image'>C:\Windows\System32\svchost.exe</Data><Data Name='User'>NT AUTHORITY\NETWORK SERVICE</Data><Data Name='Protocol'>udp</Data><Data Name='Initiated'>false</Data><Data Name='SourceIsIpv6'>false</Data><Data Name='SourceIp'>224.0.0.252</Data><Data Name='SourceHostname'></Data><Data Name='SourcePort'>5355</Data><Data Name='SourcePortName'>llmnr</Data><Data Name='DestinationIsIpv6'>false</Data><Data Name='DestinationIp'>192.168.168.208</Data><Data Name='DestinationHostname'>FUxpBFMTKW</Data><Data Name='DestinationPort'>57938</Data><Data Name='DestinationPortName'></Data></EventData></Event>
<Event xmlns='http://schemas.microsoft.com/win/2004/08/events/event'><System><Provider Name='Microsoft-Windows-Sysmon' Guid='{5770385F-C22A-43E0-BF4C-06F5698FFBD9}'/><EventID>3</EventID><Version>5</Version><Level>4</Level><Task>3</Task><Opcode>0</Opcode><Keywords>0x8000000000000000</Keywords><TimeCreated SystemTime='2019-05-13T04:32:42.265625000Z'/><EventRecordID>9132</EventRecordID><Correlation/><Execution ProcessID='1428' ThreadID='1828'/><Channel>Microsoft-Windows-Sysmon/Operational</Channel><Computer>TOkZIRkZNEXkIwm</Computer><Security UserID='S-1-5-18'/></System><EventData><Data Name='RuleName'></Data><Data Name='UtcTime'>2019-01-22 00:02:07.697</Data><Data Name='ProcessGuid'>{4145D37B-5D10-5C46-0000-0010B2EA0000}</Data><Data Name='ProcessId'>552</Data><Data Name='Image'>C:\Windows\System32\svchost.exe</Data><Data Name='User'>NT AUTHORITY\NETWORK SERVICE</Data><Data Name='Protocol'>udp</Data><Data Name='Initiated'>false</Data><Data Name='SourceIsIpv6'>true</Data><Data Name='SourceIp'>ff02:0:0:0:0:0:1:3</Data><Data Name='SourceHostname'></Data><Data Name='SourcePort'>5355</Data><Data Name='SourcePortName'>llmnr</Data><Data Name='DestinationIsIpv6'>true</Data><Data Name='DestinationIp'>fe80:0:0:0:c4e2:63b2:cb9d:7b01</Data><Data Name='DestinationHostname'>LdPwmVvTrodfPIDy</Data><Data Name='DestinationPort'>52155</Data><Data Name='DestinationPortName'></Data></EventData></Event>
<Event xmlns='http://schemas.microsoft.com/win/2004/08/events/event'><System><Provider Name='Microsoft-Windows-Sysmon' Guid='{5770385F-C22A-43E0-BF4C-06F5698FFBD9}'/><EventID>3</EventID><Version>5</Version><Level>4</Level><Task>3</Task><Opcode>0</Opcode><Keywords>0x8000000000000000</Keywords><TimeCreated SystemTime='2019-05-13T04:32:42.265625000Z'/><EventRecordID>9133</EventRecordID><Correlation/><Execution ProcessID='1428' ThreadID='1828'/><Channel>Microsoft-Windows-Sysmon/Operational</Channel><Computer>TOkZIRkZNEXkIwm</Computer><Security UserID='S-1-5-18'/></System><EventData><Data Name='RuleName'></Data><Data Name='UtcTime'>2019-01-22 00:02:07.697</Data><Data Name='ProcessGuid'>{4145D37B-5D10-5C46-0000-0010B2EA0000}</Data><Data Name='ProcessId'>552</Data><Data Name='Image'>C:\Windows\System32\svchost.exe</Data><Data Name='User'>NT AUTHORITY\NETWORK SERVICE</Data><Data Name='Protocol'>udp</Data><Data Name='Initiated'>false</Data><Data Name='SourceIsIpv6'>false</Data><Data Name='SourceIp'>224.0.0.252</Data><Data Name='SourceHostname'></Data><Data Name='SourcePort'>5355</Data><Data Name='SourcePortName'>llmnr</Data><Data Name='DestinationIsIpv6'>false</Data><Data Name='DestinationIp'>192.168.168.218</Data><Data Name='DestinationHostname'>LdPwmVvTrodfPIDy</Data><Data Name='DestinationPort'>56923</Data><Data Name='DestinationPortName'></Data></EventData></Event>
